[2023-11-21 08:20:55,680] {taskinstance.py:1179} INFO - Dependencies all met for <TaskInstance: etl_hh.truncate_staging manual__2023-11-21T08:20:50.279138+00:00 [queued]>
[2023-11-21 08:20:55,733] {taskinstance.py:1179} INFO - Dependencies all met for <TaskInstance: etl_hh.truncate_staging manual__2023-11-21T08:20:50.279138+00:00 [queued]>
[2023-11-21 08:20:55,734] {taskinstance.py:1376} INFO - 
--------------------------------------------------------------------------------
[2023-11-21 08:20:55,735] {taskinstance.py:1377} INFO - Starting attempt 1 of 2
[2023-11-21 08:20:55,736] {taskinstance.py:1378} INFO - 
--------------------------------------------------------------------------------
[2023-11-21 08:20:55,771] {taskinstance.py:1397} INFO - Executing <Task(PostgresOperator): truncate_staging> on 2023-11-21 08:20:50.279138+00:00
[2023-11-21 08:20:55,779] {standard_task_runner.py:52} INFO - Started process 5055 to run task
[2023-11-21 08:20:55,783] {standard_task_runner.py:79} INFO - Running: ['***', 'tasks', 'run', 'etl_hh', 'truncate_staging', 'manual__2023-11-21T08:20:50.279138+00:00', '--job-id', '243', '--raw', '--subdir', 'DAGS_FOLDER/pipeline.py', '--cfg-path', '/tmp/tmpiaa78eeu', '--error-file', '/tmp/tmpnjd74uj8']
[2023-11-21 08:20:55,785] {standard_task_runner.py:80} INFO - Job 243: Subtask truncate_staging
[2023-11-21 08:20:55,893] {task_command.py:371} INFO - Running <TaskInstance: etl_hh.truncate_staging manual__2023-11-21T08:20:50.279138+00:00 [running]> on host f44f09cebae7
[2023-11-21 08:20:56,007] {taskinstance.py:1591} INFO - Exporting the following env vars:
AIRFLOW_CTX_DAG_OWNER=***
AIRFLOW_CTX_DAG_ID=etl_hh
AIRFLOW_CTX_TASK_ID=truncate_staging
AIRFLOW_CTX_EXECUTION_DATE=2023-11-21T08:20:50.279138+00:00
AIRFLOW_CTX_TRY_NUMBER=1
AIRFLOW_CTX_DAG_RUN_ID=manual__2023-11-21T08:20:50.279138+00:00
[2023-11-21 08:20:56,019] {base.py:68} INFO - Using connection ID 'my_db_conn' for task execution.
[2023-11-21 08:20:56,042] {dbapi.py:231} INFO - Running statement: TRUNCATE staging.vacancy, parameters: None
[2023-11-21 08:20:56,077] {taskinstance.py:1420} INFO - Marking task as SUCCESS. dag_id=etl_hh, task_id=truncate_staging, execution_date=20231121T082050, start_date=20231121T082055, end_date=20231121T082056
[2023-11-21 08:20:56,119] {local_task_job.py:156} INFO - Task exited with return code 0
[2023-11-21 08:20:56,209] {local_task_job.py:273} INFO - 0 downstream tasks scheduled from follow-on schedule check
