[2023-11-21 08:22:14,816] {taskinstance.py:1179} INFO - Dependencies all met for <TaskInstance: etl_hh.truncate_staging scheduled__2023-11-20T00:00:00+00:00 [queued]>
[2023-11-21 08:22:14,839] {taskinstance.py:1179} INFO - Dependencies all met for <TaskInstance: etl_hh.truncate_staging scheduled__2023-11-20T00:00:00+00:00 [queued]>
[2023-11-21 08:22:14,840] {taskinstance.py:1376} INFO - 
--------------------------------------------------------------------------------
[2023-11-21 08:22:14,841] {taskinstance.py:1377} INFO - Starting attempt 1 of 2
[2023-11-21 08:22:14,842] {taskinstance.py:1378} INFO - 
--------------------------------------------------------------------------------
[2023-11-21 08:22:14,869] {taskinstance.py:1397} INFO - Executing <Task(PostgresOperator): truncate_staging> on 2023-11-20 00:00:00+00:00
[2023-11-21 08:22:14,876] {standard_task_runner.py:52} INFO - Started process 5121 to run task
[2023-11-21 08:22:14,880] {standard_task_runner.py:79} INFO - Running: ['***', 'tasks', 'run', 'etl_hh', 'truncate_staging', 'scheduled__2023-11-20T00:00:00+00:00', '--job-id', '244', '--raw', '--subdir', 'DAGS_FOLDER/pipeline.py', '--cfg-path', '/tmp/tmpypc5sk1h', '--error-file', '/tmp/tmp_as1ir_0']
[2023-11-21 08:22:14,881] {standard_task_runner.py:80} INFO - Job 244: Subtask truncate_staging
[2023-11-21 08:22:14,978] {task_command.py:371} INFO - Running <TaskInstance: etl_hh.truncate_staging scheduled__2023-11-20T00:00:00+00:00 [running]> on host f44f09cebae7
[2023-11-21 08:22:15,118] {taskinstance.py:1591} INFO - Exporting the following env vars:
AIRFLOW_CTX_DAG_OWNER=***
AIRFLOW_CTX_DAG_ID=etl_hh
AIRFLOW_CTX_TASK_ID=truncate_staging
AIRFLOW_CTX_EXECUTION_DATE=2023-11-20T00:00:00+00:00
AIRFLOW_CTX_TRY_NUMBER=1
AIRFLOW_CTX_DAG_RUN_ID=scheduled__2023-11-20T00:00:00+00:00
[2023-11-21 08:22:15,133] {base.py:68} INFO - Using connection ID 'my_db_conn' for task execution.
[2023-11-21 08:22:15,159] {dbapi.py:231} INFO - Running statement: TRUNCATE staging.vacancy, parameters: None
[2023-11-21 08:22:15,202] {taskinstance.py:1420} INFO - Marking task as SUCCESS. dag_id=etl_hh, task_id=truncate_staging, execution_date=20231120T000000, start_date=20231121T082214, end_date=20231121T082215
[2023-11-21 08:22:15,257] {local_task_job.py:156} INFO - Task exited with return code 0
[2023-11-21 08:22:15,350] {local_task_job.py:273} INFO - 1 downstream tasks scheduled from follow-on schedule check
[2023-11-21 15:08:46,331] {taskinstance.py:1179} INFO - Dependencies all met for <TaskInstance: etl_hh.truncate_staging scheduled__2023-11-20T00:00:00+00:00 [queued]>
[2023-11-21 15:08:46,387] {taskinstance.py:1179} INFO - Dependencies all met for <TaskInstance: etl_hh.truncate_staging scheduled__2023-11-20T00:00:00+00:00 [queued]>
[2023-11-21 15:08:46,389] {taskinstance.py:1376} INFO - 
--------------------------------------------------------------------------------
[2023-11-21 15:08:46,390] {taskinstance.py:1377} INFO - Starting attempt 1 of 2
[2023-11-21 15:08:46,391] {taskinstance.py:1378} INFO - 
--------------------------------------------------------------------------------
[2023-11-21 15:08:46,443] {taskinstance.py:1397} INFO - Executing <Task(PostgresOperator): truncate_staging> on 2023-11-20 00:00:00+00:00
[2023-11-21 15:08:46,452] {standard_task_runner.py:52} INFO - Started process 1153 to run task
[2023-11-21 15:08:46,458] {standard_task_runner.py:79} INFO - Running: ['***', 'tasks', 'run', 'etl_hh', 'truncate_staging', 'scheduled__2023-11-20T00:00:00+00:00', '--job-id', '250', '--raw', '--subdir', 'DAGS_FOLDER/pipeline.py', '--cfg-path', '/tmp/tmp0i13tp18', '--error-file', '/tmp/tmp9ewb4olx']
[2023-11-21 15:08:46,459] {standard_task_runner.py:80} INFO - Job 250: Subtask truncate_staging
[2023-11-21 15:08:46,587] {task_command.py:371} INFO - Running <TaskInstance: etl_hh.truncate_staging scheduled__2023-11-20T00:00:00+00:00 [running]> on host f44f09cebae7
[2023-11-21 15:08:46,750] {taskinstance.py:1591} INFO - Exporting the following env vars:
AIRFLOW_CTX_DAG_OWNER=***
AIRFLOW_CTX_DAG_ID=etl_hh
AIRFLOW_CTX_TASK_ID=truncate_staging
AIRFLOW_CTX_EXECUTION_DATE=2023-11-20T00:00:00+00:00
AIRFLOW_CTX_TRY_NUMBER=1
AIRFLOW_CTX_DAG_RUN_ID=scheduled__2023-11-20T00:00:00+00:00
[2023-11-21 15:08:46,768] {base.py:68} INFO - Using connection ID 'my_db_conn' for task execution.
[2023-11-21 15:08:46,809] {dbapi.py:231} INFO - Running statement: TRUNCATE staging.vacancy, parameters: None
[2023-11-21 15:08:46,869] {taskinstance.py:1420} INFO - Marking task as SUCCESS. dag_id=etl_hh, task_id=truncate_staging, execution_date=20231120T000000, start_date=20231121T150846, end_date=20231121T150846
[2023-11-21 15:08:46,911] {local_task_job.py:156} INFO - Task exited with return code 0
[2023-11-21 15:08:47,036] {local_task_job.py:273} INFO - 1 downstream tasks scheduled from follow-on schedule check
[2023-11-21 15:26:39,369] {taskinstance.py:1179} INFO - Dependencies all met for <TaskInstance: etl_hh.truncate_staging scheduled__2023-11-20T00:00:00+00:00 [queued]>
[2023-11-21 15:26:39,402] {taskinstance.py:1179} INFO - Dependencies all met for <TaskInstance: etl_hh.truncate_staging scheduled__2023-11-20T00:00:00+00:00 [queued]>
[2023-11-21 15:26:39,403] {taskinstance.py:1376} INFO - 
--------------------------------------------------------------------------------
[2023-11-21 15:26:39,404] {taskinstance.py:1377} INFO - Starting attempt 1 of 2
[2023-11-21 15:26:39,405] {taskinstance.py:1378} INFO - 
--------------------------------------------------------------------------------
[2023-11-21 15:26:39,501] {taskinstance.py:1397} INFO - Executing <Task(PostgresOperator): truncate_staging> on 2023-11-20 00:00:00+00:00
[2023-11-21 15:26:39,522] {standard_task_runner.py:52} INFO - Started process 274 to run task
[2023-11-21 15:26:39,532] {standard_task_runner.py:79} INFO - Running: ['***', 'tasks', 'run', 'etl_hh', 'truncate_staging', 'scheduled__2023-11-20T00:00:00+00:00', '--job-id', '269', '--raw', '--subdir', 'DAGS_FOLDER/pipeline.py', '--cfg-path', '/tmp/tmpejw7tz_f', '--error-file', '/tmp/tmpkup5ax_i']
[2023-11-21 15:26:39,533] {standard_task_runner.py:80} INFO - Job 269: Subtask truncate_staging
[2023-11-21 15:26:39,732] {task_command.py:371} INFO - Running <TaskInstance: etl_hh.truncate_staging scheduled__2023-11-20T00:00:00+00:00 [running]> on host b47ed23e9d21
[2023-11-21 15:26:39,961] {taskinstance.py:1591} INFO - Exporting the following env vars:
AIRFLOW_CTX_DAG_OWNER=***
AIRFLOW_CTX_DAG_ID=etl_hh
AIRFLOW_CTX_TASK_ID=truncate_staging
AIRFLOW_CTX_EXECUTION_DATE=2023-11-20T00:00:00+00:00
AIRFLOW_CTX_TRY_NUMBER=1
AIRFLOW_CTX_DAG_RUN_ID=scheduled__2023-11-20T00:00:00+00:00
[2023-11-21 15:26:39,979] {base.py:68} INFO - Using connection ID 'my_db_conn' for task execution.
[2023-11-21 15:26:40,014] {dbapi.py:231} INFO - Running statement: TRUNCATE staging.vacancy, parameters: None
[2023-11-21 15:26:40,072] {taskinstance.py:1420} INFO - Marking task as SUCCESS. dag_id=etl_hh, task_id=truncate_staging, execution_date=20231120T000000, start_date=20231121T152639, end_date=20231121T152640
[2023-11-21 15:26:40,146] {local_task_job.py:156} INFO - Task exited with return code 0
[2023-11-21 15:26:40,298] {local_task_job.py:273} INFO - 1 downstream tasks scheduled from follow-on schedule check
[2023-11-21 15:43:48,487] {taskinstance.py:1179} INFO - Dependencies all met for <TaskInstance: etl_hh.truncate_staging scheduled__2023-11-20T00:00:00+00:00 [queued]>
[2023-11-21 15:43:48,502] {taskinstance.py:1179} INFO - Dependencies all met for <TaskInstance: etl_hh.truncate_staging scheduled__2023-11-20T00:00:00+00:00 [queued]>
[2023-11-21 15:43:48,503] {taskinstance.py:1376} INFO - 
--------------------------------------------------------------------------------
[2023-11-21 15:43:48,503] {taskinstance.py:1377} INFO - Starting attempt 1 of 2
[2023-11-21 15:43:48,503] {taskinstance.py:1378} INFO - 
--------------------------------------------------------------------------------
[2023-11-21 15:43:48,522] {taskinstance.py:1397} INFO - Executing <Task(PostgresOperator): truncate_staging> on 2023-11-20 00:00:00+00:00
[2023-11-21 15:43:48,528] {standard_task_runner.py:52} INFO - Started process 1026 to run task
[2023-11-21 15:43:48,532] {standard_task_runner.py:79} INFO - Running: ['***', 'tasks', 'run', 'etl_hh', 'truncate_staging', 'scheduled__2023-11-20T00:00:00+00:00', '--job-id', '283', '--raw', '--subdir', 'DAGS_FOLDER/pipeline.py', '--cfg-path', '/tmp/tmp2bq18d3p', '--error-file', '/tmp/tmpd7qd7vca']
[2023-11-21 15:43:48,533] {standard_task_runner.py:80} INFO - Job 283: Subtask truncate_staging
[2023-11-21 15:43:48,614] {task_command.py:371} INFO - Running <TaskInstance: etl_hh.truncate_staging scheduled__2023-11-20T00:00:00+00:00 [running]> on host b47ed23e9d21
[2023-11-21 15:43:48,730] {taskinstance.py:1591} INFO - Exporting the following env vars:
AIRFLOW_CTX_DAG_OWNER=***
AIRFLOW_CTX_DAG_ID=etl_hh
AIRFLOW_CTX_TASK_ID=truncate_staging
AIRFLOW_CTX_EXECUTION_DATE=2023-11-20T00:00:00+00:00
AIRFLOW_CTX_TRY_NUMBER=1
AIRFLOW_CTX_DAG_RUN_ID=scheduled__2023-11-20T00:00:00+00:00
[2023-11-21 15:43:48,744] {base.py:68} INFO - Using connection ID 'my_db_conn' for task execution.
[2023-11-21 15:43:48,768] {dbapi.py:231} INFO - Running statement: TRUNCATE staging.vacancy, parameters: None
[2023-11-21 15:43:48,805] {taskinstance.py:1420} INFO - Marking task as SUCCESS. dag_id=etl_hh, task_id=truncate_staging, execution_date=20231120T000000, start_date=20231121T154348, end_date=20231121T154348
[2023-11-21 15:43:48,864] {local_task_job.py:156} INFO - Task exited with return code 0
[2023-11-21 15:43:48,963] {local_task_job.py:273} INFO - 1 downstream tasks scheduled from follow-on schedule check
[2023-11-21 16:02:58,651] {taskinstance.py:1179} INFO - Dependencies all met for <TaskInstance: etl_hh.truncate_staging scheduled__2023-11-20T00:00:00+00:00 [queued]>
[2023-11-21 16:02:58,672] {taskinstance.py:1179} INFO - Dependencies all met for <TaskInstance: etl_hh.truncate_staging scheduled__2023-11-20T00:00:00+00:00 [queued]>
[2023-11-21 16:02:58,672] {taskinstance.py:1376} INFO - 
--------------------------------------------------------------------------------
[2023-11-21 16:02:58,673] {taskinstance.py:1377} INFO - Starting attempt 1 of 2
[2023-11-21 16:02:58,674] {taskinstance.py:1378} INFO - 
--------------------------------------------------------------------------------
[2023-11-21 16:02:58,702] {taskinstance.py:1397} INFO - Executing <Task(PostgresOperator): truncate_staging> on 2023-11-20 00:00:00+00:00
[2023-11-21 16:02:58,712] {standard_task_runner.py:52} INFO - Started process 1911 to run task
[2023-11-21 16:02:58,717] {standard_task_runner.py:79} INFO - Running: ['***', 'tasks', 'run', 'etl_hh', 'truncate_staging', 'scheduled__2023-11-20T00:00:00+00:00', '--job-id', '301', '--raw', '--subdir', 'DAGS_FOLDER/pipeline.py', '--cfg-path', '/tmp/tmpeipwhd61', '--error-file', '/tmp/tmpbtvi4g0w']
[2023-11-21 16:02:58,718] {standard_task_runner.py:80} INFO - Job 301: Subtask truncate_staging
[2023-11-21 16:02:58,902] {task_command.py:371} INFO - Running <TaskInstance: etl_hh.truncate_staging scheduled__2023-11-20T00:00:00+00:00 [running]> on host b47ed23e9d21
[2023-11-21 16:02:59,084] {taskinstance.py:1591} INFO - Exporting the following env vars:
AIRFLOW_CTX_DAG_OWNER=***
AIRFLOW_CTX_DAG_ID=etl_hh
AIRFLOW_CTX_TASK_ID=truncate_staging
AIRFLOW_CTX_EXECUTION_DATE=2023-11-20T00:00:00+00:00
AIRFLOW_CTX_TRY_NUMBER=1
AIRFLOW_CTX_DAG_RUN_ID=scheduled__2023-11-20T00:00:00+00:00
[2023-11-21 16:02:59,101] {base.py:68} INFO - Using connection ID 'my_db_conn' for task execution.
[2023-11-21 16:02:59,131] {dbapi.py:231} INFO - Running statement: TRUNCATE staging.vacancy, parameters: None
[2023-11-21 16:02:59,174] {taskinstance.py:1420} INFO - Marking task as SUCCESS. dag_id=etl_hh, task_id=truncate_staging, execution_date=20231120T000000, start_date=20231121T160258, end_date=20231121T160259
[2023-11-21 16:02:59,251] {local_task_job.py:156} INFO - Task exited with return code 0
[2023-11-21 16:02:59,324] {local_task_job.py:273} INFO - 0 downstream tasks scheduled from follow-on schedule check
[2023-11-21 16:04:55,038] {taskinstance.py:1179} INFO - Dependencies all met for <TaskInstance: etl_hh.truncate_staging scheduled__2023-11-20T00:00:00+00:00 [queued]>
[2023-11-21 16:04:55,055] {taskinstance.py:1179} INFO - Dependencies all met for <TaskInstance: etl_hh.truncate_staging scheduled__2023-11-20T00:00:00+00:00 [queued]>
[2023-11-21 16:04:55,055] {taskinstance.py:1376} INFO - 
--------------------------------------------------------------------------------
[2023-11-21 16:04:55,056] {taskinstance.py:1377} INFO - Starting attempt 1 of 2
[2023-11-21 16:04:55,056] {taskinstance.py:1378} INFO - 
--------------------------------------------------------------------------------
[2023-11-21 16:04:55,076] {taskinstance.py:1397} INFO - Executing <Task(PostgresOperator): truncate_staging> on 2023-11-20 00:00:00+00:00
[2023-11-21 16:04:55,082] {standard_task_runner.py:52} INFO - Started process 2000 to run task
[2023-11-21 16:04:55,087] {standard_task_runner.py:79} INFO - Running: ['***', 'tasks', 'run', 'etl_hh', 'truncate_staging', 'scheduled__2023-11-20T00:00:00+00:00', '--job-id', '306', '--raw', '--subdir', 'DAGS_FOLDER/pipeline.py', '--cfg-path', '/tmp/tmp0vnszndp', '--error-file', '/tmp/tmp0kpkt83k']
[2023-11-21 16:04:55,088] {standard_task_runner.py:80} INFO - Job 306: Subtask truncate_staging
[2023-11-21 16:04:55,172] {task_command.py:371} INFO - Running <TaskInstance: etl_hh.truncate_staging scheduled__2023-11-20T00:00:00+00:00 [running]> on host b47ed23e9d21
[2023-11-21 16:04:55,272] {taskinstance.py:1591} INFO - Exporting the following env vars:
AIRFLOW_CTX_DAG_OWNER=***
AIRFLOW_CTX_DAG_ID=etl_hh
AIRFLOW_CTX_TASK_ID=truncate_staging
AIRFLOW_CTX_EXECUTION_DATE=2023-11-20T00:00:00+00:00
AIRFLOW_CTX_TRY_NUMBER=1
AIRFLOW_CTX_DAG_RUN_ID=scheduled__2023-11-20T00:00:00+00:00
[2023-11-21 16:04:55,284] {base.py:68} INFO - Using connection ID 'my_db_conn' for task execution.
[2023-11-21 16:04:55,307] {dbapi.py:231} INFO - Running statement: TRUNCATE staging.vacancy, parameters: None
[2023-11-21 16:04:55,342] {taskinstance.py:1420} INFO - Marking task as SUCCESS. dag_id=etl_hh, task_id=truncate_staging, execution_date=20231120T000000, start_date=20231121T160455, end_date=20231121T160455
[2023-11-21 16:04:55,378] {local_task_job.py:156} INFO - Task exited with return code 0
[2023-11-21 16:04:55,454] {local_task_job.py:273} INFO - 1 downstream tasks scheduled from follow-on schedule check
[2023-11-21 16:14:00,017] {taskinstance.py:1179} INFO - Dependencies all met for <TaskInstance: etl_hh.truncate_staging scheduled__2023-11-20T00:00:00+00:00 [queued]>
[2023-11-21 16:14:00,043] {taskinstance.py:1179} INFO - Dependencies all met for <TaskInstance: etl_hh.truncate_staging scheduled__2023-11-20T00:00:00+00:00 [queued]>
[2023-11-21 16:14:00,044] {taskinstance.py:1376} INFO - 
--------------------------------------------------------------------------------
[2023-11-21 16:14:00,044] {taskinstance.py:1377} INFO - Starting attempt 1 of 2
[2023-11-21 16:14:00,045] {taskinstance.py:1378} INFO - 
--------------------------------------------------------------------------------
[2023-11-21 16:14:00,072] {taskinstance.py:1397} INFO - Executing <Task(PostgresOperator): truncate_staging> on 2023-11-20 00:00:00+00:00
[2023-11-21 16:14:00,080] {standard_task_runner.py:52} INFO - Started process 2427 to run task
[2023-11-21 16:14:00,085] {standard_task_runner.py:79} INFO - Running: ['***', 'tasks', 'run', 'etl_hh', 'truncate_staging', 'scheduled__2023-11-20T00:00:00+00:00', '--job-id', '321', '--raw', '--subdir', 'DAGS_FOLDER/pipeline.py', '--cfg-path', '/tmp/tmpinfrq8qh', '--error-file', '/tmp/tmpzhwjohg0']
[2023-11-21 16:14:00,086] {standard_task_runner.py:80} INFO - Job 321: Subtask truncate_staging
[2023-11-21 16:14:00,191] {task_command.py:371} INFO - Running <TaskInstance: etl_hh.truncate_staging scheduled__2023-11-20T00:00:00+00:00 [running]> on host b47ed23e9d21
[2023-11-21 16:14:00,327] {taskinstance.py:1591} INFO - Exporting the following env vars:
AIRFLOW_CTX_DAG_OWNER=***
AIRFLOW_CTX_DAG_ID=etl_hh
AIRFLOW_CTX_TASK_ID=truncate_staging
AIRFLOW_CTX_EXECUTION_DATE=2023-11-20T00:00:00+00:00
AIRFLOW_CTX_TRY_NUMBER=1
AIRFLOW_CTX_DAG_RUN_ID=scheduled__2023-11-20T00:00:00+00:00
[2023-11-21 16:14:00,341] {base.py:68} INFO - Using connection ID 'my_db_conn' for task execution.
[2023-11-21 16:14:00,368] {dbapi.py:231} INFO - Running statement: TRUNCATE staging.vacancy, parameters: None
[2023-11-21 16:14:00,411] {taskinstance.py:1420} INFO - Marking task as SUCCESS. dag_id=etl_hh, task_id=truncate_staging, execution_date=20231120T000000, start_date=20231121T161400, end_date=20231121T161400
[2023-11-21 16:14:00,457] {local_task_job.py:156} INFO - Task exited with return code 0
[2023-11-21 16:14:00,560] {local_task_job.py:273} INFO - 1 downstream tasks scheduled from follow-on schedule check
