[2023-11-19 11:16:27,184] {taskinstance.py:1179} INFO - Dependencies all met for <TaskInstance: etl_hh.load_core_dim_area manual__2023-11-19T11:16:01.068041+00:00 [queued]>
[2023-11-19 11:16:27,214] {taskinstance.py:1179} INFO - Dependencies all met for <TaskInstance: etl_hh.load_core_dim_area manual__2023-11-19T11:16:01.068041+00:00 [queued]>
[2023-11-19 11:16:27,214] {taskinstance.py:1376} INFO - 
--------------------------------------------------------------------------------
[2023-11-19 11:16:27,227] {taskinstance.py:1377} INFO - Starting attempt 1 of 2
[2023-11-19 11:16:27,227] {taskinstance.py:1378} INFO - 
--------------------------------------------------------------------------------
[2023-11-19 11:16:27,265] {taskinstance.py:1397} INFO - Executing <Task(PostgresOperator): load_core_dim_area> on 2023-11-19 11:16:01.068041+00:00
[2023-11-19 11:16:27,274] {standard_task_runner.py:52} INFO - Started process 1273 to run task
[2023-11-19 11:16:27,280] {standard_task_runner.py:79} INFO - Running: ['***', 'tasks', 'run', 'etl_hh', 'load_core_dim_area', 'manual__2023-11-19T11:16:01.068041+00:00', '--job-id', '129', '--raw', '--subdir', 'DAGS_FOLDER/pipeline.py', '--cfg-path', '/tmp/tmp0zy6gao4', '--error-file', '/tmp/tmpo_2dv_l4']
[2023-11-19 11:16:27,281] {standard_task_runner.py:80} INFO - Job 129: Subtask load_core_dim_area
[2023-11-19 11:16:27,436] {task_command.py:371} INFO - Running <TaskInstance: etl_hh.load_core_dim_area manual__2023-11-19T11:16:01.068041+00:00 [running]> on host ee772b517b86
[2023-11-19 11:16:27,711] {taskinstance.py:1591} INFO - Exporting the following env vars:
AIRFLOW_CTX_DAG_OWNER=***
AIRFLOW_CTX_DAG_ID=etl_hh
AIRFLOW_CTX_TASK_ID=load_core_dim_area
AIRFLOW_CTX_EXECUTION_DATE=2023-11-19T11:16:01.068041+00:00
AIRFLOW_CTX_TRY_NUMBER=1
AIRFLOW_CTX_DAG_RUN_ID=manual__2023-11-19T11:16:01.068041+00:00
[2023-11-19 11:16:27,736] {base.py:68} INFO - Using connection ID 'my_db_conn' for task execution.
[2023-11-19 11:16:27,772] {dbapi.py:231} INFO - Running statement: INSERT INTO core.dim_area (area_id, name)
            SELECT DISTINCT 
                area_id,
                area_name
            FROM staging.vacancy, parameters: None
[2023-11-19 11:16:27,787] {dbapi.py:239} INFO - Rows affected: 97
[2023-11-19 11:16:27,856] {taskinstance.py:1420} INFO - Marking task as SUCCESS. dag_id=etl_hh, task_id=load_core_dim_area, execution_date=20231119T111601, start_date=20231119T111627, end_date=20231119T111627
[2023-11-19 11:16:27,934] {local_task_job.py:156} INFO - Task exited with return code 0
[2023-11-19 11:16:28,057] {local_task_job.py:273} INFO - 1 downstream tasks scheduled from follow-on schedule check
