[2023-11-22 19:10:19,875] {taskinstance.py:1179} INFO - Dependencies all met for <TaskInstance: etl_hh.load_staging manual__2023-11-22T19:10:14.417851+00:00 [queued]>
[2023-11-22 19:10:19,904] {taskinstance.py:1179} INFO - Dependencies all met for <TaskInstance: etl_hh.load_staging manual__2023-11-22T19:10:14.417851+00:00 [queued]>
[2023-11-22 19:10:19,905] {taskinstance.py:1376} INFO - 
--------------------------------------------------------------------------------
[2023-11-22 19:10:19,905] {taskinstance.py:1377} INFO - Starting attempt 1 of 2
[2023-11-22 19:10:19,907] {taskinstance.py:1378} INFO - 
--------------------------------------------------------------------------------
[2023-11-22 19:10:19,939] {taskinstance.py:1397} INFO - Executing <Task(PythonOperator): load_staging> on 2023-11-22 19:10:14.417851+00:00
[2023-11-22 19:10:19,946] {standard_task_runner.py:52} INFO - Started process 321 to run task
[2023-11-22 19:10:19,951] {standard_task_runner.py:79} INFO - Running: ['***', 'tasks', 'run', 'etl_hh', 'load_staging', 'manual__2023-11-22T19:10:14.417851+00:00', '--job-id', '38', '--raw', '--subdir', 'DAGS_FOLDER/pipeline.py', '--cfg-path', '/tmp/tmp6ee_qsr9', '--error-file', '/tmp/tmpihjhg1yu']
[2023-11-22 19:10:19,952] {standard_task_runner.py:80} INFO - Job 38: Subtask load_staging
[2023-11-22 19:10:20,085] {task_command.py:371} INFO - Running <TaskInstance: etl_hh.load_staging manual__2023-11-22T19:10:14.417851+00:00 [running]> on host 9ac5eb002233
[2023-11-22 19:10:20,270] {taskinstance.py:1591} INFO - Exporting the following env vars:
AIRFLOW_CTX_DAG_OWNER=***
AIRFLOW_CTX_DAG_ID=etl_hh
AIRFLOW_CTX_TASK_ID=load_staging
AIRFLOW_CTX_EXECUTION_DATE=2023-11-22T19:10:14.417851+00:00
AIRFLOW_CTX_TRY_NUMBER=1
AIRFLOW_CTX_DAG_RUN_ID=manual__2023-11-22T19:10:14.417851+00:00
[2023-11-22 19:10:21,713] {python.py:173} INFO - Done. Returned value was: None
[2023-11-22 19:10:21,744] {taskinstance.py:1420} INFO - Marking task as SUCCESS. dag_id=etl_hh, task_id=load_staging, execution_date=20231122T191014, start_date=20231122T191019, end_date=20231122T191021
[2023-11-22 19:10:21,814] {local_task_job.py:156} INFO - Task exited with return code 0
[2023-11-22 19:10:21,994] {local_task_job.py:273} INFO - 1 downstream tasks scheduled from follow-on schedule check
