[2023-11-21 16:09:25,600] {taskinstance.py:1179} INFO - Dependencies all met for <TaskInstance: etl_hh.load_settings_setup manual__2023-11-21T16:09:23.566520+00:00 [queued]>
[2023-11-21 16:09:25,618] {taskinstance.py:1179} INFO - Dependencies all met for <TaskInstance: etl_hh.load_settings_setup manual__2023-11-21T16:09:23.566520+00:00 [queued]>
[2023-11-21 16:09:25,619] {taskinstance.py:1376} INFO - 
--------------------------------------------------------------------------------
[2023-11-21 16:09:25,619] {taskinstance.py:1377} INFO - Starting attempt 1 of 2
[2023-11-21 16:09:25,620] {taskinstance.py:1378} INFO - 
--------------------------------------------------------------------------------
[2023-11-21 16:09:25,638] {taskinstance.py:1397} INFO - Executing <Task(PostgresOperator): load_settings_setup> on 2023-11-21 16:09:23.566520+00:00
[2023-11-21 16:09:25,644] {standard_task_runner.py:52} INFO - Started process 2213 to run task
[2023-11-21 16:09:25,648] {standard_task_runner.py:79} INFO - Running: ['***', 'tasks', 'run', 'etl_hh', 'load_settings_setup', 'manual__2023-11-21T16:09:23.566520+00:00', '--job-id', '313', '--raw', '--subdir', 'DAGS_FOLDER/pipeline.py', '--cfg-path', '/tmp/tmpcpjmaenn', '--error-file', '/tmp/tmpmbu7tm_1']
[2023-11-21 16:09:25,649] {standard_task_runner.py:80} INFO - Job 313: Subtask load_settings_setup
[2023-11-21 16:09:25,738] {task_command.py:371} INFO - Running <TaskInstance: etl_hh.load_settings_setup manual__2023-11-21T16:09:23.566520+00:00 [running]> on host b47ed23e9d21
[2023-11-21 16:09:25,854] {taskinstance.py:1591} INFO - Exporting the following env vars:
AIRFLOW_CTX_DAG_OWNER=***
AIRFLOW_CTX_DAG_ID=etl_hh
AIRFLOW_CTX_TASK_ID=load_settings_setup
AIRFLOW_CTX_EXECUTION_DATE=2023-11-21T16:09:23.566520+00:00
AIRFLOW_CTX_TRY_NUMBER=1
AIRFLOW_CTX_DAG_RUN_ID=manual__2023-11-21T16:09:23.566520+00:00
[2023-11-21 16:09:25,868] {base.py:68} INFO - Using connection ID 'my_db_conn' for task execution.
[2023-11-21 16:09:25,894] {dbapi.py:231} INFO - Running statement: INSERT INTO settings.setup (date_start)
            VALUES(now()), parameters: None
[2023-11-21 16:09:25,902] {dbapi.py:239} INFO - Rows affected: 1
[2023-11-21 16:09:25,934] {taskinstance.py:1420} INFO - Marking task as SUCCESS. dag_id=etl_hh, task_id=load_settings_setup, execution_date=20231121T160923, start_date=20231121T160925, end_date=20231121T160925
[2023-11-21 16:09:25,979] {local_task_job.py:156} INFO - Task exited with return code 0
[2023-11-21 16:09:26,111] {local_task_job.py:273} INFO - 1 downstream tasks scheduled from follow-on schedule check
