[2023-11-18 20:00:54,549] {taskinstance.py:1179} INFO - Dependencies all met for <TaskInstance: etl_hh.load_core_dim_currency manual__2023-11-18T20:00:23.706090+00:00 [queued]>
[2023-11-18 20:00:54,578] {taskinstance.py:1179} INFO - Dependencies all met for <TaskInstance: etl_hh.load_core_dim_currency manual__2023-11-18T20:00:23.706090+00:00 [queued]>
[2023-11-18 20:00:54,579] {taskinstance.py:1376} INFO - 
--------------------------------------------------------------------------------
[2023-11-18 20:00:54,580] {taskinstance.py:1377} INFO - Starting attempt 1 of 2
[2023-11-18 20:00:54,581] {taskinstance.py:1378} INFO - 
--------------------------------------------------------------------------------
[2023-11-18 20:00:54,617] {taskinstance.py:1397} INFO - Executing <Task(PostgresOperator): load_core_dim_currency> on 2023-11-18 20:00:23.706090+00:00
[2023-11-18 20:00:54,627] {standard_task_runner.py:52} INFO - Started process 14390 to run task
[2023-11-18 20:00:54,631] {standard_task_runner.py:79} INFO - Running: ['***', 'tasks', 'run', 'etl_hh', 'load_core_dim_currency', 'manual__2023-11-18T20:00:23.706090+00:00', '--job-id', '115', '--raw', '--subdir', 'DAGS_FOLDER/pipeline.py', '--cfg-path', '/tmp/tmpqbgz2lk1', '--error-file', '/tmp/tmpudsn0ii0']
[2023-11-18 20:00:54,632] {standard_task_runner.py:80} INFO - Job 115: Subtask load_core_dim_currency
[2023-11-18 20:00:54,743] {task_command.py:371} INFO - Running <TaskInstance: etl_hh.load_core_dim_currency manual__2023-11-18T20:00:23.706090+00:00 [running]> on host 2e176173f0f7
[2023-11-18 20:00:54,893] {taskinstance.py:1591} INFO - Exporting the following env vars:
AIRFLOW_CTX_DAG_OWNER=***
AIRFLOW_CTX_DAG_ID=etl_hh
AIRFLOW_CTX_TASK_ID=load_core_dim_currency
AIRFLOW_CTX_EXECUTION_DATE=2023-11-18T20:00:23.706090+00:00
AIRFLOW_CTX_TRY_NUMBER=1
AIRFLOW_CTX_DAG_RUN_ID=manual__2023-11-18T20:00:23.706090+00:00
[2023-11-18 20:00:54,910] {base.py:68} INFO - Using connection ID 'my_db_conn' for task execution.
[2023-11-18 20:00:54,940] {dbapi.py:231} INFO - Running statement: INSERT INTO core_layer.dim_currency(
                currency_id, 
                to_rub
            )
            SELECT DISTINCT
                salary_currency,
                CASE
                    WHEN salary_currency = 'RUR'
                    THEN 1
                    WHEN salary_currency = 'USD'
                    THEN 89
                    WHEN salary_currency = 'KZT'
                    THEN 0.2
                    WHEN salary_currency = 'BYR'
                    THEN 28.7
                END AS to_rub
            FROM staging_layer.vacancy, parameters: None
[2023-11-18 20:00:54,952] {dbapi.py:239} INFO - Rows affected: 6
[2023-11-18 20:00:55,003] {taskinstance.py:1420} INFO - Marking task as SUCCESS. dag_id=etl_hh, task_id=load_core_dim_currency, execution_date=20231118T200023, start_date=20231118T200054, end_date=20231118T200055
[2023-11-18 20:00:55,046] {local_task_job.py:156} INFO - Task exited with return code 0
[2023-11-18 20:00:55,115] {local_task_job.py:273} INFO - 1 downstream tasks scheduled from follow-on schedule check
