[2023-11-22 06:34:12,457] {taskinstance.py:1179} INFO - Dependencies all met for <TaskInstance: etl_hh.load_core_dim_currency scheduled__2023-11-21T00:00:00+00:00 [queued]>
[2023-11-22 06:34:12,477] {taskinstance.py:1179} INFO - Dependencies all met for <TaskInstance: etl_hh.load_core_dim_currency scheduled__2023-11-21T00:00:00+00:00 [queued]>
[2023-11-22 06:34:12,477] {taskinstance.py:1376} INFO - 
--------------------------------------------------------------------------------
[2023-11-22 06:34:12,478] {taskinstance.py:1377} INFO - Starting attempt 1 of 2
[2023-11-22 06:34:12,479] {taskinstance.py:1378} INFO - 
--------------------------------------------------------------------------------
[2023-11-22 06:34:12,502] {taskinstance.py:1397} INFO - Executing <Task(PostgresOperator): load_core_dim_currency> on 2023-11-21 00:00:00+00:00
[2023-11-22 06:34:12,508] {standard_task_runner.py:52} INFO - Started process 276 to run task
[2023-11-22 06:34:12,512] {standard_task_runner.py:79} INFO - Running: ['***', 'tasks', 'run', 'etl_hh', 'load_core_dim_currency', 'scheduled__2023-11-21T00:00:00+00:00', '--job-id', '11', '--raw', '--subdir', 'DAGS_FOLDER/pipeline.py', '--cfg-path', '/tmp/tmpsb9_4afc', '--error-file', '/tmp/tmpkzn1pxag']
[2023-11-22 06:34:12,513] {standard_task_runner.py:80} INFO - Job 11: Subtask load_core_dim_currency
[2023-11-22 06:34:12,613] {task_command.py:371} INFO - Running <TaskInstance: etl_hh.load_core_dim_currency scheduled__2023-11-21T00:00:00+00:00 [running]> on host 9ac5eb002233
[2023-11-22 06:34:12,747] {taskinstance.py:1591} INFO - Exporting the following env vars:
AIRFLOW_CTX_DAG_OWNER=***
AIRFLOW_CTX_DAG_ID=etl_hh
AIRFLOW_CTX_TASK_ID=load_core_dim_currency
AIRFLOW_CTX_EXECUTION_DATE=2023-11-21T00:00:00+00:00
AIRFLOW_CTX_TRY_NUMBER=1
AIRFLOW_CTX_DAG_RUN_ID=scheduled__2023-11-21T00:00:00+00:00
[2023-11-22 06:34:12,761] {base.py:68} INFO - Using connection ID 'my_db_conn' for task execution.
[2023-11-22 06:34:12,792] {dbapi.py:231} INFO - Running statement: 
        MERGE INTO core.dim_currency AS trg
        USING(
            SELECT DISTINCT 
                salary_currency,
                CASE
                    WHEN salary_currency = 'RUR'
                    THEN 1
                    WHEN salary_currency = 'USD'
                    THEN 90
                    WHEN salary_currency = 'KZT'
                    THEN 0.2
                    WHEN salary_currency = 'BYR'
                    THEN 28.7
                END AS to_rub
            FROM staging.vacancy) AS src
        ON trg.currency_id = src.salary_currency
        WHEN NOT MATCHED
        THEN INSERT(
            currency_id, 
            to_rub
            )
        VALUES(
            src.salary_currency,
            src.to_rub
            )
        WHEN MATCHED AND trg.to_rub <> src.to_rub
        THEN UPDATE
        SET 
            currency_id = src.salary_currency, 
            to_rub = src.to_rub, parameters: None
[2023-11-22 06:34:12,837] {taskinstance.py:1420} INFO - Marking task as SUCCESS. dag_id=etl_hh, task_id=load_core_dim_currency, execution_date=20231121T000000, start_date=20231122T063412, end_date=20231122T063412
[2023-11-22 06:34:12,885] {local_task_job.py:156} INFO - Task exited with return code 0
[2023-11-22 06:34:12,989] {local_task_job.py:273} INFO - 1 downstream tasks scheduled from follow-on schedule check
[2023-11-22 19:13:53,131] {taskinstance.py:1179} INFO - Dependencies all met for <TaskInstance: etl_hh.load_core_dim_currency scheduled__2023-11-21T00:00:00+00:00 [queued]>
[2023-11-22 19:13:53,160] {taskinstance.py:1179} INFO - Dependencies all met for <TaskInstance: etl_hh.load_core_dim_currency scheduled__2023-11-21T00:00:00+00:00 [queued]>
[2023-11-22 19:13:53,161] {taskinstance.py:1376} INFO - 
--------------------------------------------------------------------------------
[2023-11-22 19:13:53,162] {taskinstance.py:1377} INFO - Starting attempt 1 of 2
[2023-11-22 19:13:53,162] {taskinstance.py:1378} INFO - 
--------------------------------------------------------------------------------
[2023-11-22 19:13:53,200] {taskinstance.py:1397} INFO - Executing <Task(PostgresOperator): load_core_dim_currency> on 2023-11-21 00:00:00+00:00
[2023-11-22 19:13:53,210] {standard_task_runner.py:52} INFO - Started process 474 to run task
[2023-11-22 19:13:53,216] {standard_task_runner.py:79} INFO - Running: ['***', 'tasks', 'run', 'etl_hh', 'load_core_dim_currency', 'scheduled__2023-11-21T00:00:00+00:00', '--job-id', '51', '--raw', '--subdir', 'DAGS_FOLDER/pipeline.py', '--cfg-path', '/tmp/tmp1wj620e9', '--error-file', '/tmp/tmp7yplzagk']
[2023-11-22 19:13:53,217] {standard_task_runner.py:80} INFO - Job 51: Subtask load_core_dim_currency
[2023-11-22 19:13:53,438] {task_command.py:371} INFO - Running <TaskInstance: etl_hh.load_core_dim_currency scheduled__2023-11-21T00:00:00+00:00 [running]> on host 9ac5eb002233
[2023-11-22 19:13:53,702] {taskinstance.py:1591} INFO - Exporting the following env vars:
AIRFLOW_CTX_DAG_OWNER=***
AIRFLOW_CTX_DAG_ID=etl_hh
AIRFLOW_CTX_TASK_ID=load_core_dim_currency
AIRFLOW_CTX_EXECUTION_DATE=2023-11-21T00:00:00+00:00
AIRFLOW_CTX_TRY_NUMBER=1
AIRFLOW_CTX_DAG_RUN_ID=scheduled__2023-11-21T00:00:00+00:00
[2023-11-22 19:13:53,732] {base.py:68} INFO - Using connection ID 'my_db_conn' for task execution.
[2023-11-22 19:13:53,771] {dbapi.py:231} INFO - Running statement: 
        MERGE INTO core.dim_currency AS trg
        USING(
            SELECT DISTINCT 
                salary_currency,
                CASE
                    WHEN salary_currency = 'RUR'
                    THEN 1
                    WHEN salary_currency = 'USD'
                    THEN 90
                    WHEN salary_currency = 'KZT'
                    THEN 0.2
                    WHEN salary_currency = 'BYR'
                    THEN 28.7
                END AS to_rub
            FROM staging.vacancy) AS src
        ON trg.currency_id = src.salary_currency
        WHEN NOT MATCHED
        THEN INSERT(
            currency_id, 
            to_rub
            )
        VALUES(
            src.salary_currency,
            src.to_rub
            )
        WHEN MATCHED AND trg.to_rub <> src.to_rub
        THEN UPDATE
        SET 
            currency_id = src.salary_currency, 
            to_rub = src.to_rub, parameters: None
[2023-11-22 19:13:53,835] {taskinstance.py:1420} INFO - Marking task as SUCCESS. dag_id=etl_hh, task_id=load_core_dim_currency, execution_date=20231121T000000, start_date=20231122T191353, end_date=20231122T191353
[2023-11-22 19:13:53,913] {local_task_job.py:156} INFO - Task exited with return code 0
[2023-11-22 19:13:53,999] {local_task_job.py:273} INFO - 0 downstream tasks scheduled from follow-on schedule check
[2023-11-22 19:16:41,148] {taskinstance.py:1179} INFO - Dependencies all met for <TaskInstance: etl_hh.load_core_dim_currency scheduled__2023-11-21T00:00:00+00:00 [queued]>
[2023-11-22 19:16:41,185] {taskinstance.py:1179} INFO - Dependencies all met for <TaskInstance: etl_hh.load_core_dim_currency scheduled__2023-11-21T00:00:00+00:00 [queued]>
[2023-11-22 19:16:41,187] {taskinstance.py:1376} INFO - 
--------------------------------------------------------------------------------
[2023-11-22 19:16:41,188] {taskinstance.py:1377} INFO - Starting attempt 1 of 2
[2023-11-22 19:16:41,189] {taskinstance.py:1378} INFO - 
--------------------------------------------------------------------------------
[2023-11-22 19:16:41,238] {taskinstance.py:1397} INFO - Executing <Task(PostgresOperator): load_core_dim_currency> on 2023-11-21 00:00:00+00:00
[2023-11-22 19:16:41,248] {standard_task_runner.py:52} INFO - Started process 598 to run task
[2023-11-22 19:16:41,253] {standard_task_runner.py:79} INFO - Running: ['***', 'tasks', 'run', 'etl_hh', 'load_core_dim_currency', 'scheduled__2023-11-21T00:00:00+00:00', '--job-id', '59', '--raw', '--subdir', 'DAGS_FOLDER/pipeline.py', '--cfg-path', '/tmp/tmp62anaik7', '--error-file', '/tmp/tmptj6e9cy9']
[2023-11-22 19:16:41,255] {standard_task_runner.py:80} INFO - Job 59: Subtask load_core_dim_currency
[2023-11-22 19:16:41,421] {task_command.py:371} INFO - Running <TaskInstance: etl_hh.load_core_dim_currency scheduled__2023-11-21T00:00:00+00:00 [running]> on host 9ac5eb002233
[2023-11-22 19:16:41,659] {taskinstance.py:1591} INFO - Exporting the following env vars:
AIRFLOW_CTX_DAG_OWNER=***
AIRFLOW_CTX_DAG_ID=etl_hh
AIRFLOW_CTX_TASK_ID=load_core_dim_currency
AIRFLOW_CTX_EXECUTION_DATE=2023-11-21T00:00:00+00:00
AIRFLOW_CTX_TRY_NUMBER=1
AIRFLOW_CTX_DAG_RUN_ID=scheduled__2023-11-21T00:00:00+00:00
[2023-11-22 19:16:41,684] {base.py:68} INFO - Using connection ID 'my_db_conn' for task execution.
[2023-11-22 19:16:41,730] {dbapi.py:231} INFO - Running statement: 
        MERGE INTO core.dim_currency AS trg
        USING(
            SELECT DISTINCT 
                salary_currency,
                CASE
                    WHEN salary_currency = 'RUR'
                    THEN 1
                    WHEN salary_currency = 'USD'
                    THEN 90
                    WHEN salary_currency = 'KZT'
                    THEN 0.2
                    WHEN salary_currency = 'BYR'
                    THEN 28.7
                END AS to_rub
            FROM staging.vacancy) AS src
        ON trg.currency_id = src.salary_currency
        WHEN NOT MATCHED
        THEN INSERT(
            currency_id, 
            to_rub
            )
        VALUES(
            src.salary_currency,
            src.to_rub
            )
        WHEN MATCHED AND trg.to_rub <> src.to_rub
        THEN UPDATE
        SET 
            currency_id = src.salary_currency, 
            to_rub = src.to_rub, parameters: None
[2023-11-22 19:16:41,784] {taskinstance.py:1420} INFO - Marking task as SUCCESS. dag_id=etl_hh, task_id=load_core_dim_currency, execution_date=20231121T000000, start_date=20231122T191641, end_date=20231122T191641
[2023-11-22 19:16:41,868] {local_task_job.py:156} INFO - Task exited with return code 0
[2023-11-22 19:16:41,963] {local_task_job.py:273} INFO - 1 downstream tasks scheduled from follow-on schedule check
[2023-11-22 19:19:00,424] {taskinstance.py:1179} INFO - Dependencies all met for <TaskInstance: etl_hh.load_core_dim_currency scheduled__2023-11-21T00:00:00+00:00 [queued]>
[2023-11-22 19:19:00,503] {taskinstance.py:1179} INFO - Dependencies all met for <TaskInstance: etl_hh.load_core_dim_currency scheduled__2023-11-21T00:00:00+00:00 [queued]>
[2023-11-22 19:19:00,505] {taskinstance.py:1376} INFO - 
--------------------------------------------------------------------------------
[2023-11-22 19:19:00,507] {taskinstance.py:1377} INFO - Starting attempt 1 of 2
[2023-11-22 19:19:00,520] {taskinstance.py:1378} INFO - 
--------------------------------------------------------------------------------
[2023-11-22 19:19:00,640] {taskinstance.py:1397} INFO - Executing <Task(PostgresOperator): load_core_dim_currency> on 2023-11-21 00:00:00+00:00
[2023-11-22 19:19:00,661] {standard_task_runner.py:52} INFO - Started process 704 to run task
[2023-11-22 19:19:00,677] {standard_task_runner.py:79} INFO - Running: ['***', 'tasks', 'run', 'etl_hh', 'load_core_dim_currency', 'scheduled__2023-11-21T00:00:00+00:00', '--job-id', '67', '--raw', '--subdir', 'DAGS_FOLDER/pipeline.py', '--cfg-path', '/tmp/tmpqtkl8jgz', '--error-file', '/tmp/tmp8pbahhnj']
[2023-11-22 19:19:00,681] {standard_task_runner.py:80} INFO - Job 67: Subtask load_core_dim_currency
[2023-11-22 19:19:00,969] {task_command.py:371} INFO - Running <TaskInstance: etl_hh.load_core_dim_currency scheduled__2023-11-21T00:00:00+00:00 [running]> on host 9ac5eb002233
[2023-11-22 19:19:01,323] {taskinstance.py:1591} INFO - Exporting the following env vars:
AIRFLOW_CTX_DAG_OWNER=***
AIRFLOW_CTX_DAG_ID=etl_hh
AIRFLOW_CTX_TASK_ID=load_core_dim_currency
AIRFLOW_CTX_EXECUTION_DATE=2023-11-21T00:00:00+00:00
AIRFLOW_CTX_TRY_NUMBER=1
AIRFLOW_CTX_DAG_RUN_ID=scheduled__2023-11-21T00:00:00+00:00
[2023-11-22 19:19:01,355] {base.py:68} INFO - Using connection ID 'my_db_conn' for task execution.
[2023-11-22 19:19:01,498] {dbapi.py:231} INFO - Running statement: 
        MERGE INTO core.dim_currency AS trg
        USING(
            SELECT DISTINCT 
                salary_currency,
                CASE
                    WHEN salary_currency = 'RUR'
                    THEN 1
                    WHEN salary_currency = 'USD'
                    THEN 90
                    WHEN salary_currency = 'KZT'
                    THEN 0.2
                    WHEN salary_currency = 'BYR'
                    THEN 28.7
                END AS to_rub
            FROM staging.vacancy) AS src
        ON trg.currency_id = src.salary_currency
        WHEN NOT MATCHED
        THEN INSERT(
            currency_id, 
            to_rub
            )
        VALUES(
            src.salary_currency,
            src.to_rub
            )
        WHEN MATCHED AND trg.to_rub <> src.to_rub
        THEN UPDATE
        SET 
            currency_id = src.salary_currency, 
            to_rub = src.to_rub, parameters: None
[2023-11-22 19:19:01,613] {taskinstance.py:1420} INFO - Marking task as SUCCESS. dag_id=etl_hh, task_id=load_core_dim_currency, execution_date=20231121T000000, start_date=20231122T191900, end_date=20231122T191901
[2023-11-22 19:19:01,706] {local_task_job.py:156} INFO - Task exited with return code 0
[2023-11-22 19:19:01,874] {local_task_job.py:273} INFO - 0 downstream tasks scheduled from follow-on schedule check
