[2023-11-21 16:14:54,248] {taskinstance.py:1179} INFO - Dependencies all met for <TaskInstance: etl_hh.load_settings_setup manual__2023-11-21T16:14:45.708109+00:00 [queued]>
[2023-11-21 16:14:54,273] {taskinstance.py:1179} INFO - Dependencies all met for <TaskInstance: etl_hh.load_settings_setup manual__2023-11-21T16:14:45.708109+00:00 [queued]>
[2023-11-21 16:14:54,273] {taskinstance.py:1376} INFO - 
--------------------------------------------------------------------------------
[2023-11-21 16:14:54,274] {taskinstance.py:1377} INFO - Starting attempt 1 of 2
[2023-11-21 16:14:54,275] {taskinstance.py:1378} INFO - 
--------------------------------------------------------------------------------
[2023-11-21 16:14:54,298] {taskinstance.py:1397} INFO - Executing <Task(PostgresOperator): load_settings_setup> on 2023-11-21 16:14:45.708109+00:00
[2023-11-21 16:14:54,306] {standard_task_runner.py:52} INFO - Started process 2493 to run task
[2023-11-21 16:14:54,310] {standard_task_runner.py:79} INFO - Running: ['***', 'tasks', 'run', 'etl_hh', 'load_settings_setup', 'manual__2023-11-21T16:14:45.708109+00:00', '--job-id', '331', '--raw', '--subdir', 'DAGS_FOLDER/pipeline.py', '--cfg-path', '/tmp/tmpyzg2mzxz', '--error-file', '/tmp/tmpwlhwswsk']
[2023-11-21 16:14:54,311] {standard_task_runner.py:80} INFO - Job 331: Subtask load_settings_setup
[2023-11-21 16:14:54,410] {task_command.py:371} INFO - Running <TaskInstance: etl_hh.load_settings_setup manual__2023-11-21T16:14:45.708109+00:00 [running]> on host b47ed23e9d21
[2023-11-21 16:14:54,540] {taskinstance.py:1591} INFO - Exporting the following env vars:
AIRFLOW_CTX_DAG_OWNER=***
AIRFLOW_CTX_DAG_ID=etl_hh
AIRFLOW_CTX_TASK_ID=load_settings_setup
AIRFLOW_CTX_EXECUTION_DATE=2023-11-21T16:14:45.708109+00:00
AIRFLOW_CTX_TRY_NUMBER=1
AIRFLOW_CTX_DAG_RUN_ID=manual__2023-11-21T16:14:45.708109+00:00
[2023-11-21 16:14:54,556] {base.py:68} INFO - Using connection ID 'my_db_conn' for task execution.
[2023-11-21 16:14:54,579] {dbapi.py:231} INFO - Running statement: INSERT INTO settings.setup (date_start)
            VALUES(now()), parameters: None
[2023-11-21 16:14:54,586] {dbapi.py:239} INFO - Rows affected: 1
[2023-11-21 16:14:54,609] {taskinstance.py:1420} INFO - Marking task as SUCCESS. dag_id=etl_hh, task_id=load_settings_setup, execution_date=20231121T161445, start_date=20231121T161454, end_date=20231121T161454
[2023-11-21 16:14:54,642] {local_task_job.py:156} INFO - Task exited with return code 0
[2023-11-21 16:14:54,729] {local_task_job.py:273} INFO - 1 downstream tasks scheduled from follow-on schedule check
