[2023-11-19 11:16:03,528] {taskinstance.py:1179} INFO - Dependencies all met for <TaskInstance: etl_hh.load_staging manual__2023-11-19T11:16:01.068041+00:00 [queued]>
[2023-11-19 11:16:03,554] {taskinstance.py:1179} INFO - Dependencies all met for <TaskInstance: etl_hh.load_staging manual__2023-11-19T11:16:01.068041+00:00 [queued]>
[2023-11-19 11:16:03,555] {taskinstance.py:1376} INFO - 
--------------------------------------------------------------------------------
[2023-11-19 11:16:03,556] {taskinstance.py:1377} INFO - Starting attempt 1 of 2
[2023-11-19 11:16:03,557] {taskinstance.py:1378} INFO - 
--------------------------------------------------------------------------------
[2023-11-19 11:16:03,586] {taskinstance.py:1397} INFO - Executing <Task(PythonOperator): load_staging> on 2023-11-19 11:16:01.068041+00:00
[2023-11-19 11:16:03,596] {standard_task_runner.py:52} INFO - Started process 1253 to run task
[2023-11-19 11:16:03,602] {standard_task_runner.py:79} INFO - Running: ['***', 'tasks', 'run', 'etl_hh', 'load_staging', 'manual__2023-11-19T11:16:01.068041+00:00', '--job-id', '128', '--raw', '--subdir', 'DAGS_FOLDER/pipeline.py', '--cfg-path', '/tmp/tmp9jiwu1on', '--error-file', '/tmp/tmp3t18d7k5']
[2023-11-19 11:16:03,604] {standard_task_runner.py:80} INFO - Job 128: Subtask load_staging
[2023-11-19 11:16:03,755] {task_command.py:371} INFO - Running <TaskInstance: etl_hh.load_staging manual__2023-11-19T11:16:01.068041+00:00 [running]> on host ee772b517b86
[2023-11-19 11:16:04,036] {taskinstance.py:1591} INFO - Exporting the following env vars:
AIRFLOW_CTX_DAG_OWNER=***
AIRFLOW_CTX_DAG_ID=etl_hh
AIRFLOW_CTX_TASK_ID=load_staging
AIRFLOW_CTX_EXECUTION_DATE=2023-11-19T11:16:01.068041+00:00
AIRFLOW_CTX_TRY_NUMBER=1
AIRFLOW_CTX_DAG_RUN_ID=manual__2023-11-19T11:16:01.068041+00:00
[2023-11-19 11:16:25,082] {python.py:173} INFO - Done. Returned value was: None
[2023-11-19 11:16:25,116] {taskinstance.py:1420} INFO - Marking task as SUCCESS. dag_id=etl_hh, task_id=load_staging, execution_date=20231119T111601, start_date=20231119T111603, end_date=20231119T111625
[2023-11-19 11:16:25,175] {local_task_job.py:156} INFO - Task exited with return code 0
[2023-11-19 11:16:25,291] {local_task_job.py:273} INFO - 1 downstream tasks scheduled from follow-on schedule check
