[2023-11-23 13:14:33,895] {taskinstance.py:1179} INFO - Dependencies all met for <TaskInstance: etl_hh.truncate_staging scheduled__2023-11-22T00:00:00+00:00 [queued]>
[2023-11-23 13:14:33,927] {taskinstance.py:1179} INFO - Dependencies all met for <TaskInstance: etl_hh.truncate_staging scheduled__2023-11-22T00:00:00+00:00 [queued]>
[2023-11-23 13:14:33,928] {taskinstance.py:1376} INFO - 
--------------------------------------------------------------------------------
[2023-11-23 13:14:33,929] {taskinstance.py:1377} INFO - Starting attempt 1 of 2
[2023-11-23 13:14:33,930] {taskinstance.py:1378} INFO - 
--------------------------------------------------------------------------------
[2023-11-23 13:14:33,968] {taskinstance.py:1397} INFO - Executing <Task(PostgresOperator): truncate_staging> on 2023-11-22 00:00:00+00:00
[2023-11-23 13:14:33,981] {standard_task_runner.py:52} INFO - Started process 79 to run task
[2023-11-23 13:14:33,988] {standard_task_runner.py:79} INFO - Running: ['***', 'tasks', 'run', 'etl_hh', 'truncate_staging', 'scheduled__2023-11-22T00:00:00+00:00', '--job-id', '71', '--raw', '--subdir', 'DAGS_FOLDER/pipeline.py', '--cfg-path', '/tmp/tmpdm3sarf2', '--error-file', '/tmp/tmpa79r7jd0']
[2023-11-23 13:14:33,989] {standard_task_runner.py:80} INFO - Job 71: Subtask truncate_staging
[2023-11-23 13:14:34,132] {task_command.py:371} INFO - Running <TaskInstance: etl_hh.truncate_staging scheduled__2023-11-22T00:00:00+00:00 [running]> on host 9ac5eb002233
[2023-11-23 13:14:34,323] {taskinstance.py:1591} INFO - Exporting the following env vars:
AIRFLOW_CTX_DAG_OWNER=***
AIRFLOW_CTX_DAG_ID=etl_hh
AIRFLOW_CTX_TASK_ID=truncate_staging
AIRFLOW_CTX_EXECUTION_DATE=2023-11-22T00:00:00+00:00
AIRFLOW_CTX_TRY_NUMBER=1
AIRFLOW_CTX_DAG_RUN_ID=scheduled__2023-11-22T00:00:00+00:00
[2023-11-23 13:14:34,340] {base.py:68} INFO - Using connection ID 'my_db_conn' for task execution.
[2023-11-23 13:14:34,371] {dbapi.py:231} INFO - Running statement: TRUNCATE staging.vacancy, parameters: None
[2023-11-23 13:14:34,448] {taskinstance.py:1420} INFO - Marking task as SUCCESS. dag_id=etl_hh, task_id=truncate_staging, execution_date=20231122T000000, start_date=20231123T131433, end_date=20231123T131434
[2023-11-23 13:14:34,492] {local_task_job.py:156} INFO - Task exited with return code 0
[2023-11-23 13:14:34,662] {local_task_job.py:273} INFO - 1 downstream tasks scheduled from follow-on schedule check
