[2023-11-21 15:09:22,019] {taskinstance.py:1179} INFO - Dependencies all met for <TaskInstance: etl_hh.load_core_dim_employer manual__2023-11-21T15:08:47.780552+00:00 [queued]>
[2023-11-21 15:09:22,049] {taskinstance.py:1179} INFO - Dependencies all met for <TaskInstance: etl_hh.load_core_dim_employer manual__2023-11-21T15:08:47.780552+00:00 [queued]>
[2023-11-21 15:09:22,050] {taskinstance.py:1376} INFO - 
--------------------------------------------------------------------------------
[2023-11-21 15:09:22,061] {taskinstance.py:1377} INFO - Starting attempt 1 of 2
[2023-11-21 15:09:22,062] {taskinstance.py:1378} INFO - 
--------------------------------------------------------------------------------
[2023-11-21 15:09:22,093] {taskinstance.py:1397} INFO - Executing <Task(PostgresOperator): load_core_dim_employer> on 2023-11-21 15:08:47.780552+00:00
[2023-11-21 15:09:22,102] {standard_task_runner.py:52} INFO - Started process 1189 to run task
[2023-11-21 15:09:22,108] {standard_task_runner.py:79} INFO - Running: ['***', 'tasks', 'run', 'etl_hh', 'load_core_dim_employer', 'manual__2023-11-21T15:08:47.780552+00:00', '--job-id', '258', '--raw', '--subdir', 'DAGS_FOLDER/pipeline.py', '--cfg-path', '/tmp/tmpicc7tcp3', '--error-file', '/tmp/tmpiizes3lt']
[2023-11-21 15:09:22,110] {standard_task_runner.py:80} INFO - Job 258: Subtask load_core_dim_employer
[2023-11-21 15:09:22,237] {task_command.py:371} INFO - Running <TaskInstance: etl_hh.load_core_dim_employer manual__2023-11-21T15:08:47.780552+00:00 [running]> on host f44f09cebae7
[2023-11-21 15:09:22,392] {taskinstance.py:1591} INFO - Exporting the following env vars:
AIRFLOW_CTX_DAG_OWNER=***
AIRFLOW_CTX_DAG_ID=etl_hh
AIRFLOW_CTX_TASK_ID=load_core_dim_employer
AIRFLOW_CTX_EXECUTION_DATE=2023-11-21T15:08:47.780552+00:00
AIRFLOW_CTX_TRY_NUMBER=1
AIRFLOW_CTX_DAG_RUN_ID=manual__2023-11-21T15:08:47.780552+00:00
[2023-11-21 15:09:22,408] {base.py:68} INFO - Using connection ID 'my_db_conn' for task execution.
[2023-11-21 15:09:22,441] {dbapi.py:231} INFO - Running statement: 
        MERGE INTO core.dim_employer AS trg
        USING(
            SELECT DISTINCT 
                employer_id,
                employer_name
            FROM staging.vacancy) AS src
        ON trg.employer_id = src.employer_id
        WHEN NOT MATCHED
        THEN INSERT(
            employer_id,
            name)
        VALUES(
            src.employer_id,
            src.employer_name)
        WHEN MATCHED
                AND (COALESCE(trg.name, '') <> COALESCE(src.employer_name, '')
                OR trg.employer_id <> src.employer_id)
        THEN UPDATE
        SET 
            employer_id = src.employer_id, 
            name = src.employer_name, parameters: None
[2023-11-21 15:09:22,486] {taskinstance.py:1420} INFO - Marking task as SUCCESS. dag_id=etl_hh, task_id=load_core_dim_employer, execution_date=20231121T150847, start_date=20231121T150922, end_date=20231121T150922
[2023-11-21 15:09:22,563] {local_task_job.py:156} INFO - Task exited with return code 0
[2023-11-21 15:09:22,709] {local_task_job.py:273} INFO - 1 downstream tasks scheduled from follow-on schedule check
