[2023-11-21 16:09:28,977] {taskinstance.py:1179} INFO - Dependencies all met for <TaskInstance: etl_hh.load_staging manual__2023-11-21T16:09:23.566520+00:00 [queued]>
[2023-11-21 16:09:29,001] {taskinstance.py:1179} INFO - Dependencies all met for <TaskInstance: etl_hh.load_staging manual__2023-11-21T16:09:23.566520+00:00 [queued]>
[2023-11-21 16:09:29,002] {taskinstance.py:1376} INFO - 
--------------------------------------------------------------------------------
[2023-11-21 16:09:29,002] {taskinstance.py:1377} INFO - Starting attempt 1 of 2
[2023-11-21 16:09:29,003] {taskinstance.py:1378} INFO - 
--------------------------------------------------------------------------------
[2023-11-21 16:09:29,025] {taskinstance.py:1397} INFO - Executing <Task(PythonOperator): load_staging> on 2023-11-21 16:09:23.566520+00:00
[2023-11-21 16:09:29,032] {standard_task_runner.py:52} INFO - Started process 2224 to run task
[2023-11-21 16:09:29,036] {standard_task_runner.py:79} INFO - Running: ['***', 'tasks', 'run', 'etl_hh', 'load_staging', 'manual__2023-11-21T16:09:23.566520+00:00', '--job-id', '315', '--raw', '--subdir', 'DAGS_FOLDER/pipeline.py', '--cfg-path', '/tmp/tmpqqi7eqig', '--error-file', '/tmp/tmpq8t8ngvp']
[2023-11-21 16:09:29,037] {standard_task_runner.py:80} INFO - Job 315: Subtask load_staging
[2023-11-21 16:09:29,150] {task_command.py:371} INFO - Running <TaskInstance: etl_hh.load_staging manual__2023-11-21T16:09:23.566520+00:00 [running]> on host b47ed23e9d21
[2023-11-21 16:09:29,282] {taskinstance.py:1591} INFO - Exporting the following env vars:
AIRFLOW_CTX_DAG_OWNER=***
AIRFLOW_CTX_DAG_ID=etl_hh
AIRFLOW_CTX_TASK_ID=load_staging
AIRFLOW_CTX_EXECUTION_DATE=2023-11-21T16:09:23.566520+00:00
AIRFLOW_CTX_TRY_NUMBER=1
AIRFLOW_CTX_DAG_RUN_ID=manual__2023-11-21T16:09:23.566520+00:00
[2023-11-21 16:09:31,932] {python.py:173} INFO - Done. Returned value was: None
[2023-11-21 16:09:31,954] {taskinstance.py:1420} INFO - Marking task as SUCCESS. dag_id=etl_hh, task_id=load_staging, execution_date=20231121T160923, start_date=20231121T160928, end_date=20231121T160931
[2023-11-21 16:09:32,020] {local_task_job.py:156} INFO - Task exited with return code 0
[2023-11-21 16:09:32,124] {local_task_job.py:273} INFO - 1 downstream tasks scheduled from follow-on schedule check
