[2023-10-24 16:01:16,481] {taskinstance.py:1179} INFO - Dependencies all met for <TaskInstance: mydag.echo_hi manual__2023-10-24T16:01:14.656760+00:00 [queued]>
[2023-10-24 16:01:16,501] {taskinstance.py:1179} INFO - Dependencies all met for <TaskInstance: mydag.echo_hi manual__2023-10-24T16:01:14.656760+00:00 [queued]>
[2023-10-24 16:01:16,503] {taskinstance.py:1376} INFO - 
--------------------------------------------------------------------------------
[2023-10-24 16:01:16,504] {taskinstance.py:1377} INFO - Starting attempt 1 of 1
[2023-10-24 16:01:16,505] {taskinstance.py:1378} INFO - 
--------------------------------------------------------------------------------
[2023-10-24 16:01:16,539] {taskinstance.py:1397} INFO - Executing <Task(BashOperator): echo_hi> on 2023-10-24 16:01:14.656760+00:00
[2023-10-24 16:01:16,549] {standard_task_runner.py:52} INFO - Started process 171 to run task
[2023-10-24 16:01:16,554] {standard_task_runner.py:79} INFO - Running: ['***', 'tasks', 'run', 'mydag', 'echo_hi', 'manual__2023-10-24T16:01:14.656760+00:00', '--job-id', '43', '--raw', '--subdir', 'DAGS_FOLDER/first_dag.py', '--cfg-path', '/tmp/tmpnkhnt_o2', '--error-file', '/tmp/tmpxj52e7aw']
[2023-10-24 16:01:16,556] {standard_task_runner.py:80} INFO - Job 43: Subtask echo_hi
[2023-10-24 16:01:16,693] {task_command.py:371} INFO - Running <TaskInstance: mydag.echo_hi manual__2023-10-24T16:01:14.656760+00:00 [running]> on host d14eca7535dc
[2023-10-24 16:01:16,864] {taskinstance.py:1591} INFO - Exporting the following env vars:
AIRFLOW_CTX_DAG_OWNER=romank
AIRFLOW_CTX_DAG_ID=mydag
AIRFLOW_CTX_TASK_ID=echo_hi
AIRFLOW_CTX_EXECUTION_DATE=2023-10-24T16:01:14.656760+00:00
AIRFLOW_CTX_TRY_NUMBER=1
AIRFLOW_CTX_DAG_RUN_ID=manual__2023-10-24T16:01:14.656760+00:00
[2023-10-24 16:01:16,866] {subprocess.py:62} INFO - Tmp dir root location: 
 /tmp
[2023-10-24 16:01:16,868] {subprocess.py:74} INFO - Running command: ['bash', '-c', 'echo "Hello"']
[2023-10-24 16:01:16,894] {subprocess.py:85} INFO - Output:
[2023-10-24 16:01:16,900] {subprocess.py:92} INFO - Hello
[2023-10-24 16:01:16,902] {subprocess.py:96} INFO - Command exited with return code 0
[2023-10-24 16:01:16,979] {taskinstance.py:1420} INFO - Marking task as SUCCESS. dag_id=mydag, task_id=echo_hi, execution_date=20231024T160114, start_date=20231024T160116, end_date=20231024T160116
[2023-10-24 16:01:17,048] {local_task_job.py:156} INFO - Task exited with return code 0
[2023-10-24 16:01:17,158] {local_task_job.py:273} INFO - 1 downstream tasks scheduled from follow-on schedule check
