[2023-11-19 11:16:31,980] {taskinstance.py:1179} INFO - Dependencies all met for <TaskInstance: etl_hh.load_core_dim_experience manual__2023-11-19T11:16:01.068041+00:00 [queued]>
[2023-11-19 11:16:32,016] {taskinstance.py:1179} INFO - Dependencies all met for <TaskInstance: etl_hh.load_core_dim_experience manual__2023-11-19T11:16:01.068041+00:00 [queued]>
[2023-11-19 11:16:32,017] {taskinstance.py:1376} INFO - 
--------------------------------------------------------------------------------
[2023-11-19 11:16:32,030] {taskinstance.py:1377} INFO - Starting attempt 1 of 2
[2023-11-19 11:16:32,031] {taskinstance.py:1378} INFO - 
--------------------------------------------------------------------------------
[2023-11-19 11:16:32,060] {taskinstance.py:1397} INFO - Executing <Task(PostgresOperator): load_core_dim_experience> on 2023-11-19 11:16:01.068041+00:00
[2023-11-19 11:16:32,070] {standard_task_runner.py:52} INFO - Started process 1277 to run task
[2023-11-19 11:16:32,074] {standard_task_runner.py:79} INFO - Running: ['***', 'tasks', 'run', 'etl_hh', 'load_core_dim_experience', 'manual__2023-11-19T11:16:01.068041+00:00', '--job-id', '131', '--raw', '--subdir', 'DAGS_FOLDER/pipeline.py', '--cfg-path', '/tmp/tmp4efux7rz', '--error-file', '/tmp/tmpoqr4hwar']
[2023-11-19 11:16:32,075] {standard_task_runner.py:80} INFO - Job 131: Subtask load_core_dim_experience
[2023-11-19 11:16:32,198] {task_command.py:371} INFO - Running <TaskInstance: etl_hh.load_core_dim_experience manual__2023-11-19T11:16:01.068041+00:00 [running]> on host ee772b517b86
[2023-11-19 11:16:32,372] {taskinstance.py:1591} INFO - Exporting the following env vars:
AIRFLOW_CTX_DAG_OWNER=***
AIRFLOW_CTX_DAG_ID=etl_hh
AIRFLOW_CTX_TASK_ID=load_core_dim_experience
AIRFLOW_CTX_EXECUTION_DATE=2023-11-19T11:16:01.068041+00:00
AIRFLOW_CTX_TRY_NUMBER=1
AIRFLOW_CTX_DAG_RUN_ID=manual__2023-11-19T11:16:01.068041+00:00
[2023-11-19 11:16:32,390] {base.py:68} INFO - Using connection ID 'my_db_conn' for task execution.
[2023-11-19 11:16:32,422] {dbapi.py:231} INFO - Running statement: INSERT INTO core.dim_experience(
                experience_id, 
                name
            )
            SELECT DISTINCT
                experience_id,
                experience_name
            FROM staging.vacancy, parameters: None
[2023-11-19 11:16:32,435] {dbapi.py:239} INFO - Rows affected: 4
[2023-11-19 11:16:32,495] {taskinstance.py:1420} INFO - Marking task as SUCCESS. dag_id=etl_hh, task_id=load_core_dim_experience, execution_date=20231119T111601, start_date=20231119T111631, end_date=20231119T111632
[2023-11-19 11:16:32,570] {local_task_job.py:156} INFO - Task exited with return code 0
[2023-11-19 11:16:32,683] {local_task_job.py:273} INFO - 1 downstream tasks scheduled from follow-on schedule check
