[2023-11-19 10:51:02,129] {taskinstance.py:1179} INFO - Dependencies all met for <TaskInstance: etl_hh.load_core_dim_area manual__2023-11-19T10:50:35.830558+00:00 [queued]>
[2023-11-19 10:51:02,158] {taskinstance.py:1179} INFO - Dependencies all met for <TaskInstance: etl_hh.load_core_dim_area manual__2023-11-19T10:50:35.830558+00:00 [queued]>
[2023-11-19 10:51:02,159] {taskinstance.py:1376} INFO - 
--------------------------------------------------------------------------------
[2023-11-19 10:51:02,172] {taskinstance.py:1377} INFO - Starting attempt 1 of 2
[2023-11-19 10:51:02,173] {taskinstance.py:1378} INFO - 
--------------------------------------------------------------------------------
[2023-11-19 10:51:02,204] {taskinstance.py:1397} INFO - Executing <Task(PostgresOperator): load_core_dim_area> on 2023-11-19 10:50:35.830558+00:00
[2023-11-19 10:51:02,215] {standard_task_runner.py:52} INFO - Started process 256 to run task
[2023-11-19 10:51:02,221] {standard_task_runner.py:79} INFO - Running: ['***', 'tasks', 'run', 'etl_hh', 'load_core_dim_area', 'manual__2023-11-19T10:50:35.830558+00:00', '--job-id', '122', '--raw', '--subdir', 'DAGS_FOLDER/pipeline.py', '--cfg-path', '/tmp/tmp_wwqftt9', '--error-file', '/tmp/tmpggzarwgz']
[2023-11-19 10:51:02,223] {standard_task_runner.py:80} INFO - Job 122: Subtask load_core_dim_area
[2023-11-19 10:51:02,414] {task_command.py:371} INFO - Running <TaskInstance: etl_hh.load_core_dim_area manual__2023-11-19T10:50:35.830558+00:00 [running]> on host ee772b517b86
[2023-11-19 10:51:02,674] {taskinstance.py:1591} INFO - Exporting the following env vars:
AIRFLOW_CTX_DAG_OWNER=***
AIRFLOW_CTX_DAG_ID=etl_hh
AIRFLOW_CTX_TASK_ID=load_core_dim_area
AIRFLOW_CTX_EXECUTION_DATE=2023-11-19T10:50:35.830558+00:00
AIRFLOW_CTX_TRY_NUMBER=1
AIRFLOW_CTX_DAG_RUN_ID=manual__2023-11-19T10:50:35.830558+00:00
[2023-11-19 10:51:02,693] {base.py:68} INFO - Using connection ID 'my_db_conn' for task execution.
[2023-11-19 10:51:02,724] {dbapi.py:231} INFO - Running statement: INSERT INTO core.dim_area (area_id, name)
            SELECT DISTINCT 
                area_id,
                area_name
            FROM staging.vacancy, parameters: None
[2023-11-19 10:51:02,741] {dbapi.py:239} INFO - Rows affected: 97
[2023-11-19 10:51:02,800] {taskinstance.py:1420} INFO - Marking task as SUCCESS. dag_id=etl_hh, task_id=load_core_dim_area, execution_date=20231119T105035, start_date=20231119T105102, end_date=20231119T105102
[2023-11-19 10:51:02,878] {local_task_job.py:156} INFO - Task exited with return code 0
[2023-11-19 10:51:03,018] {local_task_job.py:273} INFO - 1 downstream tasks scheduled from follow-on schedule check
