[2023-10-24 16:56:18,323] {taskinstance.py:1179} INFO - Dependencies all met for <TaskInstance: postgres_dag.create_table scheduled__2018-11-01T00:00:00+00:00 [queued]>
[2023-10-24 16:56:18,353] {taskinstance.py:1179} INFO - Dependencies all met for <TaskInstance: postgres_dag.create_table scheduled__2018-11-01T00:00:00+00:00 [queued]>
[2023-10-24 16:56:18,355] {taskinstance.py:1376} INFO - 
--------------------------------------------------------------------------------
[2023-10-24 16:56:18,356] {taskinstance.py:1377} INFO - Starting attempt 1 of 1
[2023-10-24 16:56:18,369] {taskinstance.py:1378} INFO - 
--------------------------------------------------------------------------------
[2023-10-24 16:56:18,411] {taskinstance.py:1397} INFO - Executing <Task(PostgresOperator): create_table> on 2018-11-01 00:00:00+00:00
[2023-10-24 16:56:18,426] {standard_task_runner.py:52} INFO - Started process 227 to run task
[2023-10-24 16:56:18,437] {standard_task_runner.py:79} INFO - Running: ['***', 'tasks', 'run', 'postgres_dag', 'create_table', 'scheduled__2018-11-01T00:00:00+00:00', '--job-id', '55', '--raw', '--subdir', 'DAGS_FOLDER/postgres_dag.py', '--cfg-path', '/tmp/tmptjuvro2q', '--error-file', '/tmp/tmpcmhyaofk']
[2023-10-24 16:56:18,440] {standard_task_runner.py:80} INFO - Job 55: Subtask create_table
[2023-10-24 16:56:18,674] {task_command.py:371} INFO - Running <TaskInstance: postgres_dag.create_table scheduled__2018-11-01T00:00:00+00:00 [running]> on host 0d4d602ef8f0
[2023-10-24 16:56:18,858] {taskinstance.py:1591} INFO - Exporting the following env vars:
AIRFLOW_CTX_DAG_OWNER=Alex
AIRFLOW_CTX_DAG_ID=postgres_dag
AIRFLOW_CTX_TASK_ID=create_table
AIRFLOW_CTX_EXECUTION_DATE=2018-11-01T00:00:00+00:00
AIRFLOW_CTX_TRY_NUMBER=1
AIRFLOW_CTX_DAG_RUN_ID=scheduled__2018-11-01T00:00:00+00:00
[2023-10-24 16:56:18,881] {base.py:68} INFO - Using connection ID 'my_db_conn' for task execution.
[2023-10-24 16:56:18,913] {dbapi.py:231} INFO - Running statement: CREATE TABLE IF NOT EXISTS test.vacancy_test(
            id INT PRIMARY KEY,
            name VARCHAR(50)), parameters: None
[2023-10-24 16:56:18,981] {taskinstance.py:1420} INFO - Marking task as SUCCESS. dag_id=postgres_dag, task_id=create_table, execution_date=20181101T000000, start_date=20231024T165618, end_date=20231024T165618
[2023-10-24 16:56:19,053] {local_task_job.py:156} INFO - Task exited with return code 0
[2023-10-24 16:56:19,140] {local_task_job.py:273} INFO - 0 downstream tasks scheduled from follow-on schedule check
