[2023-10-24 16:48:45,543] {processor.py:153} INFO - Started process (PID=662) to work on /opt/airflow/dags/postgres_dag.py
[2023-10-24 16:48:45,545] {processor.py:641} INFO - Processing file /opt/airflow/dags/postgres_dag.py for tasks to queue
[2023-10-24 16:48:45,546] {logging_mixin.py:115} INFO - [2023-10-24 16:48:45,546] {dagbag.py:508} INFO - Filling up the DagBag from /opt/airflow/dags/postgres_dag.py
[2023-10-24 16:48:45,580] {logging_mixin.py:115} INFO - [2023-10-24 16:48:45,578] {dagbag.py:321} ERROR - Failed to import: /opt/airflow/dags/postgres_dag.py
Traceback (most recent call last):
  File "/home/airflow/.local/lib/python3.7/site-packages/airflow/models/dagbag.py", line 318, in parse
    loader.exec_module(new_module)
  File "<frozen importlib._bootstrap_external>", line 724, in exec_module
  File "<frozen importlib._bootstrap_external>", line 860, in get_code
  File "<frozen importlib._bootstrap_external>", line 791, in source_to_code
  File "<frozen importlib._bootstrap>", line 219, in _call_with_frames_removed
  File "/opt/airflow/dags/postgres_dag.py", line 21
    sql="""CREATE TABLE IF NOT EXISTS test.vacancy_test(
      ^
SyntaxError: invalid syntax
[2023-10-24 16:48:45,581] {processor.py:653} WARNING - No viable dags retrieved from /opt/airflow/dags/postgres_dag.py
[2023-10-24 16:48:45,633] {processor.py:161} INFO - Processing /opt/airflow/dags/postgres_dag.py took 0.094 seconds
[2023-10-24 16:49:16,404] {processor.py:153} INFO - Started process (PID=719) to work on /opt/airflow/dags/postgres_dag.py
[2023-10-24 16:49:16,405] {processor.py:641} INFO - Processing file /opt/airflow/dags/postgres_dag.py for tasks to queue
[2023-10-24 16:49:16,407] {logging_mixin.py:115} INFO - [2023-10-24 16:49:16,407] {dagbag.py:508} INFO - Filling up the DagBag from /opt/airflow/dags/postgres_dag.py
[2023-10-24 16:49:16,444] {logging_mixin.py:115} INFO - [2023-10-24 16:49:16,443] {dagbag.py:321} ERROR - Failed to import: /opt/airflow/dags/postgres_dag.py
Traceback (most recent call last):
  File "/home/airflow/.local/lib/python3.7/site-packages/airflow/models/dagbag.py", line 318, in parse
    loader.exec_module(new_module)
  File "<frozen importlib._bootstrap_external>", line 724, in exec_module
  File "<frozen importlib._bootstrap_external>", line 860, in get_code
  File "<frozen importlib._bootstrap_external>", line 791, in source_to_code
  File "<frozen importlib._bootstrap>", line 219, in _call_with_frames_removed
  File "/opt/airflow/dags/postgres_dag.py", line 21
    sql="""CREATE TABLE IF NOT EXISTS test.vacancy_test(
      ^
SyntaxError: invalid syntax
[2023-10-24 16:49:16,446] {processor.py:653} WARNING - No viable dags retrieved from /opt/airflow/dags/postgres_dag.py
[2023-10-24 16:49:16,492] {processor.py:161} INFO - Processing /opt/airflow/dags/postgres_dag.py took 0.095 seconds
[2023-10-24 16:49:46,579] {processor.py:153} INFO - Started process (PID=786) to work on /opt/airflow/dags/postgres_dag.py
[2023-10-24 16:49:46,581] {processor.py:641} INFO - Processing file /opt/airflow/dags/postgres_dag.py for tasks to queue
[2023-10-24 16:49:46,583] {logging_mixin.py:115} INFO - [2023-10-24 16:49:46,583] {dagbag.py:508} INFO - Filling up the DagBag from /opt/airflow/dags/postgres_dag.py
[2023-10-24 16:49:46,634] {logging_mixin.py:115} INFO - [2023-10-24 16:49:46,632] {dagbag.py:321} ERROR - Failed to import: /opt/airflow/dags/postgres_dag.py
Traceback (most recent call last):
  File "/home/airflow/.local/lib/python3.7/site-packages/airflow/models/dagbag.py", line 318, in parse
    loader.exec_module(new_module)
  File "<frozen importlib._bootstrap_external>", line 724, in exec_module
  File "<frozen importlib._bootstrap_external>", line 860, in get_code
  File "<frozen importlib._bootstrap_external>", line 791, in source_to_code
  File "<frozen importlib._bootstrap>", line 219, in _call_with_frames_removed
  File "/opt/airflow/dags/postgres_dag.py", line 21
    sql="""CREATE TABLE IF NOT EXISTS test.vacancy_test(
      ^
SyntaxError: invalid syntax
[2023-10-24 16:49:46,636] {processor.py:653} WARNING - No viable dags retrieved from /opt/airflow/dags/postgres_dag.py
[2023-10-24 16:49:46,683] {processor.py:161} INFO - Processing /opt/airflow/dags/postgres_dag.py took 0.110 seconds
[2023-10-24 16:50:17,744] {processor.py:153} INFO - Started process (PID=844) to work on /opt/airflow/dags/postgres_dag.py
[2023-10-24 16:50:17,745] {processor.py:641} INFO - Processing file /opt/airflow/dags/postgres_dag.py for tasks to queue
[2023-10-24 16:50:17,747] {logging_mixin.py:115} INFO - [2023-10-24 16:50:17,747] {dagbag.py:508} INFO - Filling up the DagBag from /opt/airflow/dags/postgres_dag.py
[2023-10-24 16:50:17,787] {logging_mixin.py:115} INFO - [2023-10-24 16:50:17,786] {dagbag.py:321} ERROR - Failed to import: /opt/airflow/dags/postgres_dag.py
Traceback (most recent call last):
  File "/home/airflow/.local/lib/python3.7/site-packages/airflow/models/dagbag.py", line 318, in parse
    loader.exec_module(new_module)
  File "<frozen importlib._bootstrap_external>", line 724, in exec_module
  File "<frozen importlib._bootstrap_external>", line 860, in get_code
  File "<frozen importlib._bootstrap_external>", line 791, in source_to_code
  File "<frozen importlib._bootstrap>", line 219, in _call_with_frames_removed
  File "/opt/airflow/dags/postgres_dag.py", line 21
    sql="""CREATE TABLE IF NOT EXISTS test.vacancy_test(
      ^
SyntaxError: invalid syntax
[2023-10-24 16:50:17,789] {processor.py:653} WARNING - No viable dags retrieved from /opt/airflow/dags/postgres_dag.py
[2023-10-24 16:50:17,827] {processor.py:161} INFO - Processing /opt/airflow/dags/postgres_dag.py took 0.088 seconds
[2023-10-24 16:54:21,931] {processor.py:153} INFO - Started process (PID=264) to work on /opt/airflow/dags/postgres_dag.py
[2023-10-24 16:54:21,933] {processor.py:641} INFO - Processing file /opt/airflow/dags/postgres_dag.py for tasks to queue
[2023-10-24 16:54:21,935] {logging_mixin.py:115} INFO - [2023-10-24 16:54:21,935] {dagbag.py:508} INFO - Filling up the DagBag from /opt/airflow/dags/postgres_dag.py
[2023-10-24 16:54:22,009] {logging_mixin.py:115} INFO - [2023-10-24 16:54:22,007] {dagbag.py:321} ERROR - Failed to import: /opt/airflow/dags/postgres_dag.py
Traceback (most recent call last):
  File "/home/airflow/.local/lib/python3.7/site-packages/airflow/models/dagbag.py", line 318, in parse
    loader.exec_module(new_module)
  File "<frozen importlib._bootstrap_external>", line 724, in exec_module
  File "<frozen importlib._bootstrap_external>", line 860, in get_code
  File "<frozen importlib._bootstrap_external>", line 791, in source_to_code
  File "<frozen importlib._bootstrap>", line 219, in _call_with_frames_removed
  File "/opt/airflow/dags/postgres_dag.py", line 21
    sql="""CREATE TABLE IF NOT EXISTS test.vacancy_test(
      ^
SyntaxError: invalid syntax
[2023-10-24 16:54:22,013] {processor.py:653} WARNING - No viable dags retrieved from /opt/airflow/dags/postgres_dag.py
[2023-10-24 16:54:22,101] {processor.py:161} INFO - Processing /opt/airflow/dags/postgres_dag.py took 0.178 seconds
[2023-10-24 16:54:52,849] {processor.py:153} INFO - Started process (PID=321) to work on /opt/airflow/dags/postgres_dag.py
[2023-10-24 16:54:52,850] {processor.py:641} INFO - Processing file /opt/airflow/dags/postgres_dag.py for tasks to queue
[2023-10-24 16:54:52,852] {logging_mixin.py:115} INFO - [2023-10-24 16:54:52,852] {dagbag.py:508} INFO - Filling up the DagBag from /opt/airflow/dags/postgres_dag.py
[2023-10-24 16:54:52,898] {logging_mixin.py:115} INFO - [2023-10-24 16:54:52,896] {dagbag.py:321} ERROR - Failed to import: /opt/airflow/dags/postgres_dag.py
Traceback (most recent call last):
  File "/home/airflow/.local/lib/python3.7/site-packages/airflow/models/dagbag.py", line 318, in parse
    loader.exec_module(new_module)
  File "<frozen importlib._bootstrap_external>", line 724, in exec_module
  File "<frozen importlib._bootstrap_external>", line 860, in get_code
  File "<frozen importlib._bootstrap_external>", line 791, in source_to_code
  File "<frozen importlib._bootstrap>", line 219, in _call_with_frames_removed
  File "/opt/airflow/dags/postgres_dag.py", line 21
    sql="""CREATE TABLE IF NOT EXISTS test.vacancy_test(
      ^
SyntaxError: invalid syntax
[2023-10-24 16:54:52,900] {processor.py:653} WARNING - No viable dags retrieved from /opt/airflow/dags/postgres_dag.py
[2023-10-24 16:54:52,964] {processor.py:161} INFO - Processing /opt/airflow/dags/postgres_dag.py took 0.122 seconds
[2023-10-24 16:55:23,231] {processor.py:153} INFO - Started process (PID=378) to work on /opt/airflow/dags/postgres_dag.py
[2023-10-24 16:55:23,233] {processor.py:641} INFO - Processing file /opt/airflow/dags/postgres_dag.py for tasks to queue
[2023-10-24 16:55:23,235] {logging_mixin.py:115} INFO - [2023-10-24 16:55:23,235] {dagbag.py:508} INFO - Filling up the DagBag from /opt/airflow/dags/postgres_dag.py
[2023-10-24 16:55:23,292] {logging_mixin.py:115} INFO - [2023-10-24 16:55:23,290] {dagbag.py:321} ERROR - Failed to import: /opt/airflow/dags/postgres_dag.py
Traceback (most recent call last):
  File "/home/airflow/.local/lib/python3.7/site-packages/airflow/models/dagbag.py", line 318, in parse
    loader.exec_module(new_module)
  File "<frozen importlib._bootstrap_external>", line 724, in exec_module
  File "<frozen importlib._bootstrap_external>", line 860, in get_code
  File "<frozen importlib._bootstrap_external>", line 791, in source_to_code
  File "<frozen importlib._bootstrap>", line 219, in _call_with_frames_removed
  File "/opt/airflow/dags/postgres_dag.py", line 21
    sql="""CREATE TABLE IF NOT EXISTS test.vacancy_test(
      ^
SyntaxError: invalid syntax
[2023-10-24 16:55:23,294] {processor.py:653} WARNING - No viable dags retrieved from /opt/airflow/dags/postgres_dag.py
[2023-10-24 16:55:23,353] {processor.py:161} INFO - Processing /opt/airflow/dags/postgres_dag.py took 0.127 seconds
[2023-10-24 16:55:53,904] {processor.py:153} INFO - Started process (PID=435) to work on /opt/airflow/dags/postgres_dag.py
[2023-10-24 16:55:53,906] {processor.py:641} INFO - Processing file /opt/airflow/dags/postgres_dag.py for tasks to queue
[2023-10-24 16:55:53,908] {logging_mixin.py:115} INFO - [2023-10-24 16:55:53,907] {dagbag.py:508} INFO - Filling up the DagBag from /opt/airflow/dags/postgres_dag.py
[2023-10-24 16:55:53,971] {logging_mixin.py:115} INFO - [2023-10-24 16:55:53,970] {dagbag.py:321} ERROR - Failed to import: /opt/airflow/dags/postgres_dag.py
Traceback (most recent call last):
  File "/home/airflow/.local/lib/python3.7/site-packages/airflow/models/dagbag.py", line 318, in parse
    loader.exec_module(new_module)
  File "<frozen importlib._bootstrap_external>", line 724, in exec_module
  File "<frozen importlib._bootstrap_external>", line 860, in get_code
  File "<frozen importlib._bootstrap_external>", line 791, in source_to_code
  File "<frozen importlib._bootstrap>", line 219, in _call_with_frames_removed
  File "/opt/airflow/dags/postgres_dag.py", line 21
    sql="""CREATE TABLE IF NOT EXISTS test.vacancy_test(
      ^
SyntaxError: invalid syntax
[2023-10-24 16:55:53,973] {processor.py:653} WARNING - No viable dags retrieved from /opt/airflow/dags/postgres_dag.py
[2023-10-24 16:55:54,027] {processor.py:161} INFO - Processing /opt/airflow/dags/postgres_dag.py took 0.127 seconds
[2023-10-24 16:55:56,252] {processor.py:153} INFO - Started process (PID=442) to work on /opt/airflow/dags/postgres_dag.py
[2023-10-24 16:55:56,253] {processor.py:641} INFO - Processing file /opt/airflow/dags/postgres_dag.py for tasks to queue
[2023-10-24 16:55:56,255] {logging_mixin.py:115} INFO - [2023-10-24 16:55:56,255] {dagbag.py:508} INFO - Filling up the DagBag from /opt/airflow/dags/postgres_dag.py
[2023-10-24 16:55:56,365] {processor.py:651} INFO - DAG(s) dict_keys(['postgres_dag']) retrieved from /opt/airflow/dags/postgres_dag.py
[2023-10-24 16:55:56,592] {logging_mixin.py:115} INFO - [2023-10-24 16:55:56,592] {manager.py:508} INFO - Created Permission View: can delete on DAG:postgres_dag
[2023-10-24 16:55:56,634] {logging_mixin.py:115} INFO - [2023-10-24 16:55:56,634] {manager.py:508} INFO - Created Permission View: can read on DAG:postgres_dag
[2023-10-24 16:55:56,693] {logging_mixin.py:115} INFO - [2023-10-24 16:55:56,692] {manager.py:508} INFO - Created Permission View: can edit on DAG:postgres_dag
[2023-10-24 16:55:56,699] {logging_mixin.py:115} INFO - [2023-10-24 16:55:56,699] {dag.py:2420} INFO - Sync 1 DAGs
[2023-10-24 16:55:56,757] {logging_mixin.py:115} INFO - [2023-10-24 16:55:56,756] {dag.py:2439} INFO - Creating ORM DAG for postgres_dag
[2023-10-24 16:55:56,848] {logging_mixin.py:115} INFO - [2023-10-24 16:55:56,847] {dag.py:2972} INFO - Setting next_dagrun for postgres_dag to 2018-11-01T00:00:00+00:00, run_after=2018-11-01T00:00:00+00:00
[2023-10-24 16:55:56,907] {processor.py:161} INFO - Processing /opt/airflow/dags/postgres_dag.py took 0.661 seconds
[2023-10-24 16:56:27,046] {processor.py:153} INFO - Started process (PID=508) to work on /opt/airflow/dags/postgres_dag.py
[2023-10-24 16:56:27,048] {processor.py:641} INFO - Processing file /opt/airflow/dags/postgres_dag.py for tasks to queue
[2023-10-24 16:56:27,049] {logging_mixin.py:115} INFO - [2023-10-24 16:56:27,049] {dagbag.py:508} INFO - Filling up the DagBag from /opt/airflow/dags/postgres_dag.py
[2023-10-24 16:56:27,112] {processor.py:651} INFO - DAG(s) dict_keys(['postgres_dag']) retrieved from /opt/airflow/dags/postgres_dag.py
[2023-10-24 16:56:27,164] {logging_mixin.py:115} INFO - [2023-10-24 16:56:27,164] {dag.py:2420} INFO - Sync 1 DAGs
[2023-10-24 16:56:27,216] {logging_mixin.py:115} INFO - [2023-10-24 16:56:27,216] {dag.py:2972} INFO - Setting next_dagrun for postgres_dag to None, run_after=None
[2023-10-24 16:56:27,248] {processor.py:161} INFO - Processing /opt/airflow/dags/postgres_dag.py took 0.207 seconds
[2023-10-24 16:56:57,842] {processor.py:153} INFO - Started process (PID=565) to work on /opt/airflow/dags/postgres_dag.py
[2023-10-24 16:56:57,844] {processor.py:641} INFO - Processing file /opt/airflow/dags/postgres_dag.py for tasks to queue
[2023-10-24 16:56:57,846] {logging_mixin.py:115} INFO - [2023-10-24 16:56:57,846] {dagbag.py:508} INFO - Filling up the DagBag from /opt/airflow/dags/postgres_dag.py
[2023-10-24 16:56:57,907] {processor.py:651} INFO - DAG(s) dict_keys(['postgres_dag']) retrieved from /opt/airflow/dags/postgres_dag.py
[2023-10-24 16:56:57,954] {logging_mixin.py:115} INFO - [2023-10-24 16:56:57,953] {dag.py:2420} INFO - Sync 1 DAGs
[2023-10-24 16:56:57,998] {logging_mixin.py:115} INFO - [2023-10-24 16:56:57,998] {dag.py:2972} INFO - Setting next_dagrun for postgres_dag to None, run_after=None
[2023-10-24 16:56:58,037] {processor.py:161} INFO - Processing /opt/airflow/dags/postgres_dag.py took 0.201 seconds
[2023-10-24 16:57:28,404] {processor.py:153} INFO - Started process (PID=621) to work on /opt/airflow/dags/postgres_dag.py
[2023-10-24 16:57:28,406] {processor.py:641} INFO - Processing file /opt/airflow/dags/postgres_dag.py for tasks to queue
[2023-10-24 16:57:28,409] {logging_mixin.py:115} INFO - [2023-10-24 16:57:28,409] {dagbag.py:508} INFO - Filling up the DagBag from /opt/airflow/dags/postgres_dag.py
[2023-10-24 16:57:28,479] {processor.py:651} INFO - DAG(s) dict_keys(['postgres_dag']) retrieved from /opt/airflow/dags/postgres_dag.py
[2023-10-24 16:57:28,535] {logging_mixin.py:115} INFO - [2023-10-24 16:57:28,535] {dag.py:2420} INFO - Sync 1 DAGs
[2023-10-24 16:57:28,596] {logging_mixin.py:115} INFO - [2023-10-24 16:57:28,596] {dag.py:2972} INFO - Setting next_dagrun for postgres_dag to None, run_after=None
[2023-10-24 16:57:28,622] {processor.py:161} INFO - Processing /opt/airflow/dags/postgres_dag.py took 0.225 seconds
[2023-10-24 16:57:58,623] {processor.py:153} INFO - Started process (PID=675) to work on /opt/airflow/dags/postgres_dag.py
[2023-10-24 16:57:58,625] {processor.py:641} INFO - Processing file /opt/airflow/dags/postgres_dag.py for tasks to queue
[2023-10-24 16:57:58,627] {logging_mixin.py:115} INFO - [2023-10-24 16:57:58,627] {dagbag.py:508} INFO - Filling up the DagBag from /opt/airflow/dags/postgres_dag.py
[2023-10-24 16:57:58,698] {logging_mixin.py:115} INFO - [2023-10-24 16:57:58,697] {dagbag.py:321} ERROR - Failed to import: /opt/airflow/dags/postgres_dag.py
Traceback (most recent call last):
  File "/home/airflow/.local/lib/python3.7/site-packages/airflow/models/dagbag.py", line 318, in parse
    loader.exec_module(new_module)
  File "<frozen importlib._bootstrap_external>", line 724, in exec_module
  File "<frozen importlib._bootstrap_external>", line 860, in get_code
  File "<frozen importlib._bootstrap_external>", line 791, in source_to_code
  File "<frozen importlib._bootstrap>", line 219, in _call_with_frames_removed
  File "/opt/airflow/dags/postgres_dag.py", line 27
    postgres_conn_id='my_db_conn'
                   ^
SyntaxError: invalid syntax
[2023-10-24 16:57:58,700] {processor.py:653} WARNING - No viable dags retrieved from /opt/airflow/dags/postgres_dag.py
[2023-10-24 16:57:58,766] {processor.py:161} INFO - Processing /opt/airflow/dags/postgres_dag.py took 0.149 seconds
[2023-10-24 16:58:15,669] {processor.py:153} INFO - Started process (PID=729) to work on /opt/airflow/dags/postgres_dag.py
[2023-10-24 16:58:15,671] {processor.py:641} INFO - Processing file /opt/airflow/dags/postgres_dag.py for tasks to queue
[2023-10-24 16:58:15,674] {logging_mixin.py:115} INFO - [2023-10-24 16:58:15,673] {dagbag.py:508} INFO - Filling up the DagBag from /opt/airflow/dags/postgres_dag.py
[2023-10-24 16:58:15,880] {processor.py:651} INFO - DAG(s) dict_keys(['postgres_dag']) retrieved from /opt/airflow/dags/postgres_dag.py
[2023-10-24 16:58:16,051] {logging_mixin.py:115} INFO - [2023-10-24 16:58:16,051] {dag.py:2420} INFO - Sync 1 DAGs
[2023-10-24 16:58:16,105] {logging_mixin.py:115} INFO - [2023-10-24 16:58:16,105] {dag.py:2972} INFO - Setting next_dagrun for postgres_dag to None, run_after=None
[2023-10-24 16:58:16,166] {processor.py:161} INFO - Processing /opt/airflow/dags/postgres_dag.py took 0.502 seconds
[2023-10-24 16:58:47,100] {processor.py:153} INFO - Started process (PID=788) to work on /opt/airflow/dags/postgres_dag.py
[2023-10-24 16:58:47,102] {processor.py:641} INFO - Processing file /opt/airflow/dags/postgres_dag.py for tasks to queue
[2023-10-24 16:58:47,103] {logging_mixin.py:115} INFO - [2023-10-24 16:58:47,103] {dagbag.py:508} INFO - Filling up the DagBag from /opt/airflow/dags/postgres_dag.py
[2023-10-24 16:58:47,158] {processor.py:651} INFO - DAG(s) dict_keys(['postgres_dag']) retrieved from /opt/airflow/dags/postgres_dag.py
[2023-10-24 16:58:47,207] {logging_mixin.py:115} INFO - [2023-10-24 16:58:47,207] {dag.py:2420} INFO - Sync 1 DAGs
[2023-10-24 16:58:47,247] {logging_mixin.py:115} INFO - [2023-10-24 16:58:47,247] {dag.py:2972} INFO - Setting next_dagrun for postgres_dag to None, run_after=None
[2023-10-24 16:58:47,278] {processor.py:161} INFO - Processing /opt/airflow/dags/postgres_dag.py took 0.186 seconds
[2023-10-24 16:59:18,033] {processor.py:153} INFO - Started process (PID=845) to work on /opt/airflow/dags/postgres_dag.py
[2023-10-24 16:59:18,036] {processor.py:641} INFO - Processing file /opt/airflow/dags/postgres_dag.py for tasks to queue
[2023-10-24 16:59:18,038] {logging_mixin.py:115} INFO - [2023-10-24 16:59:18,038] {dagbag.py:508} INFO - Filling up the DagBag from /opt/airflow/dags/postgres_dag.py
[2023-10-24 16:59:18,116] {processor.py:651} INFO - DAG(s) dict_keys(['postgres_dag']) retrieved from /opt/airflow/dags/postgres_dag.py
[2023-10-24 16:59:18,177] {logging_mixin.py:115} INFO - [2023-10-24 16:59:18,177] {dag.py:2420} INFO - Sync 1 DAGs
[2023-10-24 16:59:18,221] {logging_mixin.py:115} INFO - [2023-10-24 16:59:18,221] {dag.py:2972} INFO - Setting next_dagrun for postgres_dag to None, run_after=None
[2023-10-24 16:59:18,258] {processor.py:161} INFO - Processing /opt/airflow/dags/postgres_dag.py took 0.231 seconds
[2023-10-24 16:59:48,859] {processor.py:153} INFO - Started process (PID=902) to work on /opt/airflow/dags/postgres_dag.py
[2023-10-24 16:59:48,861] {processor.py:641} INFO - Processing file /opt/airflow/dags/postgres_dag.py for tasks to queue
[2023-10-24 16:59:48,862] {logging_mixin.py:115} INFO - [2023-10-24 16:59:48,862] {dagbag.py:508} INFO - Filling up the DagBag from /opt/airflow/dags/postgres_dag.py
[2023-10-24 16:59:48,921] {processor.py:651} INFO - DAG(s) dict_keys(['postgres_dag']) retrieved from /opt/airflow/dags/postgres_dag.py
[2023-10-24 16:59:48,981] {logging_mixin.py:115} INFO - [2023-10-24 16:59:48,981] {dag.py:2420} INFO - Sync 1 DAGs
[2023-10-24 16:59:49,047] {logging_mixin.py:115} INFO - [2023-10-24 16:59:49,046] {dag.py:2972} INFO - Setting next_dagrun for postgres_dag to None, run_after=None
[2023-10-24 16:59:49,091] {processor.py:161} INFO - Processing /opt/airflow/dags/postgres_dag.py took 0.236 seconds
[2023-10-24 17:00:19,665] {processor.py:153} INFO - Started process (PID=968) to work on /opt/airflow/dags/postgres_dag.py
[2023-10-24 17:00:19,666] {processor.py:641} INFO - Processing file /opt/airflow/dags/postgres_dag.py for tasks to queue
[2023-10-24 17:00:19,668] {logging_mixin.py:115} INFO - [2023-10-24 17:00:19,667] {dagbag.py:508} INFO - Filling up the DagBag from /opt/airflow/dags/postgres_dag.py
[2023-10-24 17:00:19,721] {processor.py:651} INFO - DAG(s) dict_keys(['postgres_dag']) retrieved from /opt/airflow/dags/postgres_dag.py
[2023-10-24 17:00:19,761] {logging_mixin.py:115} INFO - [2023-10-24 17:00:19,760] {dag.py:2420} INFO - Sync 1 DAGs
[2023-10-24 17:00:19,801] {logging_mixin.py:115} INFO - [2023-10-24 17:00:19,801] {dag.py:2972} INFO - Setting next_dagrun for postgres_dag to None, run_after=None
[2023-10-24 17:00:19,841] {processor.py:161} INFO - Processing /opt/airflow/dags/postgres_dag.py took 0.180 seconds
[2023-10-24 17:00:50,002] {processor.py:153} INFO - Started process (PID=1025) to work on /opt/airflow/dags/postgres_dag.py
[2023-10-24 17:00:50,005] {processor.py:641} INFO - Processing file /opt/airflow/dags/postgres_dag.py for tasks to queue
[2023-10-24 17:00:50,007] {logging_mixin.py:115} INFO - [2023-10-24 17:00:50,007] {dagbag.py:508} INFO - Filling up the DagBag from /opt/airflow/dags/postgres_dag.py
[2023-10-24 17:00:50,062] {processor.py:651} INFO - DAG(s) dict_keys(['postgres_dag']) retrieved from /opt/airflow/dags/postgres_dag.py
[2023-10-24 17:00:50,106] {logging_mixin.py:115} INFO - [2023-10-24 17:00:50,106] {dag.py:2420} INFO - Sync 1 DAGs
[2023-10-24 17:00:50,148] {logging_mixin.py:115} INFO - [2023-10-24 17:00:50,148] {dag.py:2972} INFO - Setting next_dagrun for postgres_dag to None, run_after=None
[2023-10-24 17:00:50,188] {processor.py:161} INFO - Processing /opt/airflow/dags/postgres_dag.py took 0.195 seconds
[2023-10-24 17:01:20,409] {processor.py:153} INFO - Started process (PID=1082) to work on /opt/airflow/dags/postgres_dag.py
[2023-10-24 17:01:20,411] {processor.py:641} INFO - Processing file /opt/airflow/dags/postgres_dag.py for tasks to queue
[2023-10-24 17:01:20,413] {logging_mixin.py:115} INFO - [2023-10-24 17:01:20,413] {dagbag.py:508} INFO - Filling up the DagBag from /opt/airflow/dags/postgres_dag.py
[2023-10-24 17:01:20,478] {processor.py:651} INFO - DAG(s) dict_keys(['postgres_dag']) retrieved from /opt/airflow/dags/postgres_dag.py
[2023-10-24 17:01:20,539] {logging_mixin.py:115} INFO - [2023-10-24 17:01:20,539] {dag.py:2420} INFO - Sync 1 DAGs
[2023-10-24 17:01:20,601] {logging_mixin.py:115} INFO - [2023-10-24 17:01:20,601] {dag.py:2972} INFO - Setting next_dagrun for postgres_dag to None, run_after=None
[2023-10-24 17:01:20,641] {processor.py:161} INFO - Processing /opt/airflow/dags/postgres_dag.py took 0.239 seconds
[2023-10-24 17:01:51,211] {processor.py:153} INFO - Started process (PID=1149) to work on /opt/airflow/dags/postgres_dag.py
[2023-10-24 17:01:51,213] {processor.py:641} INFO - Processing file /opt/airflow/dags/postgres_dag.py for tasks to queue
[2023-10-24 17:01:51,216] {logging_mixin.py:115} INFO - [2023-10-24 17:01:51,216] {dagbag.py:508} INFO - Filling up the DagBag from /opt/airflow/dags/postgres_dag.py
[2023-10-24 17:01:51,284] {processor.py:651} INFO - DAG(s) dict_keys(['postgres_dag']) retrieved from /opt/airflow/dags/postgres_dag.py
[2023-10-24 17:01:51,330] {logging_mixin.py:115} INFO - [2023-10-24 17:01:51,330] {dag.py:2420} INFO - Sync 1 DAGs
[2023-10-24 17:01:51,378] {logging_mixin.py:115} INFO - [2023-10-24 17:01:51,378] {dag.py:2972} INFO - Setting next_dagrun for postgres_dag to None, run_after=None
[2023-10-24 17:01:51,414] {processor.py:161} INFO - Processing /opt/airflow/dags/postgres_dag.py took 0.209 seconds
[2023-10-24 17:02:20,708] {processor.py:153} INFO - Started process (PID=1206) to work on /opt/airflow/dags/postgres_dag.py
[2023-10-24 17:02:20,710] {processor.py:641} INFO - Processing file /opt/airflow/dags/postgres_dag.py for tasks to queue
[2023-10-24 17:02:20,713] {logging_mixin.py:115} INFO - [2023-10-24 17:02:20,712] {dagbag.py:508} INFO - Filling up the DagBag from /opt/airflow/dags/postgres_dag.py
[2023-10-24 17:02:20,867] {processor.py:651} INFO - DAG(s) dict_keys(['postgres_dag']) retrieved from /opt/airflow/dags/postgres_dag.py
[2023-10-24 17:02:21,078] {logging_mixin.py:115} INFO - [2023-10-24 17:02:21,077] {dag.py:2420} INFO - Sync 1 DAGs
[2023-10-24 17:02:21,148] {logging_mixin.py:115} INFO - [2023-10-24 17:02:21,148] {dag.py:2972} INFO - Setting next_dagrun for postgres_dag to None, run_after=None
[2023-10-24 17:02:21,221] {processor.py:161} INFO - Processing /opt/airflow/dags/postgres_dag.py took 0.521 seconds
[2023-10-24 17:02:51,616] {processor.py:153} INFO - Started process (PID=1263) to work on /opt/airflow/dags/postgres_dag.py
[2023-10-24 17:02:51,618] {processor.py:641} INFO - Processing file /opt/airflow/dags/postgres_dag.py for tasks to queue
[2023-10-24 17:02:51,619] {logging_mixin.py:115} INFO - [2023-10-24 17:02:51,619] {dagbag.py:508} INFO - Filling up the DagBag from /opt/airflow/dags/postgres_dag.py
[2023-10-24 17:02:51,666] {processor.py:651} INFO - DAG(s) dict_keys(['postgres_dag']) retrieved from /opt/airflow/dags/postgres_dag.py
[2023-10-24 17:02:51,704] {logging_mixin.py:115} INFO - [2023-10-24 17:02:51,703] {dag.py:2420} INFO - Sync 1 DAGs
[2023-10-24 17:02:51,745] {logging_mixin.py:115} INFO - [2023-10-24 17:02:51,745] {dag.py:2972} INFO - Setting next_dagrun for postgres_dag to None, run_after=None
[2023-10-24 17:02:51,784] {processor.py:161} INFO - Processing /opt/airflow/dags/postgres_dag.py took 0.171 seconds
[2023-10-24 17:03:22,515] {processor.py:153} INFO - Started process (PID=1329) to work on /opt/airflow/dags/postgres_dag.py
[2023-10-24 17:03:22,516] {processor.py:641} INFO - Processing file /opt/airflow/dags/postgres_dag.py for tasks to queue
[2023-10-24 17:03:22,518] {logging_mixin.py:115} INFO - [2023-10-24 17:03:22,518] {dagbag.py:508} INFO - Filling up the DagBag from /opt/airflow/dags/postgres_dag.py
[2023-10-24 17:03:22,571] {processor.py:651} INFO - DAG(s) dict_keys(['postgres_dag']) retrieved from /opt/airflow/dags/postgres_dag.py
[2023-10-24 17:03:22,620] {logging_mixin.py:115} INFO - [2023-10-24 17:03:22,620] {dag.py:2420} INFO - Sync 1 DAGs
[2023-10-24 17:03:22,677] {logging_mixin.py:115} INFO - [2023-10-24 17:03:22,677] {dag.py:2972} INFO - Setting next_dagrun for postgres_dag to None, run_after=None
[2023-10-24 17:03:22,712] {processor.py:161} INFO - Processing /opt/airflow/dags/postgres_dag.py took 0.203 seconds
[2023-10-24 17:03:53,295] {processor.py:153} INFO - Started process (PID=1384) to work on /opt/airflow/dags/postgres_dag.py
[2023-10-24 17:03:53,297] {processor.py:641} INFO - Processing file /opt/airflow/dags/postgres_dag.py for tasks to queue
[2023-10-24 17:03:53,299] {logging_mixin.py:115} INFO - [2023-10-24 17:03:53,299] {dagbag.py:508} INFO - Filling up the DagBag from /opt/airflow/dags/postgres_dag.py
[2023-10-24 17:03:53,379] {processor.py:651} INFO - DAG(s) dict_keys(['postgres_dag']) retrieved from /opt/airflow/dags/postgres_dag.py
[2023-10-24 17:03:53,444] {logging_mixin.py:115} INFO - [2023-10-24 17:03:53,443] {dag.py:2420} INFO - Sync 1 DAGs
[2023-10-24 17:03:53,509] {logging_mixin.py:115} INFO - [2023-10-24 17:03:53,509] {dag.py:2972} INFO - Setting next_dagrun for postgres_dag to None, run_after=None
[2023-10-24 17:03:53,545] {processor.py:161} INFO - Processing /opt/airflow/dags/postgres_dag.py took 0.256 seconds
[2023-10-24 17:04:24,258] {processor.py:153} INFO - Started process (PID=1441) to work on /opt/airflow/dags/postgres_dag.py
[2023-10-24 17:04:24,260] {processor.py:641} INFO - Processing file /opt/airflow/dags/postgres_dag.py for tasks to queue
[2023-10-24 17:04:24,262] {logging_mixin.py:115} INFO - [2023-10-24 17:04:24,262] {dagbag.py:508} INFO - Filling up the DagBag from /opt/airflow/dags/postgres_dag.py
[2023-10-24 17:04:24,321] {processor.py:651} INFO - DAG(s) dict_keys(['postgres_dag']) retrieved from /opt/airflow/dags/postgres_dag.py
[2023-10-24 17:04:24,364] {logging_mixin.py:115} INFO - [2023-10-24 17:04:24,364] {dag.py:2420} INFO - Sync 1 DAGs
[2023-10-24 17:04:24,410] {logging_mixin.py:115} INFO - [2023-10-24 17:04:24,410] {dag.py:2972} INFO - Setting next_dagrun for postgres_dag to None, run_after=None
[2023-10-24 17:04:24,448] {processor.py:161} INFO - Processing /opt/airflow/dags/postgres_dag.py took 0.198 seconds
[2023-10-24 17:04:54,783] {processor.py:153} INFO - Started process (PID=1507) to work on /opt/airflow/dags/postgres_dag.py
[2023-10-24 17:04:54,784] {processor.py:641} INFO - Processing file /opt/airflow/dags/postgres_dag.py for tasks to queue
[2023-10-24 17:04:54,786] {logging_mixin.py:115} INFO - [2023-10-24 17:04:54,786] {dagbag.py:508} INFO - Filling up the DagBag from /opt/airflow/dags/postgres_dag.py
[2023-10-24 17:04:54,846] {processor.py:651} INFO - DAG(s) dict_keys(['postgres_dag']) retrieved from /opt/airflow/dags/postgres_dag.py
[2023-10-24 17:04:54,907] {logging_mixin.py:115} INFO - [2023-10-24 17:04:54,907] {dag.py:2420} INFO - Sync 1 DAGs
[2023-10-24 17:04:54,954] {logging_mixin.py:115} INFO - [2023-10-24 17:04:54,953] {dag.py:2972} INFO - Setting next_dagrun for postgres_dag to None, run_after=None
[2023-10-24 17:04:54,979] {processor.py:161} INFO - Processing /opt/airflow/dags/postgres_dag.py took 0.201 seconds
[2023-10-24 17:05:25,457] {processor.py:153} INFO - Started process (PID=1564) to work on /opt/airflow/dags/postgres_dag.py
[2023-10-24 17:05:25,459] {processor.py:641} INFO - Processing file /opt/airflow/dags/postgres_dag.py for tasks to queue
[2023-10-24 17:05:25,461] {logging_mixin.py:115} INFO - [2023-10-24 17:05:25,461] {dagbag.py:508} INFO - Filling up the DagBag from /opt/airflow/dags/postgres_dag.py
[2023-10-24 17:05:25,545] {processor.py:651} INFO - DAG(s) dict_keys(['postgres_dag']) retrieved from /opt/airflow/dags/postgres_dag.py
[2023-10-24 17:05:25,655] {logging_mixin.py:115} INFO - [2023-10-24 17:05:25,655] {dag.py:2420} INFO - Sync 1 DAGs
[2023-10-24 17:05:25,724] {logging_mixin.py:115} INFO - [2023-10-24 17:05:25,724] {dag.py:2972} INFO - Setting next_dagrun for postgres_dag to None, run_after=None
[2023-10-24 17:05:25,749] {processor.py:161} INFO - Processing /opt/airflow/dags/postgres_dag.py took 0.299 seconds
[2023-10-24 17:05:56,206] {processor.py:153} INFO - Started process (PID=1621) to work on /opt/airflow/dags/postgres_dag.py
[2023-10-24 17:05:56,208] {processor.py:641} INFO - Processing file /opt/airflow/dags/postgres_dag.py for tasks to queue
[2023-10-24 17:05:56,210] {logging_mixin.py:115} INFO - [2023-10-24 17:05:56,210] {dagbag.py:508} INFO - Filling up the DagBag from /opt/airflow/dags/postgres_dag.py
[2023-10-24 17:05:56,280] {processor.py:651} INFO - DAG(s) dict_keys(['postgres_dag']) retrieved from /opt/airflow/dags/postgres_dag.py
[2023-10-24 17:05:56,328] {logging_mixin.py:115} INFO - [2023-10-24 17:05:56,328] {dag.py:2420} INFO - Sync 1 DAGs
[2023-10-24 17:05:56,379] {logging_mixin.py:115} INFO - [2023-10-24 17:05:56,379] {dag.py:2972} INFO - Setting next_dagrun for postgres_dag to None, run_after=None
[2023-10-24 17:05:56,405] {processor.py:161} INFO - Processing /opt/airflow/dags/postgres_dag.py took 0.207 seconds
[2023-10-24 17:06:27,211] {processor.py:153} INFO - Started process (PID=1687) to work on /opt/airflow/dags/postgres_dag.py
[2023-10-24 17:06:27,213] {processor.py:641} INFO - Processing file /opt/airflow/dags/postgres_dag.py for tasks to queue
[2023-10-24 17:06:27,215] {logging_mixin.py:115} INFO - [2023-10-24 17:06:27,215] {dagbag.py:508} INFO - Filling up the DagBag from /opt/airflow/dags/postgres_dag.py
[2023-10-24 17:06:27,278] {processor.py:651} INFO - DAG(s) dict_keys(['postgres_dag']) retrieved from /opt/airflow/dags/postgres_dag.py
[2023-10-24 17:06:27,328] {logging_mixin.py:115} INFO - [2023-10-24 17:06:27,328] {dag.py:2420} INFO - Sync 1 DAGs
[2023-10-24 17:06:27,373] {logging_mixin.py:115} INFO - [2023-10-24 17:06:27,373] {dag.py:2972} INFO - Setting next_dagrun for postgres_dag to None, run_after=None
[2023-10-24 17:06:27,417] {processor.py:161} INFO - Processing /opt/airflow/dags/postgres_dag.py took 0.211 seconds
[2023-10-24 17:06:57,626] {processor.py:153} INFO - Started process (PID=1745) to work on /opt/airflow/dags/postgres_dag.py
[2023-10-24 17:06:57,628] {processor.py:641} INFO - Processing file /opt/airflow/dags/postgres_dag.py for tasks to queue
[2023-10-24 17:06:57,631] {logging_mixin.py:115} INFO - [2023-10-24 17:06:57,630] {dagbag.py:508} INFO - Filling up the DagBag from /opt/airflow/dags/postgres_dag.py
[2023-10-24 17:06:57,705] {processor.py:651} INFO - DAG(s) dict_keys(['postgres_dag']) retrieved from /opt/airflow/dags/postgres_dag.py
[2023-10-24 17:06:57,766] {logging_mixin.py:115} INFO - [2023-10-24 17:06:57,766] {dag.py:2420} INFO - Sync 1 DAGs
[2023-10-24 17:06:57,825] {logging_mixin.py:115} INFO - [2023-10-24 17:06:57,825] {dag.py:2972} INFO - Setting next_dagrun for postgres_dag to None, run_after=None
[2023-10-24 17:06:57,863] {processor.py:161} INFO - Processing /opt/airflow/dags/postgres_dag.py took 0.243 seconds
[2023-10-24 17:07:28,590] {processor.py:153} INFO - Started process (PID=1802) to work on /opt/airflow/dags/postgres_dag.py
[2023-10-24 17:07:28,592] {processor.py:641} INFO - Processing file /opt/airflow/dags/postgres_dag.py for tasks to queue
[2023-10-24 17:07:28,594] {logging_mixin.py:115} INFO - [2023-10-24 17:07:28,594] {dagbag.py:508} INFO - Filling up the DagBag from /opt/airflow/dags/postgres_dag.py
[2023-10-24 17:07:28,672] {processor.py:651} INFO - DAG(s) dict_keys(['postgres_dag']) retrieved from /opt/airflow/dags/postgres_dag.py
[2023-10-24 17:07:28,733] {logging_mixin.py:115} INFO - [2023-10-24 17:07:28,733] {dag.py:2420} INFO - Sync 1 DAGs
[2023-10-24 17:07:28,778] {logging_mixin.py:115} INFO - [2023-10-24 17:07:28,778] {dag.py:2972} INFO - Setting next_dagrun for postgres_dag to None, run_after=None
[2023-10-24 17:07:28,823] {processor.py:161} INFO - Processing /opt/airflow/dags/postgres_dag.py took 0.240 seconds
[2023-10-24 17:07:59,281] {processor.py:153} INFO - Started process (PID=1868) to work on /opt/airflow/dags/postgres_dag.py
[2023-10-24 17:07:59,283] {processor.py:641} INFO - Processing file /opt/airflow/dags/postgres_dag.py for tasks to queue
[2023-10-24 17:07:59,285] {logging_mixin.py:115} INFO - [2023-10-24 17:07:59,284] {dagbag.py:508} INFO - Filling up the DagBag from /opt/airflow/dags/postgres_dag.py
[2023-10-24 17:07:59,338] {processor.py:651} INFO - DAG(s) dict_keys(['postgres_dag']) retrieved from /opt/airflow/dags/postgres_dag.py
[2023-10-24 17:07:59,381] {logging_mixin.py:115} INFO - [2023-10-24 17:07:59,381] {dag.py:2420} INFO - Sync 1 DAGs
[2023-10-24 17:07:59,431] {logging_mixin.py:115} INFO - [2023-10-24 17:07:59,431] {dag.py:2972} INFO - Setting next_dagrun for postgres_dag to None, run_after=None
[2023-10-24 17:07:59,475] {processor.py:161} INFO - Processing /opt/airflow/dags/postgres_dag.py took 0.198 seconds
[2023-10-24 17:08:30,189] {processor.py:153} INFO - Started process (PID=1925) to work on /opt/airflow/dags/postgres_dag.py
[2023-10-24 17:08:30,191] {processor.py:641} INFO - Processing file /opt/airflow/dags/postgres_dag.py for tasks to queue
[2023-10-24 17:08:30,194] {logging_mixin.py:115} INFO - [2023-10-24 17:08:30,194] {dagbag.py:508} INFO - Filling up the DagBag from /opt/airflow/dags/postgres_dag.py
[2023-10-24 17:08:30,268] {processor.py:651} INFO - DAG(s) dict_keys(['postgres_dag']) retrieved from /opt/airflow/dags/postgres_dag.py
[2023-10-24 17:08:30,328] {logging_mixin.py:115} INFO - [2023-10-24 17:08:30,328] {dag.py:2420} INFO - Sync 1 DAGs
[2023-10-24 17:08:30,371] {logging_mixin.py:115} INFO - [2023-10-24 17:08:30,371] {dag.py:2972} INFO - Setting next_dagrun for postgres_dag to None, run_after=None
[2023-10-24 17:08:30,408] {processor.py:161} INFO - Processing /opt/airflow/dags/postgres_dag.py took 0.223 seconds
[2023-10-24 17:09:00,501] {processor.py:153} INFO - Started process (PID=1983) to work on /opt/airflow/dags/postgres_dag.py
[2023-10-24 17:09:00,503] {processor.py:641} INFO - Processing file /opt/airflow/dags/postgres_dag.py for tasks to queue
[2023-10-24 17:09:00,506] {logging_mixin.py:115} INFO - [2023-10-24 17:09:00,506] {dagbag.py:508} INFO - Filling up the DagBag from /opt/airflow/dags/postgres_dag.py
[2023-10-24 17:09:00,583] {processor.py:651} INFO - DAG(s) dict_keys(['postgres_dag']) retrieved from /opt/airflow/dags/postgres_dag.py
[2023-10-24 17:09:00,646] {logging_mixin.py:115} INFO - [2023-10-24 17:09:00,646] {dag.py:2420} INFO - Sync 1 DAGs
[2023-10-24 17:09:00,704] {logging_mixin.py:115} INFO - [2023-10-24 17:09:00,704] {dag.py:2972} INFO - Setting next_dagrun for postgres_dag to None, run_after=None
[2023-10-24 17:09:00,731] {processor.py:161} INFO - Processing /opt/airflow/dags/postgres_dag.py took 0.237 seconds
[2023-10-24 17:09:30,819] {processor.py:153} INFO - Started process (PID=2050) to work on /opt/airflow/dags/postgres_dag.py
[2023-10-24 17:09:30,821] {processor.py:641} INFO - Processing file /opt/airflow/dags/postgres_dag.py for tasks to queue
[2023-10-24 17:09:30,823] {logging_mixin.py:115} INFO - [2023-10-24 17:09:30,823] {dagbag.py:508} INFO - Filling up the DagBag from /opt/airflow/dags/postgres_dag.py
[2023-10-24 17:09:30,887] {processor.py:651} INFO - DAG(s) dict_keys(['postgres_dag']) retrieved from /opt/airflow/dags/postgres_dag.py
[2023-10-24 17:09:30,933] {logging_mixin.py:115} INFO - [2023-10-24 17:09:30,932] {dag.py:2420} INFO - Sync 1 DAGs
[2023-10-24 17:09:30,981] {logging_mixin.py:115} INFO - [2023-10-24 17:09:30,981] {dag.py:2972} INFO - Setting next_dagrun for postgres_dag to None, run_after=None
[2023-10-24 17:09:31,007] {processor.py:161} INFO - Processing /opt/airflow/dags/postgres_dag.py took 0.193 seconds
[2023-10-24 17:10:01,129] {processor.py:153} INFO - Started process (PID=2107) to work on /opt/airflow/dags/postgres_dag.py
[2023-10-24 17:10:01,131] {processor.py:641} INFO - Processing file /opt/airflow/dags/postgres_dag.py for tasks to queue
[2023-10-24 17:10:01,134] {logging_mixin.py:115} INFO - [2023-10-24 17:10:01,133] {dagbag.py:508} INFO - Filling up the DagBag from /opt/airflow/dags/postgres_dag.py
[2023-10-24 17:10:01,213] {processor.py:651} INFO - DAG(s) dict_keys(['postgres_dag']) retrieved from /opt/airflow/dags/postgres_dag.py
[2023-10-24 17:10:01,274] {logging_mixin.py:115} INFO - [2023-10-24 17:10:01,273] {dag.py:2420} INFO - Sync 1 DAGs
[2023-10-24 17:10:01,337] {logging_mixin.py:115} INFO - [2023-10-24 17:10:01,337] {dag.py:2972} INFO - Setting next_dagrun for postgres_dag to None, run_after=None
[2023-10-24 17:10:01,371] {processor.py:161} INFO - Processing /opt/airflow/dags/postgres_dag.py took 0.249 seconds
[2023-10-24 17:10:31,473] {processor.py:153} INFO - Started process (PID=2164) to work on /opt/airflow/dags/postgres_dag.py
[2023-10-24 17:10:31,476] {processor.py:641} INFO - Processing file /opt/airflow/dags/postgres_dag.py for tasks to queue
[2023-10-24 17:10:31,478] {logging_mixin.py:115} INFO - [2023-10-24 17:10:31,478] {dagbag.py:508} INFO - Filling up the DagBag from /opt/airflow/dags/postgres_dag.py
[2023-10-24 17:10:31,562] {processor.py:651} INFO - DAG(s) dict_keys(['postgres_dag']) retrieved from /opt/airflow/dags/postgres_dag.py
[2023-10-24 17:10:31,633] {logging_mixin.py:115} INFO - [2023-10-24 17:10:31,632] {dag.py:2420} INFO - Sync 1 DAGs
[2023-10-24 17:10:31,713] {logging_mixin.py:115} INFO - [2023-10-24 17:10:31,713] {dag.py:2972} INFO - Setting next_dagrun for postgres_dag to None, run_after=None
[2023-10-24 17:10:31,751] {processor.py:161} INFO - Processing /opt/airflow/dags/postgres_dag.py took 0.287 seconds
[2023-10-24 17:11:01,856] {processor.py:153} INFO - Started process (PID=2230) to work on /opt/airflow/dags/postgres_dag.py
[2023-10-24 17:11:01,858] {processor.py:641} INFO - Processing file /opt/airflow/dags/postgres_dag.py for tasks to queue
[2023-10-24 17:11:01,860] {logging_mixin.py:115} INFO - [2023-10-24 17:11:01,860] {dagbag.py:508} INFO - Filling up the DagBag from /opt/airflow/dags/postgres_dag.py
[2023-10-24 17:11:01,921] {processor.py:651} INFO - DAG(s) dict_keys(['postgres_dag']) retrieved from /opt/airflow/dags/postgres_dag.py
[2023-10-24 17:11:01,962] {logging_mixin.py:115} INFO - [2023-10-24 17:11:01,962] {dag.py:2420} INFO - Sync 1 DAGs
[2023-10-24 17:11:02,003] {logging_mixin.py:115} INFO - [2023-10-24 17:11:02,002] {dag.py:2972} INFO - Setting next_dagrun for postgres_dag to None, run_after=None
[2023-10-24 17:11:02,038] {processor.py:161} INFO - Processing /opt/airflow/dags/postgres_dag.py took 0.186 seconds
[2023-10-24 17:11:32,531] {processor.py:153} INFO - Started process (PID=2287) to work on /opt/airflow/dags/postgres_dag.py
[2023-10-24 17:11:32,533] {processor.py:641} INFO - Processing file /opt/airflow/dags/postgres_dag.py for tasks to queue
[2023-10-24 17:11:32,536] {logging_mixin.py:115} INFO - [2023-10-24 17:11:32,536] {dagbag.py:508} INFO - Filling up the DagBag from /opt/airflow/dags/postgres_dag.py
[2023-10-24 17:11:32,615] {processor.py:651} INFO - DAG(s) dict_keys(['postgres_dag']) retrieved from /opt/airflow/dags/postgres_dag.py
[2023-10-24 17:11:32,661] {logging_mixin.py:115} INFO - [2023-10-24 17:11:32,661] {dag.py:2420} INFO - Sync 1 DAGs
[2023-10-24 17:11:32,707] {logging_mixin.py:115} INFO - [2023-10-24 17:11:32,707] {dag.py:2972} INFO - Setting next_dagrun for postgres_dag to None, run_after=None
[2023-10-24 17:11:32,742] {processor.py:161} INFO - Processing /opt/airflow/dags/postgres_dag.py took 0.217 seconds
[2023-10-24 17:12:03,477] {processor.py:153} INFO - Started process (PID=2344) to work on /opt/airflow/dags/postgres_dag.py
[2023-10-24 17:12:03,478] {processor.py:641} INFO - Processing file /opt/airflow/dags/postgres_dag.py for tasks to queue
[2023-10-24 17:12:03,480] {logging_mixin.py:115} INFO - [2023-10-24 17:12:03,480] {dagbag.py:508} INFO - Filling up the DagBag from /opt/airflow/dags/postgres_dag.py
[2023-10-24 17:12:03,531] {processor.py:651} INFO - DAG(s) dict_keys(['postgres_dag']) retrieved from /opt/airflow/dags/postgres_dag.py
[2023-10-24 17:12:03,570] {logging_mixin.py:115} INFO - [2023-10-24 17:12:03,570] {dag.py:2420} INFO - Sync 1 DAGs
[2023-10-24 17:12:03,613] {logging_mixin.py:115} INFO - [2023-10-24 17:12:03,612] {dag.py:2972} INFO - Setting next_dagrun for postgres_dag to None, run_after=None
[2023-10-24 17:12:03,651] {processor.py:161} INFO - Processing /opt/airflow/dags/postgres_dag.py took 0.179 seconds
[2023-10-24 17:12:33,754] {processor.py:153} INFO - Started process (PID=2410) to work on /opt/airflow/dags/postgres_dag.py
[2023-10-24 17:12:33,756] {processor.py:641} INFO - Processing file /opt/airflow/dags/postgres_dag.py for tasks to queue
[2023-10-24 17:12:33,758] {logging_mixin.py:115} INFO - [2023-10-24 17:12:33,757] {dagbag.py:508} INFO - Filling up the DagBag from /opt/airflow/dags/postgres_dag.py
[2023-10-24 17:12:33,841] {processor.py:651} INFO - DAG(s) dict_keys(['postgres_dag']) retrieved from /opt/airflow/dags/postgres_dag.py
[2023-10-24 17:12:33,884] {logging_mixin.py:115} INFO - [2023-10-24 17:12:33,884] {dag.py:2420} INFO - Sync 1 DAGs
[2023-10-24 17:12:33,925] {logging_mixin.py:115} INFO - [2023-10-24 17:12:33,925] {dag.py:2972} INFO - Setting next_dagrun for postgres_dag to None, run_after=None
[2023-10-24 17:12:33,961] {processor.py:161} INFO - Processing /opt/airflow/dags/postgres_dag.py took 0.213 seconds
[2023-10-24 17:13:04,676] {processor.py:153} INFO - Started process (PID=2467) to work on /opt/airflow/dags/postgres_dag.py
[2023-10-24 17:13:04,678] {processor.py:641} INFO - Processing file /opt/airflow/dags/postgres_dag.py for tasks to queue
[2023-10-24 17:13:04,679] {logging_mixin.py:115} INFO - [2023-10-24 17:13:04,679] {dagbag.py:508} INFO - Filling up the DagBag from /opt/airflow/dags/postgres_dag.py
[2023-10-24 17:13:04,724] {processor.py:651} INFO - DAG(s) dict_keys(['postgres_dag']) retrieved from /opt/airflow/dags/postgres_dag.py
[2023-10-24 17:13:04,772] {logging_mixin.py:115} INFO - [2023-10-24 17:13:04,772] {dag.py:2420} INFO - Sync 1 DAGs
[2023-10-24 17:13:04,836] {logging_mixin.py:115} INFO - [2023-10-24 17:13:04,835] {dag.py:2972} INFO - Setting next_dagrun for postgres_dag to None, run_after=None
[2023-10-24 17:13:04,872] {processor.py:161} INFO - Processing /opt/airflow/dags/postgres_dag.py took 0.202 seconds
[2023-10-24 17:13:35,121] {processor.py:153} INFO - Started process (PID=2524) to work on /opt/airflow/dags/postgres_dag.py
[2023-10-24 17:13:35,124] {processor.py:641} INFO - Processing file /opt/airflow/dags/postgres_dag.py for tasks to queue
[2023-10-24 17:13:35,126] {logging_mixin.py:115} INFO - [2023-10-24 17:13:35,126] {dagbag.py:508} INFO - Filling up the DagBag from /opt/airflow/dags/postgres_dag.py
[2023-10-24 17:13:35,198] {processor.py:651} INFO - DAG(s) dict_keys(['postgres_dag']) retrieved from /opt/airflow/dags/postgres_dag.py
[2023-10-24 17:13:35,259] {logging_mixin.py:115} INFO - [2023-10-24 17:13:35,259] {dag.py:2420} INFO - Sync 1 DAGs
[2023-10-24 17:13:35,310] {logging_mixin.py:115} INFO - [2023-10-24 17:13:35,310] {dag.py:2972} INFO - Setting next_dagrun for postgres_dag to None, run_after=None
[2023-10-24 17:13:35,351] {processor.py:161} INFO - Processing /opt/airflow/dags/postgres_dag.py took 0.237 seconds
[2023-10-24 17:14:05,484] {processor.py:153} INFO - Started process (PID=2588) to work on /opt/airflow/dags/postgres_dag.py
[2023-10-24 17:14:05,485] {processor.py:641} INFO - Processing file /opt/airflow/dags/postgres_dag.py for tasks to queue
[2023-10-24 17:14:05,487] {logging_mixin.py:115} INFO - [2023-10-24 17:14:05,486] {dagbag.py:508} INFO - Filling up the DagBag from /opt/airflow/dags/postgres_dag.py
[2023-10-24 17:14:05,542] {processor.py:651} INFO - DAG(s) dict_keys(['postgres_dag']) retrieved from /opt/airflow/dags/postgres_dag.py
[2023-10-24 17:14:05,591] {logging_mixin.py:115} INFO - [2023-10-24 17:14:05,590] {dag.py:2420} INFO - Sync 1 DAGs
[2023-10-24 17:14:05,643] {logging_mixin.py:115} INFO - [2023-10-24 17:14:05,643] {dag.py:2972} INFO - Setting next_dagrun for postgres_dag to None, run_after=None
[2023-10-24 17:14:05,682] {processor.py:161} INFO - Processing /opt/airflow/dags/postgres_dag.py took 0.203 seconds
[2023-10-24 17:14:36,132] {processor.py:153} INFO - Started process (PID=2647) to work on /opt/airflow/dags/postgres_dag.py
[2023-10-24 17:14:36,134] {processor.py:641} INFO - Processing file /opt/airflow/dags/postgres_dag.py for tasks to queue
[2023-10-24 17:14:36,136] {logging_mixin.py:115} INFO - [2023-10-24 17:14:36,135] {dagbag.py:508} INFO - Filling up the DagBag from /opt/airflow/dags/postgres_dag.py
[2023-10-24 17:14:36,209] {processor.py:651} INFO - DAG(s) dict_keys(['postgres_dag']) retrieved from /opt/airflow/dags/postgres_dag.py
[2023-10-24 17:14:36,255] {logging_mixin.py:115} INFO - [2023-10-24 17:14:36,255] {dag.py:2420} INFO - Sync 1 DAGs
[2023-10-24 17:14:36,326] {logging_mixin.py:115} INFO - [2023-10-24 17:14:36,326] {dag.py:2972} INFO - Setting next_dagrun for postgres_dag to None, run_after=None
[2023-10-24 17:14:36,362] {processor.py:161} INFO - Processing /opt/airflow/dags/postgres_dag.py took 0.235 seconds
[2023-10-24 17:15:06,807] {processor.py:153} INFO - Started process (PID=2705) to work on /opt/airflow/dags/postgres_dag.py
[2023-10-24 17:15:06,809] {processor.py:641} INFO - Processing file /opt/airflow/dags/postgres_dag.py for tasks to queue
[2023-10-24 17:15:06,811] {logging_mixin.py:115} INFO - [2023-10-24 17:15:06,811] {dagbag.py:508} INFO - Filling up the DagBag from /opt/airflow/dags/postgres_dag.py
[2023-10-24 17:15:06,888] {processor.py:651} INFO - DAG(s) dict_keys(['postgres_dag']) retrieved from /opt/airflow/dags/postgres_dag.py
[2023-10-24 17:15:06,934] {logging_mixin.py:115} INFO - [2023-10-24 17:15:06,934] {dag.py:2420} INFO - Sync 1 DAGs
[2023-10-24 17:15:06,983] {logging_mixin.py:115} INFO - [2023-10-24 17:15:06,983] {dag.py:2972} INFO - Setting next_dagrun for postgres_dag to None, run_after=None
[2023-10-24 17:15:07,023] {processor.py:161} INFO - Processing /opt/airflow/dags/postgres_dag.py took 0.223 seconds
[2023-10-24 17:15:37,997] {processor.py:153} INFO - Started process (PID=2771) to work on /opt/airflow/dags/postgres_dag.py
[2023-10-24 17:15:37,998] {processor.py:641} INFO - Processing file /opt/airflow/dags/postgres_dag.py for tasks to queue
[2023-10-24 17:15:38,000] {logging_mixin.py:115} INFO - [2023-10-24 17:15:38,000] {dagbag.py:508} INFO - Filling up the DagBag from /opt/airflow/dags/postgres_dag.py
[2023-10-24 17:15:38,052] {processor.py:651} INFO - DAG(s) dict_keys(['postgres_dag']) retrieved from /opt/airflow/dags/postgres_dag.py
[2023-10-24 17:15:38,091] {logging_mixin.py:115} INFO - [2023-10-24 17:15:38,090] {dag.py:2420} INFO - Sync 1 DAGs
[2023-10-24 17:15:38,134] {logging_mixin.py:115} INFO - [2023-10-24 17:15:38,133] {dag.py:2972} INFO - Setting next_dagrun for postgres_dag to None, run_after=None
[2023-10-24 17:15:38,172] {processor.py:161} INFO - Processing /opt/airflow/dags/postgres_dag.py took 0.179 seconds
[2023-10-24 17:16:08,812] {processor.py:153} INFO - Started process (PID=2828) to work on /opt/airflow/dags/postgres_dag.py
[2023-10-24 17:16:08,814] {processor.py:641} INFO - Processing file /opt/airflow/dags/postgres_dag.py for tasks to queue
[2023-10-24 17:16:08,816] {logging_mixin.py:115} INFO - [2023-10-24 17:16:08,816] {dagbag.py:508} INFO - Filling up the DagBag from /opt/airflow/dags/postgres_dag.py
[2023-10-24 17:16:08,885] {processor.py:651} INFO - DAG(s) dict_keys(['postgres_dag']) retrieved from /opt/airflow/dags/postgres_dag.py
[2023-10-24 17:16:08,931] {logging_mixin.py:115} INFO - [2023-10-24 17:16:08,931] {dag.py:2420} INFO - Sync 1 DAGs
[2023-10-24 17:16:08,974] {logging_mixin.py:115} INFO - [2023-10-24 17:16:08,974] {dag.py:2972} INFO - Setting next_dagrun for postgres_dag to None, run_after=None
[2023-10-24 17:16:09,009] {processor.py:161} INFO - Processing /opt/airflow/dags/postgres_dag.py took 0.203 seconds
[2023-10-24 17:16:39,389] {processor.py:153} INFO - Started process (PID=2885) to work on /opt/airflow/dags/postgres_dag.py
[2023-10-24 17:16:39,391] {processor.py:641} INFO - Processing file /opt/airflow/dags/postgres_dag.py for tasks to queue
[2023-10-24 17:16:39,393] {logging_mixin.py:115} INFO - [2023-10-24 17:16:39,393] {dagbag.py:508} INFO - Filling up the DagBag from /opt/airflow/dags/postgres_dag.py
[2023-10-24 17:16:39,464] {processor.py:651} INFO - DAG(s) dict_keys(['postgres_dag']) retrieved from /opt/airflow/dags/postgres_dag.py
[2023-10-24 17:16:39,508] {logging_mixin.py:115} INFO - [2023-10-24 17:16:39,508] {dag.py:2420} INFO - Sync 1 DAGs
[2023-10-24 17:16:39,552] {logging_mixin.py:115} INFO - [2023-10-24 17:16:39,552] {dag.py:2972} INFO - Setting next_dagrun for postgres_dag to None, run_after=None
[2023-10-24 17:16:39,597] {processor.py:161} INFO - Processing /opt/airflow/dags/postgres_dag.py took 0.215 seconds
[2023-10-24 17:17:09,847] {processor.py:153} INFO - Started process (PID=2952) to work on /opt/airflow/dags/postgres_dag.py
[2023-10-24 17:17:09,849] {processor.py:641} INFO - Processing file /opt/airflow/dags/postgres_dag.py for tasks to queue
[2023-10-24 17:17:09,850] {logging_mixin.py:115} INFO - [2023-10-24 17:17:09,850] {dagbag.py:508} INFO - Filling up the DagBag from /opt/airflow/dags/postgres_dag.py
[2023-10-24 17:17:09,903] {processor.py:651} INFO - DAG(s) dict_keys(['postgres_dag']) retrieved from /opt/airflow/dags/postgres_dag.py
[2023-10-24 17:17:09,943] {logging_mixin.py:115} INFO - [2023-10-24 17:17:09,943] {dag.py:2420} INFO - Sync 1 DAGs
[2023-10-24 17:17:09,994] {logging_mixin.py:115} INFO - [2023-10-24 17:17:09,993] {dag.py:2972} INFO - Setting next_dagrun for postgres_dag to None, run_after=None
[2023-10-24 17:17:10,034] {processor.py:161} INFO - Processing /opt/airflow/dags/postgres_dag.py took 0.192 seconds
[2023-10-24 17:17:40,725] {processor.py:153} INFO - Started process (PID=3010) to work on /opt/airflow/dags/postgres_dag.py
[2023-10-24 17:17:40,727] {processor.py:641} INFO - Processing file /opt/airflow/dags/postgres_dag.py for tasks to queue
[2023-10-24 17:17:40,729] {logging_mixin.py:115} INFO - [2023-10-24 17:17:40,729] {dagbag.py:508} INFO - Filling up the DagBag from /opt/airflow/dags/postgres_dag.py
[2023-10-24 17:17:40,793] {processor.py:651} INFO - DAG(s) dict_keys(['postgres_dag']) retrieved from /opt/airflow/dags/postgres_dag.py
[2023-10-24 17:17:40,840] {logging_mixin.py:115} INFO - [2023-10-24 17:17:40,840] {dag.py:2420} INFO - Sync 1 DAGs
[2023-10-24 17:17:40,883] {logging_mixin.py:115} INFO - [2023-10-24 17:17:40,883] {dag.py:2972} INFO - Setting next_dagrun for postgres_dag to None, run_after=None
[2023-10-24 17:17:40,920] {processor.py:161} INFO - Processing /opt/airflow/dags/postgres_dag.py took 0.203 seconds
[2023-10-24 17:18:11,127] {processor.py:153} INFO - Started process (PID=3067) to work on /opt/airflow/dags/postgres_dag.py
[2023-10-24 17:18:11,129] {processor.py:641} INFO - Processing file /opt/airflow/dags/postgres_dag.py for tasks to queue
[2023-10-24 17:18:11,131] {logging_mixin.py:115} INFO - [2023-10-24 17:18:11,131] {dagbag.py:508} INFO - Filling up the DagBag from /opt/airflow/dags/postgres_dag.py
[2023-10-24 17:18:11,176] {processor.py:651} INFO - DAG(s) dict_keys(['postgres_dag']) retrieved from /opt/airflow/dags/postgres_dag.py
[2023-10-24 17:18:11,215] {logging_mixin.py:115} INFO - [2023-10-24 17:18:11,215] {dag.py:2420} INFO - Sync 1 DAGs
[2023-10-24 17:18:11,266] {logging_mixin.py:115} INFO - [2023-10-24 17:18:11,266] {dag.py:2972} INFO - Setting next_dagrun for postgres_dag to None, run_after=None
[2023-10-24 17:18:11,308] {processor.py:161} INFO - Processing /opt/airflow/dags/postgres_dag.py took 0.187 seconds
[2023-10-24 17:18:41,513] {processor.py:153} INFO - Started process (PID=3133) to work on /opt/airflow/dags/postgres_dag.py
[2023-10-24 17:18:41,515] {processor.py:641} INFO - Processing file /opt/airflow/dags/postgres_dag.py for tasks to queue
[2023-10-24 17:18:41,516] {logging_mixin.py:115} INFO - [2023-10-24 17:18:41,516] {dagbag.py:508} INFO - Filling up the DagBag from /opt/airflow/dags/postgres_dag.py
[2023-10-24 17:18:41,569] {processor.py:651} INFO - DAG(s) dict_keys(['postgres_dag']) retrieved from /opt/airflow/dags/postgres_dag.py
[2023-10-24 17:18:41,610] {logging_mixin.py:115} INFO - [2023-10-24 17:18:41,610] {dag.py:2420} INFO - Sync 1 DAGs
[2023-10-24 17:18:41,656] {logging_mixin.py:115} INFO - [2023-10-24 17:18:41,655] {dag.py:2972} INFO - Setting next_dagrun for postgres_dag to None, run_after=None
[2023-10-24 17:18:41,695] {processor.py:161} INFO - Processing /opt/airflow/dags/postgres_dag.py took 0.187 seconds
[2023-10-24 17:19:11,918] {processor.py:153} INFO - Started process (PID=3190) to work on /opt/airflow/dags/postgres_dag.py
[2023-10-24 17:19:11,920] {processor.py:641} INFO - Processing file /opt/airflow/dags/postgres_dag.py for tasks to queue
[2023-10-24 17:19:11,922] {logging_mixin.py:115} INFO - [2023-10-24 17:19:11,922] {dagbag.py:508} INFO - Filling up the DagBag from /opt/airflow/dags/postgres_dag.py
[2023-10-24 17:19:11,998] {processor.py:651} INFO - DAG(s) dict_keys(['postgres_dag']) retrieved from /opt/airflow/dags/postgres_dag.py
[2023-10-24 17:19:12,058] {logging_mixin.py:115} INFO - [2023-10-24 17:19:12,057] {dag.py:2420} INFO - Sync 1 DAGs
[2023-10-24 17:19:12,117] {logging_mixin.py:115} INFO - [2023-10-24 17:19:12,117] {dag.py:2972} INFO - Setting next_dagrun for postgres_dag to None, run_after=None
[2023-10-24 17:19:12,161] {processor.py:161} INFO - Processing /opt/airflow/dags/postgres_dag.py took 0.251 seconds
[2023-10-24 17:19:42,672] {processor.py:153} INFO - Started process (PID=3247) to work on /opt/airflow/dags/postgres_dag.py
[2023-10-24 17:19:42,674] {processor.py:641} INFO - Processing file /opt/airflow/dags/postgres_dag.py for tasks to queue
[2023-10-24 17:19:42,676] {logging_mixin.py:115} INFO - [2023-10-24 17:19:42,675] {dagbag.py:508} INFO - Filling up the DagBag from /opt/airflow/dags/postgres_dag.py
[2023-10-24 17:19:42,730] {processor.py:651} INFO - DAG(s) dict_keys(['postgres_dag']) retrieved from /opt/airflow/dags/postgres_dag.py
[2023-10-24 17:19:42,769] {logging_mixin.py:115} INFO - [2023-10-24 17:19:42,769] {dag.py:2420} INFO - Sync 1 DAGs
[2023-10-24 17:19:42,822] {logging_mixin.py:115} INFO - [2023-10-24 17:19:42,821] {dag.py:2972} INFO - Setting next_dagrun for postgres_dag to None, run_after=None
[2023-10-24 17:19:42,859] {processor.py:161} INFO - Processing /opt/airflow/dags/postgres_dag.py took 0.191 seconds
[2023-10-24 17:20:13,131] {processor.py:153} INFO - Started process (PID=3307) to work on /opt/airflow/dags/postgres_dag.py
[2023-10-24 17:20:13,133] {processor.py:641} INFO - Processing file /opt/airflow/dags/postgres_dag.py for tasks to queue
[2023-10-24 17:20:13,135] {logging_mixin.py:115} INFO - [2023-10-24 17:20:13,135] {dagbag.py:508} INFO - Filling up the DagBag from /opt/airflow/dags/postgres_dag.py
[2023-10-24 17:20:13,187] {processor.py:651} INFO - DAG(s) dict_keys(['postgres_dag']) retrieved from /opt/airflow/dags/postgres_dag.py
[2023-10-24 17:20:13,235] {logging_mixin.py:115} INFO - [2023-10-24 17:20:13,234] {dag.py:2420} INFO - Sync 1 DAGs
[2023-10-24 17:20:13,281] {logging_mixin.py:115} INFO - [2023-10-24 17:20:13,281] {dag.py:2972} INFO - Setting next_dagrun for postgres_dag to None, run_after=None
[2023-10-24 17:20:13,318] {processor.py:161} INFO - Processing /opt/airflow/dags/postgres_dag.py took 0.195 seconds
[2023-10-24 17:20:43,570] {processor.py:153} INFO - Started process (PID=3372) to work on /opt/airflow/dags/postgres_dag.py
[2023-10-24 17:20:43,572] {processor.py:641} INFO - Processing file /opt/airflow/dags/postgres_dag.py for tasks to queue
[2023-10-24 17:20:43,574] {logging_mixin.py:115} INFO - [2023-10-24 17:20:43,574] {dagbag.py:508} INFO - Filling up the DagBag from /opt/airflow/dags/postgres_dag.py
[2023-10-24 17:20:43,629] {processor.py:651} INFO - DAG(s) dict_keys(['postgres_dag']) retrieved from /opt/airflow/dags/postgres_dag.py
[2023-10-24 17:20:43,683] {logging_mixin.py:115} INFO - [2023-10-24 17:20:43,682] {dag.py:2420} INFO - Sync 1 DAGs
[2023-10-24 17:20:43,734] {logging_mixin.py:115} INFO - [2023-10-24 17:20:43,734] {dag.py:2972} INFO - Setting next_dagrun for postgres_dag to None, run_after=None
[2023-10-24 17:20:43,780] {processor.py:161} INFO - Processing /opt/airflow/dags/postgres_dag.py took 0.217 seconds
[2023-10-24 17:21:14,435] {processor.py:153} INFO - Started process (PID=3429) to work on /opt/airflow/dags/postgres_dag.py
[2023-10-24 17:21:14,437] {processor.py:641} INFO - Processing file /opt/airflow/dags/postgres_dag.py for tasks to queue
[2023-10-24 17:21:14,440] {logging_mixin.py:115} INFO - [2023-10-24 17:21:14,439] {dagbag.py:508} INFO - Filling up the DagBag from /opt/airflow/dags/postgres_dag.py
[2023-10-24 17:21:14,515] {processor.py:651} INFO - DAG(s) dict_keys(['postgres_dag']) retrieved from /opt/airflow/dags/postgres_dag.py
[2023-10-24 17:21:14,576] {logging_mixin.py:115} INFO - [2023-10-24 17:21:14,575] {dag.py:2420} INFO - Sync 1 DAGs
[2023-10-24 17:21:14,639] {logging_mixin.py:115} INFO - [2023-10-24 17:21:14,639] {dag.py:2972} INFO - Setting next_dagrun for postgres_dag to None, run_after=None
[2023-10-24 17:21:14,692] {processor.py:161} INFO - Processing /opt/airflow/dags/postgres_dag.py took 0.263 seconds
[2023-10-24 17:21:44,961] {processor.py:153} INFO - Started process (PID=3486) to work on /opt/airflow/dags/postgres_dag.py
[2023-10-24 17:21:44,963] {processor.py:641} INFO - Processing file /opt/airflow/dags/postgres_dag.py for tasks to queue
[2023-10-24 17:21:44,965] {logging_mixin.py:115} INFO - [2023-10-24 17:21:44,964] {dagbag.py:508} INFO - Filling up the DagBag from /opt/airflow/dags/postgres_dag.py
[2023-10-24 17:21:45,035] {processor.py:651} INFO - DAG(s) dict_keys(['postgres_dag']) retrieved from /opt/airflow/dags/postgres_dag.py
[2023-10-24 17:21:45,099] {logging_mixin.py:115} INFO - [2023-10-24 17:21:45,099] {dag.py:2420} INFO - Sync 1 DAGs
[2023-10-24 17:21:45,148] {logging_mixin.py:115} INFO - [2023-10-24 17:21:45,148] {dag.py:2972} INFO - Setting next_dagrun for postgres_dag to None, run_after=None
[2023-10-24 17:21:45,193] {processor.py:161} INFO - Processing /opt/airflow/dags/postgres_dag.py took 0.237 seconds
[2023-10-24 17:22:15,901] {processor.py:153} INFO - Started process (PID=3552) to work on /opt/airflow/dags/postgres_dag.py
[2023-10-24 17:22:15,904] {processor.py:641} INFO - Processing file /opt/airflow/dags/postgres_dag.py for tasks to queue
[2023-10-24 17:22:15,906] {logging_mixin.py:115} INFO - [2023-10-24 17:22:15,906] {dagbag.py:508} INFO - Filling up the DagBag from /opt/airflow/dags/postgres_dag.py
[2023-10-24 17:22:15,978] {processor.py:651} INFO - DAG(s) dict_keys(['postgres_dag']) retrieved from /opt/airflow/dags/postgres_dag.py
[2023-10-24 17:22:16,027] {logging_mixin.py:115} INFO - [2023-10-24 17:22:16,027] {dag.py:2420} INFO - Sync 1 DAGs
[2023-10-24 17:22:16,092] {logging_mixin.py:115} INFO - [2023-10-24 17:22:16,092] {dag.py:2972} INFO - Setting next_dagrun for postgres_dag to None, run_after=None
[2023-10-24 17:22:16,139] {processor.py:161} INFO - Processing /opt/airflow/dags/postgres_dag.py took 0.245 seconds
[2023-10-24 17:22:46,282] {processor.py:153} INFO - Started process (PID=3609) to work on /opt/airflow/dags/postgres_dag.py
[2023-10-24 17:22:46,284] {processor.py:641} INFO - Processing file /opt/airflow/dags/postgres_dag.py for tasks to queue
[2023-10-24 17:22:46,286] {logging_mixin.py:115} INFO - [2023-10-24 17:22:46,286] {dagbag.py:508} INFO - Filling up the DagBag from /opt/airflow/dags/postgres_dag.py
[2023-10-24 17:22:46,354] {processor.py:651} INFO - DAG(s) dict_keys(['postgres_dag']) retrieved from /opt/airflow/dags/postgres_dag.py
[2023-10-24 17:22:46,409] {logging_mixin.py:115} INFO - [2023-10-24 17:22:46,409] {dag.py:2420} INFO - Sync 1 DAGs
[2023-10-24 17:22:46,452] {logging_mixin.py:115} INFO - [2023-10-24 17:22:46,452] {dag.py:2972} INFO - Setting next_dagrun for postgres_dag to None, run_after=None
[2023-10-24 17:22:46,492] {processor.py:161} INFO - Processing /opt/airflow/dags/postgres_dag.py took 0.216 seconds
[2023-10-24 17:23:17,284] {processor.py:153} INFO - Started process (PID=3666) to work on /opt/airflow/dags/postgres_dag.py
[2023-10-24 17:23:17,287] {processor.py:641} INFO - Processing file /opt/airflow/dags/postgres_dag.py for tasks to queue
[2023-10-24 17:23:17,289] {logging_mixin.py:115} INFO - [2023-10-24 17:23:17,289] {dagbag.py:508} INFO - Filling up the DagBag from /opt/airflow/dags/postgres_dag.py
[2023-10-24 17:23:17,370] {processor.py:651} INFO - DAG(s) dict_keys(['postgres_dag']) retrieved from /opt/airflow/dags/postgres_dag.py
[2023-10-24 17:23:17,438] {logging_mixin.py:115} INFO - [2023-10-24 17:23:17,438] {dag.py:2420} INFO - Sync 1 DAGs
[2023-10-24 17:23:17,492] {logging_mixin.py:115} INFO - [2023-10-24 17:23:17,492] {dag.py:2972} INFO - Setting next_dagrun for postgres_dag to None, run_after=None
[2023-10-24 17:23:17,528] {processor.py:161} INFO - Processing /opt/airflow/dags/postgres_dag.py took 0.251 seconds
[2023-10-24 17:23:47,979] {processor.py:153} INFO - Started process (PID=3732) to work on /opt/airflow/dags/postgres_dag.py
[2023-10-24 17:23:47,980] {processor.py:641} INFO - Processing file /opt/airflow/dags/postgres_dag.py for tasks to queue
[2023-10-24 17:23:47,985] {logging_mixin.py:115} INFO - [2023-10-24 17:23:47,985] {dagbag.py:508} INFO - Filling up the DagBag from /opt/airflow/dags/postgres_dag.py
[2023-10-24 17:23:48,052] {processor.py:651} INFO - DAG(s) dict_keys(['postgres_dag']) retrieved from /opt/airflow/dags/postgres_dag.py
[2023-10-24 17:23:48,103] {logging_mixin.py:115} INFO - [2023-10-24 17:23:48,103] {dag.py:2420} INFO - Sync 1 DAGs
[2023-10-24 17:23:48,153] {logging_mixin.py:115} INFO - [2023-10-24 17:23:48,153] {dag.py:2972} INFO - Setting next_dagrun for postgres_dag to None, run_after=None
[2023-10-24 17:23:48,192] {processor.py:161} INFO - Processing /opt/airflow/dags/postgres_dag.py took 0.218 seconds
[2023-10-24 17:24:18,765] {processor.py:153} INFO - Started process (PID=3789) to work on /opt/airflow/dags/postgres_dag.py
[2023-10-24 17:24:18,767] {processor.py:641} INFO - Processing file /opt/airflow/dags/postgres_dag.py for tasks to queue
[2023-10-24 17:24:18,768] {logging_mixin.py:115} INFO - [2023-10-24 17:24:18,768] {dagbag.py:508} INFO - Filling up the DagBag from /opt/airflow/dags/postgres_dag.py
[2023-10-24 17:24:18,834] {processor.py:651} INFO - DAG(s) dict_keys(['postgres_dag']) retrieved from /opt/airflow/dags/postgres_dag.py
[2023-10-24 17:24:18,873] {logging_mixin.py:115} INFO - [2023-10-24 17:24:18,872] {dag.py:2420} INFO - Sync 1 DAGs
[2023-10-24 17:24:18,918] {logging_mixin.py:115} INFO - [2023-10-24 17:24:18,918] {dag.py:2972} INFO - Setting next_dagrun for postgres_dag to None, run_after=None
[2023-10-24 17:24:18,966] {processor.py:161} INFO - Processing /opt/airflow/dags/postgres_dag.py took 0.205 seconds
[2023-10-24 17:24:49,881] {processor.py:153} INFO - Started process (PID=3846) to work on /opt/airflow/dags/postgres_dag.py
[2023-10-24 17:24:49,883] {processor.py:641} INFO - Processing file /opt/airflow/dags/postgres_dag.py for tasks to queue
[2023-10-24 17:24:49,886] {logging_mixin.py:115} INFO - [2023-10-24 17:24:49,885] {dagbag.py:508} INFO - Filling up the DagBag from /opt/airflow/dags/postgres_dag.py
[2023-10-24 17:24:49,935] {processor.py:651} INFO - DAG(s) dict_keys(['postgres_dag']) retrieved from /opt/airflow/dags/postgres_dag.py
[2023-10-24 17:24:49,975] {logging_mixin.py:115} INFO - [2023-10-24 17:24:49,975] {dag.py:2420} INFO - Sync 1 DAGs
[2023-10-24 17:24:50,018] {logging_mixin.py:115} INFO - [2023-10-24 17:24:50,018] {dag.py:2972} INFO - Setting next_dagrun for postgres_dag to None, run_after=None
[2023-10-24 17:24:50,047] {processor.py:161} INFO - Processing /opt/airflow/dags/postgres_dag.py took 0.173 seconds
[2023-10-24 17:25:20,366] {processor.py:153} INFO - Started process (PID=3912) to work on /opt/airflow/dags/postgres_dag.py
[2023-10-24 17:25:20,368] {processor.py:641} INFO - Processing file /opt/airflow/dags/postgres_dag.py for tasks to queue
[2023-10-24 17:25:20,370] {logging_mixin.py:115} INFO - [2023-10-24 17:25:20,370] {dagbag.py:508} INFO - Filling up the DagBag from /opt/airflow/dags/postgres_dag.py
[2023-10-24 17:25:20,445] {processor.py:651} INFO - DAG(s) dict_keys(['postgres_dag']) retrieved from /opt/airflow/dags/postgres_dag.py
[2023-10-24 17:25:20,505] {logging_mixin.py:115} INFO - [2023-10-24 17:25:20,504] {dag.py:2420} INFO - Sync 1 DAGs
[2023-10-24 17:25:20,553] {logging_mixin.py:115} INFO - [2023-10-24 17:25:20,553] {dag.py:2972} INFO - Setting next_dagrun for postgres_dag to None, run_after=None
[2023-10-24 17:25:20,581] {processor.py:161} INFO - Processing /opt/airflow/dags/postgres_dag.py took 0.222 seconds
[2023-10-24 17:25:50,816] {processor.py:153} INFO - Started process (PID=3969) to work on /opt/airflow/dags/postgres_dag.py
[2023-10-24 17:25:50,817] {processor.py:641} INFO - Processing file /opt/airflow/dags/postgres_dag.py for tasks to queue
[2023-10-24 17:25:50,820] {logging_mixin.py:115} INFO - [2023-10-24 17:25:50,819] {dagbag.py:508} INFO - Filling up the DagBag from /opt/airflow/dags/postgres_dag.py
[2023-10-24 17:25:50,886] {processor.py:651} INFO - DAG(s) dict_keys(['postgres_dag']) retrieved from /opt/airflow/dags/postgres_dag.py
[2023-10-24 17:25:50,950] {logging_mixin.py:115} INFO - [2023-10-24 17:25:50,950] {dag.py:2420} INFO - Sync 1 DAGs
[2023-10-24 17:25:51,000] {logging_mixin.py:115} INFO - [2023-10-24 17:25:51,000] {dag.py:2972} INFO - Setting next_dagrun for postgres_dag to None, run_after=None
[2023-10-24 17:25:51,050] {processor.py:161} INFO - Processing /opt/airflow/dags/postgres_dag.py took 0.242 seconds
[2023-10-24 17:26:21,159] {processor.py:153} INFO - Started process (PID=4027) to work on /opt/airflow/dags/postgres_dag.py
[2023-10-24 17:26:21,161] {processor.py:641} INFO - Processing file /opt/airflow/dags/postgres_dag.py for tasks to queue
[2023-10-24 17:26:21,163] {logging_mixin.py:115} INFO - [2023-10-24 17:26:21,163] {dagbag.py:508} INFO - Filling up the DagBag from /opt/airflow/dags/postgres_dag.py
[2023-10-24 17:26:21,233] {processor.py:651} INFO - DAG(s) dict_keys(['postgres_dag']) retrieved from /opt/airflow/dags/postgres_dag.py
[2023-10-24 17:26:21,292] {logging_mixin.py:115} INFO - [2023-10-24 17:26:21,292] {dag.py:2420} INFO - Sync 1 DAGs
[2023-10-24 17:26:21,349] {logging_mixin.py:115} INFO - [2023-10-24 17:26:21,349] {dag.py:2972} INFO - Setting next_dagrun for postgres_dag to None, run_after=None
[2023-10-24 17:26:21,391] {processor.py:161} INFO - Processing /opt/airflow/dags/postgres_dag.py took 0.239 seconds
[2023-10-24 17:26:51,677] {processor.py:153} INFO - Started process (PID=4094) to work on /opt/airflow/dags/postgres_dag.py
[2023-10-24 17:26:51,679] {processor.py:641} INFO - Processing file /opt/airflow/dags/postgres_dag.py for tasks to queue
[2023-10-24 17:26:51,681] {logging_mixin.py:115} INFO - [2023-10-24 17:26:51,681] {dagbag.py:508} INFO - Filling up the DagBag from /opt/airflow/dags/postgres_dag.py
[2023-10-24 17:26:51,758] {processor.py:651} INFO - DAG(s) dict_keys(['postgres_dag']) retrieved from /opt/airflow/dags/postgres_dag.py
[2023-10-24 17:26:51,816] {logging_mixin.py:115} INFO - [2023-10-24 17:26:51,816] {dag.py:2420} INFO - Sync 1 DAGs
[2023-10-24 17:26:51,858] {logging_mixin.py:115} INFO - [2023-10-24 17:26:51,858] {dag.py:2972} INFO - Setting next_dagrun for postgres_dag to None, run_after=None
[2023-10-24 17:26:51,898] {processor.py:161} INFO - Processing /opt/airflow/dags/postgres_dag.py took 0.228 seconds
[2023-10-24 17:27:22,222] {processor.py:153} INFO - Started process (PID=4151) to work on /opt/airflow/dags/postgres_dag.py
[2023-10-24 17:27:22,224] {processor.py:641} INFO - Processing file /opt/airflow/dags/postgres_dag.py for tasks to queue
[2023-10-24 17:27:22,225] {logging_mixin.py:115} INFO - [2023-10-24 17:27:22,225] {dagbag.py:508} INFO - Filling up the DagBag from /opt/airflow/dags/postgres_dag.py
[2023-10-24 17:27:22,278] {processor.py:651} INFO - DAG(s) dict_keys(['postgres_dag']) retrieved from /opt/airflow/dags/postgres_dag.py
[2023-10-24 17:27:22,319] {logging_mixin.py:115} INFO - [2023-10-24 17:27:22,319] {dag.py:2420} INFO - Sync 1 DAGs
[2023-10-24 17:27:22,374] {logging_mixin.py:115} INFO - [2023-10-24 17:27:22,374] {dag.py:2972} INFO - Setting next_dagrun for postgres_dag to None, run_after=None
[2023-10-24 17:27:22,416] {processor.py:161} INFO - Processing /opt/airflow/dags/postgres_dag.py took 0.199 seconds
[2023-10-24 17:27:52,923] {processor.py:153} INFO - Started process (PID=4206) to work on /opt/airflow/dags/postgres_dag.py
[2023-10-24 17:27:52,925] {processor.py:641} INFO - Processing file /opt/airflow/dags/postgres_dag.py for tasks to queue
[2023-10-24 17:27:52,927] {logging_mixin.py:115} INFO - [2023-10-24 17:27:52,927] {dagbag.py:508} INFO - Filling up the DagBag from /opt/airflow/dags/postgres_dag.py
[2023-10-24 17:27:52,997] {processor.py:651} INFO - DAG(s) dict_keys(['postgres_dag']) retrieved from /opt/airflow/dags/postgres_dag.py
[2023-10-24 17:27:53,055] {logging_mixin.py:115} INFO - [2023-10-24 17:27:53,055] {dag.py:2420} INFO - Sync 1 DAGs
[2023-10-24 17:27:53,127] {logging_mixin.py:115} INFO - [2023-10-24 17:27:53,126] {dag.py:2972} INFO - Setting next_dagrun for postgres_dag to None, run_after=None
[2023-10-24 17:27:53,175] {processor.py:161} INFO - Processing /opt/airflow/dags/postgres_dag.py took 0.257 seconds
[2023-10-24 18:38:30,916] {processor.py:153} INFO - Started process (PID=4241) to work on /opt/airflow/dags/postgres_dag.py
[2023-10-24 18:38:30,920] {processor.py:641} INFO - Processing file /opt/airflow/dags/postgres_dag.py for tasks to queue
[2023-10-24 18:38:30,929] {logging_mixin.py:115} INFO - [2023-10-24 18:38:30,929] {dagbag.py:508} INFO - Filling up the DagBag from /opt/airflow/dags/postgres_dag.py
[2023-10-24 18:38:31,024] {processor.py:651} INFO - DAG(s) dict_keys(['postgres_dag']) retrieved from /opt/airflow/dags/postgres_dag.py
[2023-10-24 18:38:31,104] {logging_mixin.py:115} INFO - [2023-10-24 18:38:31,104] {dag.py:2420} INFO - Sync 1 DAGs
[2023-10-24 18:38:31,264] {logging_mixin.py:115} INFO - [2023-10-24 18:38:31,264] {dag.py:2972} INFO - Setting next_dagrun for postgres_dag to None, run_after=None
[2023-10-24 18:38:31,352] {processor.py:161} INFO - Processing /opt/airflow/dags/postgres_dag.py took 0.445 seconds
