[2023-11-21 16:09:27,675] {taskinstance.py:1179} INFO - Dependencies all met for <TaskInstance: etl_hh.truncate_staging manual__2023-11-21T16:09:23.566520+00:00 [queued]>
[2023-11-21 16:09:27,693] {taskinstance.py:1179} INFO - Dependencies all met for <TaskInstance: etl_hh.truncate_staging manual__2023-11-21T16:09:23.566520+00:00 [queued]>
[2023-11-21 16:09:27,693] {taskinstance.py:1376} INFO - 
--------------------------------------------------------------------------------
[2023-11-21 16:09:27,694] {taskinstance.py:1377} INFO - Starting attempt 1 of 2
[2023-11-21 16:09:27,695] {taskinstance.py:1378} INFO - 
--------------------------------------------------------------------------------
[2023-11-21 16:09:27,714] {taskinstance.py:1397} INFO - Executing <Task(PostgresOperator): truncate_staging> on 2023-11-21 16:09:23.566520+00:00
[2023-11-21 16:09:27,720] {standard_task_runner.py:52} INFO - Started process 2215 to run task
[2023-11-21 16:09:27,724] {standard_task_runner.py:79} INFO - Running: ['***', 'tasks', 'run', 'etl_hh', 'truncate_staging', 'manual__2023-11-21T16:09:23.566520+00:00', '--job-id', '314', '--raw', '--subdir', 'DAGS_FOLDER/pipeline.py', '--cfg-path', '/tmp/tmp639fvhc0', '--error-file', '/tmp/tmpz0968yah']
[2023-11-21 16:09:27,725] {standard_task_runner.py:80} INFO - Job 314: Subtask truncate_staging
[2023-11-21 16:09:27,812] {task_command.py:371} INFO - Running <TaskInstance: etl_hh.truncate_staging manual__2023-11-21T16:09:23.566520+00:00 [running]> on host b47ed23e9d21
[2023-11-21 16:09:27,913] {taskinstance.py:1591} INFO - Exporting the following env vars:
AIRFLOW_CTX_DAG_OWNER=***
AIRFLOW_CTX_DAG_ID=etl_hh
AIRFLOW_CTX_TASK_ID=truncate_staging
AIRFLOW_CTX_EXECUTION_DATE=2023-11-21T16:09:23.566520+00:00
AIRFLOW_CTX_TRY_NUMBER=1
AIRFLOW_CTX_DAG_RUN_ID=manual__2023-11-21T16:09:23.566520+00:00
[2023-11-21 16:09:27,926] {base.py:68} INFO - Using connection ID 'my_db_conn' for task execution.
[2023-11-21 16:09:27,949] {dbapi.py:231} INFO - Running statement: TRUNCATE staging.vacancy, parameters: None
[2023-11-21 16:09:27,981] {taskinstance.py:1420} INFO - Marking task as SUCCESS. dag_id=etl_hh, task_id=truncate_staging, execution_date=20231121T160923, start_date=20231121T160927, end_date=20231121T160927
[2023-11-21 16:09:28,015] {local_task_job.py:156} INFO - Task exited with return code 0
[2023-11-21 16:09:28,103] {local_task_job.py:273} INFO - 1 downstream tasks scheduled from follow-on schedule check
