[2023-11-22 06:34:05,021] {taskinstance.py:1179} INFO - Dependencies all met for <TaskInstance: etl_hh.load_settings_setup scheduled__2023-11-21T00:00:00+00:00 [queued]>
[2023-11-22 06:34:05,049] {taskinstance.py:1179} INFO - Dependencies all met for <TaskInstance: etl_hh.load_settings_setup scheduled__2023-11-21T00:00:00+00:00 [queued]>
[2023-11-22 06:34:05,050] {taskinstance.py:1376} INFO - 
--------------------------------------------------------------------------------
[2023-11-22 06:34:05,051] {taskinstance.py:1377} INFO - Starting attempt 1 of 2
[2023-11-22 06:34:05,052] {taskinstance.py:1378} INFO - 
--------------------------------------------------------------------------------
[2023-11-22 06:34:05,087] {taskinstance.py:1397} INFO - Executing <Task(PostgresOperator): load_settings_setup> on 2023-11-21 00:00:00+00:00
[2023-11-22 06:34:05,095] {standard_task_runner.py:52} INFO - Started process 268 to run task
[2023-11-22 06:34:05,099] {standard_task_runner.py:79} INFO - Running: ['***', 'tasks', 'run', 'etl_hh', 'load_settings_setup', 'scheduled__2023-11-21T00:00:00+00:00', '--job-id', '7', '--raw', '--subdir', 'DAGS_FOLDER/pipeline.py', '--cfg-path', '/tmp/tmp1yop6oj4', '--error-file', '/tmp/tmp6wt390xk']
[2023-11-22 06:34:05,100] {standard_task_runner.py:80} INFO - Job 7: Subtask load_settings_setup
[2023-11-22 06:34:05,236] {task_command.py:371} INFO - Running <TaskInstance: etl_hh.load_settings_setup scheduled__2023-11-21T00:00:00+00:00 [running]> on host 9ac5eb002233
[2023-11-22 06:34:05,443] {taskinstance.py:1591} INFO - Exporting the following env vars:
AIRFLOW_CTX_DAG_OWNER=***
AIRFLOW_CTX_DAG_ID=etl_hh
AIRFLOW_CTX_TASK_ID=load_settings_setup
AIRFLOW_CTX_EXECUTION_DATE=2023-11-21T00:00:00+00:00
AIRFLOW_CTX_TRY_NUMBER=1
AIRFLOW_CTX_DAG_RUN_ID=scheduled__2023-11-21T00:00:00+00:00
[2023-11-22 06:34:05,457] {base.py:68} INFO - Using connection ID 'my_db_conn' for task execution.
[2023-11-22 06:34:05,479] {dbapi.py:231} INFO - Running statement: INSERT INTO settings.setup (date_start)
            VALUES(now()), parameters: None
[2023-11-22 06:34:05,486] {dbapi.py:239} INFO - Rows affected: 1
[2023-11-22 06:34:05,519] {taskinstance.py:1420} INFO - Marking task as SUCCESS. dag_id=etl_hh, task_id=load_settings_setup, execution_date=20231121T000000, start_date=20231122T063405, end_date=20231122T063405
[2023-11-22 06:34:05,593] {local_task_job.py:156} INFO - Task exited with return code 0
[2023-11-22 06:34:05,699] {local_task_job.py:273} INFO - 1 downstream tasks scheduled from follow-on schedule check
[2023-11-22 19:13:43,075] {taskinstance.py:1179} INFO - Dependencies all met for <TaskInstance: etl_hh.load_settings_setup scheduled__2023-11-21T00:00:00+00:00 [queued]>
[2023-11-22 19:13:43,106] {taskinstance.py:1179} INFO - Dependencies all met for <TaskInstance: etl_hh.load_settings_setup scheduled__2023-11-21T00:00:00+00:00 [queued]>
[2023-11-22 19:13:43,107] {taskinstance.py:1376} INFO - 
--------------------------------------------------------------------------------
[2023-11-22 19:13:43,108] {taskinstance.py:1377} INFO - Starting attempt 1 of 2
[2023-11-22 19:13:43,109] {taskinstance.py:1378} INFO - 
--------------------------------------------------------------------------------
[2023-11-22 19:13:43,146] {taskinstance.py:1397} INFO - Executing <Task(PostgresOperator): load_settings_setup> on 2023-11-21 00:00:00+00:00
[2023-11-22 19:13:43,155] {standard_task_runner.py:52} INFO - Started process 466 to run task
[2023-11-22 19:13:43,159] {standard_task_runner.py:79} INFO - Running: ['***', 'tasks', 'run', 'etl_hh', 'load_settings_setup', 'scheduled__2023-11-21T00:00:00+00:00', '--job-id', '47', '--raw', '--subdir', 'DAGS_FOLDER/pipeline.py', '--cfg-path', '/tmp/tmpl6qkltpw', '--error-file', '/tmp/tmpd4xxg70y']
[2023-11-22 19:13:43,160] {standard_task_runner.py:80} INFO - Job 47: Subtask load_settings_setup
[2023-11-22 19:13:43,317] {task_command.py:371} INFO - Running <TaskInstance: etl_hh.load_settings_setup scheduled__2023-11-21T00:00:00+00:00 [running]> on host 9ac5eb002233
[2023-11-22 19:13:43,554] {taskinstance.py:1591} INFO - Exporting the following env vars:
AIRFLOW_CTX_DAG_OWNER=***
AIRFLOW_CTX_DAG_ID=etl_hh
AIRFLOW_CTX_TASK_ID=load_settings_setup
AIRFLOW_CTX_EXECUTION_DATE=2023-11-21T00:00:00+00:00
AIRFLOW_CTX_TRY_NUMBER=1
AIRFLOW_CTX_DAG_RUN_ID=scheduled__2023-11-21T00:00:00+00:00
[2023-11-22 19:13:43,577] {base.py:68} INFO - Using connection ID 'my_db_conn' for task execution.
[2023-11-22 19:13:43,611] {dbapi.py:231} INFO - Running statement: INSERT INTO settings.setup (date_start)
            VALUES(now()), parameters: None
[2023-11-22 19:13:43,621] {dbapi.py:239} INFO - Rows affected: 1
[2023-11-22 19:13:43,659] {taskinstance.py:1420} INFO - Marking task as SUCCESS. dag_id=etl_hh, task_id=load_settings_setup, execution_date=20231121T000000, start_date=20231122T191343, end_date=20231122T191343
[2023-11-22 19:13:43,734] {local_task_job.py:156} INFO - Task exited with return code 0
[2023-11-22 19:13:43,860] {local_task_job.py:273} INFO - 1 downstream tasks scheduled from follow-on schedule check
[2023-11-22 19:16:31,341] {taskinstance.py:1179} INFO - Dependencies all met for <TaskInstance: etl_hh.load_settings_setup scheduled__2023-11-21T00:00:00+00:00 [queued]>
[2023-11-22 19:16:31,364] {taskinstance.py:1179} INFO - Dependencies all met for <TaskInstance: etl_hh.load_settings_setup scheduled__2023-11-21T00:00:00+00:00 [queued]>
[2023-11-22 19:16:31,365] {taskinstance.py:1376} INFO - 
--------------------------------------------------------------------------------
[2023-11-22 19:16:31,365] {taskinstance.py:1377} INFO - Starting attempt 1 of 2
[2023-11-22 19:16:31,366] {taskinstance.py:1378} INFO - 
--------------------------------------------------------------------------------
[2023-11-22 19:16:31,407] {taskinstance.py:1397} INFO - Executing <Task(PostgresOperator): load_settings_setup> on 2023-11-21 00:00:00+00:00
[2023-11-22 19:16:31,415] {standard_task_runner.py:52} INFO - Started process 581 to run task
[2023-11-22 19:16:31,421] {standard_task_runner.py:79} INFO - Running: ['***', 'tasks', 'run', 'etl_hh', 'load_settings_setup', 'scheduled__2023-11-21T00:00:00+00:00', '--job-id', '55', '--raw', '--subdir', 'DAGS_FOLDER/pipeline.py', '--cfg-path', '/tmp/tmp2cc6ux2b', '--error-file', '/tmp/tmpcglokdwf']
[2023-11-22 19:16:31,423] {standard_task_runner.py:80} INFO - Job 55: Subtask load_settings_setup
[2023-11-22 19:16:31,625] {task_command.py:371} INFO - Running <TaskInstance: etl_hh.load_settings_setup scheduled__2023-11-21T00:00:00+00:00 [running]> on host 9ac5eb002233
[2023-11-22 19:16:31,882] {taskinstance.py:1591} INFO - Exporting the following env vars:
AIRFLOW_CTX_DAG_OWNER=***
AIRFLOW_CTX_DAG_ID=etl_hh
AIRFLOW_CTX_TASK_ID=load_settings_setup
AIRFLOW_CTX_EXECUTION_DATE=2023-11-21T00:00:00+00:00
AIRFLOW_CTX_TRY_NUMBER=1
AIRFLOW_CTX_DAG_RUN_ID=scheduled__2023-11-21T00:00:00+00:00
[2023-11-22 19:16:31,906] {base.py:68} INFO - Using connection ID 'my_db_conn' for task execution.
[2023-11-22 19:16:31,937] {dbapi.py:231} INFO - Running statement: INSERT INTO settings.setup (date_start)
            VALUES(now()), parameters: None
[2023-11-22 19:16:31,947] {dbapi.py:239} INFO - Rows affected: 1
[2023-11-22 19:16:31,995] {taskinstance.py:1420} INFO - Marking task as SUCCESS. dag_id=etl_hh, task_id=load_settings_setup, execution_date=20231121T000000, start_date=20231122T191631, end_date=20231122T191631
[2023-11-22 19:16:32,034] {local_task_job.py:156} INFO - Task exited with return code 0
[2023-11-22 19:16:32,147] {local_task_job.py:273} INFO - 1 downstream tasks scheduled from follow-on schedule check
[2023-11-22 19:18:48,406] {taskinstance.py:1179} INFO - Dependencies all met for <TaskInstance: etl_hh.load_settings_setup scheduled__2023-11-21T00:00:00+00:00 [queued]>
[2023-11-22 19:18:48,446] {taskinstance.py:1179} INFO - Dependencies all met for <TaskInstance: etl_hh.load_settings_setup scheduled__2023-11-21T00:00:00+00:00 [queued]>
[2023-11-22 19:18:48,447] {taskinstance.py:1376} INFO - 
--------------------------------------------------------------------------------
[2023-11-22 19:18:48,448] {taskinstance.py:1377} INFO - Starting attempt 1 of 2
[2023-11-22 19:18:48,449] {taskinstance.py:1378} INFO - 
--------------------------------------------------------------------------------
[2023-11-22 19:18:48,500] {taskinstance.py:1397} INFO - Executing <Task(PostgresOperator): load_settings_setup> on 2023-11-21 00:00:00+00:00
[2023-11-22 19:18:48,508] {standard_task_runner.py:52} INFO - Started process 687 to run task
[2023-11-22 19:18:48,513] {standard_task_runner.py:79} INFO - Running: ['***', 'tasks', 'run', 'etl_hh', 'load_settings_setup', 'scheduled__2023-11-21T00:00:00+00:00', '--job-id', '63', '--raw', '--subdir', 'DAGS_FOLDER/pipeline.py', '--cfg-path', '/tmp/tmpzv9jyyw_', '--error-file', '/tmp/tmps5qnaocc']
[2023-11-22 19:18:48,514] {standard_task_runner.py:80} INFO - Job 63: Subtask load_settings_setup
[2023-11-22 19:18:48,633] {task_command.py:371} INFO - Running <TaskInstance: etl_hh.load_settings_setup scheduled__2023-11-21T00:00:00+00:00 [running]> on host 9ac5eb002233
[2023-11-22 19:18:48,810] {taskinstance.py:1591} INFO - Exporting the following env vars:
AIRFLOW_CTX_DAG_OWNER=***
AIRFLOW_CTX_DAG_ID=etl_hh
AIRFLOW_CTX_TASK_ID=load_settings_setup
AIRFLOW_CTX_EXECUTION_DATE=2023-11-21T00:00:00+00:00
AIRFLOW_CTX_TRY_NUMBER=1
AIRFLOW_CTX_DAG_RUN_ID=scheduled__2023-11-21T00:00:00+00:00
[2023-11-22 19:18:48,827] {base.py:68} INFO - Using connection ID 'my_db_conn' for task execution.
[2023-11-22 19:18:48,857] {dbapi.py:231} INFO - Running statement: INSERT INTO settings.setup (date_start)
            VALUES(now()), parameters: None
[2023-11-22 19:18:48,865] {dbapi.py:239} INFO - Rows affected: 1
[2023-11-22 19:18:48,895] {taskinstance.py:1420} INFO - Marking task as SUCCESS. dag_id=etl_hh, task_id=load_settings_setup, execution_date=20231121T000000, start_date=20231122T191848, end_date=20231122T191848
[2023-11-22 19:18:48,967] {local_task_job.py:156} INFO - Task exited with return code 0
[2023-11-22 19:18:49,146] {local_task_job.py:273} INFO - 1 downstream tasks scheduled from follow-on schedule check
