[2023-10-23 18:09:42,217] {taskinstance.py:1179} INFO - Dependencies all met for <TaskInstance: mydag.print_date scheduled__2018-11-01T00:00:00+00:00 [queued]>
[2023-10-23 18:09:42,236] {taskinstance.py:1179} INFO - Dependencies all met for <TaskInstance: mydag.print_date scheduled__2018-11-01T00:00:00+00:00 [queued]>
[2023-10-23 18:09:42,237] {taskinstance.py:1376} INFO - 
--------------------------------------------------------------------------------
[2023-10-23 18:09:42,237] {taskinstance.py:1377} INFO - Starting attempt 1 of 1
[2023-10-23 18:09:42,238] {taskinstance.py:1378} INFO - 
--------------------------------------------------------------------------------
[2023-10-23 18:09:42,263] {taskinstance.py:1397} INFO - Executing <Task(BashOperator): print_date> on 2018-11-01 00:00:00+00:00
[2023-10-23 18:09:42,271] {standard_task_runner.py:52} INFO - Started process 128 to run task
[2023-10-23 18:09:42,275] {standard_task_runner.py:79} INFO - Running: ['***', 'tasks', 'run', 'mydag', 'print_date', 'scheduled__2018-11-01T00:00:00+00:00', '--job-id', '32', '--raw', '--subdir', 'DAGS_FOLDER/first_dag.py', '--cfg-path', '/tmp/tmp9e8tjwty', '--error-file', '/tmp/tmpwe9_xsy6']
[2023-10-23 18:09:42,276] {standard_task_runner.py:80} INFO - Job 32: Subtask print_date
[2023-10-23 18:09:42,385] {task_command.py:371} INFO - Running <TaskInstance: mydag.print_date scheduled__2018-11-01T00:00:00+00:00 [running]> on host d14eca7535dc
[2023-10-23 18:09:42,517] {taskinstance.py:1591} INFO - Exporting the following env vars:
AIRFLOW_CTX_DAG_OWNER=romank
AIRFLOW_CTX_DAG_ID=mydag
AIRFLOW_CTX_TASK_ID=print_date
AIRFLOW_CTX_EXECUTION_DATE=2018-11-01T00:00:00+00:00
AIRFLOW_CTX_TRY_NUMBER=1
AIRFLOW_CTX_DAG_RUN_ID=scheduled__2018-11-01T00:00:00+00:00
[2023-10-23 18:09:42,519] {subprocess.py:62} INFO - Tmp dir root location: 
 /tmp
[2023-10-23 18:09:42,521] {subprocess.py:74} INFO - Running command: ['bash', '-c', 'date']
[2023-10-23 18:09:42,538] {subprocess.py:85} INFO - Output:
[2023-10-23 18:09:42,544] {subprocess.py:92} INFO - Mon Oct 23 18:09:42 UTC 2023
[2023-10-23 18:09:42,545] {subprocess.py:96} INFO - Command exited with return code 0
[2023-10-23 18:09:42,607] {taskinstance.py:1420} INFO - Marking task as SUCCESS. dag_id=mydag, task_id=print_date, execution_date=20181101T000000, start_date=20231023T180942, end_date=20231023T180942
[2023-10-23 18:09:42,692] {local_task_job.py:156} INFO - Task exited with return code 0
[2023-10-23 18:09:42,832] {local_task_job.py:273} INFO - 0 downstream tasks scheduled from follow-on schedule check
