[2023-10-23 18:11:09,730] {taskinstance.py:1179} INFO - Dependencies all met for <TaskInstance: mydag.echo_hi manual__2023-10-23T18:11:08.292248+00:00 [queued]>
[2023-10-23 18:11:09,747] {taskinstance.py:1179} INFO - Dependencies all met for <TaskInstance: mydag.echo_hi manual__2023-10-23T18:11:08.292248+00:00 [queued]>
[2023-10-23 18:11:09,747] {taskinstance.py:1376} INFO - 
--------------------------------------------------------------------------------
[2023-10-23 18:11:09,748] {taskinstance.py:1377} INFO - Starting attempt 1 of 1
[2023-10-23 18:11:09,749] {taskinstance.py:1378} INFO - 
--------------------------------------------------------------------------------
[2023-10-23 18:11:09,773] {taskinstance.py:1397} INFO - Executing <Task(BashOperator): echo_hi> on 2023-10-23 18:11:08.292248+00:00
[2023-10-23 18:11:09,780] {standard_task_runner.py:52} INFO - Started process 201 to run task
[2023-10-23 18:11:09,784] {standard_task_runner.py:79} INFO - Running: ['***', 'tasks', 'run', 'mydag', 'echo_hi', 'manual__2023-10-23T18:11:08.292248+00:00', '--job-id', '36', '--raw', '--subdir', 'DAGS_FOLDER/first_dag.py', '--cfg-path', '/tmp/tmplshhml1z', '--error-file', '/tmp/tmp88f7tuh0']
[2023-10-23 18:11:09,785] {standard_task_runner.py:80} INFO - Job 36: Subtask echo_hi
[2023-10-23 18:11:09,901] {task_command.py:371} INFO - Running <TaskInstance: mydag.echo_hi manual__2023-10-23T18:11:08.292248+00:00 [running]> on host d14eca7535dc
[2023-10-23 18:11:10,057] {taskinstance.py:1591} INFO - Exporting the following env vars:
AIRFLOW_CTX_DAG_OWNER=romank
AIRFLOW_CTX_DAG_ID=mydag
AIRFLOW_CTX_TASK_ID=echo_hi
AIRFLOW_CTX_EXECUTION_DATE=2023-10-23T18:11:08.292248+00:00
AIRFLOW_CTX_TRY_NUMBER=1
AIRFLOW_CTX_DAG_RUN_ID=manual__2023-10-23T18:11:08.292248+00:00
[2023-10-23 18:11:10,059] {subprocess.py:62} INFO - Tmp dir root location: 
 /tmp
[2023-10-23 18:11:10,061] {subprocess.py:74} INFO - Running command: ['bash', '-c', 'echo "Hello"']
[2023-10-23 18:11:10,080] {subprocess.py:85} INFO - Output:
[2023-10-23 18:11:10,082] {subprocess.py:92} INFO - Hello
[2023-10-23 18:11:10,083] {subprocess.py:96} INFO - Command exited with return code 0
[2023-10-23 18:11:10,147] {taskinstance.py:1420} INFO - Marking task as SUCCESS. dag_id=mydag, task_id=echo_hi, execution_date=20231023T181108, start_date=20231023T181109, end_date=20231023T181110
[2023-10-23 18:11:10,198] {local_task_job.py:156} INFO - Task exited with return code 0
[2023-10-23 18:11:10,259] {local_task_job.py:273} INFO - 0 downstream tasks scheduled from follow-on schedule check
