[2023-10-24 16:01:20,291] {taskinstance.py:1179} INFO - Dependencies all met for <TaskInstance: mydag.print_date manual__2023-10-24T16:01:14.656760+00:00 [queued]>
[2023-10-24 16:01:20,312] {taskinstance.py:1179} INFO - Dependencies all met for <TaskInstance: mydag.print_date manual__2023-10-24T16:01:14.656760+00:00 [queued]>
[2023-10-24 16:01:20,313] {taskinstance.py:1376} INFO - 
--------------------------------------------------------------------------------
[2023-10-24 16:01:20,314] {taskinstance.py:1377} INFO - Starting attempt 1 of 1
[2023-10-24 16:01:20,334] {taskinstance.py:1378} INFO - 
--------------------------------------------------------------------------------
[2023-10-24 16:01:20,363] {taskinstance.py:1397} INFO - Executing <Task(BashOperator): print_date> on 2023-10-24 16:01:14.656760+00:00
[2023-10-24 16:01:20,371] {standard_task_runner.py:52} INFO - Started process 176 to run task
[2023-10-24 16:01:20,375] {standard_task_runner.py:79} INFO - Running: ['***', 'tasks', 'run', 'mydag', 'print_date', 'manual__2023-10-24T16:01:14.656760+00:00', '--job-id', '45', '--raw', '--subdir', 'DAGS_FOLDER/first_dag.py', '--cfg-path', '/tmp/tmpcgsw7_5a', '--error-file', '/tmp/tmp4o0cijch']
[2023-10-24 16:01:20,376] {standard_task_runner.py:80} INFO - Job 45: Subtask print_date
[2023-10-24 16:01:20,550] {task_command.py:371} INFO - Running <TaskInstance: mydag.print_date manual__2023-10-24T16:01:14.656760+00:00 [running]> on host d14eca7535dc
[2023-10-24 16:01:20,863] {taskinstance.py:1591} INFO - Exporting the following env vars:
AIRFLOW_CTX_DAG_OWNER=romank
AIRFLOW_CTX_DAG_ID=mydag
AIRFLOW_CTX_TASK_ID=print_date
AIRFLOW_CTX_EXECUTION_DATE=2023-10-24T16:01:14.656760+00:00
AIRFLOW_CTX_TRY_NUMBER=1
AIRFLOW_CTX_DAG_RUN_ID=manual__2023-10-24T16:01:14.656760+00:00
[2023-10-24 16:01:20,865] {subprocess.py:62} INFO - Tmp dir root location: 
 /tmp
[2023-10-24 16:01:20,868] {subprocess.py:74} INFO - Running command: ['bash', '-c', 'date']
[2023-10-24 16:01:20,887] {subprocess.py:85} INFO - Output:
[2023-10-24 16:01:20,894] {subprocess.py:92} INFO - Tue Oct 24 16:01:20 UTC 2023
[2023-10-24 16:01:20,895] {subprocess.py:96} INFO - Command exited with return code 0
[2023-10-24 16:01:20,962] {taskinstance.py:1420} INFO - Marking task as SUCCESS. dag_id=mydag, task_id=print_date, execution_date=20231024T160114, start_date=20231024T160120, end_date=20231024T160120
[2023-10-24 16:01:21,030] {local_task_job.py:156} INFO - Task exited with return code 0
[2023-10-24 16:01:21,089] {local_task_job.py:273} INFO - 0 downstream tasks scheduled from follow-on schedule check
