[2023-11-21 15:44:32,776] {taskinstance.py:1179} INFO - Dependencies all met for <TaskInstance: etl_hh.load_staging manual__2023-11-21T15:44:29.362203+00:00 [queued]>
[2023-11-21 15:44:32,801] {taskinstance.py:1179} INFO - Dependencies all met for <TaskInstance: etl_hh.load_staging manual__2023-11-21T15:44:29.362203+00:00 [queued]>
[2023-11-21 15:44:32,802] {taskinstance.py:1376} INFO - 
--------------------------------------------------------------------------------
[2023-11-21 15:44:32,803] {taskinstance.py:1377} INFO - Starting attempt 1 of 2
[2023-11-21 15:44:32,804] {taskinstance.py:1378} INFO - 
--------------------------------------------------------------------------------
[2023-11-21 15:44:32,825] {taskinstance.py:1397} INFO - Executing <Task(PythonOperator): load_staging> on 2023-11-21 15:44:29.362203+00:00
[2023-11-21 15:44:32,832] {standard_task_runner.py:52} INFO - Started process 1078 to run task
[2023-11-21 15:44:32,837] {standard_task_runner.py:79} INFO - Running: ['***', 'tasks', 'run', 'etl_hh', 'load_staging', 'manual__2023-11-21T15:44:29.362203+00:00', '--job-id', '291', '--raw', '--subdir', 'DAGS_FOLDER/pipeline.py', '--cfg-path', '/tmp/tmp_rdfemdv', '--error-file', '/tmp/tmpgd16zn_k']
[2023-11-21 15:44:32,838] {standard_task_runner.py:80} INFO - Job 291: Subtask load_staging
[2023-11-21 15:44:32,962] {task_command.py:371} INFO - Running <TaskInstance: etl_hh.load_staging manual__2023-11-21T15:44:29.362203+00:00 [running]> on host b47ed23e9d21
[2023-11-21 15:44:33,154] {taskinstance.py:1591} INFO - Exporting the following env vars:
AIRFLOW_CTX_DAG_OWNER=***
AIRFLOW_CTX_DAG_ID=etl_hh
AIRFLOW_CTX_TASK_ID=load_staging
AIRFLOW_CTX_EXECUTION_DATE=2023-11-21T15:44:29.362203+00:00
AIRFLOW_CTX_TRY_NUMBER=1
AIRFLOW_CTX_DAG_RUN_ID=manual__2023-11-21T15:44:29.362203+00:00
[2023-11-21 15:44:49,965] {python.py:173} INFO - Done. Returned value was: None
[2023-11-21 15:44:49,986] {taskinstance.py:1420} INFO - Marking task as SUCCESS. dag_id=etl_hh, task_id=load_staging, execution_date=20231121T154429, start_date=20231121T154432, end_date=20231121T154449
[2023-11-21 15:44:50,034] {local_task_job.py:156} INFO - Task exited with return code 0
[2023-11-21 15:44:50,127] {local_task_job.py:273} INFO - 1 downstream tasks scheduled from follow-on schedule check
