[2023-10-24 16:01:18,700] {taskinstance.py:1179} INFO - Dependencies all met for <TaskInstance: mydag.print_world manual__2023-10-24T16:01:14.656760+00:00 [queued]>
[2023-10-24 16:01:18,729] {taskinstance.py:1179} INFO - Dependencies all met for <TaskInstance: mydag.print_world manual__2023-10-24T16:01:14.656760+00:00 [queued]>
[2023-10-24 16:01:18,731] {taskinstance.py:1376} INFO - 
--------------------------------------------------------------------------------
[2023-10-24 16:01:18,732] {taskinstance.py:1377} INFO - Starting attempt 1 of 1
[2023-10-24 16:01:18,744] {taskinstance.py:1378} INFO - 
--------------------------------------------------------------------------------
[2023-10-24 16:01:18,794] {taskinstance.py:1397} INFO - Executing <Task(PythonOperator): print_world> on 2023-10-24 16:01:14.656760+00:00
[2023-10-24 16:01:18,807] {standard_task_runner.py:52} INFO - Started process 174 to run task
[2023-10-24 16:01:18,814] {standard_task_runner.py:79} INFO - Running: ['***', 'tasks', 'run', 'mydag', 'print_world', 'manual__2023-10-24T16:01:14.656760+00:00', '--job-id', '44', '--raw', '--subdir', 'DAGS_FOLDER/first_dag.py', '--cfg-path', '/tmp/tmpnepvcmqv', '--error-file', '/tmp/tmp90a7o3gm']
[2023-10-24 16:01:18,815] {standard_task_runner.py:80} INFO - Job 44: Subtask print_world
[2023-10-24 16:01:18,997] {task_command.py:371} INFO - Running <TaskInstance: mydag.print_world manual__2023-10-24T16:01:14.656760+00:00 [running]> on host d14eca7535dc
[2023-10-24 16:01:19,229] {taskinstance.py:1591} INFO - Exporting the following env vars:
AIRFLOW_CTX_DAG_OWNER=romank
AIRFLOW_CTX_DAG_ID=mydag
AIRFLOW_CTX_TASK_ID=print_world
AIRFLOW_CTX_EXECUTION_DATE=2023-10-24T16:01:14.656760+00:00
AIRFLOW_CTX_TRY_NUMBER=1
AIRFLOW_CTX_DAG_RUN_ID=manual__2023-10-24T16:01:14.656760+00:00
[2023-10-24 16:01:19,233] {logging_mixin.py:115} INFO - Hello_world
[2023-10-24 16:01:19,234] {python.py:173} INFO - Done. Returned value was: None
[2023-10-24 16:01:19,295] {taskinstance.py:1420} INFO - Marking task as SUCCESS. dag_id=mydag, task_id=print_world, execution_date=20231024T160114, start_date=20231024T160118, end_date=20231024T160119
[2023-10-24 16:01:19,392] {local_task_job.py:156} INFO - Task exited with return code 0
[2023-10-24 16:01:19,474] {local_task_job.py:273} INFO - 0 downstream tasks scheduled from follow-on schedule check
