[2023-11-21 06:00:16,156] {taskinstance.py:1179} INFO - Dependencies all met for <TaskInstance: etl_hh.load_staging scheduled__2023-11-20T00:00:00+00:00 [queued]>
[2023-11-21 06:00:16,183] {taskinstance.py:1179} INFO - Dependencies all met for <TaskInstance: etl_hh.load_staging scheduled__2023-11-20T00:00:00+00:00 [queued]>
[2023-11-21 06:00:16,184] {taskinstance.py:1376} INFO - 
--------------------------------------------------------------------------------
[2023-11-21 06:00:16,184] {taskinstance.py:1377} INFO - Starting attempt 1 of 2
[2023-11-21 06:00:16,185] {taskinstance.py:1378} INFO - 
--------------------------------------------------------------------------------
[2023-11-21 06:00:16,218] {taskinstance.py:1397} INFO - Executing <Task(PythonOperator): load_staging> on 2023-11-20 00:00:00+00:00
[2023-11-21 06:00:16,226] {standard_task_runner.py:52} INFO - Started process 4351 to run task
[2023-11-21 06:00:16,230] {standard_task_runner.py:79} INFO - Running: ['***', 'tasks', 'run', 'etl_hh', 'load_staging', 'scheduled__2023-11-20T00:00:00+00:00', '--job-id', '237', '--raw', '--subdir', 'DAGS_FOLDER/pipeline.py', '--cfg-path', '/tmp/tmpwmhfkytt', '--error-file', '/tmp/tmp2pbrvdu6']
[2023-11-21 06:00:16,232] {standard_task_runner.py:80} INFO - Job 237: Subtask load_staging
[2023-11-21 06:00:16,373] {task_command.py:371} INFO - Running <TaskInstance: etl_hh.load_staging scheduled__2023-11-20T00:00:00+00:00 [running]> on host f44f09cebae7
[2023-11-21 06:00:16,560] {taskinstance.py:1591} INFO - Exporting the following env vars:
AIRFLOW_CTX_DAG_OWNER=***
AIRFLOW_CTX_DAG_ID=etl_hh
AIRFLOW_CTX_TASK_ID=load_staging
AIRFLOW_CTX_EXECUTION_DATE=2023-11-20T00:00:00+00:00
AIRFLOW_CTX_TRY_NUMBER=1
AIRFLOW_CTX_DAG_RUN_ID=scheduled__2023-11-20T00:00:00+00:00
[2023-11-21 06:00:20,277] {python.py:173} INFO - Done. Returned value was: None
[2023-11-21 06:00:20,300] {taskinstance.py:1420} INFO - Marking task as SUCCESS. dag_id=etl_hh, task_id=load_staging, execution_date=20231120T000000, start_date=20231121T060016, end_date=20231121T060020
[2023-11-21 06:00:20,356] {local_task_job.py:156} INFO - Task exited with return code 0
[2023-11-21 06:00:20,507] {local_task_job.py:273} INFO - 1 downstream tasks scheduled from follow-on schedule check
[2023-11-21 08:22:16,098] {taskinstance.py:1179} INFO - Dependencies all met for <TaskInstance: etl_hh.load_staging scheduled__2023-11-20T00:00:00+00:00 [queued]>
[2023-11-21 08:22:16,130] {taskinstance.py:1179} INFO - Dependencies all met for <TaskInstance: etl_hh.load_staging scheduled__2023-11-20T00:00:00+00:00 [queued]>
[2023-11-21 08:22:16,132] {taskinstance.py:1376} INFO - 
--------------------------------------------------------------------------------
[2023-11-21 08:22:16,133] {taskinstance.py:1377} INFO - Starting attempt 1 of 2
[2023-11-21 08:22:16,133] {taskinstance.py:1378} INFO - 
--------------------------------------------------------------------------------
[2023-11-21 08:22:16,194] {taskinstance.py:1397} INFO - Executing <Task(PythonOperator): load_staging> on 2023-11-20 00:00:00+00:00
[2023-11-21 08:22:16,206] {standard_task_runner.py:52} INFO - Started process 5123 to run task
[2023-11-21 08:22:16,211] {standard_task_runner.py:79} INFO - Running: ['***', 'tasks', 'run', 'etl_hh', 'load_staging', 'scheduled__2023-11-20T00:00:00+00:00', '--job-id', '245', '--raw', '--subdir', 'DAGS_FOLDER/pipeline.py', '--cfg-path', '/tmp/tmpm31nggg2', '--error-file', '/tmp/tmpey645bu8']
[2023-11-21 08:22:16,213] {standard_task_runner.py:80} INFO - Job 245: Subtask load_staging
[2023-11-21 08:22:16,416] {task_command.py:371} INFO - Running <TaskInstance: etl_hh.load_staging scheduled__2023-11-20T00:00:00+00:00 [running]> on host f44f09cebae7
[2023-11-21 08:22:16,570] {taskinstance.py:1591} INFO - Exporting the following env vars:
AIRFLOW_CTX_DAG_OWNER=***
AIRFLOW_CTX_DAG_ID=etl_hh
AIRFLOW_CTX_TASK_ID=load_staging
AIRFLOW_CTX_EXECUTION_DATE=2023-11-20T00:00:00+00:00
AIRFLOW_CTX_TRY_NUMBER=1
AIRFLOW_CTX_DAG_RUN_ID=scheduled__2023-11-20T00:00:00+00:00
[2023-11-21 08:22:35,973] {python.py:173} INFO - Done. Returned value was: None
[2023-11-21 08:22:35,999] {taskinstance.py:1420} INFO - Marking task as SUCCESS. dag_id=etl_hh, task_id=load_staging, execution_date=20231120T000000, start_date=20231121T082216, end_date=20231121T082235
[2023-11-21 08:22:36,048] {local_task_job.py:156} INFO - Task exited with return code 0
[2023-11-21 08:22:36,130] {local_task_job.py:273} INFO - 1 downstream tasks scheduled from follow-on schedule check
[2023-11-21 15:08:49,867] {taskinstance.py:1179} INFO - Dependencies all met for <TaskInstance: etl_hh.load_staging scheduled__2023-11-20T00:00:00+00:00 [queued]>
[2023-11-21 15:08:49,898] {taskinstance.py:1179} INFO - Dependencies all met for <TaskInstance: etl_hh.load_staging scheduled__2023-11-20T00:00:00+00:00 [queued]>
[2023-11-21 15:08:49,899] {taskinstance.py:1376} INFO - 
--------------------------------------------------------------------------------
[2023-11-21 15:08:49,900] {taskinstance.py:1377} INFO - Starting attempt 1 of 2
[2023-11-21 15:08:49,901] {taskinstance.py:1378} INFO - 
--------------------------------------------------------------------------------
[2023-11-21 15:08:49,940] {taskinstance.py:1397} INFO - Executing <Task(PythonOperator): load_staging> on 2023-11-20 00:00:00+00:00
[2023-11-21 15:08:49,950] {standard_task_runner.py:52} INFO - Started process 1156 to run task
[2023-11-21 15:08:49,954] {standard_task_runner.py:79} INFO - Running: ['***', 'tasks', 'run', 'etl_hh', 'load_staging', 'scheduled__2023-11-20T00:00:00+00:00', '--job-id', '251', '--raw', '--subdir', 'DAGS_FOLDER/pipeline.py', '--cfg-path', '/tmp/tmpltyxtz8y', '--error-file', '/tmp/tmpc485058b']
[2023-11-21 15:08:49,955] {standard_task_runner.py:80} INFO - Job 251: Subtask load_staging
[2023-11-21 15:08:50,113] {task_command.py:371} INFO - Running <TaskInstance: etl_hh.load_staging scheduled__2023-11-20T00:00:00+00:00 [running]> on host f44f09cebae7
[2023-11-21 15:08:50,336] {taskinstance.py:1591} INFO - Exporting the following env vars:
AIRFLOW_CTX_DAG_OWNER=***
AIRFLOW_CTX_DAG_ID=etl_hh
AIRFLOW_CTX_TASK_ID=load_staging
AIRFLOW_CTX_EXECUTION_DATE=2023-11-20T00:00:00+00:00
AIRFLOW_CTX_TRY_NUMBER=1
AIRFLOW_CTX_DAG_RUN_ID=scheduled__2023-11-20T00:00:00+00:00
[2023-11-21 15:09:12,741] {python.py:173} INFO - Done. Returned value was: None
[2023-11-21 15:09:12,777] {taskinstance.py:1420} INFO - Marking task as SUCCESS. dag_id=etl_hh, task_id=load_staging, execution_date=20231120T000000, start_date=20231121T150849, end_date=20231121T150912
[2023-11-21 15:09:12,857] {local_task_job.py:156} INFO - Task exited with return code 0
[2023-11-21 15:09:13,033] {local_task_job.py:273} INFO - 1 downstream tasks scheduled from follow-on schedule check
[2023-11-21 15:26:42,013] {taskinstance.py:1179} INFO - Dependencies all met for <TaskInstance: etl_hh.load_staging scheduled__2023-11-20T00:00:00+00:00 [queued]>
[2023-11-21 15:26:42,043] {taskinstance.py:1179} INFO - Dependencies all met for <TaskInstance: etl_hh.load_staging scheduled__2023-11-20T00:00:00+00:00 [queued]>
[2023-11-21 15:26:42,044] {taskinstance.py:1376} INFO - 
--------------------------------------------------------------------------------
[2023-11-21 15:26:42,045] {taskinstance.py:1377} INFO - Starting attempt 1 of 2
[2023-11-21 15:26:42,046] {taskinstance.py:1378} INFO - 
--------------------------------------------------------------------------------
[2023-11-21 15:26:42,094] {taskinstance.py:1397} INFO - Executing <Task(PythonOperator): load_staging> on 2023-11-20 00:00:00+00:00
[2023-11-21 15:26:42,106] {standard_task_runner.py:52} INFO - Started process 276 to run task
[2023-11-21 15:26:42,111] {standard_task_runner.py:79} INFO - Running: ['***', 'tasks', 'run', 'etl_hh', 'load_staging', 'scheduled__2023-11-20T00:00:00+00:00', '--job-id', '270', '--raw', '--subdir', 'DAGS_FOLDER/pipeline.py', '--cfg-path', '/tmp/tmpc1f5i9ht', '--error-file', '/tmp/tmphxgjvtyf']
[2023-11-21 15:26:42,113] {standard_task_runner.py:80} INFO - Job 270: Subtask load_staging
[2023-11-21 15:26:42,243] {task_command.py:371} INFO - Running <TaskInstance: etl_hh.load_staging scheduled__2023-11-20T00:00:00+00:00 [running]> on host b47ed23e9d21
[2023-11-21 15:26:42,415] {taskinstance.py:1591} INFO - Exporting the following env vars:
AIRFLOW_CTX_DAG_OWNER=***
AIRFLOW_CTX_DAG_ID=etl_hh
AIRFLOW_CTX_TASK_ID=load_staging
AIRFLOW_CTX_EXECUTION_DATE=2023-11-20T00:00:00+00:00
AIRFLOW_CTX_TRY_NUMBER=1
AIRFLOW_CTX_DAG_RUN_ID=scheduled__2023-11-20T00:00:00+00:00
[2023-11-21 15:27:02,092] {python.py:173} INFO - Done. Returned value was: None
[2023-11-21 15:27:02,123] {taskinstance.py:1420} INFO - Marking task as SUCCESS. dag_id=etl_hh, task_id=load_staging, execution_date=20231120T000000, start_date=20231121T152642, end_date=20231121T152702
[2023-11-21 15:27:02,179] {local_task_job.py:156} INFO - Task exited with return code 0
[2023-11-21 15:27:02,299] {local_task_job.py:273} INFO - 1 downstream tasks scheduled from follow-on schedule check
[2023-11-21 15:43:49,858] {taskinstance.py:1179} INFO - Dependencies all met for <TaskInstance: etl_hh.load_staging scheduled__2023-11-20T00:00:00+00:00 [queued]>
[2023-11-21 15:43:49,878] {taskinstance.py:1179} INFO - Dependencies all met for <TaskInstance: etl_hh.load_staging scheduled__2023-11-20T00:00:00+00:00 [queued]>
[2023-11-21 15:43:49,880] {taskinstance.py:1376} INFO - 
--------------------------------------------------------------------------------
[2023-11-21 15:43:49,880] {taskinstance.py:1377} INFO - Starting attempt 1 of 2
[2023-11-21 15:43:49,881] {taskinstance.py:1378} INFO - 
--------------------------------------------------------------------------------
[2023-11-21 15:43:49,905] {taskinstance.py:1397} INFO - Executing <Task(PythonOperator): load_staging> on 2023-11-20 00:00:00+00:00
[2023-11-21 15:43:49,912] {standard_task_runner.py:52} INFO - Started process 1037 to run task
[2023-11-21 15:43:49,917] {standard_task_runner.py:79} INFO - Running: ['***', 'tasks', 'run', 'etl_hh', 'load_staging', 'scheduled__2023-11-20T00:00:00+00:00', '--job-id', '284', '--raw', '--subdir', 'DAGS_FOLDER/pipeline.py', '--cfg-path', '/tmp/tmpfndjl0lq', '--error-file', '/tmp/tmpimtrktxc']
[2023-11-21 15:43:49,918] {standard_task_runner.py:80} INFO - Job 284: Subtask load_staging
[2023-11-21 15:43:50,013] {task_command.py:371} INFO - Running <TaskInstance: etl_hh.load_staging scheduled__2023-11-20T00:00:00+00:00 [running]> on host b47ed23e9d21
[2023-11-21 15:43:50,122] {taskinstance.py:1591} INFO - Exporting the following env vars:
AIRFLOW_CTX_DAG_OWNER=***
AIRFLOW_CTX_DAG_ID=etl_hh
AIRFLOW_CTX_TASK_ID=load_staging
AIRFLOW_CTX_EXECUTION_DATE=2023-11-20T00:00:00+00:00
AIRFLOW_CTX_TRY_NUMBER=1
AIRFLOW_CTX_DAG_RUN_ID=scheduled__2023-11-20T00:00:00+00:00
[2023-11-21 15:44:07,184] {python.py:173} INFO - Done. Returned value was: None
[2023-11-21 15:44:07,209] {taskinstance.py:1420} INFO - Marking task as SUCCESS. dag_id=etl_hh, task_id=load_staging, execution_date=20231120T000000, start_date=20231121T154349, end_date=20231121T154407
[2023-11-21 15:44:07,268] {local_task_job.py:156} INFO - Task exited with return code 0
[2023-11-21 15:44:07,346] {local_task_job.py:273} INFO - 1 downstream tasks scheduled from follow-on schedule check
[2023-11-21 16:02:56,312] {taskinstance.py:1179} INFO - Dependencies all met for <TaskInstance: etl_hh.load_staging scheduled__2023-11-20T00:00:00+00:00 [queued]>
[2023-11-21 16:02:56,362] {taskinstance.py:1179} INFO - Dependencies all met for <TaskInstance: etl_hh.load_staging scheduled__2023-11-20T00:00:00+00:00 [queued]>
[2023-11-21 16:02:56,364] {taskinstance.py:1376} INFO - 
--------------------------------------------------------------------------------
[2023-11-21 16:02:56,365] {taskinstance.py:1377} INFO - Starting attempt 1 of 2
[2023-11-21 16:02:56,366] {taskinstance.py:1378} INFO - 
--------------------------------------------------------------------------------
[2023-11-21 16:02:56,434] {taskinstance.py:1397} INFO - Executing <Task(PythonOperator): load_staging> on 2023-11-20 00:00:00+00:00
[2023-11-21 16:02:56,444] {standard_task_runner.py:52} INFO - Started process 1905 to run task
[2023-11-21 16:02:56,450] {standard_task_runner.py:79} INFO - Running: ['***', 'tasks', 'run', 'etl_hh', 'load_staging', 'scheduled__2023-11-20T00:00:00+00:00', '--job-id', '297', '--raw', '--subdir', 'DAGS_FOLDER/pipeline.py', '--cfg-path', '/tmp/tmpwh7adwdx', '--error-file', '/tmp/tmp6y_0ltvz']
[2023-11-21 16:02:56,451] {standard_task_runner.py:80} INFO - Job 297: Subtask load_staging
[2023-11-21 16:02:56,595] {task_command.py:371} INFO - Running <TaskInstance: etl_hh.load_staging scheduled__2023-11-20T00:00:00+00:00 [running]> on host b47ed23e9d21
[2023-11-21 16:02:56,763] {taskinstance.py:1591} INFO - Exporting the following env vars:
AIRFLOW_CTX_DAG_OWNER=***
AIRFLOW_CTX_DAG_ID=etl_hh
AIRFLOW_CTX_TASK_ID=load_staging
AIRFLOW_CTX_EXECUTION_DATE=2023-11-20T00:00:00+00:00
AIRFLOW_CTX_TRY_NUMBER=1
AIRFLOW_CTX_DAG_RUN_ID=scheduled__2023-11-20T00:00:00+00:00
[2023-11-21 16:02:59,992] {python.py:173} INFO - Done. Returned value was: None
[2023-11-21 16:03:00,013] {taskinstance.py:1420} INFO - Marking task as SUCCESS. dag_id=etl_hh, task_id=load_staging, execution_date=20231120T000000, start_date=20231121T160256, end_date=20231121T160300
[2023-11-21 16:03:00,082] {local_task_job.py:156} INFO - Task exited with return code 0
[2023-11-21 16:03:00,143] {local_task_job.py:273} INFO - 0 downstream tasks scheduled from follow-on schedule check
[2023-11-21 16:04:56,466] {taskinstance.py:1179} INFO - Dependencies all met for <TaskInstance: etl_hh.load_staging scheduled__2023-11-20T00:00:00+00:00 [queued]>
[2023-11-21 16:04:56,489] {taskinstance.py:1179} INFO - Dependencies all met for <TaskInstance: etl_hh.load_staging scheduled__2023-11-20T00:00:00+00:00 [queued]>
[2023-11-21 16:04:56,490] {taskinstance.py:1376} INFO - 
--------------------------------------------------------------------------------
[2023-11-21 16:04:56,491] {taskinstance.py:1377} INFO - Starting attempt 1 of 2
[2023-11-21 16:04:56,492] {taskinstance.py:1378} INFO - 
--------------------------------------------------------------------------------
[2023-11-21 16:04:56,520] {taskinstance.py:1397} INFO - Executing <Task(PythonOperator): load_staging> on 2023-11-20 00:00:00+00:00
[2023-11-21 16:04:56,528] {standard_task_runner.py:52} INFO - Started process 2002 to run task
[2023-11-21 16:04:56,532] {standard_task_runner.py:79} INFO - Running: ['***', 'tasks', 'run', 'etl_hh', 'load_staging', 'scheduled__2023-11-20T00:00:00+00:00', '--job-id', '307', '--raw', '--subdir', 'DAGS_FOLDER/pipeline.py', '--cfg-path', '/tmp/tmp0mq6gf6_', '--error-file', '/tmp/tmpa_xx0tpe']
[2023-11-21 16:04:56,533] {standard_task_runner.py:80} INFO - Job 307: Subtask load_staging
[2023-11-21 16:04:56,663] {task_command.py:371} INFO - Running <TaskInstance: etl_hh.load_staging scheduled__2023-11-20T00:00:00+00:00 [running]> on host b47ed23e9d21
[2023-11-21 16:04:56,829] {taskinstance.py:1591} INFO - Exporting the following env vars:
AIRFLOW_CTX_DAG_OWNER=***
AIRFLOW_CTX_DAG_ID=etl_hh
AIRFLOW_CTX_TASK_ID=load_staging
AIRFLOW_CTX_EXECUTION_DATE=2023-11-20T00:00:00+00:00
AIRFLOW_CTX_TRY_NUMBER=1
AIRFLOW_CTX_DAG_RUN_ID=scheduled__2023-11-20T00:00:00+00:00
[2023-11-21 16:04:59,507] {python.py:173} INFO - Done. Returned value was: None
[2023-11-21 16:04:59,533] {taskinstance.py:1420} INFO - Marking task as SUCCESS. dag_id=etl_hh, task_id=load_staging, execution_date=20231120T000000, start_date=20231121T160456, end_date=20231121T160459
[2023-11-21 16:04:59,597] {local_task_job.py:156} INFO - Task exited with return code 0
[2023-11-21 16:04:59,690] {local_task_job.py:273} INFO - 1 downstream tasks scheduled from follow-on schedule check
[2023-11-21 16:14:01,895] {taskinstance.py:1179} INFO - Dependencies all met for <TaskInstance: etl_hh.load_staging scheduled__2023-11-20T00:00:00+00:00 [queued]>
[2023-11-21 16:14:01,916] {taskinstance.py:1179} INFO - Dependencies all met for <TaskInstance: etl_hh.load_staging scheduled__2023-11-20T00:00:00+00:00 [queued]>
[2023-11-21 16:14:01,917] {taskinstance.py:1376} INFO - 
--------------------------------------------------------------------------------
[2023-11-21 16:14:01,917] {taskinstance.py:1377} INFO - Starting attempt 1 of 2
[2023-11-21 16:14:01,918] {taskinstance.py:1378} INFO - 
--------------------------------------------------------------------------------
[2023-11-21 16:14:01,940] {taskinstance.py:1397} INFO - Executing <Task(PythonOperator): load_staging> on 2023-11-20 00:00:00+00:00
[2023-11-21 16:14:01,947] {standard_task_runner.py:52} INFO - Started process 2438 to run task
[2023-11-21 16:14:01,952] {standard_task_runner.py:79} INFO - Running: ['***', 'tasks', 'run', 'etl_hh', 'load_staging', 'scheduled__2023-11-20T00:00:00+00:00', '--job-id', '322', '--raw', '--subdir', 'DAGS_FOLDER/pipeline.py', '--cfg-path', '/tmp/tmpq8u91l6d', '--error-file', '/tmp/tmp53ls06kf']
[2023-11-21 16:14:01,953] {standard_task_runner.py:80} INFO - Job 322: Subtask load_staging
[2023-11-21 16:14:02,055] {task_command.py:371} INFO - Running <TaskInstance: etl_hh.load_staging scheduled__2023-11-20T00:00:00+00:00 [running]> on host b47ed23e9d21
[2023-11-21 16:14:02,172] {taskinstance.py:1591} INFO - Exporting the following env vars:
AIRFLOW_CTX_DAG_OWNER=***
AIRFLOW_CTX_DAG_ID=etl_hh
AIRFLOW_CTX_TASK_ID=load_staging
AIRFLOW_CTX_EXECUTION_DATE=2023-11-20T00:00:00+00:00
AIRFLOW_CTX_TRY_NUMBER=1
AIRFLOW_CTX_DAG_RUN_ID=scheduled__2023-11-20T00:00:00+00:00
[2023-11-21 16:14:19,337] {python.py:173} INFO - Done. Returned value was: None
[2023-11-21 16:14:19,356] {taskinstance.py:1420} INFO - Marking task as SUCCESS. dag_id=etl_hh, task_id=load_staging, execution_date=20231120T000000, start_date=20231121T161401, end_date=20231121T161419
[2023-11-21 16:14:19,411] {local_task_job.py:156} INFO - Task exited with return code 0
[2023-11-21 16:14:19,479] {local_task_job.py:273} INFO - 0 downstream tasks scheduled from follow-on schedule check
