[2023-10-23 18:08:39,928] {processor.py:153} INFO - Started process (PID=60) to work on /opt/airflow/dags/first_dag.py
[2023-10-23 18:08:39,930] {processor.py:641} INFO - Processing file /opt/airflow/dags/first_dag.py for tasks to queue
[2023-10-23 18:08:39,932] {logging_mixin.py:115} INFO - [2023-10-23 18:08:39,931] {dagbag.py:508} INFO - Filling up the DagBag from /opt/airflow/dags/first_dag.py
[2023-10-23 18:08:40,024] {processor.py:651} INFO - DAG(s) dict_keys(['mydag']) retrieved from /opt/airflow/dags/first_dag.py
[2023-10-23 18:08:40,208] {logging_mixin.py:115} INFO - [2023-10-23 18:08:40,208] {manager.py:508} INFO - Created Permission View: can delete on DAG:mydag
[2023-10-23 18:08:40,232] {logging_mixin.py:115} INFO - [2023-10-23 18:08:40,232] {manager.py:508} INFO - Created Permission View: can read on DAG:mydag
[2023-10-23 18:08:40,250] {logging_mixin.py:115} INFO - [2023-10-23 18:08:40,250] {manager.py:508} INFO - Created Permission View: can edit on DAG:mydag
[2023-10-23 18:08:40,251] {logging_mixin.py:115} INFO - [2023-10-23 18:08:40,251] {dag.py:2420} INFO - Sync 1 DAGs
[2023-10-23 18:08:40,281] {logging_mixin.py:115} INFO - [2023-10-23 18:08:40,281] {dag.py:2439} INFO - Creating ORM DAG for mydag
[2023-10-23 18:08:40,312] {logging_mixin.py:115} INFO - [2023-10-23 18:08:40,312] {dag.py:2972} INFO - Setting next_dagrun for mydag to 2018-11-01T00:00:00+00:00, run_after=2018-11-01T00:00:00+00:00
[2023-10-23 18:08:40,349] {processor.py:161} INFO - Processing /opt/airflow/dags/first_dag.py took 0.435 seconds
[2023-10-23 18:09:10,618] {processor.py:153} INFO - Started process (PID=116) to work on /opt/airflow/dags/first_dag.py
[2023-10-23 18:09:10,619] {processor.py:641} INFO - Processing file /opt/airflow/dags/first_dag.py for tasks to queue
[2023-10-23 18:09:10,620] {logging_mixin.py:115} INFO - [2023-10-23 18:09:10,620] {dagbag.py:508} INFO - Filling up the DagBag from /opt/airflow/dags/first_dag.py
[2023-10-23 18:09:10,658] {processor.py:651} INFO - DAG(s) dict_keys(['mydag']) retrieved from /opt/airflow/dags/first_dag.py
[2023-10-23 18:09:10,691] {logging_mixin.py:115} INFO - [2023-10-23 18:09:10,691] {dag.py:2420} INFO - Sync 1 DAGs
[2023-10-23 18:09:10,727] {logging_mixin.py:115} INFO - [2023-10-23 18:09:10,726] {dag.py:2972} INFO - Setting next_dagrun for mydag to 2018-11-01T00:00:00+00:00, run_after=2018-11-01T00:00:00+00:00
[2023-10-23 18:09:10,752] {processor.py:161} INFO - Processing /opt/airflow/dags/first_dag.py took 0.138 seconds
[2023-10-23 18:09:41,082] {processor.py:153} INFO - Started process (PID=181) to work on /opt/airflow/dags/first_dag.py
[2023-10-23 18:09:41,084] {processor.py:641} INFO - Processing file /opt/airflow/dags/first_dag.py for tasks to queue
[2023-10-23 18:09:41,085] {logging_mixin.py:115} INFO - [2023-10-23 18:09:41,085] {dagbag.py:508} INFO - Filling up the DagBag from /opt/airflow/dags/first_dag.py
[2023-10-23 18:09:41,142] {processor.py:651} INFO - DAG(s) dict_keys(['mydag']) retrieved from /opt/airflow/dags/first_dag.py
[2023-10-23 18:09:41,248] {logging_mixin.py:115} INFO - [2023-10-23 18:09:41,248] {dag.py:2420} INFO - Sync 1 DAGs
[2023-10-23 18:09:41,303] {logging_mixin.py:115} INFO - [2023-10-23 18:09:41,303] {dag.py:2972} INFO - Setting next_dagrun for mydag to None, run_after=None
[2023-10-23 18:09:41,331] {processor.py:161} INFO - Processing /opt/airflow/dags/first_dag.py took 0.253 seconds
[2023-10-23 18:10:12,204] {processor.py:153} INFO - Started process (PID=237) to work on /opt/airflow/dags/first_dag.py
[2023-10-23 18:10:12,205] {processor.py:641} INFO - Processing file /opt/airflow/dags/first_dag.py for tasks to queue
[2023-10-23 18:10:12,207] {logging_mixin.py:115} INFO - [2023-10-23 18:10:12,206] {dagbag.py:508} INFO - Filling up the DagBag from /opt/airflow/dags/first_dag.py
[2023-10-23 18:10:12,245] {processor.py:651} INFO - DAG(s) dict_keys(['mydag']) retrieved from /opt/airflow/dags/first_dag.py
[2023-10-23 18:10:12,278] {logging_mixin.py:115} INFO - [2023-10-23 18:10:12,278] {dag.py:2420} INFO - Sync 1 DAGs
[2023-10-23 18:10:12,313] {logging_mixin.py:115} INFO - [2023-10-23 18:10:12,312] {dag.py:2972} INFO - Setting next_dagrun for mydag to None, run_after=None
[2023-10-23 18:10:12,335] {processor.py:161} INFO - Processing /opt/airflow/dags/first_dag.py took 0.136 seconds
[2023-10-23 18:10:21,437] {processor.py:153} INFO - Started process (PID=284) to work on /opt/airflow/dags/first_dag.py
[2023-10-23 18:10:21,438] {processor.py:641} INFO - Processing file /opt/airflow/dags/first_dag.py for tasks to queue
[2023-10-23 18:10:21,440] {logging_mixin.py:115} INFO - [2023-10-23 18:10:21,440] {dagbag.py:508} INFO - Filling up the DagBag from /opt/airflow/dags/first_dag.py
[2023-10-23 18:10:21,514] {processor.py:651} INFO - DAG(s) dict_keys(['mydag']) retrieved from /opt/airflow/dags/first_dag.py
[2023-10-23 18:10:21,613] {logging_mixin.py:115} INFO - [2023-10-23 18:10:21,613] {dag.py:2420} INFO - Sync 1 DAGs
[2023-10-23 18:10:21,648] {logging_mixin.py:115} INFO - [2023-10-23 18:10:21,648] {dag.py:2972} INFO - Setting next_dagrun for mydag to None, run_after=None
[2023-10-23 18:10:21,685] {processor.py:161} INFO - Processing /opt/airflow/dags/first_dag.py took 0.251 seconds
[2023-10-23 18:10:51,768] {processor.py:153} INFO - Started process (PID=349) to work on /opt/airflow/dags/first_dag.py
[2023-10-23 18:10:51,769] {processor.py:641} INFO - Processing file /opt/airflow/dags/first_dag.py for tasks to queue
[2023-10-23 18:10:51,770] {logging_mixin.py:115} INFO - [2023-10-23 18:10:51,770] {dagbag.py:508} INFO - Filling up the DagBag from /opt/airflow/dags/first_dag.py
[2023-10-23 18:10:51,809] {processor.py:651} INFO - DAG(s) dict_keys(['mydag']) retrieved from /opt/airflow/dags/first_dag.py
[2023-10-23 18:10:51,839] {logging_mixin.py:115} INFO - [2023-10-23 18:10:51,839] {dag.py:2420} INFO - Sync 1 DAGs
[2023-10-23 18:10:51,876] {logging_mixin.py:115} INFO - [2023-10-23 18:10:51,876] {dag.py:2972} INFO - Setting next_dagrun for mydag to None, run_after=None
[2023-10-23 18:10:51,895] {processor.py:161} INFO - Processing /opt/airflow/dags/first_dag.py took 0.132 seconds
[2023-10-23 18:11:22,354] {processor.py:153} INFO - Started process (PID=409) to work on /opt/airflow/dags/first_dag.py
[2023-10-23 18:11:22,355] {processor.py:641} INFO - Processing file /opt/airflow/dags/first_dag.py for tasks to queue
[2023-10-23 18:11:22,357] {logging_mixin.py:115} INFO - [2023-10-23 18:11:22,357] {dagbag.py:508} INFO - Filling up the DagBag from /opt/airflow/dags/first_dag.py
[2023-10-23 18:11:22,401] {processor.py:651} INFO - DAG(s) dict_keys(['mydag']) retrieved from /opt/airflow/dags/first_dag.py
[2023-10-23 18:11:22,445] {logging_mixin.py:115} INFO - [2023-10-23 18:11:22,444] {dag.py:2420} INFO - Sync 1 DAGs
[2023-10-23 18:11:22,489] {logging_mixin.py:115} INFO - [2023-10-23 18:11:22,488] {dag.py:2972} INFO - Setting next_dagrun for mydag to None, run_after=None
[2023-10-23 18:11:22,510] {processor.py:161} INFO - Processing /opt/airflow/dags/first_dag.py took 0.160 seconds
[2023-10-23 18:11:26,420] {processor.py:153} INFO - Started process (PID=417) to work on /opt/airflow/dags/first_dag.py
[2023-10-23 18:11:26,422] {processor.py:641} INFO - Processing file /opt/airflow/dags/first_dag.py for tasks to queue
[2023-10-23 18:11:26,424] {logging_mixin.py:115} INFO - [2023-10-23 18:11:26,424] {dagbag.py:508} INFO - Filling up the DagBag from /opt/airflow/dags/first_dag.py
[2023-10-23 18:11:26,498] {processor.py:651} INFO - DAG(s) dict_keys(['mydag']) retrieved from /opt/airflow/dags/first_dag.py
[2023-10-23 18:11:26,533] {logging_mixin.py:115} INFO - [2023-10-23 18:11:26,533] {dag.py:2420} INFO - Sync 1 DAGs
[2023-10-23 18:11:26,604] {logging_mixin.py:115} INFO - [2023-10-23 18:11:26,603] {dag.py:2972} INFO - Setting next_dagrun for mydag to None, run_after=None
[2023-10-23 18:11:26,646] {processor.py:161} INFO - Processing /opt/airflow/dags/first_dag.py took 0.231 seconds
[2023-10-23 18:12:23,123] {processor.py:153} INFO - Started process (PID=60) to work on /opt/airflow/dags/first_dag.py
[2023-10-23 18:12:23,130] {processor.py:641} INFO - Processing file /opt/airflow/dags/first_dag.py for tasks to queue
[2023-10-23 18:12:23,131] {logging_mixin.py:115} INFO - [2023-10-23 18:12:23,131] {dagbag.py:508} INFO - Filling up the DagBag from /opt/airflow/dags/first_dag.py
[2023-10-23 18:12:23,194] {processor.py:651} INFO - DAG(s) dict_keys(['mydag']) retrieved from /opt/airflow/dags/first_dag.py
[2023-10-23 18:12:23,244] {logging_mixin.py:115} INFO - [2023-10-23 18:12:23,244] {dag.py:2420} INFO - Sync 1 DAGs
[2023-10-23 18:12:23,303] {logging_mixin.py:115} INFO - [2023-10-23 18:12:23,303] {dag.py:2972} INFO - Setting next_dagrun for mydag to None, run_after=None
[2023-10-23 18:12:23,333] {processor.py:161} INFO - Processing /opt/airflow/dags/first_dag.py took 0.216 seconds
[2023-10-23 18:12:53,454] {processor.py:153} INFO - Started process (PID=116) to work on /opt/airflow/dags/first_dag.py
[2023-10-23 18:12:53,455] {processor.py:641} INFO - Processing file /opt/airflow/dags/first_dag.py for tasks to queue
[2023-10-23 18:12:53,456] {logging_mixin.py:115} INFO - [2023-10-23 18:12:53,455] {dagbag.py:508} INFO - Filling up the DagBag from /opt/airflow/dags/first_dag.py
[2023-10-23 18:12:53,488] {processor.py:651} INFO - DAG(s) dict_keys(['mydag']) retrieved from /opt/airflow/dags/first_dag.py
[2023-10-23 18:12:53,515] {logging_mixin.py:115} INFO - [2023-10-23 18:12:53,515] {dag.py:2420} INFO - Sync 1 DAGs
[2023-10-23 18:12:53,545] {logging_mixin.py:115} INFO - [2023-10-23 18:12:53,545] {dag.py:2972} INFO - Setting next_dagrun for mydag to None, run_after=None
[2023-10-23 18:12:53,563] {processor.py:161} INFO - Processing /opt/airflow/dags/first_dag.py took 0.112 seconds
[2023-10-23 18:13:23,750] {processor.py:153} INFO - Started process (PID=181) to work on /opt/airflow/dags/first_dag.py
[2023-10-23 18:13:23,751] {processor.py:641} INFO - Processing file /opt/airflow/dags/first_dag.py for tasks to queue
[2023-10-23 18:13:23,753] {logging_mixin.py:115} INFO - [2023-10-23 18:13:23,752] {dagbag.py:508} INFO - Filling up the DagBag from /opt/airflow/dags/first_dag.py
[2023-10-23 18:13:23,792] {processor.py:651} INFO - DAG(s) dict_keys(['mydag']) retrieved from /opt/airflow/dags/first_dag.py
[2023-10-23 18:13:23,825] {logging_mixin.py:115} INFO - [2023-10-23 18:13:23,824] {dag.py:2420} INFO - Sync 1 DAGs
[2023-10-23 18:13:23,859] {logging_mixin.py:115} INFO - [2023-10-23 18:13:23,859] {dag.py:2972} INFO - Setting next_dagrun for mydag to None, run_after=None
[2023-10-23 18:13:23,883] {processor.py:161} INFO - Processing /opt/airflow/dags/first_dag.py took 0.136 seconds
[2023-10-23 18:13:54,527] {processor.py:153} INFO - Started process (PID=237) to work on /opt/airflow/dags/first_dag.py
[2023-10-23 18:13:54,528] {processor.py:641} INFO - Processing file /opt/airflow/dags/first_dag.py for tasks to queue
[2023-10-23 18:13:54,529] {logging_mixin.py:115} INFO - [2023-10-23 18:13:54,529] {dagbag.py:508} INFO - Filling up the DagBag from /opt/airflow/dags/first_dag.py
[2023-10-23 18:13:54,568] {processor.py:651} INFO - DAG(s) dict_keys(['mydag']) retrieved from /opt/airflow/dags/first_dag.py
[2023-10-23 18:13:54,602] {logging_mixin.py:115} INFO - [2023-10-23 18:13:54,601] {dag.py:2420} INFO - Sync 1 DAGs
[2023-10-23 18:13:54,633] {logging_mixin.py:115} INFO - [2023-10-23 18:13:54,633] {dag.py:2972} INFO - Setting next_dagrun for mydag to None, run_after=None
[2023-10-23 18:13:54,653] {processor.py:161} INFO - Processing /opt/airflow/dags/first_dag.py took 0.130 seconds
[2023-10-23 18:14:25,315] {processor.py:153} INFO - Started process (PID=302) to work on /opt/airflow/dags/first_dag.py
[2023-10-23 18:14:25,316] {processor.py:641} INFO - Processing file /opt/airflow/dags/first_dag.py for tasks to queue
[2023-10-23 18:14:25,317] {logging_mixin.py:115} INFO - [2023-10-23 18:14:25,317] {dagbag.py:508} INFO - Filling up the DagBag from /opt/airflow/dags/first_dag.py
[2023-10-23 18:14:25,356] {processor.py:651} INFO - DAG(s) dict_keys(['mydag']) retrieved from /opt/airflow/dags/first_dag.py
[2023-10-23 18:14:25,386] {logging_mixin.py:115} INFO - [2023-10-23 18:14:25,386] {dag.py:2420} INFO - Sync 1 DAGs
[2023-10-23 18:14:25,422] {logging_mixin.py:115} INFO - [2023-10-23 18:14:25,421] {dag.py:2972} INFO - Setting next_dagrun for mydag to None, run_after=None
[2023-10-23 18:14:25,442] {processor.py:161} INFO - Processing /opt/airflow/dags/first_dag.py took 0.131 seconds
[2023-10-23 18:14:56,243] {processor.py:153} INFO - Started process (PID=362) to work on /opt/airflow/dags/first_dag.py
[2023-10-23 18:14:56,245] {processor.py:641} INFO - Processing file /opt/airflow/dags/first_dag.py for tasks to queue
[2023-10-23 18:14:56,246] {logging_mixin.py:115} INFO - [2023-10-23 18:14:56,246] {dagbag.py:508} INFO - Filling up the DagBag from /opt/airflow/dags/first_dag.py
[2023-10-23 18:14:56,306] {processor.py:651} INFO - DAG(s) dict_keys(['mydag']) retrieved from /opt/airflow/dags/first_dag.py
[2023-10-23 18:14:56,352] {logging_mixin.py:115} INFO - [2023-10-23 18:14:56,352] {dag.py:2420} INFO - Sync 1 DAGs
[2023-10-23 18:14:56,395] {logging_mixin.py:115} INFO - [2023-10-23 18:14:56,395] {dag.py:2972} INFO - Setting next_dagrun for mydag to None, run_after=None
[2023-10-23 18:14:56,417] {processor.py:161} INFO - Processing /opt/airflow/dags/first_dag.py took 0.177 seconds
[2023-10-23 18:15:27,028] {processor.py:153} INFO - Started process (PID=427) to work on /opt/airflow/dags/first_dag.py
[2023-10-23 18:15:27,029] {processor.py:641} INFO - Processing file /opt/airflow/dags/first_dag.py for tasks to queue
[2023-10-23 18:15:27,031] {logging_mixin.py:115} INFO - [2023-10-23 18:15:27,031] {dagbag.py:508} INFO - Filling up the DagBag from /opt/airflow/dags/first_dag.py
[2023-10-23 18:15:27,072] {processor.py:651} INFO - DAG(s) dict_keys(['mydag']) retrieved from /opt/airflow/dags/first_dag.py
[2023-10-23 18:15:27,106] {logging_mixin.py:115} INFO - [2023-10-23 18:15:27,106] {dag.py:2420} INFO - Sync 1 DAGs
[2023-10-23 18:15:27,146] {logging_mixin.py:115} INFO - [2023-10-23 18:15:27,146] {dag.py:2972} INFO - Setting next_dagrun for mydag to None, run_after=None
[2023-10-23 18:15:27,170] {processor.py:161} INFO - Processing /opt/airflow/dags/first_dag.py took 0.145 seconds
[2023-10-23 18:15:57,342] {processor.py:153} INFO - Started process (PID=483) to work on /opt/airflow/dags/first_dag.py
[2023-10-23 18:15:57,344] {processor.py:641} INFO - Processing file /opt/airflow/dags/first_dag.py for tasks to queue
[2023-10-23 18:15:57,347] {logging_mixin.py:115} INFO - [2023-10-23 18:15:57,347] {dagbag.py:508} INFO - Filling up the DagBag from /opt/airflow/dags/first_dag.py
[2023-10-23 18:15:57,405] {processor.py:651} INFO - DAG(s) dict_keys(['mydag']) retrieved from /opt/airflow/dags/first_dag.py
[2023-10-23 18:15:57,444] {logging_mixin.py:115} INFO - [2023-10-23 18:15:57,444] {dag.py:2420} INFO - Sync 1 DAGs
[2023-10-23 18:15:57,493] {logging_mixin.py:115} INFO - [2023-10-23 18:15:57,493] {dag.py:2972} INFO - Setting next_dagrun for mydag to None, run_after=None
[2023-10-23 18:15:57,520] {processor.py:161} INFO - Processing /opt/airflow/dags/first_dag.py took 0.182 seconds
[2023-10-23 18:16:28,203] {processor.py:153} INFO - Started process (PID=548) to work on /opt/airflow/dags/first_dag.py
[2023-10-23 18:16:28,204] {processor.py:641} INFO - Processing file /opt/airflow/dags/first_dag.py for tasks to queue
[2023-10-23 18:16:28,206] {logging_mixin.py:115} INFO - [2023-10-23 18:16:28,206] {dagbag.py:508} INFO - Filling up the DagBag from /opt/airflow/dags/first_dag.py
[2023-10-23 18:16:28,260] {processor.py:651} INFO - DAG(s) dict_keys(['mydag']) retrieved from /opt/airflow/dags/first_dag.py
[2023-10-23 18:16:28,300] {logging_mixin.py:115} INFO - [2023-10-23 18:16:28,300] {dag.py:2420} INFO - Sync 1 DAGs
[2023-10-23 18:16:28,343] {logging_mixin.py:115} INFO - [2023-10-23 18:16:28,343] {dag.py:2972} INFO - Setting next_dagrun for mydag to None, run_after=None
[2023-10-23 18:16:28,372] {processor.py:161} INFO - Processing /opt/airflow/dags/first_dag.py took 0.174 seconds
[2023-10-23 18:16:58,485] {processor.py:153} INFO - Started process (PID=605) to work on /opt/airflow/dags/first_dag.py
[2023-10-23 18:16:58,486] {processor.py:641} INFO - Processing file /opt/airflow/dags/first_dag.py for tasks to queue
[2023-10-23 18:16:58,488] {logging_mixin.py:115} INFO - [2023-10-23 18:16:58,488] {dagbag.py:508} INFO - Filling up the DagBag from /opt/airflow/dags/first_dag.py
[2023-10-23 18:16:58,534] {processor.py:651} INFO - DAG(s) dict_keys(['mydag']) retrieved from /opt/airflow/dags/first_dag.py
[2023-10-23 18:16:58,567] {logging_mixin.py:115} INFO - [2023-10-23 18:16:58,566] {dag.py:2420} INFO - Sync 1 DAGs
[2023-10-23 18:16:58,605] {logging_mixin.py:115} INFO - [2023-10-23 18:16:58,605] {dag.py:2972} INFO - Setting next_dagrun for mydag to None, run_after=None
[2023-10-23 18:16:58,630] {processor.py:161} INFO - Processing /opt/airflow/dags/first_dag.py took 0.149 seconds
[2023-10-23 18:17:29,486] {processor.py:153} INFO - Started process (PID=670) to work on /opt/airflow/dags/first_dag.py
[2023-10-23 18:17:29,487] {processor.py:641} INFO - Processing file /opt/airflow/dags/first_dag.py for tasks to queue
[2023-10-23 18:17:29,488] {logging_mixin.py:115} INFO - [2023-10-23 18:17:29,488] {dagbag.py:508} INFO - Filling up the DagBag from /opt/airflow/dags/first_dag.py
[2023-10-23 18:17:29,534] {processor.py:651} INFO - DAG(s) dict_keys(['mydag']) retrieved from /opt/airflow/dags/first_dag.py
[2023-10-23 18:17:29,570] {logging_mixin.py:115} INFO - [2023-10-23 18:17:29,570] {dag.py:2420} INFO - Sync 1 DAGs
[2023-10-23 18:17:29,617] {logging_mixin.py:115} INFO - [2023-10-23 18:17:29,617] {dag.py:2972} INFO - Setting next_dagrun for mydag to None, run_after=None
[2023-10-23 18:17:29,640] {processor.py:161} INFO - Processing /opt/airflow/dags/first_dag.py took 0.159 seconds
[2023-10-23 18:18:00,330] {processor.py:153} INFO - Started process (PID=726) to work on /opt/airflow/dags/first_dag.py
[2023-10-23 18:18:00,331] {processor.py:641} INFO - Processing file /opt/airflow/dags/first_dag.py for tasks to queue
[2023-10-23 18:18:00,333] {logging_mixin.py:115} INFO - [2023-10-23 18:18:00,333] {dagbag.py:508} INFO - Filling up the DagBag from /opt/airflow/dags/first_dag.py
[2023-10-23 18:18:00,375] {processor.py:651} INFO - DAG(s) dict_keys(['mydag']) retrieved from /opt/airflow/dags/first_dag.py
[2023-10-23 18:18:00,407] {logging_mixin.py:115} INFO - [2023-10-23 18:18:00,407] {dag.py:2420} INFO - Sync 1 DAGs
[2023-10-23 18:18:00,449] {logging_mixin.py:115} INFO - [2023-10-23 18:18:00,449] {dag.py:2972} INFO - Setting next_dagrun for mydag to None, run_after=None
[2023-10-23 18:18:00,472] {processor.py:161} INFO - Processing /opt/airflow/dags/first_dag.py took 0.145 seconds
[2023-10-23 18:18:31,003] {processor.py:153} INFO - Started process (PID=790) to work on /opt/airflow/dags/first_dag.py
[2023-10-23 18:18:31,004] {processor.py:641} INFO - Processing file /opt/airflow/dags/first_dag.py for tasks to queue
[2023-10-23 18:18:31,007] {logging_mixin.py:115} INFO - [2023-10-23 18:18:31,006] {dagbag.py:508} INFO - Filling up the DagBag from /opt/airflow/dags/first_dag.py
[2023-10-23 18:18:31,106] {processor.py:651} INFO - DAG(s) dict_keys(['mydag']) retrieved from /opt/airflow/dags/first_dag.py
[2023-10-23 18:18:31,177] {logging_mixin.py:115} INFO - [2023-10-23 18:18:31,177] {dag.py:2420} INFO - Sync 1 DAGs
[2023-10-23 18:18:31,251] {logging_mixin.py:115} INFO - [2023-10-23 18:18:31,251] {dag.py:2972} INFO - Setting next_dagrun for mydag to None, run_after=None
[2023-10-23 18:18:31,311] {processor.py:161} INFO - Processing /opt/airflow/dags/first_dag.py took 0.314 seconds
[2023-10-23 18:19:01,872] {processor.py:153} INFO - Started process (PID=848) to work on /opt/airflow/dags/first_dag.py
[2023-10-23 18:19:01,874] {processor.py:641} INFO - Processing file /opt/airflow/dags/first_dag.py for tasks to queue
[2023-10-23 18:19:01,876] {logging_mixin.py:115} INFO - [2023-10-23 18:19:01,876] {dagbag.py:508} INFO - Filling up the DagBag from /opt/airflow/dags/first_dag.py
[2023-10-23 18:19:01,954] {processor.py:651} INFO - DAG(s) dict_keys(['mydag']) retrieved from /opt/airflow/dags/first_dag.py
[2023-10-23 18:19:02,017] {logging_mixin.py:115} INFO - [2023-10-23 18:19:02,017] {dag.py:2420} INFO - Sync 1 DAGs
[2023-10-23 18:19:02,104] {logging_mixin.py:115} INFO - [2023-10-23 18:19:02,103] {dag.py:2972} INFO - Setting next_dagrun for mydag to None, run_after=None
[2023-10-23 18:19:02,154] {processor.py:161} INFO - Processing /opt/airflow/dags/first_dag.py took 0.286 seconds
[2023-10-23 18:19:33,222] {processor.py:153} INFO - Started process (PID=904) to work on /opt/airflow/dags/first_dag.py
[2023-10-23 18:19:33,224] {processor.py:641} INFO - Processing file /opt/airflow/dags/first_dag.py for tasks to queue
[2023-10-23 18:19:33,227] {logging_mixin.py:115} INFO - [2023-10-23 18:19:33,226] {dagbag.py:508} INFO - Filling up the DagBag from /opt/airflow/dags/first_dag.py
[2023-10-23 18:19:33,293] {processor.py:651} INFO - DAG(s) dict_keys(['mydag']) retrieved from /opt/airflow/dags/first_dag.py
[2023-10-23 18:19:33,343] {logging_mixin.py:115} INFO - [2023-10-23 18:19:33,343] {dag.py:2420} INFO - Sync 1 DAGs
[2023-10-23 18:19:33,398] {logging_mixin.py:115} INFO - [2023-10-23 18:19:33,398] {dag.py:2972} INFO - Setting next_dagrun for mydag to None, run_after=None
[2023-10-23 18:19:33,426] {processor.py:161} INFO - Processing /opt/airflow/dags/first_dag.py took 0.211 seconds
[2023-10-23 18:20:03,732] {processor.py:153} INFO - Started process (PID=960) to work on /opt/airflow/dags/first_dag.py
[2023-10-23 18:20:03,734] {processor.py:641} INFO - Processing file /opt/airflow/dags/first_dag.py for tasks to queue
[2023-10-23 18:20:03,737] {logging_mixin.py:115} INFO - [2023-10-23 18:20:03,737] {dagbag.py:508} INFO - Filling up the DagBag from /opt/airflow/dags/first_dag.py
[2023-10-23 18:20:03,817] {processor.py:651} INFO - DAG(s) dict_keys(['mydag']) retrieved from /opt/airflow/dags/first_dag.py
[2023-10-23 18:20:03,877] {logging_mixin.py:115} INFO - [2023-10-23 18:20:03,877] {dag.py:2420} INFO - Sync 1 DAGs
[2023-10-23 18:20:03,931] {logging_mixin.py:115} INFO - [2023-10-23 18:20:03,931] {dag.py:2972} INFO - Setting next_dagrun for mydag to None, run_after=None
[2023-10-23 18:20:03,969] {processor.py:161} INFO - Processing /opt/airflow/dags/first_dag.py took 0.245 seconds
[2023-10-23 18:20:34,253] {processor.py:153} INFO - Started process (PID=1015) to work on /opt/airflow/dags/first_dag.py
[2023-10-23 18:20:34,256] {processor.py:641} INFO - Processing file /opt/airflow/dags/first_dag.py for tasks to queue
[2023-10-23 18:20:34,258] {logging_mixin.py:115} INFO - [2023-10-23 18:20:34,258] {dagbag.py:508} INFO - Filling up the DagBag from /opt/airflow/dags/first_dag.py
[2023-10-23 18:20:34,335] {processor.py:651} INFO - DAG(s) dict_keys(['mydag']) retrieved from /opt/airflow/dags/first_dag.py
[2023-10-23 18:20:34,401] {logging_mixin.py:115} INFO - [2023-10-23 18:20:34,401] {dag.py:2420} INFO - Sync 1 DAGs
[2023-10-23 18:20:34,456] {logging_mixin.py:115} INFO - [2023-10-23 18:20:34,456] {dag.py:2972} INFO - Setting next_dagrun for mydag to None, run_after=None
[2023-10-23 18:20:34,486] {processor.py:161} INFO - Processing /opt/airflow/dags/first_dag.py took 0.244 seconds
[2023-10-23 18:21:04,867] {processor.py:153} INFO - Started process (PID=1078) to work on /opt/airflow/dags/first_dag.py
[2023-10-23 18:21:04,870] {processor.py:641} INFO - Processing file /opt/airflow/dags/first_dag.py for tasks to queue
[2023-10-23 18:21:04,871] {logging_mixin.py:115} INFO - [2023-10-23 18:21:04,871] {dagbag.py:508} INFO - Filling up the DagBag from /opt/airflow/dags/first_dag.py
[2023-10-23 18:21:04,950] {processor.py:651} INFO - DAG(s) dict_keys(['mydag']) retrieved from /opt/airflow/dags/first_dag.py
[2023-10-23 18:21:05,004] {logging_mixin.py:115} INFO - [2023-10-23 18:21:05,004] {dag.py:2420} INFO - Sync 1 DAGs
[2023-10-23 18:21:05,068] {logging_mixin.py:115} INFO - [2023-10-23 18:21:05,068] {dag.py:2972} INFO - Setting next_dagrun for mydag to None, run_after=None
[2023-10-23 18:21:05,101] {processor.py:161} INFO - Processing /opt/airflow/dags/first_dag.py took 0.242 seconds
[2023-10-23 18:21:35,192] {processor.py:153} INFO - Started process (PID=1136) to work on /opt/airflow/dags/first_dag.py
[2023-10-23 18:21:35,195] {processor.py:641} INFO - Processing file /opt/airflow/dags/first_dag.py for tasks to queue
[2023-10-23 18:21:35,197] {logging_mixin.py:115} INFO - [2023-10-23 18:21:35,197] {dagbag.py:508} INFO - Filling up the DagBag from /opt/airflow/dags/first_dag.py
[2023-10-23 18:21:35,284] {processor.py:651} INFO - DAG(s) dict_keys(['mydag']) retrieved from /opt/airflow/dags/first_dag.py
[2023-10-23 18:21:35,366] {logging_mixin.py:115} INFO - [2023-10-23 18:21:35,365] {dag.py:2420} INFO - Sync 1 DAGs
[2023-10-23 18:21:35,431] {logging_mixin.py:115} INFO - [2023-10-23 18:21:35,431] {dag.py:2972} INFO - Setting next_dagrun for mydag to None, run_after=None
[2023-10-23 18:21:35,462] {processor.py:161} INFO - Processing /opt/airflow/dags/first_dag.py took 0.278 seconds
[2023-10-23 18:22:06,437] {processor.py:153} INFO - Started process (PID=1192) to work on /opt/airflow/dags/first_dag.py
[2023-10-23 18:22:06,439] {processor.py:641} INFO - Processing file /opt/airflow/dags/first_dag.py for tasks to queue
[2023-10-23 18:22:06,442] {logging_mixin.py:115} INFO - [2023-10-23 18:22:06,441] {dagbag.py:508} INFO - Filling up the DagBag from /opt/airflow/dags/first_dag.py
[2023-10-23 18:22:06,513] {processor.py:651} INFO - DAG(s) dict_keys(['mydag']) retrieved from /opt/airflow/dags/first_dag.py
[2023-10-23 18:22:06,571] {logging_mixin.py:115} INFO - [2023-10-23 18:22:06,571] {dag.py:2420} INFO - Sync 1 DAGs
[2023-10-23 18:22:06,642] {logging_mixin.py:115} INFO - [2023-10-23 18:22:06,642] {dag.py:2972} INFO - Setting next_dagrun for mydag to None, run_after=None
[2023-10-23 18:22:06,678] {processor.py:161} INFO - Processing /opt/airflow/dags/first_dag.py took 0.247 seconds
[2023-10-23 18:22:36,960] {processor.py:153} INFO - Started process (PID=1248) to work on /opt/airflow/dags/first_dag.py
[2023-10-23 18:22:36,962] {processor.py:641} INFO - Processing file /opt/airflow/dags/first_dag.py for tasks to queue
[2023-10-23 18:22:36,965] {logging_mixin.py:115} INFO - [2023-10-23 18:22:36,964] {dagbag.py:508} INFO - Filling up the DagBag from /opt/airflow/dags/first_dag.py
[2023-10-23 18:22:37,048] {processor.py:651} INFO - DAG(s) dict_keys(['mydag']) retrieved from /opt/airflow/dags/first_dag.py
[2023-10-23 18:22:37,122] {logging_mixin.py:115} INFO - [2023-10-23 18:22:37,121] {dag.py:2420} INFO - Sync 1 DAGs
[2023-10-23 18:22:37,206] {logging_mixin.py:115} INFO - [2023-10-23 18:22:37,206] {dag.py:2972} INFO - Setting next_dagrun for mydag to None, run_after=None
[2023-10-23 18:22:37,245] {processor.py:161} INFO - Processing /opt/airflow/dags/first_dag.py took 0.292 seconds
[2023-10-23 18:23:07,639] {processor.py:153} INFO - Started process (PID=1311) to work on /opt/airflow/dags/first_dag.py
[2023-10-23 18:23:07,641] {processor.py:641} INFO - Processing file /opt/airflow/dags/first_dag.py for tasks to queue
[2023-10-23 18:23:07,643] {logging_mixin.py:115} INFO - [2023-10-23 18:23:07,643] {dagbag.py:508} INFO - Filling up the DagBag from /opt/airflow/dags/first_dag.py
[2023-10-23 18:23:07,733] {processor.py:651} INFO - DAG(s) dict_keys(['mydag']) retrieved from /opt/airflow/dags/first_dag.py
[2023-10-23 18:23:07,830] {logging_mixin.py:115} INFO - [2023-10-23 18:23:07,830] {dag.py:2420} INFO - Sync 1 DAGs
[2023-10-23 18:23:07,888] {logging_mixin.py:115} INFO - [2023-10-23 18:23:07,887] {dag.py:2972} INFO - Setting next_dagrun for mydag to None, run_after=None
[2023-10-23 18:23:07,928] {processor.py:161} INFO - Processing /opt/airflow/dags/first_dag.py took 0.296 seconds
