[2023-11-22 06:34:07,266] {taskinstance.py:1179} INFO - Dependencies all met for <TaskInstance: etl_hh.load_core_dim_area scheduled__2023-11-21T00:00:00+00:00 [queued]>
[2023-11-22 06:34:07,283] {taskinstance.py:1179} INFO - Dependencies all met for <TaskInstance: etl_hh.load_core_dim_area scheduled__2023-11-21T00:00:00+00:00 [queued]>
[2023-11-22 06:34:07,284] {taskinstance.py:1376} INFO - 
--------------------------------------------------------------------------------
[2023-11-22 06:34:07,284] {taskinstance.py:1377} INFO - Starting attempt 1 of 2
[2023-11-22 06:34:07,285] {taskinstance.py:1378} INFO - 
--------------------------------------------------------------------------------
[2023-11-22 06:34:07,306] {taskinstance.py:1397} INFO - Executing <Task(PostgresOperator): load_core_dim_area> on 2023-11-21 00:00:00+00:00
[2023-11-22 06:34:07,312] {standard_task_runner.py:52} INFO - Started process 270 to run task
[2023-11-22 06:34:07,315] {standard_task_runner.py:79} INFO - Running: ['***', 'tasks', 'run', 'etl_hh', 'load_core_dim_area', 'scheduled__2023-11-21T00:00:00+00:00', '--job-id', '8', '--raw', '--subdir', 'DAGS_FOLDER/pipeline.py', '--cfg-path', '/tmp/tmprkizcqf6', '--error-file', '/tmp/tmp98n9o4t6']
[2023-11-22 06:34:07,316] {standard_task_runner.py:80} INFO - Job 8: Subtask load_core_dim_area
[2023-11-22 06:34:07,411] {task_command.py:371} INFO - Running <TaskInstance: etl_hh.load_core_dim_area scheduled__2023-11-21T00:00:00+00:00 [running]> on host 9ac5eb002233
[2023-11-22 06:34:07,547] {taskinstance.py:1591} INFO - Exporting the following env vars:
AIRFLOW_CTX_DAG_OWNER=***
AIRFLOW_CTX_DAG_ID=etl_hh
AIRFLOW_CTX_TASK_ID=load_core_dim_area
AIRFLOW_CTX_EXECUTION_DATE=2023-11-21T00:00:00+00:00
AIRFLOW_CTX_TRY_NUMBER=1
AIRFLOW_CTX_DAG_RUN_ID=scheduled__2023-11-21T00:00:00+00:00
[2023-11-22 06:34:07,561] {base.py:68} INFO - Using connection ID 'my_db_conn' for task execution.
[2023-11-22 06:34:07,583] {dbapi.py:231} INFO - Running statement: 
        MERGE INTO core.dim_area AS trg
        USING(
            SELECT DISTINCT 
                area_id,
                area_name
            FROM staging.vacancy) AS src
        ON trg.area_id = src.area_id
        WHEN NOT MATCHED
        THEN INSERT(
            area_id,
            name)
        VALUES(
            src.area_id,
            src.area_name)
        WHEN MATCHED 
            AND (COALESCE(trg.name, '') <> COALESCE(src.area_name, '') 
            OR trg.area_id <> src.area_id )
        THEN UPDATE
        SET 
            area_id = src.area_id, 
            name = src.area_name, parameters: None
[2023-11-22 06:34:07,615] {taskinstance.py:1420} INFO - Marking task as SUCCESS. dag_id=etl_hh, task_id=load_core_dim_area, execution_date=20231121T000000, start_date=20231122T063407, end_date=20231122T063407
[2023-11-22 06:34:07,648] {local_task_job.py:156} INFO - Task exited with return code 0
[2023-11-22 06:34:07,732] {local_task_job.py:273} INFO - 1 downstream tasks scheduled from follow-on schedule check
[2023-11-22 19:13:45,811] {taskinstance.py:1179} INFO - Dependencies all met for <TaskInstance: etl_hh.load_core_dim_area scheduled__2023-11-21T00:00:00+00:00 [queued]>
[2023-11-22 19:13:45,848] {taskinstance.py:1179} INFO - Dependencies all met for <TaskInstance: etl_hh.load_core_dim_area scheduled__2023-11-21T00:00:00+00:00 [queued]>
[2023-11-22 19:13:45,849] {taskinstance.py:1376} INFO - 
--------------------------------------------------------------------------------
[2023-11-22 19:13:45,851] {taskinstance.py:1377} INFO - Starting attempt 1 of 2
[2023-11-22 19:13:45,851] {taskinstance.py:1378} INFO - 
--------------------------------------------------------------------------------
[2023-11-22 19:13:45,886] {taskinstance.py:1397} INFO - Executing <Task(PostgresOperator): load_core_dim_area> on 2023-11-21 00:00:00+00:00
[2023-11-22 19:13:45,894] {standard_task_runner.py:52} INFO - Started process 468 to run task
[2023-11-22 19:13:45,900] {standard_task_runner.py:79} INFO - Running: ['***', 'tasks', 'run', 'etl_hh', 'load_core_dim_area', 'scheduled__2023-11-21T00:00:00+00:00', '--job-id', '48', '--raw', '--subdir', 'DAGS_FOLDER/pipeline.py', '--cfg-path', '/tmp/tmpq30fl1an', '--error-file', '/tmp/tmpt974chqt']
[2023-11-22 19:13:45,901] {standard_task_runner.py:80} INFO - Job 48: Subtask load_core_dim_area
[2023-11-22 19:13:46,042] {task_command.py:371} INFO - Running <TaskInstance: etl_hh.load_core_dim_area scheduled__2023-11-21T00:00:00+00:00 [running]> on host 9ac5eb002233
[2023-11-22 19:13:46,242] {taskinstance.py:1591} INFO - Exporting the following env vars:
AIRFLOW_CTX_DAG_OWNER=***
AIRFLOW_CTX_DAG_ID=etl_hh
AIRFLOW_CTX_TASK_ID=load_core_dim_area
AIRFLOW_CTX_EXECUTION_DATE=2023-11-21T00:00:00+00:00
AIRFLOW_CTX_TRY_NUMBER=1
AIRFLOW_CTX_DAG_RUN_ID=scheduled__2023-11-21T00:00:00+00:00
[2023-11-22 19:13:46,261] {base.py:68} INFO - Using connection ID 'my_db_conn' for task execution.
[2023-11-22 19:13:46,299] {dbapi.py:231} INFO - Running statement: 
        MERGE INTO core.dim_area AS trg
        USING(
            SELECT DISTINCT 
                area_id,
                area_name
            FROM staging.vacancy) AS src
        ON trg.area_id = src.area_id
        WHEN NOT MATCHED
        THEN INSERT(
            area_id,
            name)
        VALUES(
            src.area_id,
            src.area_name)
        WHEN MATCHED 
            AND (COALESCE(trg.name, '') <> COALESCE(src.area_name, '') 
            OR trg.area_id <> src.area_id )
        THEN UPDATE
        SET 
            area_id = src.area_id, 
            name = src.area_name, parameters: None
[2023-11-22 19:13:46,350] {taskinstance.py:1420} INFO - Marking task as SUCCESS. dag_id=etl_hh, task_id=load_core_dim_area, execution_date=20231121T000000, start_date=20231122T191345, end_date=20231122T191346
[2023-11-22 19:13:46,393] {local_task_job.py:156} INFO - Task exited with return code 0
[2023-11-22 19:13:46,519] {local_task_job.py:273} INFO - 1 downstream tasks scheduled from follow-on schedule check
[2023-11-22 19:16:33,817] {taskinstance.py:1179} INFO - Dependencies all met for <TaskInstance: etl_hh.load_core_dim_area scheduled__2023-11-21T00:00:00+00:00 [queued]>
[2023-11-22 19:16:33,866] {taskinstance.py:1179} INFO - Dependencies all met for <TaskInstance: etl_hh.load_core_dim_area scheduled__2023-11-21T00:00:00+00:00 [queued]>
[2023-11-22 19:16:33,868] {taskinstance.py:1376} INFO - 
--------------------------------------------------------------------------------
[2023-11-22 19:16:33,869] {taskinstance.py:1377} INFO - Starting attempt 1 of 2
[2023-11-22 19:16:33,870] {taskinstance.py:1378} INFO - 
--------------------------------------------------------------------------------
[2023-11-22 19:16:33,930] {taskinstance.py:1397} INFO - Executing <Task(PostgresOperator): load_core_dim_area> on 2023-11-21 00:00:00+00:00
[2023-11-22 19:16:33,937] {standard_task_runner.py:52} INFO - Started process 592 to run task
[2023-11-22 19:16:33,942] {standard_task_runner.py:79} INFO - Running: ['***', 'tasks', 'run', 'etl_hh', 'load_core_dim_area', 'scheduled__2023-11-21T00:00:00+00:00', '--job-id', '56', '--raw', '--subdir', 'DAGS_FOLDER/pipeline.py', '--cfg-path', '/tmp/tmpm37v6wux', '--error-file', '/tmp/tmpzzq04l9_']
[2023-11-22 19:16:33,944] {standard_task_runner.py:80} INFO - Job 56: Subtask load_core_dim_area
[2023-11-22 19:16:34,067] {task_command.py:371} INFO - Running <TaskInstance: etl_hh.load_core_dim_area scheduled__2023-11-21T00:00:00+00:00 [running]> on host 9ac5eb002233
[2023-11-22 19:16:34,245] {taskinstance.py:1591} INFO - Exporting the following env vars:
AIRFLOW_CTX_DAG_OWNER=***
AIRFLOW_CTX_DAG_ID=etl_hh
AIRFLOW_CTX_TASK_ID=load_core_dim_area
AIRFLOW_CTX_EXECUTION_DATE=2023-11-21T00:00:00+00:00
AIRFLOW_CTX_TRY_NUMBER=1
AIRFLOW_CTX_DAG_RUN_ID=scheduled__2023-11-21T00:00:00+00:00
[2023-11-22 19:16:34,263] {base.py:68} INFO - Using connection ID 'my_db_conn' for task execution.
[2023-11-22 19:16:34,300] {dbapi.py:231} INFO - Running statement: 
        MERGE INTO core.dim_area AS trg
        USING(
            SELECT DISTINCT 
                area_id,
                area_name
            FROM staging.vacancy) AS src
        ON trg.area_id = src.area_id
        WHEN NOT MATCHED
        THEN INSERT(
            area_id,
            name)
        VALUES(
            src.area_id,
            src.area_name)
        WHEN MATCHED 
            AND (COALESCE(trg.name, '') <> COALESCE(src.area_name, '') 
            OR trg.area_id <> src.area_id )
        THEN UPDATE
        SET 
            area_id = src.area_id, 
            name = src.area_name, parameters: None
[2023-11-22 19:16:34,344] {taskinstance.py:1420} INFO - Marking task as SUCCESS. dag_id=etl_hh, task_id=load_core_dim_area, execution_date=20231121T000000, start_date=20231122T191633, end_date=20231122T191634
[2023-11-22 19:16:34,400] {local_task_job.py:156} INFO - Task exited with return code 0
[2023-11-22 19:16:34,525] {local_task_job.py:273} INFO - 1 downstream tasks scheduled from follow-on schedule check
[2023-11-22 19:18:51,048] {taskinstance.py:1179} INFO - Dependencies all met for <TaskInstance: etl_hh.load_core_dim_area scheduled__2023-11-21T00:00:00+00:00 [queued]>
[2023-11-22 19:18:51,078] {taskinstance.py:1179} INFO - Dependencies all met for <TaskInstance: etl_hh.load_core_dim_area scheduled__2023-11-21T00:00:00+00:00 [queued]>
[2023-11-22 19:18:51,078] {taskinstance.py:1376} INFO - 
--------------------------------------------------------------------------------
[2023-11-22 19:18:51,079] {taskinstance.py:1377} INFO - Starting attempt 1 of 2
[2023-11-22 19:18:51,080] {taskinstance.py:1378} INFO - 
--------------------------------------------------------------------------------
[2023-11-22 19:18:51,115] {taskinstance.py:1397} INFO - Executing <Task(PostgresOperator): load_core_dim_area> on 2023-11-21 00:00:00+00:00
[2023-11-22 19:18:51,124] {standard_task_runner.py:52} INFO - Started process 689 to run task
[2023-11-22 19:18:51,128] {standard_task_runner.py:79} INFO - Running: ['***', 'tasks', 'run', 'etl_hh', 'load_core_dim_area', 'scheduled__2023-11-21T00:00:00+00:00', '--job-id', '64', '--raw', '--subdir', 'DAGS_FOLDER/pipeline.py', '--cfg-path', '/tmp/tmpkqcg728z', '--error-file', '/tmp/tmpp_378w06']
[2023-11-22 19:18:51,129] {standard_task_runner.py:80} INFO - Job 64: Subtask load_core_dim_area
[2023-11-22 19:18:51,247] {task_command.py:371} INFO - Running <TaskInstance: etl_hh.load_core_dim_area scheduled__2023-11-21T00:00:00+00:00 [running]> on host 9ac5eb002233
[2023-11-22 19:18:51,417] {taskinstance.py:1591} INFO - Exporting the following env vars:
AIRFLOW_CTX_DAG_OWNER=***
AIRFLOW_CTX_DAG_ID=etl_hh
AIRFLOW_CTX_TASK_ID=load_core_dim_area
AIRFLOW_CTX_EXECUTION_DATE=2023-11-21T00:00:00+00:00
AIRFLOW_CTX_TRY_NUMBER=1
AIRFLOW_CTX_DAG_RUN_ID=scheduled__2023-11-21T00:00:00+00:00
[2023-11-22 19:18:51,432] {base.py:68} INFO - Using connection ID 'my_db_conn' for task execution.
[2023-11-22 19:18:51,465] {dbapi.py:231} INFO - Running statement: 
        MERGE INTO core.dim_area AS trg
        USING(
            SELECT DISTINCT 
                area_id,
                area_name
            FROM staging.vacancy) AS src
        ON trg.area_id = src.area_id
        WHEN NOT MATCHED
        THEN INSERT(
            area_id,
            name)
        VALUES(
            src.area_id,
            src.area_name)
        WHEN MATCHED 
            AND (COALESCE(trg.name, '') <> COALESCE(src.area_name, '') 
            OR trg.area_id <> src.area_id )
        THEN UPDATE
        SET 
            area_id = src.area_id, 
            name = src.area_name, parameters: None
[2023-11-22 19:18:51,515] {taskinstance.py:1420} INFO - Marking task as SUCCESS. dag_id=etl_hh, task_id=load_core_dim_area, execution_date=20231121T000000, start_date=20231122T191851, end_date=20231122T191851
[2023-11-22 19:18:51,583] {local_task_job.py:156} INFO - Task exited with return code 0
[2023-11-22 19:18:51,696] {local_task_job.py:273} INFO - 1 downstream tasks scheduled from follow-on schedule check
