[2023-11-21 15:36:03,712] {taskinstance.py:1179} INFO - Dependencies all met for <TaskInstance: etl_hh.truncate_staging manual__2023-11-21T15:36:00.930641+00:00 [queued]>
[2023-11-21 15:36:03,738] {taskinstance.py:1179} INFO - Dependencies all met for <TaskInstance: etl_hh.truncate_staging manual__2023-11-21T15:36:00.930641+00:00 [queued]>
[2023-11-21 15:36:03,738] {taskinstance.py:1376} INFO - 
--------------------------------------------------------------------------------
[2023-11-21 15:36:03,739] {taskinstance.py:1377} INFO - Starting attempt 1 of 2
[2023-11-21 15:36:03,740] {taskinstance.py:1378} INFO - 
--------------------------------------------------------------------------------
[2023-11-21 15:36:03,774] {taskinstance.py:1397} INFO - Executing <Task(PostgresOperator): truncate_staging> on 2023-11-21 15:36:00.930641+00:00
[2023-11-21 15:36:03,781] {standard_task_runner.py:52} INFO - Started process 681 to run task
[2023-11-21 15:36:03,786] {standard_task_runner.py:79} INFO - Running: ['***', 'tasks', 'run', 'etl_hh', 'truncate_staging', 'manual__2023-11-21T15:36:00.930641+00:00', '--job-id', '277', '--raw', '--subdir', 'DAGS_FOLDER/pipeline.py', '--cfg-path', '/tmp/tmpxfwbsogd', '--error-file', '/tmp/tmplp12qhzx']
[2023-11-21 15:36:03,787] {standard_task_runner.py:80} INFO - Job 277: Subtask truncate_staging
[2023-11-21 15:36:03,881] {task_command.py:371} INFO - Running <TaskInstance: etl_hh.truncate_staging manual__2023-11-21T15:36:00.930641+00:00 [running]> on host b47ed23e9d21
[2023-11-21 15:36:04,011] {taskinstance.py:1591} INFO - Exporting the following env vars:
AIRFLOW_CTX_DAG_OWNER=***
AIRFLOW_CTX_DAG_ID=etl_hh
AIRFLOW_CTX_TASK_ID=truncate_staging
AIRFLOW_CTX_EXECUTION_DATE=2023-11-21T15:36:00.930641+00:00
AIRFLOW_CTX_TRY_NUMBER=1
AIRFLOW_CTX_DAG_RUN_ID=manual__2023-11-21T15:36:00.930641+00:00
[2023-11-21 15:36:04,026] {base.py:68} INFO - Using connection ID 'my_db_conn' for task execution.
[2023-11-21 15:36:04,053] {dbapi.py:231} INFO - Running statement: TRUNCATE staging.vacancy, parameters: None
[2023-11-21 15:36:04,147] {taskinstance.py:1420} INFO - Marking task as SUCCESS. dag_id=etl_hh, task_id=truncate_staging, execution_date=20231121T153600, start_date=20231121T153603, end_date=20231121T153604
[2023-11-21 15:36:04,198] {local_task_job.py:156} INFO - Task exited with return code 0
[2023-11-21 15:36:04,367] {local_task_job.py:273} INFO - 1 downstream tasks scheduled from follow-on schedule check
