[2023-11-19 11:16:29,494] {taskinstance.py:1179} INFO - Dependencies all met for <TaskInstance: etl_hh.load_core_dim_employer manual__2023-11-19T11:16:01.068041+00:00 [queued]>
[2023-11-19 11:16:29,520] {taskinstance.py:1179} INFO - Dependencies all met for <TaskInstance: etl_hh.load_core_dim_employer manual__2023-11-19T11:16:01.068041+00:00 [queued]>
[2023-11-19 11:16:29,521] {taskinstance.py:1376} INFO - 
--------------------------------------------------------------------------------
[2023-11-19 11:16:29,525] {taskinstance.py:1377} INFO - Starting attempt 1 of 2
[2023-11-19 11:16:29,526] {taskinstance.py:1378} INFO - 
--------------------------------------------------------------------------------
[2023-11-19 11:16:29,557] {taskinstance.py:1397} INFO - Executing <Task(PostgresOperator): load_core_dim_employer> on 2023-11-19 11:16:01.068041+00:00
[2023-11-19 11:16:29,568] {standard_task_runner.py:52} INFO - Started process 1275 to run task
[2023-11-19 11:16:29,572] {standard_task_runner.py:79} INFO - Running: ['***', 'tasks', 'run', 'etl_hh', 'load_core_dim_employer', 'manual__2023-11-19T11:16:01.068041+00:00', '--job-id', '130', '--raw', '--subdir', 'DAGS_FOLDER/pipeline.py', '--cfg-path', '/tmp/tmpkcwkg087', '--error-file', '/tmp/tmppw48td4v']
[2023-11-19 11:16:29,574] {standard_task_runner.py:80} INFO - Job 130: Subtask load_core_dim_employer
[2023-11-19 11:16:29,716] {task_command.py:371} INFO - Running <TaskInstance: etl_hh.load_core_dim_employer manual__2023-11-19T11:16:01.068041+00:00 [running]> on host ee772b517b86
[2023-11-19 11:16:29,894] {taskinstance.py:1591} INFO - Exporting the following env vars:
AIRFLOW_CTX_DAG_OWNER=***
AIRFLOW_CTX_DAG_ID=etl_hh
AIRFLOW_CTX_TASK_ID=load_core_dim_employer
AIRFLOW_CTX_EXECUTION_DATE=2023-11-19T11:16:01.068041+00:00
AIRFLOW_CTX_TRY_NUMBER=1
AIRFLOW_CTX_DAG_RUN_ID=manual__2023-11-19T11:16:01.068041+00:00
[2023-11-19 11:16:29,915] {base.py:68} INFO - Using connection ID 'my_db_conn' for task execution.
[2023-11-19 11:16:29,952] {dbapi.py:231} INFO - Running statement: INSERT INTO core.dim_employer (
                employer_id, 
                name, 
                is_accredited_it_employer
            )
            SELECT DISTINCT
                employer_id,
                employer_name,
                is_accredited_it_employer
            FROM staging.vacancy, parameters: None
[2023-11-19 11:16:29,968] {dbapi.py:239} INFO - Rows affected: 641
[2023-11-19 11:16:30,002] {taskinstance.py:1420} INFO - Marking task as SUCCESS. dag_id=etl_hh, task_id=load_core_dim_employer, execution_date=20231119T111601, start_date=20231119T111629, end_date=20231119T111630
[2023-11-19 11:16:30,068] {local_task_job.py:156} INFO - Task exited with return code 0
[2023-11-19 11:16:30,195] {local_task_job.py:273} INFO - 1 downstream tasks scheduled from follow-on schedule check
