[2023-11-18 19:49:56,735] {taskinstance.py:1179} INFO - Dependencies all met for <TaskInstance: etl_hh.load_core_dim_currency manual__2023-11-18T19:49:23.472426+00:00 [queued]>
[2023-11-18 19:49:56,770] {taskinstance.py:1179} INFO - Dependencies all met for <TaskInstance: etl_hh.load_core_dim_currency manual__2023-11-18T19:49:23.472426+00:00 [queued]>
[2023-11-18 19:49:56,771] {taskinstance.py:1376} INFO - 
--------------------------------------------------------------------------------
[2023-11-18 19:49:56,783] {taskinstance.py:1377} INFO - Starting attempt 1 of 2
[2023-11-18 19:49:56,784] {taskinstance.py:1378} INFO - 
--------------------------------------------------------------------------------
[2023-11-18 19:49:56,825] {taskinstance.py:1397} INFO - Executing <Task(PostgresOperator): load_core_dim_currency> on 2023-11-18 19:49:23.472426+00:00
[2023-11-18 19:49:56,837] {standard_task_runner.py:52} INFO - Started process 13944 to run task
[2023-11-18 19:49:56,843] {standard_task_runner.py:79} INFO - Running: ['***', 'tasks', 'run', 'etl_hh', 'load_core_dim_currency', 'manual__2023-11-18T19:49:23.472426+00:00', '--job-id', '109', '--raw', '--subdir', 'DAGS_FOLDER/pipeline.py', '--cfg-path', '/tmp/tmpwz1jb7zd', '--error-file', '/tmp/tmpdlj22kb4']
[2023-11-18 19:49:56,845] {standard_task_runner.py:80} INFO - Job 109: Subtask load_core_dim_currency
[2023-11-18 19:49:57,012] {task_command.py:371} INFO - Running <TaskInstance: etl_hh.load_core_dim_currency manual__2023-11-18T19:49:23.472426+00:00 [running]> on host 2e176173f0f7
[2023-11-18 19:49:57,198] {taskinstance.py:1591} INFO - Exporting the following env vars:
AIRFLOW_CTX_DAG_OWNER=***
AIRFLOW_CTX_DAG_ID=etl_hh
AIRFLOW_CTX_TASK_ID=load_core_dim_currency
AIRFLOW_CTX_EXECUTION_DATE=2023-11-18T19:49:23.472426+00:00
AIRFLOW_CTX_TRY_NUMBER=1
AIRFLOW_CTX_DAG_RUN_ID=manual__2023-11-18T19:49:23.472426+00:00
[2023-11-18 19:49:57,215] {base.py:68} INFO - Using connection ID 'my_db_conn' for task execution.
[2023-11-18 19:49:57,246] {dbapi.py:231} INFO - Running statement: INSERT INTO core_layer.dim_currency(
                currency_id, 
                to_rub
            )
            SELECT DISTINCT
                salary_currency,
                CASE
                    WHEN salary_currency = 'RUR'
                    THEN 1
                    WHEN salary_currency = 'USD'
                    THEN 89
                    WHEN salary_currency = 'KZT'
                    THEN 0.2
                    WHEN salary_currency = 'BYR'
                    THEN 28.7
                END AS to_rub
            FROM staging_layer.vacancy, parameters: None
[2023-11-18 19:49:57,259] {dbapi.py:239} INFO - Rows affected: 6
[2023-11-18 19:49:57,298] {taskinstance.py:1420} INFO - Marking task as SUCCESS. dag_id=etl_hh, task_id=load_core_dim_currency, execution_date=20231118T194923, start_date=20231118T194956, end_date=20231118T194957
[2023-11-18 19:49:57,378] {local_task_job.py:156} INFO - Task exited with return code 0
[2023-11-18 19:49:57,489] {local_task_job.py:273} INFO - 1 downstream tasks scheduled from follow-on schedule check
