[2023-11-21 15:24:00,272] {taskinstance.py:1179} INFO - Dependencies all met for <TaskInstance: etl_hh.load_core_dim_area manual__2023-11-21T15:23:31.993502+00:00 [queued]>
[2023-11-21 15:24:00,315] {taskinstance.py:1179} INFO - Dependencies all met for <TaskInstance: etl_hh.load_core_dim_area manual__2023-11-21T15:23:31.993502+00:00 [queued]>
[2023-11-21 15:24:00,316] {taskinstance.py:1376} INFO - 
--------------------------------------------------------------------------------
[2023-11-21 15:24:00,317] {taskinstance.py:1377} INFO - Starting attempt 1 of 2
[2023-11-21 15:24:00,318] {taskinstance.py:1378} INFO - 
--------------------------------------------------------------------------------
[2023-11-21 15:24:00,360] {taskinstance.py:1397} INFO - Executing <Task(PostgresOperator): load_core_dim_area> on 2023-11-21 15:23:31.993502+00:00
[2023-11-21 15:24:00,369] {standard_task_runner.py:52} INFO - Started process 159 to run task
[2023-11-21 15:24:00,374] {standard_task_runner.py:79} INFO - Running: ['***', 'tasks', 'run', 'etl_hh', 'load_core_dim_area', 'manual__2023-11-21T15:23:31.993502+00:00', '--job-id', '266', '--raw', '--subdir', 'DAGS_FOLDER/pipeline.py', '--cfg-path', '/tmp/tmpcys2np19', '--error-file', '/tmp/tmpj75pu6jk']
[2023-11-21 15:24:00,375] {standard_task_runner.py:80} INFO - Job 266: Subtask load_core_dim_area
[2023-11-21 15:24:00,503] {task_command.py:371} INFO - Running <TaskInstance: etl_hh.load_core_dim_area manual__2023-11-21T15:23:31.993502+00:00 [running]> on host b47ed23e9d21
[2023-11-21 15:24:00,674] {taskinstance.py:1591} INFO - Exporting the following env vars:
AIRFLOW_CTX_DAG_OWNER=***
AIRFLOW_CTX_DAG_ID=etl_hh
AIRFLOW_CTX_TASK_ID=load_core_dim_area
AIRFLOW_CTX_EXECUTION_DATE=2023-11-21T15:23:31.993502+00:00
AIRFLOW_CTX_TRY_NUMBER=1
AIRFLOW_CTX_DAG_RUN_ID=manual__2023-11-21T15:23:31.993502+00:00
[2023-11-21 15:24:00,699] {base.py:68} INFO - Using connection ID 'my_db_conn' for task execution.
[2023-11-21 15:24:00,739] {dbapi.py:231} INFO - Running statement: 
        MERGE INTO core.dim_area AS trg
        USING(
            SELECT DISTINCT 
                area_id,
                area_name
            FROM staging.vacancy) AS src
        ON trg.area_id = src.area_id
        WHEN NOT MATCHED
        THEN INSERT(
            area_id,
            name)
        VALUES(
            src.area_id,
            src.area_name)
        WHEN MATCHED 
            AND (COALESCE(trg.name, '') <> COALESCE(src.area_name, '') 
            OR trg.area_id <> src.area_id )
        THEN UPDATE
        SET 
            area_id = src.area_id, 
            name = src.area_name, parameters: None
[2023-11-21 15:24:00,785] {taskinstance.py:1420} INFO - Marking task as SUCCESS. dag_id=etl_hh, task_id=load_core_dim_area, execution_date=20231121T152331, start_date=20231121T152400, end_date=20231121T152400
[2023-11-21 15:24:00,827] {local_task_job.py:156} INFO - Task exited with return code 0
[2023-11-21 15:24:00,983] {local_task_job.py:273} INFO - 1 downstream tasks scheduled from follow-on schedule check
