[2023-11-22 06:34:09,988] {taskinstance.py:1179} INFO - Dependencies all met for <TaskInstance: etl_hh.load_core_dim_experience scheduled__2023-11-21T00:00:00+00:00 [queued]>
[2023-11-22 06:34:10,011] {taskinstance.py:1179} INFO - Dependencies all met for <TaskInstance: etl_hh.load_core_dim_experience scheduled__2023-11-21T00:00:00+00:00 [queued]>
[2023-11-22 06:34:10,012] {taskinstance.py:1376} INFO - 
--------------------------------------------------------------------------------
[2023-11-22 06:34:10,013] {taskinstance.py:1377} INFO - Starting attempt 1 of 2
[2023-11-22 06:34:10,014] {taskinstance.py:1378} INFO - 
--------------------------------------------------------------------------------
[2023-11-22 06:34:10,038] {taskinstance.py:1397} INFO - Executing <Task(PostgresOperator): load_core_dim_experience> on 2023-11-21 00:00:00+00:00
[2023-11-22 06:34:10,044] {standard_task_runner.py:52} INFO - Started process 274 to run task
[2023-11-22 06:34:10,050] {standard_task_runner.py:79} INFO - Running: ['***', 'tasks', 'run', 'etl_hh', 'load_core_dim_experience', 'scheduled__2023-11-21T00:00:00+00:00', '--job-id', '10', '--raw', '--subdir', 'DAGS_FOLDER/pipeline.py', '--cfg-path', '/tmp/tmpznky5_87', '--error-file', '/tmp/tmpfy9pbg_l']
[2023-11-22 06:34:10,051] {standard_task_runner.py:80} INFO - Job 10: Subtask load_core_dim_experience
[2023-11-22 06:34:10,181] {task_command.py:371} INFO - Running <TaskInstance: etl_hh.load_core_dim_experience scheduled__2023-11-21T00:00:00+00:00 [running]> on host 9ac5eb002233
[2023-11-22 06:34:10,392] {taskinstance.py:1591} INFO - Exporting the following env vars:
AIRFLOW_CTX_DAG_OWNER=***
AIRFLOW_CTX_DAG_ID=etl_hh
AIRFLOW_CTX_TASK_ID=load_core_dim_experience
AIRFLOW_CTX_EXECUTION_DATE=2023-11-21T00:00:00+00:00
AIRFLOW_CTX_TRY_NUMBER=1
AIRFLOW_CTX_DAG_RUN_ID=scheduled__2023-11-21T00:00:00+00:00
[2023-11-22 06:34:10,412] {base.py:68} INFO - Using connection ID 'my_db_conn' for task execution.
[2023-11-22 06:34:10,451] {dbapi.py:231} INFO - Running statement: 
        MERGE INTO core.dim_experience AS trg
        USING(
            SELECT DISTINCT 
                experience_id,
                experience_name
            FROM staging.vacancy) AS src
        ON trg.experience_id = src.experience_id
        WHEN NOT MATCHED
        THEN INSERT(
            experience_id,
            name)
        VALUES(
            src.experience_id,
            src.experience_name)
        WHEN MATCHED
                AND (COALESCE(trg.name, '') <> COALESCE(src.experience_name, '')
                OR COALESCE(trg.experience_id,'') <> COALESCE(src.experience_id,''))
        THEN UPDATE
        SET 
            experience_id = src.experience_id, 
            name = src.experience_name, parameters: None
[2023-11-22 06:34:10,517] {taskinstance.py:1420} INFO - Marking task as SUCCESS. dag_id=etl_hh, task_id=load_core_dim_experience, execution_date=20231121T000000, start_date=20231122T063409, end_date=20231122T063410
[2023-11-22 06:34:10,582] {local_task_job.py:156} INFO - Task exited with return code 0
[2023-11-22 06:34:10,714] {local_task_job.py:273} INFO - 1 downstream tasks scheduled from follow-on schedule check
[2023-11-22 19:13:49,728] {taskinstance.py:1179} INFO - Dependencies all met for <TaskInstance: etl_hh.load_core_dim_experience scheduled__2023-11-21T00:00:00+00:00 [queued]>
[2023-11-22 19:13:49,787] {taskinstance.py:1179} INFO - Dependencies all met for <TaskInstance: etl_hh.load_core_dim_experience scheduled__2023-11-21T00:00:00+00:00 [queued]>
[2023-11-22 19:13:49,788] {taskinstance.py:1376} INFO - 
--------------------------------------------------------------------------------
[2023-11-22 19:13:49,789] {taskinstance.py:1377} INFO - Starting attempt 1 of 2
[2023-11-22 19:13:49,791] {taskinstance.py:1378} INFO - 
--------------------------------------------------------------------------------
[2023-11-22 19:13:49,827] {taskinstance.py:1397} INFO - Executing <Task(PostgresOperator): load_core_dim_experience> on 2023-11-21 00:00:00+00:00
[2023-11-22 19:13:49,835] {standard_task_runner.py:52} INFO - Started process 472 to run task
[2023-11-22 19:13:49,839] {standard_task_runner.py:79} INFO - Running: ['***', 'tasks', 'run', 'etl_hh', 'load_core_dim_experience', 'scheduled__2023-11-21T00:00:00+00:00', '--job-id', '50', '--raw', '--subdir', 'DAGS_FOLDER/pipeline.py', '--cfg-path', '/tmp/tmpva7f1pz8', '--error-file', '/tmp/tmp_oxdo7dt']
[2023-11-22 19:13:49,840] {standard_task_runner.py:80} INFO - Job 50: Subtask load_core_dim_experience
[2023-11-22 19:13:49,962] {task_command.py:371} INFO - Running <TaskInstance: etl_hh.load_core_dim_experience scheduled__2023-11-21T00:00:00+00:00 [running]> on host 9ac5eb002233
[2023-11-22 19:13:50,189] {taskinstance.py:1591} INFO - Exporting the following env vars:
AIRFLOW_CTX_DAG_OWNER=***
AIRFLOW_CTX_DAG_ID=etl_hh
AIRFLOW_CTX_TASK_ID=load_core_dim_experience
AIRFLOW_CTX_EXECUTION_DATE=2023-11-21T00:00:00+00:00
AIRFLOW_CTX_TRY_NUMBER=1
AIRFLOW_CTX_DAG_RUN_ID=scheduled__2023-11-21T00:00:00+00:00
[2023-11-22 19:13:50,219] {base.py:68} INFO - Using connection ID 'my_db_conn' for task execution.
[2023-11-22 19:13:50,259] {dbapi.py:231} INFO - Running statement: 
        MERGE INTO core.dim_experience AS trg
        USING(
            SELECT DISTINCT 
                experience_id,
                experience_name
            FROM staging.vacancy) AS src
        ON trg.experience_id = src.experience_id
        WHEN NOT MATCHED
        THEN INSERT(
            experience_id,
            name)
        VALUES(
            src.experience_id,
            src.experience_name)
        WHEN MATCHED
                AND (COALESCE(trg.name, '') <> COALESCE(src.experience_name, '')
                OR COALESCE(trg.experience_id,'') <> COALESCE(src.experience_id,''))
        THEN UPDATE
        SET 
            experience_id = src.experience_id, 
            name = src.experience_name, parameters: None
[2023-11-22 19:13:50,376] {taskinstance.py:1420} INFO - Marking task as SUCCESS. dag_id=etl_hh, task_id=load_core_dim_experience, execution_date=20231121T000000, start_date=20231122T191349, end_date=20231122T191350
[2023-11-22 19:13:50,454] {local_task_job.py:156} INFO - Task exited with return code 0
[2023-11-22 19:13:50,644] {local_task_job.py:273} INFO - 1 downstream tasks scheduled from follow-on schedule check
[2023-11-22 19:16:38,967] {taskinstance.py:1179} INFO - Dependencies all met for <TaskInstance: etl_hh.load_core_dim_experience scheduled__2023-11-21T00:00:00+00:00 [queued]>
[2023-11-22 19:16:38,995] {taskinstance.py:1179} INFO - Dependencies all met for <TaskInstance: etl_hh.load_core_dim_experience scheduled__2023-11-21T00:00:00+00:00 [queued]>
[2023-11-22 19:16:38,996] {taskinstance.py:1376} INFO - 
--------------------------------------------------------------------------------
[2023-11-22 19:16:38,997] {taskinstance.py:1377} INFO - Starting attempt 1 of 2
[2023-11-22 19:16:38,998] {taskinstance.py:1378} INFO - 
--------------------------------------------------------------------------------
[2023-11-22 19:16:39,033] {taskinstance.py:1397} INFO - Executing <Task(PostgresOperator): load_core_dim_experience> on 2023-11-21 00:00:00+00:00
[2023-11-22 19:16:39,041] {standard_task_runner.py:52} INFO - Started process 596 to run task
[2023-11-22 19:16:39,045] {standard_task_runner.py:79} INFO - Running: ['***', 'tasks', 'run', 'etl_hh', 'load_core_dim_experience', 'scheduled__2023-11-21T00:00:00+00:00', '--job-id', '58', '--raw', '--subdir', 'DAGS_FOLDER/pipeline.py', '--cfg-path', '/tmp/tmp2daqor09', '--error-file', '/tmp/tmp39n75wzr']
[2023-11-22 19:16:39,046] {standard_task_runner.py:80} INFO - Job 58: Subtask load_core_dim_experience
[2023-11-22 19:16:39,164] {task_command.py:371} INFO - Running <TaskInstance: etl_hh.load_core_dim_experience scheduled__2023-11-21T00:00:00+00:00 [running]> on host 9ac5eb002233
[2023-11-22 19:16:39,336] {taskinstance.py:1591} INFO - Exporting the following env vars:
AIRFLOW_CTX_DAG_OWNER=***
AIRFLOW_CTX_DAG_ID=etl_hh
AIRFLOW_CTX_TASK_ID=load_core_dim_experience
AIRFLOW_CTX_EXECUTION_DATE=2023-11-21T00:00:00+00:00
AIRFLOW_CTX_TRY_NUMBER=1
AIRFLOW_CTX_DAG_RUN_ID=scheduled__2023-11-21T00:00:00+00:00
[2023-11-22 19:16:39,359] {base.py:68} INFO - Using connection ID 'my_db_conn' for task execution.
[2023-11-22 19:16:39,395] {dbapi.py:231} INFO - Running statement: 
        MERGE INTO core.dim_experience AS trg
        USING(
            SELECT DISTINCT 
                experience_id,
                experience_name
            FROM staging.vacancy) AS src
        ON trg.experience_id = src.experience_id
        WHEN NOT MATCHED
        THEN INSERT(
            experience_id,
            name)
        VALUES(
            src.experience_id,
            src.experience_name)
        WHEN MATCHED
                AND (COALESCE(trg.name, '') <> COALESCE(src.experience_name, '')
                OR COALESCE(trg.experience_id,'') <> COALESCE(src.experience_id,''))
        THEN UPDATE
        SET 
            experience_id = src.experience_id, 
            name = src.experience_name, parameters: None
[2023-11-22 19:16:39,438] {taskinstance.py:1420} INFO - Marking task as SUCCESS. dag_id=etl_hh, task_id=load_core_dim_experience, execution_date=20231121T000000, start_date=20231122T191638, end_date=20231122T191639
[2023-11-22 19:16:39,499] {local_task_job.py:156} INFO - Task exited with return code 0
[2023-11-22 19:16:39,632] {local_task_job.py:273} INFO - 1 downstream tasks scheduled from follow-on schedule check
[2023-11-22 19:18:56,546] {taskinstance.py:1179} INFO - Dependencies all met for <TaskInstance: etl_hh.load_core_dim_experience scheduled__2023-11-21T00:00:00+00:00 [queued]>
[2023-11-22 19:18:56,600] {taskinstance.py:1179} INFO - Dependencies all met for <TaskInstance: etl_hh.load_core_dim_experience scheduled__2023-11-21T00:00:00+00:00 [queued]>
[2023-11-22 19:18:56,602] {taskinstance.py:1376} INFO - 
--------------------------------------------------------------------------------
[2023-11-22 19:18:56,603] {taskinstance.py:1377} INFO - Starting attempt 1 of 2
[2023-11-22 19:18:56,605] {taskinstance.py:1378} INFO - 
--------------------------------------------------------------------------------
[2023-11-22 19:18:56,665] {taskinstance.py:1397} INFO - Executing <Task(PostgresOperator): load_core_dim_experience> on 2023-11-21 00:00:00+00:00
[2023-11-22 19:18:56,679] {standard_task_runner.py:52} INFO - Started process 700 to run task
[2023-11-22 19:18:56,685] {standard_task_runner.py:79} INFO - Running: ['***', 'tasks', 'run', 'etl_hh', 'load_core_dim_experience', 'scheduled__2023-11-21T00:00:00+00:00', '--job-id', '66', '--raw', '--subdir', 'DAGS_FOLDER/pipeline.py', '--cfg-path', '/tmp/tmp4kc9of89', '--error-file', '/tmp/tmp1a7eww1z']
[2023-11-22 19:18:56,686] {standard_task_runner.py:80} INFO - Job 66: Subtask load_core_dim_experience
[2023-11-22 19:18:56,866] {task_command.py:371} INFO - Running <TaskInstance: etl_hh.load_core_dim_experience scheduled__2023-11-21T00:00:00+00:00 [running]> on host 9ac5eb002233
[2023-11-22 19:18:57,124] {taskinstance.py:1591} INFO - Exporting the following env vars:
AIRFLOW_CTX_DAG_OWNER=***
AIRFLOW_CTX_DAG_ID=etl_hh
AIRFLOW_CTX_TASK_ID=load_core_dim_experience
AIRFLOW_CTX_EXECUTION_DATE=2023-11-21T00:00:00+00:00
AIRFLOW_CTX_TRY_NUMBER=1
AIRFLOW_CTX_DAG_RUN_ID=scheduled__2023-11-21T00:00:00+00:00
[2023-11-22 19:18:57,150] {base.py:68} INFO - Using connection ID 'my_db_conn' for task execution.
[2023-11-22 19:18:57,197] {dbapi.py:231} INFO - Running statement: 
        MERGE INTO core.dim_experience AS trg
        USING(
            SELECT DISTINCT 
                experience_id,
                experience_name
            FROM staging.vacancy) AS src
        ON trg.experience_id = src.experience_id
        WHEN NOT MATCHED
        THEN INSERT(
            experience_id,
            name)
        VALUES(
            src.experience_id,
            src.experience_name)
        WHEN MATCHED
                AND (COALESCE(trg.name, '') <> COALESCE(src.experience_name, '')
                OR COALESCE(trg.experience_id,'') <> COALESCE(src.experience_id,''))
        THEN UPDATE
        SET 
            experience_id = src.experience_id, 
            name = src.experience_name, parameters: None
[2023-11-22 19:18:57,277] {taskinstance.py:1420} INFO - Marking task as SUCCESS. dag_id=etl_hh, task_id=load_core_dim_experience, execution_date=20231121T000000, start_date=20231122T191856, end_date=20231122T191857
[2023-11-22 19:18:57,341] {local_task_job.py:156} INFO - Task exited with return code 0
[2023-11-22 19:18:57,503] {local_task_job.py:273} INFO - 1 downstream tasks scheduled from follow-on schedule check
