[2023-11-22 19:10:18,018] {taskinstance.py:1179} INFO - Dependencies all met for <TaskInstance: etl_hh.truncate_staging manual__2023-11-22T19:10:14.417851+00:00 [queued]>
[2023-11-22 19:10:18,094] {taskinstance.py:1179} INFO - Dependencies all met for <TaskInstance: etl_hh.truncate_staging manual__2023-11-22T19:10:14.417851+00:00 [queued]>
[2023-11-22 19:10:18,096] {taskinstance.py:1376} INFO - 
--------------------------------------------------------------------------------
[2023-11-22 19:10:18,097] {taskinstance.py:1377} INFO - Starting attempt 1 of 2
[2023-11-22 19:10:18,116] {taskinstance.py:1378} INFO - 
--------------------------------------------------------------------------------
[2023-11-22 19:10:18,153] {taskinstance.py:1397} INFO - Executing <Task(PostgresOperator): truncate_staging> on 2023-11-22 19:10:14.417851+00:00
[2023-11-22 19:10:18,161] {standard_task_runner.py:52} INFO - Started process 319 to run task
[2023-11-22 19:10:18,166] {standard_task_runner.py:79} INFO - Running: ['***', 'tasks', 'run', 'etl_hh', 'truncate_staging', 'manual__2023-11-22T19:10:14.417851+00:00', '--job-id', '37', '--raw', '--subdir', 'DAGS_FOLDER/pipeline.py', '--cfg-path', '/tmp/tmp3_603z7q', '--error-file', '/tmp/tmp8_a3bj6k']
[2023-11-22 19:10:18,168] {standard_task_runner.py:80} INFO - Job 37: Subtask truncate_staging
[2023-11-22 19:10:18,318] {task_command.py:371} INFO - Running <TaskInstance: etl_hh.truncate_staging manual__2023-11-22T19:10:14.417851+00:00 [running]> on host 9ac5eb002233
[2023-11-22 19:10:18,494] {taskinstance.py:1591} INFO - Exporting the following env vars:
AIRFLOW_CTX_DAG_OWNER=***
AIRFLOW_CTX_DAG_ID=etl_hh
AIRFLOW_CTX_TASK_ID=truncate_staging
AIRFLOW_CTX_EXECUTION_DATE=2023-11-22T19:10:14.417851+00:00
AIRFLOW_CTX_TRY_NUMBER=1
AIRFLOW_CTX_DAG_RUN_ID=manual__2023-11-22T19:10:14.417851+00:00
[2023-11-22 19:10:18,518] {base.py:68} INFO - Using connection ID 'my_db_conn' for task execution.
[2023-11-22 19:10:18,548] {dbapi.py:231} INFO - Running statement: TRUNCATE staging.vacancy, parameters: None
[2023-11-22 19:10:18,601] {taskinstance.py:1420} INFO - Marking task as SUCCESS. dag_id=etl_hh, task_id=truncate_staging, execution_date=20231122T191014, start_date=20231122T191018, end_date=20231122T191018
[2023-11-22 19:10:18,666] {local_task_job.py:156} INFO - Task exited with return code 0
[2023-11-22 19:10:18,943] {local_task_job.py:273} INFO - 0 downstream tasks scheduled from follow-on schedule check
