[2023-10-24 17:02:37,748] {taskinstance.py:1179} INFO - Dependencies all met for <TaskInstance: postgres_dag.insert_data manual__2023-10-24T17:02:33.553447+00:00 [queued]>
[2023-10-24 17:02:37,768] {taskinstance.py:1179} INFO - Dependencies all met for <TaskInstance: postgres_dag.insert_data manual__2023-10-24T17:02:33.553447+00:00 [queued]>
[2023-10-24 17:02:37,769] {taskinstance.py:1376} INFO - 
--------------------------------------------------------------------------------
[2023-10-24 17:02:37,770] {taskinstance.py:1377} INFO - Starting attempt 1 of 1
[2023-10-24 17:02:37,771] {taskinstance.py:1378} INFO - 
--------------------------------------------------------------------------------
[2023-10-24 17:02:37,800] {taskinstance.py:1397} INFO - Executing <Task(PostgresOperator): insert_data> on 2023-10-24 17:02:33.553447+00:00
[2023-10-24 17:02:37,808] {standard_task_runner.py:52} INFO - Started process 493 to run task
[2023-10-24 17:02:37,813] {standard_task_runner.py:79} INFO - Running: ['***', 'tasks', 'run', 'postgres_dag', 'insert_data', 'manual__2023-10-24T17:02:33.553447+00:00', '--job-id', '60', '--raw', '--subdir', 'DAGS_FOLDER/postgres_dag.py', '--cfg-path', '/tmp/tmpeb7c3pbf', '--error-file', '/tmp/tmpweleel_f']
[2023-10-24 17:02:37,815] {standard_task_runner.py:80} INFO - Job 60: Subtask insert_data
[2023-10-24 17:02:37,933] {task_command.py:371} INFO - Running <TaskInstance: postgres_dag.insert_data manual__2023-10-24T17:02:33.553447+00:00 [running]> on host 0d4d602ef8f0
[2023-10-24 17:02:38,079] {taskinstance.py:1591} INFO - Exporting the following env vars:
AIRFLOW_CTX_DAG_OWNER=Alex
AIRFLOW_CTX_DAG_ID=postgres_dag
AIRFLOW_CTX_TASK_ID=insert_data
AIRFLOW_CTX_EXECUTION_DATE=2023-10-24T17:02:33.553447+00:00
AIRFLOW_CTX_TRY_NUMBER=1
AIRFLOW_CTX_DAG_RUN_ID=manual__2023-10-24T17:02:33.553447+00:00
[2023-10-24 17:02:38,098] {base.py:68} INFO - Using connection ID 'my_db_conn' for task execution.
[2023-10-24 17:02:38,131] {dbapi.py:231} INFO - Running statement: INSERT INTO test.vacancy_test VALUES(1, 'fghjk'), parameters: None
[2023-10-24 17:02:38,141] {dbapi.py:239} INFO - Rows affected: 1
[2023-10-24 17:02:38,174] {taskinstance.py:1420} INFO - Marking task as SUCCESS. dag_id=postgres_dag, task_id=insert_data, execution_date=20231024T170233, start_date=20231024T170237, end_date=20231024T170238
[2023-10-24 17:02:38,227] {local_task_job.py:156} INFO - Task exited with return code 0
[2023-10-24 17:02:38,290] {local_task_job.py:273} INFO - 0 downstream tasks scheduled from follow-on schedule check
