[2023-11-16 10:32:25,975] {taskinstance.py:1179} INFO - Dependencies all met for <TaskInstance: etl_hh.load_row_layer manual__2023-11-16T10:32:24.112575+00:00 [queued]>
[2023-11-16 10:32:25,995] {taskinstance.py:1179} INFO - Dependencies all met for <TaskInstance: etl_hh.load_row_layer manual__2023-11-16T10:32:24.112575+00:00 [queued]>
[2023-11-16 10:32:25,996] {taskinstance.py:1376} INFO - 
--------------------------------------------------------------------------------
[2023-11-16 10:32:25,997] {taskinstance.py:1377} INFO - Starting attempt 1 of 2
[2023-11-16 10:32:25,998] {taskinstance.py:1378} INFO - 
--------------------------------------------------------------------------------
[2023-11-16 10:32:26,018] {taskinstance.py:1397} INFO - Executing <Task(PythonOperator): load_row_layer> on 2023-11-16 10:32:24.112575+00:00
[2023-11-16 10:32:26,025] {standard_task_runner.py:52} INFO - Started process 4599 to run task
[2023-11-16 10:32:26,029] {standard_task_runner.py:79} INFO - Running: ['***', 'tasks', 'run', 'etl_hh', 'load_row_layer', 'manual__2023-11-16T10:32:24.112575+00:00', '--job-id', '77', '--raw', '--subdir', 'DAGS_FOLDER/pipeline.py', '--cfg-path', '/tmp/tmppqtrtapj', '--error-file', '/tmp/tmpgy9uxa4x']
[2023-11-16 10:32:26,030] {standard_task_runner.py:80} INFO - Job 77: Subtask load_row_layer
[2023-11-16 10:32:26,119] {task_command.py:371} INFO - Running <TaskInstance: etl_hh.load_row_layer manual__2023-11-16T10:32:24.112575+00:00 [running]> on host 2ee932ffea3c
[2023-11-16 10:32:26,233] {taskinstance.py:1591} INFO - Exporting the following env vars:
AIRFLOW_CTX_DAG_OWNER=***
AIRFLOW_CTX_DAG_ID=etl_hh
AIRFLOW_CTX_TASK_ID=load_row_layer
AIRFLOW_CTX_EXECUTION_DATE=2023-11-16T10:32:24.112575+00:00
AIRFLOW_CTX_TRY_NUMBER=1
AIRFLOW_CTX_DAG_RUN_ID=manual__2023-11-16T10:32:24.112575+00:00
[2023-11-16 10:32:26,246] {python.py:173} INFO - Done. Returned value was: None
[2023-11-16 10:32:26,268] {taskinstance.py:1420} INFO - Marking task as SUCCESS. dag_id=etl_hh, task_id=load_row_layer, execution_date=20231116T103224, start_date=20231116T103225, end_date=20231116T103226
[2023-11-16 10:32:26,321] {local_task_job.py:156} INFO - Task exited with return code 0
[2023-11-16 10:32:26,370] {local_task_job.py:273} INFO - 0 downstream tasks scheduled from follow-on schedule check
