[2023-11-22 19:07:30,846] {taskinstance.py:1179} INFO - Dependencies all met for <TaskInstance: etl_hh.load_core_dim_area manual__2023-11-22T19:07:18.711365+00:00 [queued]>
[2023-11-22 19:07:30,877] {taskinstance.py:1179} INFO - Dependencies all met for <TaskInstance: etl_hh.load_core_dim_area manual__2023-11-22T19:07:18.711365+00:00 [queued]>
[2023-11-22 19:07:30,878] {taskinstance.py:1376} INFO - 
--------------------------------------------------------------------------------
[2023-11-22 19:07:30,879] {taskinstance.py:1377} INFO - Starting attempt 1 of 2
[2023-11-22 19:07:30,880] {taskinstance.py:1378} INFO - 
--------------------------------------------------------------------------------
[2023-11-22 19:07:30,913] {taskinstance.py:1397} INFO - Executing <Task(PostgresOperator): load_core_dim_area> on 2023-11-22 19:07:18.711365+00:00
[2023-11-22 19:07:30,923] {standard_task_runner.py:52} INFO - Started process 200 to run task
[2023-11-22 19:07:30,927] {standard_task_runner.py:79} INFO - Running: ['***', 'tasks', 'run', 'etl_hh', 'load_core_dim_area', 'manual__2023-11-22T19:07:18.711365+00:00', '--job-id', '32', '--raw', '--subdir', 'DAGS_FOLDER/pipeline.py', '--cfg-path', '/tmp/tmpnrby4agu', '--error-file', '/tmp/tmpkskei7qg']
[2023-11-22 19:07:30,928] {standard_task_runner.py:80} INFO - Job 32: Subtask load_core_dim_area
[2023-11-22 19:07:31,057] {task_command.py:371} INFO - Running <TaskInstance: etl_hh.load_core_dim_area manual__2023-11-22T19:07:18.711365+00:00 [running]> on host 9ac5eb002233
[2023-11-22 19:07:31,221] {taskinstance.py:1591} INFO - Exporting the following env vars:
AIRFLOW_CTX_DAG_OWNER=***
AIRFLOW_CTX_DAG_ID=etl_hh
AIRFLOW_CTX_TASK_ID=load_core_dim_area
AIRFLOW_CTX_EXECUTION_DATE=2023-11-22T19:07:18.711365+00:00
AIRFLOW_CTX_TRY_NUMBER=1
AIRFLOW_CTX_DAG_RUN_ID=manual__2023-11-22T19:07:18.711365+00:00
[2023-11-22 19:07:31,238] {base.py:68} INFO - Using connection ID 'my_db_conn' for task execution.
[2023-11-22 19:07:31,267] {dbapi.py:231} INFO - Running statement: 
        MERGE INTO core.dim_area AS trg
        USING(
            SELECT DISTINCT 
                area_id,
                area_name
            FROM staging.vacancy) AS src
        ON trg.area_id = src.area_id
        WHEN NOT MATCHED
        THEN INSERT(
            area_id,
            name)
        VALUES(
            src.area_id,
            src.area_name)
        WHEN MATCHED 
            AND (COALESCE(trg.name, '') <> COALESCE(src.area_name, '') 
            OR trg.area_id <> src.area_id )
        THEN UPDATE
        SET 
            area_id = src.area_id, 
            name = src.area_name, parameters: None
[2023-11-22 19:07:31,337] {taskinstance.py:1420} INFO - Marking task as SUCCESS. dag_id=etl_hh, task_id=load_core_dim_area, execution_date=20231122T190718, start_date=20231122T190730, end_date=20231122T190731
[2023-11-22 19:07:31,381] {local_task_job.py:156} INFO - Task exited with return code 0
[2023-11-22 19:07:31,508] {local_task_job.py:273} INFO - 1 downstream tasks scheduled from follow-on schedule check
