[2023-11-22 06:33:44,440] {taskinstance.py:1179} INFO - Dependencies all met for <TaskInstance: etl_hh.load_staging scheduled__2023-11-21T00:00:00+00:00 [queued]>
[2023-11-22 06:33:44,476] {taskinstance.py:1179} INFO - Dependencies all met for <TaskInstance: etl_hh.load_staging scheduled__2023-11-21T00:00:00+00:00 [queued]>
[2023-11-22 06:33:44,477] {taskinstance.py:1376} INFO - 
--------------------------------------------------------------------------------
[2023-11-22 06:33:44,478] {taskinstance.py:1377} INFO - Starting attempt 1 of 2
[2023-11-22 06:33:44,479] {taskinstance.py:1378} INFO - 
--------------------------------------------------------------------------------
[2023-11-22 06:33:44,513] {taskinstance.py:1397} INFO - Executing <Task(PythonOperator): load_staging> on 2023-11-21 00:00:00+00:00
[2023-11-22 06:33:44,522] {standard_task_runner.py:52} INFO - Started process 248 to run task
[2023-11-22 06:33:44,528] {standard_task_runner.py:79} INFO - Running: ['***', 'tasks', 'run', 'etl_hh', 'load_staging', 'scheduled__2023-11-21T00:00:00+00:00', '--job-id', '6', '--raw', '--subdir', 'DAGS_FOLDER/pipeline.py', '--cfg-path', '/tmp/tmplr160hvh', '--error-file', '/tmp/tmpv7n2k89q']
[2023-11-22 06:33:44,529] {standard_task_runner.py:80} INFO - Job 6: Subtask load_staging
[2023-11-22 06:33:44,657] {task_command.py:371} INFO - Running <TaskInstance: etl_hh.load_staging scheduled__2023-11-21T00:00:00+00:00 [running]> on host 9ac5eb002233
[2023-11-22 06:33:44,789] {taskinstance.py:1591} INFO - Exporting the following env vars:
AIRFLOW_CTX_DAG_OWNER=***
AIRFLOW_CTX_DAG_ID=etl_hh
AIRFLOW_CTX_TASK_ID=load_staging
AIRFLOW_CTX_EXECUTION_DATE=2023-11-21T00:00:00+00:00
AIRFLOW_CTX_TRY_NUMBER=1
AIRFLOW_CTX_DAG_RUN_ID=scheduled__2023-11-21T00:00:00+00:00
[2023-11-22 06:34:03,814] {python.py:173} INFO - Done. Returned value was: None
[2023-11-22 06:34:03,841] {taskinstance.py:1420} INFO - Marking task as SUCCESS. dag_id=etl_hh, task_id=load_staging, execution_date=20231121T000000, start_date=20231122T063344, end_date=20231122T063403
[2023-11-22 06:34:03,901] {local_task_job.py:156} INFO - Task exited with return code 0
[2023-11-22 06:34:04,047] {local_task_job.py:273} INFO - 0 downstream tasks scheduled from follow-on schedule check
[2023-11-22 19:13:39,148] {taskinstance.py:1179} INFO - Dependencies all met for <TaskInstance: etl_hh.load_staging scheduled__2023-11-21T00:00:00+00:00 [queued]>
[2023-11-22 19:13:39,173] {taskinstance.py:1179} INFO - Dependencies all met for <TaskInstance: etl_hh.load_staging scheduled__2023-11-21T00:00:00+00:00 [queued]>
[2023-11-22 19:13:39,174] {taskinstance.py:1376} INFO - 
--------------------------------------------------------------------------------
[2023-11-22 19:13:39,175] {taskinstance.py:1377} INFO - Starting attempt 1 of 2
[2023-11-22 19:13:39,176] {taskinstance.py:1378} INFO - 
--------------------------------------------------------------------------------
[2023-11-22 19:13:39,224] {taskinstance.py:1397} INFO - Executing <Task(PythonOperator): load_staging> on 2023-11-21 00:00:00+00:00
[2023-11-22 19:13:39,234] {standard_task_runner.py:52} INFO - Started process 455 to run task
[2023-11-22 19:13:39,240] {standard_task_runner.py:79} INFO - Running: ['***', 'tasks', 'run', 'etl_hh', 'load_staging', 'scheduled__2023-11-21T00:00:00+00:00', '--job-id', '46', '--raw', '--subdir', 'DAGS_FOLDER/pipeline.py', '--cfg-path', '/tmp/tmp5drrclep', '--error-file', '/tmp/tmp1asoi7q7']
[2023-11-22 19:13:39,242] {standard_task_runner.py:80} INFO - Job 46: Subtask load_staging
[2023-11-22 19:13:39,382] {task_command.py:371} INFO - Running <TaskInstance: etl_hh.load_staging scheduled__2023-11-21T00:00:00+00:00 [running]> on host 9ac5eb002233
[2023-11-22 19:13:39,585] {taskinstance.py:1591} INFO - Exporting the following env vars:
AIRFLOW_CTX_DAG_OWNER=***
AIRFLOW_CTX_DAG_ID=etl_hh
AIRFLOW_CTX_TASK_ID=load_staging
AIRFLOW_CTX_EXECUTION_DATE=2023-11-21T00:00:00+00:00
AIRFLOW_CTX_TRY_NUMBER=1
AIRFLOW_CTX_DAG_RUN_ID=scheduled__2023-11-21T00:00:00+00:00
[2023-11-22 19:13:41,272] {python.py:173} INFO - Done. Returned value was: None
[2023-11-22 19:13:41,302] {taskinstance.py:1420} INFO - Marking task as SUCCESS. dag_id=etl_hh, task_id=load_staging, execution_date=20231121T000000, start_date=20231122T191339, end_date=20231122T191341
[2023-11-22 19:13:41,382] {local_task_job.py:156} INFO - Task exited with return code 0
[2023-11-22 19:13:41,548] {local_task_job.py:273} INFO - 1 downstream tasks scheduled from follow-on schedule check
[2023-11-22 19:16:27,665] {taskinstance.py:1179} INFO - Dependencies all met for <TaskInstance: etl_hh.load_staging scheduled__2023-11-21T00:00:00+00:00 [queued]>
[2023-11-22 19:16:27,700] {taskinstance.py:1179} INFO - Dependencies all met for <TaskInstance: etl_hh.load_staging scheduled__2023-11-21T00:00:00+00:00 [queued]>
[2023-11-22 19:16:27,701] {taskinstance.py:1376} INFO - 
--------------------------------------------------------------------------------
[2023-11-22 19:16:27,702] {taskinstance.py:1377} INFO - Starting attempt 1 of 2
[2023-11-22 19:16:27,703] {taskinstance.py:1378} INFO - 
--------------------------------------------------------------------------------
[2023-11-22 19:16:27,747] {taskinstance.py:1397} INFO - Executing <Task(PythonOperator): load_staging> on 2023-11-21 00:00:00+00:00
[2023-11-22 19:16:27,757] {standard_task_runner.py:52} INFO - Started process 579 to run task
[2023-11-22 19:16:27,762] {standard_task_runner.py:79} INFO - Running: ['***', 'tasks', 'run', 'etl_hh', 'load_staging', 'scheduled__2023-11-21T00:00:00+00:00', '--job-id', '54', '--raw', '--subdir', 'DAGS_FOLDER/pipeline.py', '--cfg-path', '/tmp/tmp3c_sss6d', '--error-file', '/tmp/tmpvgykbm1j']
[2023-11-22 19:16:27,764] {standard_task_runner.py:80} INFO - Job 54: Subtask load_staging
[2023-11-22 19:16:27,908] {task_command.py:371} INFO - Running <TaskInstance: etl_hh.load_staging scheduled__2023-11-21T00:00:00+00:00 [running]> on host 9ac5eb002233
[2023-11-22 19:16:28,088] {taskinstance.py:1591} INFO - Exporting the following env vars:
AIRFLOW_CTX_DAG_OWNER=***
AIRFLOW_CTX_DAG_ID=etl_hh
AIRFLOW_CTX_TASK_ID=load_staging
AIRFLOW_CTX_EXECUTION_DATE=2023-11-21T00:00:00+00:00
AIRFLOW_CTX_TRY_NUMBER=1
AIRFLOW_CTX_DAG_RUN_ID=scheduled__2023-11-21T00:00:00+00:00
[2023-11-22 19:16:29,633] {python.py:173} INFO - Done. Returned value was: None
[2023-11-22 19:16:29,665] {taskinstance.py:1420} INFO - Marking task as SUCCESS. dag_id=etl_hh, task_id=load_staging, execution_date=20231121T000000, start_date=20231122T191627, end_date=20231122T191629
[2023-11-22 19:16:29,745] {local_task_job.py:156} INFO - Task exited with return code 0
[2023-11-22 19:16:29,879] {local_task_job.py:273} INFO - 1 downstream tasks scheduled from follow-on schedule check
[2023-11-22 19:18:43,548] {taskinstance.py:1179} INFO - Dependencies all met for <TaskInstance: etl_hh.load_staging scheduled__2023-11-21T00:00:00+00:00 [queued]>
[2023-11-22 19:18:43,585] {taskinstance.py:1179} INFO - Dependencies all met for <TaskInstance: etl_hh.load_staging scheduled__2023-11-21T00:00:00+00:00 [queued]>
[2023-11-22 19:18:43,586] {taskinstance.py:1376} INFO - 
--------------------------------------------------------------------------------
[2023-11-22 19:18:43,587] {taskinstance.py:1377} INFO - Starting attempt 1 of 2
[2023-11-22 19:18:43,588] {taskinstance.py:1378} INFO - 
--------------------------------------------------------------------------------
[2023-11-22 19:18:43,628] {taskinstance.py:1397} INFO - Executing <Task(PythonOperator): load_staging> on 2023-11-21 00:00:00+00:00
[2023-11-22 19:18:43,639] {standard_task_runner.py:52} INFO - Started process 685 to run task
[2023-11-22 19:18:43,643] {standard_task_runner.py:79} INFO - Running: ['***', 'tasks', 'run', 'etl_hh', 'load_staging', 'scheduled__2023-11-21T00:00:00+00:00', '--job-id', '62', '--raw', '--subdir', 'DAGS_FOLDER/pipeline.py', '--cfg-path', '/tmp/tmp51tx732x', '--error-file', '/tmp/tmpxdrqw_ob']
[2023-11-22 19:18:43,645] {standard_task_runner.py:80} INFO - Job 62: Subtask load_staging
[2023-11-22 19:18:43,793] {task_command.py:371} INFO - Running <TaskInstance: etl_hh.load_staging scheduled__2023-11-21T00:00:00+00:00 [running]> on host 9ac5eb002233
[2023-11-22 19:18:44,045] {taskinstance.py:1591} INFO - Exporting the following env vars:
AIRFLOW_CTX_DAG_OWNER=***
AIRFLOW_CTX_DAG_ID=etl_hh
AIRFLOW_CTX_TASK_ID=load_staging
AIRFLOW_CTX_EXECUTION_DATE=2023-11-21T00:00:00+00:00
AIRFLOW_CTX_TRY_NUMBER=1
AIRFLOW_CTX_DAG_RUN_ID=scheduled__2023-11-21T00:00:00+00:00
[2023-11-22 19:18:46,561] {python.py:173} INFO - Done. Returned value was: None
[2023-11-22 19:18:46,595] {taskinstance.py:1420} INFO - Marking task as SUCCESS. dag_id=etl_hh, task_id=load_staging, execution_date=20231121T000000, start_date=20231122T191843, end_date=20231122T191846
[2023-11-22 19:18:46,673] {local_task_job.py:156} INFO - Task exited with return code 0
[2023-11-22 19:18:46,853] {local_task_job.py:273} INFO - 1 downstream tasks scheduled from follow-on schedule check
