[2023-11-18 16:17:58,192] {taskinstance.py:1179} INFO - Dependencies all met for <TaskInstance: etl_hh.load_staging_layer manual__2023-11-18T16:17:56.069888+00:00 [queued]>
[2023-11-18 16:17:58,209] {taskinstance.py:1179} INFO - Dependencies all met for <TaskInstance: etl_hh.load_staging_layer manual__2023-11-18T16:17:56.069888+00:00 [queued]>
[2023-11-18 16:17:58,210] {taskinstance.py:1376} INFO - 
--------------------------------------------------------------------------------
[2023-11-18 16:17:58,211] {taskinstance.py:1377} INFO - Starting attempt 1 of 2
[2023-11-18 16:17:58,211] {taskinstance.py:1378} INFO - 
--------------------------------------------------------------------------------
[2023-11-18 16:17:58,231] {taskinstance.py:1397} INFO - Executing <Task(PythonOperator): load_staging_layer> on 2023-11-18 16:17:56.069888+00:00
[2023-11-18 16:17:58,238] {standard_task_runner.py:52} INFO - Started process 7546 to run task
[2023-11-18 16:17:58,241] {standard_task_runner.py:79} INFO - Running: ['***', 'tasks', 'run', 'etl_hh', 'load_staging_layer', 'manual__2023-11-18T16:17:56.069888+00:00', '--job-id', '90', '--raw', '--subdir', 'DAGS_FOLDER/pipeline.py', '--cfg-path', '/tmp/tmp1n32rgu7', '--error-file', '/tmp/tmpmr_mrzn5']
[2023-11-18 16:17:58,242] {standard_task_runner.py:80} INFO - Job 90: Subtask load_staging_layer
[2023-11-18 16:17:58,331] {task_command.py:371} INFO - Running <TaskInstance: etl_hh.load_staging_layer manual__2023-11-18T16:17:56.069888+00:00 [running]> on host 2e176173f0f7
[2023-11-18 16:17:58,451] {taskinstance.py:1591} INFO - Exporting the following env vars:
AIRFLOW_CTX_DAG_OWNER=***
AIRFLOW_CTX_DAG_ID=etl_hh
AIRFLOW_CTX_TASK_ID=load_staging_layer
AIRFLOW_CTX_EXECUTION_DATE=2023-11-18T16:17:56.069888+00:00
AIRFLOW_CTX_TRY_NUMBER=1
AIRFLOW_CTX_DAG_RUN_ID=manual__2023-11-18T16:17:56.069888+00:00
[2023-11-18 16:18:13,955] {python.py:173} INFO - Done. Returned value was: None
[2023-11-18 16:18:13,977] {taskinstance.py:1420} INFO - Marking task as SUCCESS. dag_id=etl_hh, task_id=load_staging_layer, execution_date=20231118T161756, start_date=20231118T161758, end_date=20231118T161813
[2023-11-18 16:18:14,025] {local_task_job.py:156} INFO - Task exited with return code 0
[2023-11-18 16:18:14,079] {local_task_job.py:273} INFO - 1 downstream tasks scheduled from follow-on schedule check
