[2023-11-19 10:51:06,918] {taskinstance.py:1179} INFO - Dependencies all met for <TaskInstance: etl_hh.load_core_dim_experience manual__2023-11-19T10:50:35.830558+00:00 [queued]>
[2023-11-19 10:51:06,950] {taskinstance.py:1179} INFO - Dependencies all met for <TaskInstance: etl_hh.load_core_dim_experience manual__2023-11-19T10:50:35.830558+00:00 [queued]>
[2023-11-19 10:51:06,951] {taskinstance.py:1376} INFO - 
--------------------------------------------------------------------------------
[2023-11-19 10:51:06,963] {taskinstance.py:1377} INFO - Starting attempt 1 of 2
[2023-11-19 10:51:06,963] {taskinstance.py:1378} INFO - 
--------------------------------------------------------------------------------
[2023-11-19 10:51:07,011] {taskinstance.py:1397} INFO - Executing <Task(PostgresOperator): load_core_dim_experience> on 2023-11-19 10:50:35.830558+00:00
[2023-11-19 10:51:07,023] {standard_task_runner.py:52} INFO - Started process 260 to run task
[2023-11-19 10:51:07,029] {standard_task_runner.py:79} INFO - Running: ['***', 'tasks', 'run', 'etl_hh', 'load_core_dim_experience', 'manual__2023-11-19T10:50:35.830558+00:00', '--job-id', '124', '--raw', '--subdir', 'DAGS_FOLDER/pipeline.py', '--cfg-path', '/tmp/tmpyj5n3hji', '--error-file', '/tmp/tmphwi1x1b2']
[2023-11-19 10:51:07,031] {standard_task_runner.py:80} INFO - Job 124: Subtask load_core_dim_experience
[2023-11-19 10:51:07,183] {task_command.py:371} INFO - Running <TaskInstance: etl_hh.load_core_dim_experience manual__2023-11-19T10:50:35.830558+00:00 [running]> on host ee772b517b86
[2023-11-19 10:51:07,361] {taskinstance.py:1591} INFO - Exporting the following env vars:
AIRFLOW_CTX_DAG_OWNER=***
AIRFLOW_CTX_DAG_ID=etl_hh
AIRFLOW_CTX_TASK_ID=load_core_dim_experience
AIRFLOW_CTX_EXECUTION_DATE=2023-11-19T10:50:35.830558+00:00
AIRFLOW_CTX_TRY_NUMBER=1
AIRFLOW_CTX_DAG_RUN_ID=manual__2023-11-19T10:50:35.830558+00:00
[2023-11-19 10:51:07,379] {base.py:68} INFO - Using connection ID 'my_db_conn' for task execution.
[2023-11-19 10:51:07,417] {dbapi.py:231} INFO - Running statement: INSERT INTO core.dim_experience(
                experience_id, 
                name
            )
            SELECT DISTINCT
                experience_id,
                experience_name
            FROM staging.vacancy, parameters: None
[2023-11-19 10:51:07,433] {dbapi.py:239} INFO - Rows affected: 4
[2023-11-19 10:51:07,469] {taskinstance.py:1420} INFO - Marking task as SUCCESS. dag_id=etl_hh, task_id=load_core_dim_experience, execution_date=20231119T105035, start_date=20231119T105106, end_date=20231119T105107
[2023-11-19 10:51:07,528] {local_task_job.py:156} INFO - Task exited with return code 0
[2023-11-19 10:51:07,643] {local_task_job.py:273} INFO - 1 downstream tasks scheduled from follow-on schedule check
