[2023-11-18 19:49:50,002] {taskinstance.py:1179} INFO - Dependencies all met for <TaskInstance: etl_hh.load_core_dim_area manual__2023-11-18T19:49:23.472426+00:00 [queued]>
[2023-11-18 19:49:50,038] {taskinstance.py:1179} INFO - Dependencies all met for <TaskInstance: etl_hh.load_core_dim_area manual__2023-11-18T19:49:23.472426+00:00 [queued]>
[2023-11-18 19:49:50,039] {taskinstance.py:1376} INFO - 
--------------------------------------------------------------------------------
[2023-11-18 19:49:50,050] {taskinstance.py:1377} INFO - Starting attempt 1 of 2
[2023-11-18 19:49:50,051] {taskinstance.py:1378} INFO - 
--------------------------------------------------------------------------------
[2023-11-18 19:49:50,099] {taskinstance.py:1397} INFO - Executing <Task(PostgresOperator): load_core_dim_area> on 2023-11-18 19:49:23.472426+00:00
[2023-11-18 19:49:50,109] {standard_task_runner.py:52} INFO - Started process 13938 to run task
[2023-11-18 19:49:50,117] {standard_task_runner.py:79} INFO - Running: ['***', 'tasks', 'run', 'etl_hh', 'load_core_dim_area', 'manual__2023-11-18T19:49:23.472426+00:00', '--job-id', '106', '--raw', '--subdir', 'DAGS_FOLDER/pipeline.py', '--cfg-path', '/tmp/tmpr0qb741v', '--error-file', '/tmp/tmpr553j6pt']
[2023-11-18 19:49:50,119] {standard_task_runner.py:80} INFO - Job 106: Subtask load_core_dim_area
[2023-11-18 19:49:50,331] {task_command.py:371} INFO - Running <TaskInstance: etl_hh.load_core_dim_area manual__2023-11-18T19:49:23.472426+00:00 [running]> on host 2e176173f0f7
[2023-11-18 19:49:50,538] {taskinstance.py:1591} INFO - Exporting the following env vars:
AIRFLOW_CTX_DAG_OWNER=***
AIRFLOW_CTX_DAG_ID=etl_hh
AIRFLOW_CTX_TASK_ID=load_core_dim_area
AIRFLOW_CTX_EXECUTION_DATE=2023-11-18T19:49:23.472426+00:00
AIRFLOW_CTX_TRY_NUMBER=1
AIRFLOW_CTX_DAG_RUN_ID=manual__2023-11-18T19:49:23.472426+00:00
[2023-11-18 19:49:50,554] {base.py:68} INFO - Using connection ID 'my_db_conn' for task execution.
[2023-11-18 19:49:50,584] {dbapi.py:231} INFO - Running statement: INSERT INTO core_layer.dim_area (area_id, name)
            SELECT DISTINCT 
                area_id,
                area_name
            FROM staging_layer.vacancy, parameters: None
[2023-11-18 19:49:50,596] {dbapi.py:239} INFO - Rows affected: 97
[2023-11-18 19:49:50,632] {taskinstance.py:1420} INFO - Marking task as SUCCESS. dag_id=etl_hh, task_id=load_core_dim_area, execution_date=20231118T194923, start_date=20231118T194950, end_date=20231118T194950
[2023-11-18 19:49:50,689] {local_task_job.py:156} INFO - Task exited with return code 0
[2023-11-18 19:49:50,822] {local_task_job.py:273} INFO - 1 downstream tasks scheduled from follow-on schedule check
