[2023-11-18 19:42:04,152] {taskinstance.py:1179} INFO - Dependencies all met for <TaskInstance: etl_hh.load_core_dim_area manual__2023-11-18T19:41:34.961700+00:00 [queued]>
[2023-11-18 19:42:04,186] {taskinstance.py:1179} INFO - Dependencies all met for <TaskInstance: etl_hh.load_core_dim_area manual__2023-11-18T19:41:34.961700+00:00 [queued]>
[2023-11-18 19:42:04,187] {taskinstance.py:1376} INFO - 
--------------------------------------------------------------------------------
[2023-11-18 19:42:04,200] {taskinstance.py:1377} INFO - Starting attempt 1 of 2
[2023-11-18 19:42:04,201] {taskinstance.py:1378} INFO - 
--------------------------------------------------------------------------------
[2023-11-18 19:42:04,245] {taskinstance.py:1397} INFO - Executing <Task(PostgresOperator): load_core_dim_area> on 2023-11-18 19:41:34.961700+00:00
[2023-11-18 19:42:04,255] {standard_task_runner.py:52} INFO - Started process 13627 to run task
[2023-11-18 19:42:04,267] {standard_task_runner.py:79} INFO - Running: ['***', 'tasks', 'run', 'etl_hh', 'load_core_dim_area', 'manual__2023-11-18T19:41:34.961700+00:00', '--job-id', '100', '--raw', '--subdir', 'DAGS_FOLDER/pipeline.py', '--cfg-path', '/tmp/tmpqph2ma2a', '--error-file', '/tmp/tmpxvyrxdzj']
[2023-11-18 19:42:04,269] {standard_task_runner.py:80} INFO - Job 100: Subtask load_core_dim_area
[2023-11-18 19:42:04,410] {task_command.py:371} INFO - Running <TaskInstance: etl_hh.load_core_dim_area manual__2023-11-18T19:41:34.961700+00:00 [running]> on host 2e176173f0f7
[2023-11-18 19:42:04,612] {taskinstance.py:1591} INFO - Exporting the following env vars:
AIRFLOW_CTX_DAG_OWNER=***
AIRFLOW_CTX_DAG_ID=etl_hh
AIRFLOW_CTX_TASK_ID=load_core_dim_area
AIRFLOW_CTX_EXECUTION_DATE=2023-11-18T19:41:34.961700+00:00
AIRFLOW_CTX_TRY_NUMBER=1
AIRFLOW_CTX_DAG_RUN_ID=manual__2023-11-18T19:41:34.961700+00:00
[2023-11-18 19:42:04,633] {base.py:68} INFO - Using connection ID 'my_db_conn' for task execution.
[2023-11-18 19:42:04,669] {dbapi.py:231} INFO - Running statement: INSERT INTO core_layer.dim_area (area_id, name)
            SELECT DISTINCT 
                area_id,
                area_name
            FROM staging_layer.vacancy, parameters: None
[2023-11-18 19:42:04,682] {dbapi.py:239} INFO - Rows affected: 97
[2023-11-18 19:42:04,720] {taskinstance.py:1420} INFO - Marking task as SUCCESS. dag_id=etl_hh, task_id=load_core_dim_area, execution_date=20231118T194134, start_date=20231118T194204, end_date=20231118T194204
[2023-11-18 19:42:04,795] {local_task_job.py:156} INFO - Task exited with return code 0
[2023-11-18 19:42:04,912] {local_task_job.py:273} INFO - 1 downstream tasks scheduled from follow-on schedule check
