[2023-11-21 16:14:49,420] {taskinstance.py:1179} INFO - Dependencies all met for <TaskInstance: etl_hh.load_staging manual__2023-11-21T16:14:45.708109+00:00 [queued]>
[2023-11-21 16:14:49,443] {taskinstance.py:1179} INFO - Dependencies all met for <TaskInstance: etl_hh.load_staging manual__2023-11-21T16:14:45.708109+00:00 [queued]>
[2023-11-21 16:14:49,443] {taskinstance.py:1376} INFO - 
--------------------------------------------------------------------------------
[2023-11-21 16:14:49,444] {taskinstance.py:1377} INFO - Starting attempt 1 of 2
[2023-11-21 16:14:49,445] {taskinstance.py:1378} INFO - 
--------------------------------------------------------------------------------
[2023-11-21 16:14:49,468] {taskinstance.py:1397} INFO - Executing <Task(PythonOperator): load_staging> on 2023-11-21 16:14:45.708109+00:00
[2023-11-21 16:14:49,477] {standard_task_runner.py:52} INFO - Started process 2481 to run task
[2023-11-21 16:14:49,480] {standard_task_runner.py:79} INFO - Running: ['***', 'tasks', 'run', 'etl_hh', 'load_staging', 'manual__2023-11-21T16:14:45.708109+00:00', '--job-id', '330', '--raw', '--subdir', 'DAGS_FOLDER/pipeline.py', '--cfg-path', '/tmp/tmprrdddo6o', '--error-file', '/tmp/tmpwc9gu1pl']
[2023-11-21 16:14:49,481] {standard_task_runner.py:80} INFO - Job 330: Subtask load_staging
[2023-11-21 16:14:49,582] {task_command.py:371} INFO - Running <TaskInstance: etl_hh.load_staging manual__2023-11-21T16:14:45.708109+00:00 [running]> on host b47ed23e9d21
[2023-11-21 16:14:49,707] {taskinstance.py:1591} INFO - Exporting the following env vars:
AIRFLOW_CTX_DAG_OWNER=***
AIRFLOW_CTX_DAG_ID=etl_hh
AIRFLOW_CTX_TASK_ID=load_staging
AIRFLOW_CTX_EXECUTION_DATE=2023-11-21T16:14:45.708109+00:00
AIRFLOW_CTX_TRY_NUMBER=1
AIRFLOW_CTX_DAG_RUN_ID=manual__2023-11-21T16:14:45.708109+00:00
[2023-11-21 16:14:52,713] {python.py:173} INFO - Done. Returned value was: None
[2023-11-21 16:14:52,741] {taskinstance.py:1420} INFO - Marking task as SUCCESS. dag_id=etl_hh, task_id=load_staging, execution_date=20231121T161445, start_date=20231121T161449, end_date=20231121T161452
[2023-11-21 16:14:52,788] {local_task_job.py:156} INFO - Task exited with return code 0
[2023-11-21 16:14:52,899] {local_task_job.py:273} INFO - 1 downstream tasks scheduled from follow-on schedule check
