[2023-11-22 19:07:38,584] {taskinstance.py:1179} INFO - Dependencies all met for <TaskInstance: etl_hh.load_core_dim_currency manual__2023-11-22T19:07:18.711365+00:00 [queued]>
[2023-11-22 19:07:38,630] {taskinstance.py:1179} INFO - Dependencies all met for <TaskInstance: etl_hh.load_core_dim_currency manual__2023-11-22T19:07:18.711365+00:00 [queued]>
[2023-11-22 19:07:38,631] {taskinstance.py:1376} INFO - 
--------------------------------------------------------------------------------
[2023-11-22 19:07:38,645] {taskinstance.py:1377} INFO - Starting attempt 1 of 2
[2023-11-22 19:07:38,646] {taskinstance.py:1378} INFO - 
--------------------------------------------------------------------------------
[2023-11-22 19:07:38,699] {taskinstance.py:1397} INFO - Executing <Task(PostgresOperator): load_core_dim_currency> on 2023-11-22 19:07:18.711365+00:00
[2023-11-22 19:07:38,709] {standard_task_runner.py:52} INFO - Started process 216 to run task
[2023-11-22 19:07:38,715] {standard_task_runner.py:79} INFO - Running: ['***', 'tasks', 'run', 'etl_hh', 'load_core_dim_currency', 'manual__2023-11-22T19:07:18.711365+00:00', '--job-id', '35', '--raw', '--subdir', 'DAGS_FOLDER/pipeline.py', '--cfg-path', '/tmp/tmph7t2c013', '--error-file', '/tmp/tmp5bwev_kq']
[2023-11-22 19:07:38,716] {standard_task_runner.py:80} INFO - Job 35: Subtask load_core_dim_currency
[2023-11-22 19:07:38,945] {task_command.py:371} INFO - Running <TaskInstance: etl_hh.load_core_dim_currency manual__2023-11-22T19:07:18.711365+00:00 [running]> on host 9ac5eb002233
[2023-11-22 19:07:39,234] {taskinstance.py:1591} INFO - Exporting the following env vars:
AIRFLOW_CTX_DAG_OWNER=***
AIRFLOW_CTX_DAG_ID=etl_hh
AIRFLOW_CTX_TASK_ID=load_core_dim_currency
AIRFLOW_CTX_EXECUTION_DATE=2023-11-22T19:07:18.711365+00:00
AIRFLOW_CTX_TRY_NUMBER=1
AIRFLOW_CTX_DAG_RUN_ID=manual__2023-11-22T19:07:18.711365+00:00
[2023-11-22 19:07:39,262] {base.py:68} INFO - Using connection ID 'my_db_conn' for task execution.
[2023-11-22 19:07:39,302] {dbapi.py:231} INFO - Running statement: 
        MERGE INTO core.dim_currency AS trg
        USING(
            SELECT DISTINCT 
                salary_currency,
                CASE
                    WHEN salary_currency = 'RUR'
                    THEN 1
                    WHEN salary_currency = 'USD'
                    THEN 87
                    WHEN salary_currency = 'KZT'
                    THEN 0.2
                    WHEN salary_currency = 'BYR'
                    THEN 28.7
                END AS to_rub
            FROM staging.vacancy) AS src
        ON trg.currency_id = src.salary_currency
        WHEN NOT MATCHED
        THEN INSERT(
            currency_id, 
            to_rub
            )
        VALUES(
            src.salary_currency,
            src.to_rub
            )
        WHEN MATCHED AND trg.to_rub <> src.to_rub
        THEN UPDATE
        SET 
            currency_id = src.salary_currency, 
            to_rub = src.to_rub, parameters: None
[2023-11-22 19:07:39,377] {taskinstance.py:1420} INFO - Marking task as SUCCESS. dag_id=etl_hh, task_id=load_core_dim_currency, execution_date=20231122T190718, start_date=20231122T190738, end_date=20231122T190739
[2023-11-22 19:07:39,453] {local_task_job.py:156} INFO - Task exited with return code 0
[2023-11-22 19:07:39,596] {local_task_job.py:273} INFO - 1 downstream tasks scheduled from follow-on schedule check
