[2023-10-23 18:09:43,952] {taskinstance.py:1179} INFO - Dependencies all met for <TaskInstance: mydag.echo_hi manual__2023-10-23T18:09:42.322886+00:00 [queued]>
[2023-10-23 18:09:43,971] {taskinstance.py:1179} INFO - Dependencies all met for <TaskInstance: mydag.echo_hi manual__2023-10-23T18:09:42.322886+00:00 [queued]>
[2023-10-23 18:09:43,973] {taskinstance.py:1376} INFO - 
--------------------------------------------------------------------------------
[2023-10-23 18:09:43,974] {taskinstance.py:1377} INFO - Starting attempt 1 of 1
[2023-10-23 18:09:43,976] {taskinstance.py:1378} INFO - 
--------------------------------------------------------------------------------
[2023-10-23 18:09:44,010] {taskinstance.py:1397} INFO - Executing <Task(BashOperator): echo_hi> on 2023-10-23 18:09:42.322886+00:00
[2023-10-23 18:09:44,018] {standard_task_runner.py:52} INFO - Started process 131 to run task
[2023-10-23 18:09:44,023] {standard_task_runner.py:79} INFO - Running: ['***', 'tasks', 'run', 'mydag', 'echo_hi', 'manual__2023-10-23T18:09:42.322886+00:00', '--job-id', '33', '--raw', '--subdir', 'DAGS_FOLDER/first_dag.py', '--cfg-path', '/tmp/tmpbhlms1v9', '--error-file', '/tmp/tmpuqa1yxcy']
[2023-10-23 18:09:44,024] {standard_task_runner.py:80} INFO - Job 33: Subtask echo_hi
[2023-10-23 18:09:44,150] {task_command.py:371} INFO - Running <TaskInstance: mydag.echo_hi manual__2023-10-23T18:09:42.322886+00:00 [running]> on host d14eca7535dc
[2023-10-23 18:09:44,294] {taskinstance.py:1591} INFO - Exporting the following env vars:
AIRFLOW_CTX_DAG_OWNER=romank
AIRFLOW_CTX_DAG_ID=mydag
AIRFLOW_CTX_TASK_ID=echo_hi
AIRFLOW_CTX_EXECUTION_DATE=2023-10-23T18:09:42.322886+00:00
AIRFLOW_CTX_TRY_NUMBER=1
AIRFLOW_CTX_DAG_RUN_ID=manual__2023-10-23T18:09:42.322886+00:00
[2023-10-23 18:09:44,297] {subprocess.py:62} INFO - Tmp dir root location: 
 /tmp
[2023-10-23 18:09:44,299] {subprocess.py:74} INFO - Running command: ['bash', '-c', 'echo "Hello"']
[2023-10-23 18:09:44,322] {subprocess.py:85} INFO - Output:
[2023-10-23 18:09:44,325] {subprocess.py:92} INFO - Hello
[2023-10-23 18:09:44,375] {subprocess.py:96} INFO - Command exited with return code 0
[2023-10-23 18:09:44,440] {taskinstance.py:1420} INFO - Marking task as SUCCESS. dag_id=mydag, task_id=echo_hi, execution_date=20231023T180942, start_date=20231023T180943, end_date=20231023T180944
[2023-10-23 18:09:44,517] {local_task_job.py:156} INFO - Task exited with return code 0
[2023-10-23 18:09:44,593] {local_task_job.py:273} INFO - 1 downstream tasks scheduled from follow-on schedule check
