[2023-11-22 19:07:22,083] {taskinstance.py:1179} INFO - Dependencies all met for <TaskInstance: etl_hh.truncate_staging manual__2023-11-22T19:07:18.711365+00:00 [queued]>
[2023-11-22 19:07:22,115] {taskinstance.py:1179} INFO - Dependencies all met for <TaskInstance: etl_hh.truncate_staging manual__2023-11-22T19:07:18.711365+00:00 [queued]>
[2023-11-22 19:07:22,115] {taskinstance.py:1376} INFO - 
--------------------------------------------------------------------------------
[2023-11-22 19:07:22,116] {taskinstance.py:1377} INFO - Starting attempt 1 of 2
[2023-11-22 19:07:22,129] {taskinstance.py:1378} INFO - 
--------------------------------------------------------------------------------
[2023-11-22 19:07:22,165] {taskinstance.py:1397} INFO - Executing <Task(PostgresOperator): truncate_staging> on 2023-11-22 19:07:18.711365+00:00
[2023-11-22 19:07:22,175] {standard_task_runner.py:52} INFO - Started process 185 to run task
[2023-11-22 19:07:22,179] {standard_task_runner.py:79} INFO - Running: ['***', 'tasks', 'run', 'etl_hh', 'truncate_staging', 'manual__2023-11-22T19:07:18.711365+00:00', '--job-id', '29', '--raw', '--subdir', 'DAGS_FOLDER/pipeline.py', '--cfg-path', '/tmp/tmpj37gbvr5', '--error-file', '/tmp/tmpl0g0a_c9']
[2023-11-22 19:07:22,180] {standard_task_runner.py:80} INFO - Job 29: Subtask truncate_staging
[2023-11-22 19:07:22,331] {task_command.py:371} INFO - Running <TaskInstance: etl_hh.truncate_staging manual__2023-11-22T19:07:18.711365+00:00 [running]> on host 9ac5eb002233
[2023-11-22 19:07:22,789] {taskinstance.py:1591} INFO - Exporting the following env vars:
AIRFLOW_CTX_DAG_OWNER=***
AIRFLOW_CTX_DAG_ID=etl_hh
AIRFLOW_CTX_TASK_ID=truncate_staging
AIRFLOW_CTX_EXECUTION_DATE=2023-11-22T19:07:18.711365+00:00
AIRFLOW_CTX_TRY_NUMBER=1
AIRFLOW_CTX_DAG_RUN_ID=manual__2023-11-22T19:07:18.711365+00:00
[2023-11-22 19:07:22,806] {base.py:68} INFO - Using connection ID 'my_db_conn' for task execution.
[2023-11-22 19:07:22,843] {dbapi.py:231} INFO - Running statement: TRUNCATE staging.vacancy, parameters: None
[2023-11-22 19:07:22,906] {taskinstance.py:1420} INFO - Marking task as SUCCESS. dag_id=etl_hh, task_id=truncate_staging, execution_date=20231122T190718, start_date=20231122T190722, end_date=20231122T190722
[2023-11-22 19:07:22,961] {local_task_job.py:156} INFO - Task exited with return code 0
[2023-11-22 19:07:23,217] {local_task_job.py:273} INFO - 1 downstream tasks scheduled from follow-on schedule check
