[2023-10-23 18:09:46,484] {taskinstance.py:1179} INFO - Dependencies all met for <TaskInstance: mydag.print_date manual__2023-10-23T18:09:42.322886+00:00 [queued]>
[2023-10-23 18:09:46,513] {taskinstance.py:1179} INFO - Dependencies all met for <TaskInstance: mydag.print_date manual__2023-10-23T18:09:42.322886+00:00 [queued]>
[2023-10-23 18:09:46,514] {taskinstance.py:1376} INFO - 
--------------------------------------------------------------------------------
[2023-10-23 18:09:46,515] {taskinstance.py:1377} INFO - Starting attempt 1 of 1
[2023-10-23 18:09:46,517] {taskinstance.py:1378} INFO - 
--------------------------------------------------------------------------------
[2023-10-23 18:09:46,553] {taskinstance.py:1397} INFO - Executing <Task(BashOperator): print_date> on 2023-10-23 18:09:42.322886+00:00
[2023-10-23 18:09:46,562] {standard_task_runner.py:52} INFO - Started process 134 to run task
[2023-10-23 18:09:46,567] {standard_task_runner.py:79} INFO - Running: ['***', 'tasks', 'run', 'mydag', 'print_date', 'manual__2023-10-23T18:09:42.322886+00:00', '--job-id', '34', '--raw', '--subdir', 'DAGS_FOLDER/first_dag.py', '--cfg-path', '/tmp/tmp3zuwdj6l', '--error-file', '/tmp/tmpoi4a5n2x']
[2023-10-23 18:09:46,569] {standard_task_runner.py:80} INFO - Job 34: Subtask print_date
[2023-10-23 18:09:46,694] {task_command.py:371} INFO - Running <TaskInstance: mydag.print_date manual__2023-10-23T18:09:42.322886+00:00 [running]> on host d14eca7535dc
[2023-10-23 18:09:46,836] {taskinstance.py:1591} INFO - Exporting the following env vars:
AIRFLOW_CTX_DAG_OWNER=romank
AIRFLOW_CTX_DAG_ID=mydag
AIRFLOW_CTX_TASK_ID=print_date
AIRFLOW_CTX_EXECUTION_DATE=2023-10-23T18:09:42.322886+00:00
AIRFLOW_CTX_TRY_NUMBER=1
AIRFLOW_CTX_DAG_RUN_ID=manual__2023-10-23T18:09:42.322886+00:00
[2023-10-23 18:09:46,838] {subprocess.py:62} INFO - Tmp dir root location: 
 /tmp
[2023-10-23 18:09:46,840] {subprocess.py:74} INFO - Running command: ['bash', '-c', 'date']
[2023-10-23 18:09:46,859] {subprocess.py:85} INFO - Output:
[2023-10-23 18:09:46,864] {subprocess.py:92} INFO - Mon Oct 23 18:09:46 UTC 2023
[2023-10-23 18:09:46,865] {subprocess.py:96} INFO - Command exited with return code 0
[2023-10-23 18:09:46,928] {taskinstance.py:1420} INFO - Marking task as SUCCESS. dag_id=mydag, task_id=print_date, execution_date=20231023T180942, start_date=20231023T180946, end_date=20231023T180946
[2023-10-23 18:09:46,981] {local_task_job.py:156} INFO - Task exited with return code 0
[2023-10-23 18:09:47,029] {local_task_job.py:273} INFO - 0 downstream tasks scheduled from follow-on schedule check
