[2023-11-16 11:38:50,749] {taskinstance.py:1179} INFO - Dependencies all met for <TaskInstance: etl_hh.load_row_layer manual__2023-11-16T11:38:48.396790+00:00 [queued]>
[2023-11-16 11:38:50,783] {taskinstance.py:1179} INFO - Dependencies all met for <TaskInstance: etl_hh.load_row_layer manual__2023-11-16T11:38:48.396790+00:00 [queued]>
[2023-11-16 11:38:50,784] {taskinstance.py:1376} INFO - 
--------------------------------------------------------------------------------
[2023-11-16 11:38:50,785] {taskinstance.py:1377} INFO - Starting attempt 1 of 2
[2023-11-16 11:38:50,796] {taskinstance.py:1378} INFO - 
--------------------------------------------------------------------------------
[2023-11-16 11:38:50,837] {taskinstance.py:1397} INFO - Executing <Task(PythonOperator): load_row_layer> on 2023-11-16 11:38:48.396790+00:00
[2023-11-16 11:38:50,847] {standard_task_runner.py:52} INFO - Started process 1163 to run task
[2023-11-16 11:38:50,853] {standard_task_runner.py:79} INFO - Running: ['***', 'tasks', 'run', 'etl_hh', 'load_row_layer', 'manual__2023-11-16T11:38:48.396790+00:00', '--job-id', '82', '--raw', '--subdir', 'DAGS_FOLDER/pipeline.py', '--cfg-path', '/tmp/tmp0c89q45s', '--error-file', '/tmp/tmpuzuffbdn']
[2023-11-16 11:38:50,854] {standard_task_runner.py:80} INFO - Job 82: Subtask load_row_layer
[2023-11-16 11:38:51,013] {task_command.py:371} INFO - Running <TaskInstance: etl_hh.load_row_layer manual__2023-11-16T11:38:48.396790+00:00 [running]> on host 724455ac2390
[2023-11-16 11:38:51,245] {taskinstance.py:1591} INFO - Exporting the following env vars:
AIRFLOW_CTX_DAG_OWNER=***
AIRFLOW_CTX_DAG_ID=etl_hh
AIRFLOW_CTX_TASK_ID=load_row_layer
AIRFLOW_CTX_EXECUTION_DATE=2023-11-16T11:38:48.396790+00:00
AIRFLOW_CTX_TRY_NUMBER=1
AIRFLOW_CTX_DAG_RUN_ID=manual__2023-11-16T11:38:48.396790+00:00
[2023-11-16 11:38:54,553] {python.py:173} INFO - Done. Returned value was: None
[2023-11-16 11:38:54,591] {taskinstance.py:1420} INFO - Marking task as SUCCESS. dag_id=etl_hh, task_id=load_row_layer, execution_date=20231116T113848, start_date=20231116T113850, end_date=20231116T113854
[2023-11-16 11:38:54,660] {local_task_job.py:156} INFO - Task exited with return code 0
[2023-11-16 11:38:54,722] {local_task_job.py:273} INFO - 0 downstream tasks scheduled from follow-on schedule check
