[2023-11-21 15:27:12,091] {taskinstance.py:1179} INFO - Dependencies all met for <TaskInstance: etl_hh.load_core_fact_vacancy scheduled__2023-11-20T00:00:00+00:00 [queued]>
[2023-11-21 15:27:12,116] {taskinstance.py:1179} INFO - Dependencies all met for <TaskInstance: etl_hh.load_core_fact_vacancy scheduled__2023-11-20T00:00:00+00:00 [queued]>
[2023-11-21 15:27:12,117] {taskinstance.py:1376} INFO - 
--------------------------------------------------------------------------------
[2023-11-21 15:27:12,138] {taskinstance.py:1377} INFO - Starting attempt 1 of 2
[2023-11-21 15:27:12,139] {taskinstance.py:1378} INFO - 
--------------------------------------------------------------------------------
[2023-11-21 15:27:12,178] {taskinstance.py:1397} INFO - Executing <Task(PostgresOperator): load_core_fact_vacancy> on 2023-11-20 00:00:00+00:00
[2023-11-21 15:27:12,186] {standard_task_runner.py:52} INFO - Started process 304 to run task
[2023-11-21 15:27:12,195] {standard_task_runner.py:79} INFO - Running: ['***', 'tasks', 'run', 'etl_hh', 'load_core_fact_vacancy', 'scheduled__2023-11-20T00:00:00+00:00', '--job-id', '275', '--raw', '--subdir', 'DAGS_FOLDER/pipeline.py', '--cfg-path', '/tmp/tmprmxz37dx', '--error-file', '/tmp/tmp7iuec677']
[2023-11-21 15:27:12,196] {standard_task_runner.py:80} INFO - Job 275: Subtask load_core_fact_vacancy
[2023-11-21 15:27:12,332] {task_command.py:371} INFO - Running <TaskInstance: etl_hh.load_core_fact_vacancy scheduled__2023-11-20T00:00:00+00:00 [running]> on host b47ed23e9d21
[2023-11-21 15:27:12,518] {taskinstance.py:1591} INFO - Exporting the following env vars:
AIRFLOW_CTX_DAG_OWNER=***
AIRFLOW_CTX_DAG_ID=etl_hh
AIRFLOW_CTX_TASK_ID=load_core_fact_vacancy
AIRFLOW_CTX_EXECUTION_DATE=2023-11-20T00:00:00+00:00
AIRFLOW_CTX_TRY_NUMBER=1
AIRFLOW_CTX_DAG_RUN_ID=scheduled__2023-11-20T00:00:00+00:00
[2023-11-21 15:27:12,535] {base.py:68} INFO - Using connection ID 'my_db_conn' for task execution.
[2023-11-21 15:27:12,570] {dbapi.py:231} INFO - Running statement: 
        MERGE INTO core.fact_vacancy AS trg
        USING(
            SELECT DISTINCT
                    id AS vacancy_id,
                    CASE 
                        WHEN vacancy_name ILIKE '%data engineer%' 
                            OR vacancy_name ILIKE '%data инженер%'
                            OR vacancy_name ILIKE '%data-инженер%'
                            OR vacancy_name ILIKE '%дата инженер%'
                            OR vacancy_name ILIKE '%инженер данных%'
                            OR vacancy_name ILIKE '%дата-инженер%'
                        THEN 'Инженер данных'
                        WHEN vacancy_name ILIKE '%аналитик данных%' 
                            OR vacancy_name ILIKE '%data analyst%'
                            OR vacancy_name ILIKE '%data аналитик%'
                        THEN 'Аналитик данных'
                        WHEN vacancy_name ILIKE '%data scientist%'
                            OR vacancy_name ILIKE '%исследователь данных%'
                        THEN 'Data scientist'
                    END AS vacancy_name,
                    CASE
                        WHEN vacancy_name LIKE ('%Стажер%')
                        THEN 'Intern'
                        WHEN vacancy_name LIKE ('%Младший%')
                            OR vacancy_name LIKE ('%Junior%')
                        THEN 'Junior'
                        WHEN vacancy_name LIKE ('%Старший%')
                            OR vacancy_name LIKE ('%Middle%')
                        THEN 'Middle'
                        WHEN vacancy_name LIKE ('%Ведущий%')
                            OR vacancy_name LIKE ('%Senior%')
                        THEN 'Senior'
                        WHEN vacancy_name LIKE ('%Руководитель%')
                            OR vacancy_name LIKE ('%Team Lead%')
                        THEN 'Team Lead'
                    END AS grade,
                    CASE
                        WHEN experience_id = 'noExperience'
                        THEN 'Intern'
                        WHEN experience_id = 'between1And3'
                        THEN 'Junior'
                        WHEN experience_id = 'between3And6'
                        THEN 'Middle'
                        WHEN experience_id = 'moreThan6'
                        THEN 'Senior'
                    END AS grade_experience,
                    published_at,
                    is_archive,
                    is_open,
                    employer_id ,
                    experience_id,
                    area_id,
                    salary_from,
                    salary_to,
                    is_gross,
                    salary_currency
                FROM staging.vacancy) AS src
        ON trg.vacancy_id = src.vacancy_id
        WHEN NOT MATCHED
        THEN INSERT(
            vacancy_id,
            vacancy_name,
            grade,
            grade_experience,
            published_at,
            is_archive,
            is_open,
            employer_id,
            experience_id,
            area_id,
            salary_from,
            salary_to,
            is_gross,
            salary_currency)
        VALUES(
            src.vacancy_id,
            src.vacancy_name,
            src.grade,
            src.grade_experience,
            src.published_at,
            src.is_archive,
            src.is_open,
            src.employer_id,
            src.experience_id,
            src.area_id,
            src.salary_from,
            src.salary_to,
            src.is_gross,
            src.salary_currency)
        WHEN MATCHED
        THEN UPDATE
        SET 
            vacancy_id = src.vacancy_id,
            vacancy_name = src.vacancy_name,
            grade = src.grade,
            grade_experience = src.grade_experience,
            published_at = src.published_at,
            is_archive = src.is_archive,
            is_open = src.is_open,
            employer_id = src.employer_id,
            experience_id = src.experience_id,
            area_id = src.area_id,
            salary_from = src.salary_from,
            salary_to = src.salary_to,
            is_gross = src.is_gross,
            salary_currency = src.salary_currency, parameters: None
[2023-11-21 15:27:12,582] {taskinstance.py:1909} ERROR - Task failed with exception
Traceback (most recent call last):
  File "/home/airflow/.local/lib/python3.7/site-packages/airflow/providers/postgres/operators/postgres.py", line 92, in execute
    self.hook.run(self.sql, self.autocommit, parameters=self.parameters)
  File "/home/airflow/.local/lib/python3.7/site-packages/airflow/hooks/dbapi.py", line 211, in run
    self._run_command(cur, sql_statement, parameters)
  File "/home/airflow/.local/lib/python3.7/site-packages/airflow/hooks/dbapi.py", line 235, in _run_command
    cur.execute(sql_statement)
psycopg2.errors.UndefinedColumn: column trg.vacancy_id does not exist
LINE 59:         ON trg.vacancy_id = src.vacancy_id
                    ^
HINT:  Perhaps you meant to reference the column "src.vacancy_id".

[2023-11-21 15:27:12,600] {taskinstance.py:1420} INFO - Marking task as UP_FOR_RETRY. dag_id=etl_hh, task_id=load_core_fact_vacancy, execution_date=20231120T000000, start_date=20231121T152712, end_date=20231121T152712
[2023-11-21 15:27:12,628] {standard_task_runner.py:97} ERROR - Failed to execute job 275 for task load_core_fact_vacancy (column trg.vacancy_id does not exist
LINE 59:         ON trg.vacancy_id = src.vacancy_id
                    ^
HINT:  Perhaps you meant to reference the column "src.vacancy_id".
; 304)
[2023-11-21 15:27:12,647] {local_task_job.py:156} INFO - Task exited with return code 1
[2023-11-21 15:27:12,731] {local_task_job.py:273} INFO - 0 downstream tasks scheduled from follow-on schedule check
[2023-11-21 15:44:13,992] {taskinstance.py:1179} INFO - Dependencies all met for <TaskInstance: etl_hh.load_core_fact_vacancy scheduled__2023-11-20T00:00:00+00:00 [queued]>
[2023-11-21 15:44:14,013] {taskinstance.py:1179} INFO - Dependencies all met for <TaskInstance: etl_hh.load_core_fact_vacancy scheduled__2023-11-20T00:00:00+00:00 [queued]>
[2023-11-21 15:44:14,013] {taskinstance.py:1376} INFO - 
--------------------------------------------------------------------------------
[2023-11-21 15:44:14,014] {taskinstance.py:1377} INFO - Starting attempt 1 of 2
[2023-11-21 15:44:14,014] {taskinstance.py:1378} INFO - 
--------------------------------------------------------------------------------
[2023-11-21 15:44:14,036] {taskinstance.py:1397} INFO - Executing <Task(PostgresOperator): load_core_fact_vacancy> on 2023-11-20 00:00:00+00:00
[2023-11-21 15:44:14,044] {standard_task_runner.py:52} INFO - Started process 1063 to run task
[2023-11-21 15:44:14,047] {standard_task_runner.py:79} INFO - Running: ['***', 'tasks', 'run', 'etl_hh', 'load_core_fact_vacancy', 'scheduled__2023-11-20T00:00:00+00:00', '--job-id', '289', '--raw', '--subdir', 'DAGS_FOLDER/pipeline.py', '--cfg-path', '/tmp/tmpt4a5cc0j', '--error-file', '/tmp/tmpzhq_qx22']
[2023-11-21 15:44:14,048] {standard_task_runner.py:80} INFO - Job 289: Subtask load_core_fact_vacancy
[2023-11-21 15:44:14,162] {task_command.py:371} INFO - Running <TaskInstance: etl_hh.load_core_fact_vacancy scheduled__2023-11-20T00:00:00+00:00 [running]> on host b47ed23e9d21
[2023-11-21 15:44:14,283] {taskinstance.py:1591} INFO - Exporting the following env vars:
AIRFLOW_CTX_DAG_OWNER=***
AIRFLOW_CTX_DAG_ID=etl_hh
AIRFLOW_CTX_TASK_ID=load_core_fact_vacancy
AIRFLOW_CTX_EXECUTION_DATE=2023-11-20T00:00:00+00:00
AIRFLOW_CTX_TRY_NUMBER=1
AIRFLOW_CTX_DAG_RUN_ID=scheduled__2023-11-20T00:00:00+00:00
[2023-11-21 15:44:14,298] {base.py:68} INFO - Using connection ID 'my_db_conn' for task execution.
[2023-11-21 15:44:14,322] {dbapi.py:231} INFO - Running statement: 
        MERGE INTO core.fact_vacancy AS trg
        USING(
            SELECT DISTINCT
                    id AS vacancy_id,
                    CASE 
                        WHEN vacancy_name ILIKE '%data engineer%' 
                            OR vacancy_name ILIKE '%data инженер%'
                            OR vacancy_name ILIKE '%data-инженер%'
                            OR vacancy_name ILIKE '%дата инженер%'
                            OR vacancy_name ILIKE '%инженер данных%'
                            OR vacancy_name ILIKE '%дата-инженер%'
                        THEN 'Инженер данных'
                        WHEN vacancy_name ILIKE '%аналитик данных%' 
                            OR vacancy_name ILIKE '%data analyst%'
                            OR vacancy_name ILIKE '%data аналитик%'
                        THEN 'Аналитик данных'
                        WHEN vacancy_name ILIKE '%data scientist%'
                            OR vacancy_name ILIKE '%исследователь данных%'
                        THEN 'Data scientist'
                    END AS vacancy_name,
                    CASE
                        WHEN vacancy_name LIKE ('%Стажер%')
                        THEN 'Intern'
                        WHEN vacancy_name LIKE ('%Младший%')
                            OR vacancy_name LIKE ('%Junior%')
                        THEN 'Junior'
                        WHEN vacancy_name LIKE ('%Старший%')
                            OR vacancy_name LIKE ('%Middle%')
                        THEN 'Middle'
                        WHEN vacancy_name LIKE ('%Ведущий%')
                            OR vacancy_name LIKE ('%Senior%')
                        THEN 'Senior'
                        WHEN vacancy_name LIKE ('%Руководитель%')
                            OR vacancy_name LIKE ('%Team Lead%')
                        THEN 'Team Lead'
                    END AS grade,
                    CASE
                        WHEN experience_id = 'noExperience'
                        THEN 'Intern'
                        WHEN experience_id = 'between1And3'
                        THEN 'Junior'
                        WHEN experience_id = 'between3And6'
                        THEN 'Middle'
                        WHEN experience_id = 'moreThan6'
                        THEN 'Senior'
                    END AS grade_experience,
                    published_at,
                    is_archive,
                    is_open,
                    employer_id ,
                    experience_id,
                    area_id,
                    salary_from,
                    salary_to,
                    is_gross,
                    salary_currency
                FROM staging.vacancy) AS src
        ON trg.vacancy_id = src.vacancy_id
        WHEN NOT MATCHED
        THEN INSERT(
            vacancy_id,
            vacancy_name,
            grade,
            grade_experience,
            published_at,
            is_archive,
            is_open,
            employer_id,
            experience_id,
            area_id,
            salary_from,
            salary_to,
            is_gross,
            salary_currency)
        VALUES(
            src.vacancy_id,
            src.vacancy_name,
            src.grade,
            src.grade_experience,
            src.published_at,
            src.is_archive,
            src.is_open,
            src.employer_id,
            src.experience_id,
            src.area_id,
            src.salary_from,
            src.salary_to,
            src.is_gross,
            src.salary_currency)
        WHEN MATCHED
        THEN UPDATE
        SET 
            vacancy_id = src.vacancy_id,
            vacancy_name = src.vacancy_name,
            grade = src.grade,
            grade_experience = src.grade_experience,
            published_at = src.published_at,
            is_archive = src.is_archive,
            is_open = src.is_open,
            employer_id = src.employer_id,
            experience_id = src.experience_id,
            area_id = src.area_id,
            salary_from = src.salary_from,
            salary_to = src.salary_to,
            is_gross = src.is_gross,
            salary_currency = src.salary_currency, parameters: None
[2023-11-21 15:44:14,385] {taskinstance.py:1420} INFO - Marking task as SUCCESS. dag_id=etl_hh, task_id=load_core_fact_vacancy, execution_date=20231120T000000, start_date=20231121T154413, end_date=20231121T154414
[2023-11-21 15:44:14,421] {local_task_job.py:156} INFO - Task exited with return code 0
[2023-11-21 15:44:14,472] {local_task_job.py:273} INFO - 0 downstream tasks scheduled from follow-on schedule check
[2023-11-21 16:02:56,888] {taskinstance.py:1179} INFO - Dependencies all met for <TaskInstance: etl_hh.load_core_fact_vacancy scheduled__2023-11-20T00:00:00+00:00 [queued]>
[2023-11-21 16:02:56,914] {taskinstance.py:1179} INFO - Dependencies all met for <TaskInstance: etl_hh.load_core_fact_vacancy scheduled__2023-11-20T00:00:00+00:00 [queued]>
[2023-11-21 16:02:56,915] {taskinstance.py:1376} INFO - 
--------------------------------------------------------------------------------
[2023-11-21 16:02:56,916] {taskinstance.py:1377} INFO - Starting attempt 1 of 2
[2023-11-21 16:02:56,917] {taskinstance.py:1378} INFO - 
--------------------------------------------------------------------------------
[2023-11-21 16:02:56,952] {taskinstance.py:1397} INFO - Executing <Task(PostgresOperator): load_core_fact_vacancy> on 2023-11-20 00:00:00+00:00
[2023-11-21 16:02:56,963] {standard_task_runner.py:52} INFO - Started process 1907 to run task
[2023-11-21 16:02:56,968] {standard_task_runner.py:79} INFO - Running: ['***', 'tasks', 'run', 'etl_hh', 'load_core_fact_vacancy', 'scheduled__2023-11-20T00:00:00+00:00', '--job-id', '299', '--raw', '--subdir', 'DAGS_FOLDER/pipeline.py', '--cfg-path', '/tmp/tmphpwlab5y', '--error-file', '/tmp/tmp684_5pt9']
[2023-11-21 16:02:56,969] {standard_task_runner.py:80} INFO - Job 299: Subtask load_core_fact_vacancy
[2023-11-21 16:02:57,098] {task_command.py:371} INFO - Running <TaskInstance: etl_hh.load_core_fact_vacancy scheduled__2023-11-20T00:00:00+00:00 [running]> on host b47ed23e9d21
[2023-11-21 16:02:57,264] {taskinstance.py:1591} INFO - Exporting the following env vars:
AIRFLOW_CTX_DAG_OWNER=***
AIRFLOW_CTX_DAG_ID=etl_hh
AIRFLOW_CTX_TASK_ID=load_core_fact_vacancy
AIRFLOW_CTX_EXECUTION_DATE=2023-11-20T00:00:00+00:00
AIRFLOW_CTX_TRY_NUMBER=1
AIRFLOW_CTX_DAG_RUN_ID=scheduled__2023-11-20T00:00:00+00:00
[2023-11-21 16:02:57,284] {base.py:68} INFO - Using connection ID 'my_db_conn' for task execution.
[2023-11-21 16:02:57,315] {dbapi.py:231} INFO - Running statement: 
        MERGE INTO core.fact_vacancy AS trg
        USING(
            SELECT DISTINCT
                    id AS vacancy_id,
                    CASE 
                        WHEN vacancy_name ILIKE '%data engineer%' 
                            OR vacancy_name ILIKE '%data инженер%'
                            OR vacancy_name ILIKE '%data-инженер%'
                            OR vacancy_name ILIKE '%дата инженер%'
                            OR vacancy_name ILIKE '%инженер данных%'
                            OR vacancy_name ILIKE '%дата-инженер%'
                        THEN 'Инженер данных'
                        WHEN vacancy_name ILIKE '%аналитик данных%' 
                            OR vacancy_name ILIKE '%data analyst%'
                            OR vacancy_name ILIKE '%data аналитик%'
                        THEN 'Аналитик данных'
                        WHEN vacancy_name ILIKE '%data scientist%'
                            OR vacancy_name ILIKE '%исследователь данных%'
                        THEN 'Data scientist'
                    END AS vacancy_name,
                    CASE
                        WHEN vacancy_name LIKE ('%Стажер%')
                        THEN 'Intern'
                        WHEN vacancy_name LIKE ('%Младший%')
                            OR vacancy_name LIKE ('%Junior%')
                        THEN 'Junior'
                        WHEN vacancy_name LIKE ('%Старший%')
                            OR vacancy_name LIKE ('%Middle%')
                        THEN 'Middle'
                        WHEN vacancy_name LIKE ('%Ведущий%')
                            OR vacancy_name LIKE ('%Senior%')
                        THEN 'Senior'
                        WHEN vacancy_name LIKE ('%Руководитель%')
                            OR vacancy_name LIKE ('%Team Lead%')
                        THEN 'Team Lead'
                    END AS grade,
                    CASE
                        WHEN experience_id = 'noExperience'
                        THEN 'Intern'
                        WHEN experience_id = 'between1And3'
                        THEN 'Junior'
                        WHEN experience_id = 'between3And6'
                        THEN 'Middle'
                        WHEN experience_id = 'moreThan6'
                        THEN 'Senior'
                    END AS grade_experience,
                    published_at,
                    is_archive,
                    is_open,
                    employer_id ,
                    experience_id,
                    area_id,
                    salary_from,
                    salary_to,
                    is_gross,
                    salary_currency
                FROM staging.vacancy) AS src
        ON trg.vacancy_id = src.vacancy_id
        WHEN NOT MATCHED
        THEN INSERT(
            vacancy_id,
            vacancy_name,
            grade,
            grade_experience,
            published_at,
            is_archive,
            is_open,
            employer_id,
            experience_id,
            area_id,
            salary_from,
            salary_to,
            is_gross,
            salary_currency)
        VALUES(
            src.vacancy_id,
            src.vacancy_name,
            src.grade,
            src.grade_experience,
            src.published_at,
            src.is_archive,
            src.is_open,
            src.employer_id,
            src.experience_id,
            src.area_id,
            src.salary_from,
            src.salary_to,
            src.is_gross,
            src.salary_currency)
        WHEN MATCHED
        THEN UPDATE
        SET 
            vacancy_id = src.vacancy_id,
            vacancy_name = src.vacancy_name,
            grade = src.grade,
            grade_experience = src.grade_experience,
            published_at = src.published_at,
            is_archive = src.is_archive,
            is_open = src.is_open,
            employer_id = src.employer_id,
            experience_id = src.experience_id,
            area_id = src.area_id,
            salary_from = src.salary_from,
            salary_to = src.salary_to,
            is_gross = src.is_gross,
            salary_currency = src.salary_currency, parameters: None
[2023-11-21 16:02:57,406] {taskinstance.py:1420} INFO - Marking task as SUCCESS. dag_id=etl_hh, task_id=load_core_fact_vacancy, execution_date=20231120T000000, start_date=20231121T160256, end_date=20231121T160257
[2023-11-21 16:02:57,463] {local_task_job.py:156} INFO - Task exited with return code 0
[2023-11-21 16:02:57,523] {local_task_job.py:273} INFO - 0 downstream tasks scheduled from follow-on schedule check
[2023-11-21 16:05:06,272] {taskinstance.py:1179} INFO - Dependencies all met for <TaskInstance: etl_hh.load_core_fact_vacancy scheduled__2023-11-20T00:00:00+00:00 [queued]>
[2023-11-21 16:05:06,288] {taskinstance.py:1179} INFO - Dependencies all met for <TaskInstance: etl_hh.load_core_fact_vacancy scheduled__2023-11-20T00:00:00+00:00 [queued]>
[2023-11-21 16:05:06,289] {taskinstance.py:1376} INFO - 
--------------------------------------------------------------------------------
[2023-11-21 16:05:06,289] {taskinstance.py:1377} INFO - Starting attempt 1 of 2
[2023-11-21 16:05:06,290] {taskinstance.py:1378} INFO - 
--------------------------------------------------------------------------------
[2023-11-21 16:05:06,308] {taskinstance.py:1397} INFO - Executing <Task(PostgresOperator): load_core_fact_vacancy> on 2023-11-20 00:00:00+00:00
[2023-11-21 16:05:06,314] {standard_task_runner.py:52} INFO - Started process 2021 to run task
[2023-11-21 16:05:06,318] {standard_task_runner.py:79} INFO - Running: ['***', 'tasks', 'run', 'etl_hh', 'load_core_fact_vacancy', 'scheduled__2023-11-20T00:00:00+00:00', '--job-id', '312', '--raw', '--subdir', 'DAGS_FOLDER/pipeline.py', '--cfg-path', '/tmp/tmpno2smh2m', '--error-file', '/tmp/tmph71_93zr']
[2023-11-21 16:05:06,319] {standard_task_runner.py:80} INFO - Job 312: Subtask load_core_fact_vacancy
[2023-11-21 16:05:06,408] {task_command.py:371} INFO - Running <TaskInstance: etl_hh.load_core_fact_vacancy scheduled__2023-11-20T00:00:00+00:00 [running]> on host b47ed23e9d21
[2023-11-21 16:05:06,508] {taskinstance.py:1591} INFO - Exporting the following env vars:
AIRFLOW_CTX_DAG_OWNER=***
AIRFLOW_CTX_DAG_ID=etl_hh
AIRFLOW_CTX_TASK_ID=load_core_fact_vacancy
AIRFLOW_CTX_EXECUTION_DATE=2023-11-20T00:00:00+00:00
AIRFLOW_CTX_TRY_NUMBER=1
AIRFLOW_CTX_DAG_RUN_ID=scheduled__2023-11-20T00:00:00+00:00
[2023-11-21 16:05:06,521] {base.py:68} INFO - Using connection ID 'my_db_conn' for task execution.
[2023-11-21 16:05:06,543] {dbapi.py:231} INFO - Running statement: 
        MERGE INTO core.fact_vacancy AS trg
        USING(
            SELECT DISTINCT
                    id AS vacancy_id,
                    CASE 
                        WHEN vacancy_name ILIKE '%data engineer%' 
                            OR vacancy_name ILIKE '%data инженер%'
                            OR vacancy_name ILIKE '%data-инженер%'
                            OR vacancy_name ILIKE '%дата инженер%'
                            OR vacancy_name ILIKE '%инженер данных%'
                            OR vacancy_name ILIKE '%дата-инженер%'
                        THEN 'Инженер данных'
                        WHEN vacancy_name ILIKE '%аналитик данных%' 
                            OR vacancy_name ILIKE '%data analyst%'
                            OR vacancy_name ILIKE '%data аналитик%'
                        THEN 'Аналитик данных'
                        WHEN vacancy_name ILIKE '%data scientist%'
                            OR vacancy_name ILIKE '%исследователь данных%'
                        THEN 'Data scientist'
                    END AS vacancy_name,
                    CASE
                        WHEN vacancy_name LIKE ('%Стажер%')
                        THEN 'Intern'
                        WHEN vacancy_name LIKE ('%Младший%')
                            OR vacancy_name LIKE ('%Junior%')
                        THEN 'Junior'
                        WHEN vacancy_name LIKE ('%Старший%')
                            OR vacancy_name LIKE ('%Middle%')
                        THEN 'Middle'
                        WHEN vacancy_name LIKE ('%Ведущий%')
                            OR vacancy_name LIKE ('%Senior%')
                        THEN 'Senior'
                        WHEN vacancy_name LIKE ('%Руководитель%')
                            OR vacancy_name LIKE ('%Team Lead%')
                        THEN 'Team Lead'
                    END AS grade,
                    CASE
                        WHEN experience_id = 'noExperience'
                        THEN 'Intern'
                        WHEN experience_id = 'between1And3'
                        THEN 'Junior'
                        WHEN experience_id = 'between3And6'
                        THEN 'Middle'
                        WHEN experience_id = 'moreThan6'
                        THEN 'Senior'
                    END AS grade_experience,
                    published_at,
                    is_archive,
                    is_open,
                    employer_id ,
                    experience_id,
                    area_id,
                    salary_from,
                    salary_to,
                    is_gross,
                    salary_currency
                FROM staging.vacancy) AS src
        ON trg.vacancy_id = src.vacancy_id
        WHEN NOT MATCHED
        THEN INSERT(
            vacancy_id,
            vacancy_name,
            grade,
            grade_experience,
            published_at,
            is_archive,
            is_open,
            employer_id,
            experience_id,
            area_id,
            salary_from,
            salary_to,
            is_gross,
            salary_currency)
        VALUES(
            src.vacancy_id,
            src.vacancy_name,
            src.grade,
            src.grade_experience,
            src.published_at,
            src.is_archive,
            src.is_open,
            src.employer_id,
            src.experience_id,
            src.area_id,
            src.salary_from,
            src.salary_to,
            src.is_gross,
            src.salary_currency)
        WHEN MATCHED
        THEN UPDATE
        SET 
            vacancy_id = src.vacancy_id,
            vacancy_name = src.vacancy_name,
            grade = src.grade,
            grade_experience = src.grade_experience,
            published_at = src.published_at,
            is_archive = src.is_archive,
            is_open = src.is_open,
            employer_id = src.employer_id,
            experience_id = src.experience_id,
            area_id = src.area_id,
            salary_from = src.salary_from,
            salary_to = src.salary_to,
            is_gross = src.is_gross,
            salary_currency = src.salary_currency, parameters: None
[2023-11-21 16:05:06,582] {taskinstance.py:1420} INFO - Marking task as SUCCESS. dag_id=etl_hh, task_id=load_core_fact_vacancy, execution_date=20231120T000000, start_date=20231121T160506, end_date=20231121T160506
[2023-11-21 16:05:06,610] {local_task_job.py:156} INFO - Task exited with return code 0
[2023-11-21 16:05:06,656] {local_task_job.py:273} INFO - 0 downstream tasks scheduled from follow-on schedule check
[2023-11-21 16:14:26,428] {taskinstance.py:1179} INFO - Dependencies all met for <TaskInstance: etl_hh.load_core_fact_vacancy scheduled__2023-11-20T00:00:00+00:00 [queued]>
[2023-11-21 16:14:26,444] {taskinstance.py:1179} INFO - Dependencies all met for <TaskInstance: etl_hh.load_core_fact_vacancy scheduled__2023-11-20T00:00:00+00:00 [queued]>
[2023-11-21 16:14:26,445] {taskinstance.py:1376} INFO - 
--------------------------------------------------------------------------------
[2023-11-21 16:14:26,445] {taskinstance.py:1377} INFO - Starting attempt 1 of 2
[2023-11-21 16:14:26,446] {taskinstance.py:1378} INFO - 
--------------------------------------------------------------------------------
[2023-11-21 16:14:26,464] {taskinstance.py:1397} INFO - Executing <Task(PostgresOperator): load_core_fact_vacancy> on 2023-11-20 00:00:00+00:00
[2023-11-21 16:14:26,471] {standard_task_runner.py:52} INFO - Started process 2459 to run task
[2023-11-21 16:14:26,475] {standard_task_runner.py:79} INFO - Running: ['***', 'tasks', 'run', 'etl_hh', 'load_core_fact_vacancy', 'scheduled__2023-11-20T00:00:00+00:00', '--job-id', '328', '--raw', '--subdir', 'DAGS_FOLDER/pipeline.py', '--cfg-path', '/tmp/tmp0_jhx9yw', '--error-file', '/tmp/tmpf7nzco5v']
[2023-11-21 16:14:26,476] {standard_task_runner.py:80} INFO - Job 328: Subtask load_core_fact_vacancy
[2023-11-21 16:14:26,558] {task_command.py:371} INFO - Running <TaskInstance: etl_hh.load_core_fact_vacancy scheduled__2023-11-20T00:00:00+00:00 [running]> on host b47ed23e9d21
[2023-11-21 16:14:26,661] {taskinstance.py:1591} INFO - Exporting the following env vars:
AIRFLOW_CTX_DAG_OWNER=***
AIRFLOW_CTX_DAG_ID=etl_hh
AIRFLOW_CTX_TASK_ID=load_core_fact_vacancy
AIRFLOW_CTX_EXECUTION_DATE=2023-11-20T00:00:00+00:00
AIRFLOW_CTX_TRY_NUMBER=1
AIRFLOW_CTX_DAG_RUN_ID=scheduled__2023-11-20T00:00:00+00:00
[2023-11-21 16:14:26,673] {base.py:68} INFO - Using connection ID 'my_db_conn' for task execution.
[2023-11-21 16:14:26,695] {dbapi.py:231} INFO - Running statement: 
        MERGE INTO core.fact_vacancy AS trg
        USING(
            SELECT DISTINCT
                    id AS vacancy_id,
                    CASE 
                        WHEN vacancy_name ILIKE '%data engineer%' 
                            OR vacancy_name ILIKE '%data инженер%'
                            OR vacancy_name ILIKE '%data-инженер%'
                            OR vacancy_name ILIKE '%дата инженер%'
                            OR vacancy_name ILIKE '%инженер данных%'
                            OR vacancy_name ILIKE '%дата-инженер%'
                        THEN 'Инженер данных'
                        WHEN vacancy_name ILIKE '%аналитик данных%' 
                            OR vacancy_name ILIKE '%data analyst%'
                            OR vacancy_name ILIKE '%data аналитик%'
                        THEN 'Аналитик данных'
                        WHEN vacancy_name ILIKE '%data scientist%'
                            OR vacancy_name ILIKE '%исследователь данных%'
                        THEN 'Data scientist'
                    END AS vacancy_name,
                    CASE
                        WHEN vacancy_name LIKE ('%Стажер%')
                        THEN 'Intern'
                        WHEN vacancy_name LIKE ('%Младший%')
                            OR vacancy_name LIKE ('%Junior%')
                        THEN 'Junior'
                        WHEN vacancy_name LIKE ('%Старший%')
                            OR vacancy_name LIKE ('%Middle%')
                        THEN 'Middle'
                        WHEN vacancy_name LIKE ('%Ведущий%')
                            OR vacancy_name LIKE ('%Senior%')
                        THEN 'Senior'
                        WHEN vacancy_name LIKE ('%Руководитель%')
                            OR vacancy_name LIKE ('%Team Lead%')
                        THEN 'Team Lead'
                    END AS grade,
                    CASE
                        WHEN experience_id = 'noExperience'
                        THEN 'Intern'
                        WHEN experience_id = 'between1And3'
                        THEN 'Junior'
                        WHEN experience_id = 'between3And6'
                        THEN 'Middle'
                        WHEN experience_id = 'moreThan6'
                        THEN 'Senior'
                    END AS grade_experience,
                    published_at,
                    is_archive,
                    is_open,
                    employer_id ,
                    experience_id,
                    area_id,
                    salary_from,
                    salary_to,
                    is_gross,
                    salary_currency
                FROM staging.vacancy) AS src
        ON trg.vacancy_id = src.vacancy_id
        WHEN NOT MATCHED
        THEN INSERT(
            vacancy_id,
            vacancy_name,
            grade,
            grade_experience,
            published_at,
            is_archive,
            is_open,
            employer_id,
            experience_id,
            area_id,
            salary_from,
            salary_to,
            is_gross,
            salary_currency)
        VALUES(
            src.vacancy_id,
            src.vacancy_name,
            src.grade,
            src.grade_experience,
            src.published_at,
            src.is_archive,
            src.is_open,
            src.employer_id,
            src.experience_id,
            src.area_id,
            src.salary_from,
            src.salary_to,
            src.is_gross,
            src.salary_currency)
        WHEN MATCHED
        THEN UPDATE
        SET 
            vacancy_id = src.vacancy_id,
            vacancy_name = src.vacancy_name,
            grade = src.grade,
            grade_experience = src.grade_experience,
            published_at = src.published_at,
            is_archive = src.is_archive,
            is_open = src.is_open,
            employer_id = src.employer_id,
            experience_id = src.experience_id,
            area_id = src.area_id,
            salary_from = src.salary_from,
            salary_to = src.salary_to,
            is_gross = src.is_gross,
            salary_currency = src.salary_currency, parameters: None
[2023-11-21 16:14:26,801] {taskinstance.py:1420} INFO - Marking task as SUCCESS. dag_id=etl_hh, task_id=load_core_fact_vacancy, execution_date=20231120T000000, start_date=20231121T161426, end_date=20231121T161426
[2023-11-21 16:14:26,846] {local_task_job.py:156} INFO - Task exited with return code 0
[2023-11-21 16:14:26,897] {local_task_job.py:273} INFO - 0 downstream tasks scheduled from follow-on schedule check
