[2023-11-18 20:00:49,798] {taskinstance.py:1179} INFO - Dependencies all met for <TaskInstance: etl_hh.load_core_dim_employer manual__2023-11-18T20:00:23.706090+00:00 [queued]>
[2023-11-18 20:00:49,826] {taskinstance.py:1179} INFO - Dependencies all met for <TaskInstance: etl_hh.load_core_dim_employer manual__2023-11-18T20:00:23.706090+00:00 [queued]>
[2023-11-18 20:00:49,827] {taskinstance.py:1376} INFO - 
--------------------------------------------------------------------------------
[2023-11-18 20:00:49,841] {taskinstance.py:1377} INFO - Starting attempt 1 of 2
[2023-11-18 20:00:49,842] {taskinstance.py:1378} INFO - 
--------------------------------------------------------------------------------
[2023-11-18 20:00:49,868] {taskinstance.py:1397} INFO - Executing <Task(PostgresOperator): load_core_dim_employer> on 2023-11-18 20:00:23.706090+00:00
[2023-11-18 20:00:49,878] {standard_task_runner.py:52} INFO - Started process 14386 to run task
[2023-11-18 20:00:49,882] {standard_task_runner.py:79} INFO - Running: ['***', 'tasks', 'run', 'etl_hh', 'load_core_dim_employer', 'manual__2023-11-18T20:00:23.706090+00:00', '--job-id', '113', '--raw', '--subdir', 'DAGS_FOLDER/pipeline.py', '--cfg-path', '/tmp/tmpkxodcr34', '--error-file', '/tmp/tmpk4d2hr4r']
[2023-11-18 20:00:49,883] {standard_task_runner.py:80} INFO - Job 113: Subtask load_core_dim_employer
[2023-11-18 20:00:49,998] {task_command.py:371} INFO - Running <TaskInstance: etl_hh.load_core_dim_employer manual__2023-11-18T20:00:23.706090+00:00 [running]> on host 2e176173f0f7
[2023-11-18 20:00:50,198] {taskinstance.py:1591} INFO - Exporting the following env vars:
AIRFLOW_CTX_DAG_OWNER=***
AIRFLOW_CTX_DAG_ID=etl_hh
AIRFLOW_CTX_TASK_ID=load_core_dim_employer
AIRFLOW_CTX_EXECUTION_DATE=2023-11-18T20:00:23.706090+00:00
AIRFLOW_CTX_TRY_NUMBER=1
AIRFLOW_CTX_DAG_RUN_ID=manual__2023-11-18T20:00:23.706090+00:00
[2023-11-18 20:00:50,218] {base.py:68} INFO - Using connection ID 'my_db_conn' for task execution.
[2023-11-18 20:00:50,267] {dbapi.py:231} INFO - Running statement: INSERT INTO core_layer.dim_employer (
                employer_id, 
                name, 
                is_accredited_it_employer
            )
            SELECT DISTINCT
                employer_id,
                employer_name,
                is_accredited_it_employer
            FROM staging_layer.vacancy, parameters: None
[2023-11-18 20:00:50,298] {dbapi.py:239} INFO - Rows affected: 644
[2023-11-18 20:00:50,335] {taskinstance.py:1420} INFO - Marking task as SUCCESS. dag_id=etl_hh, task_id=load_core_dim_employer, execution_date=20231118T200023, start_date=20231118T200049, end_date=20231118T200050
[2023-11-18 20:00:50,381] {local_task_job.py:156} INFO - Task exited with return code 0
[2023-11-18 20:00:50,487] {local_task_job.py:273} INFO - 1 downstream tasks scheduled from follow-on schedule check
