[2023-11-22 06:37:27,827] {taskinstance.py:1179} INFO - Dependencies all met for <TaskInstance: etl_hh.truncate_staging manual__2023-11-22T06:37:25.567333+00:00 [queued]>
[2023-11-22 06:37:27,855] {taskinstance.py:1179} INFO - Dependencies all met for <TaskInstance: etl_hh.truncate_staging manual__2023-11-22T06:37:25.567333+00:00 [queued]>
[2023-11-22 06:37:27,856] {taskinstance.py:1376} INFO - 
--------------------------------------------------------------------------------
[2023-11-22 06:37:27,857] {taskinstance.py:1377} INFO - Starting attempt 1 of 2
[2023-11-22 06:37:27,858] {taskinstance.py:1378} INFO - 
--------------------------------------------------------------------------------
[2023-11-22 06:37:27,882] {taskinstance.py:1397} INFO - Executing <Task(PostgresOperator): truncate_staging> on 2023-11-22 06:37:25.567333+00:00
[2023-11-22 06:37:27,891] {standard_task_runner.py:52} INFO - Started process 416 to run task
[2023-11-22 06:37:27,894] {standard_task_runner.py:79} INFO - Running: ['***', 'tasks', 'run', 'etl_hh', 'truncate_staging', 'manual__2023-11-22T06:37:25.567333+00:00', '--job-id', '13', '--raw', '--subdir', 'DAGS_FOLDER/pipeline.py', '--cfg-path', '/tmp/tmpqwly7_6h', '--error-file', '/tmp/tmps0s307oy']
[2023-11-22 06:37:27,894] {standard_task_runner.py:80} INFO - Job 13: Subtask truncate_staging
[2023-11-22 06:37:28,007] {task_command.py:371} INFO - Running <TaskInstance: etl_hh.truncate_staging manual__2023-11-22T06:37:25.567333+00:00 [running]> on host 9ac5eb002233
[2023-11-22 06:37:28,162] {taskinstance.py:1591} INFO - Exporting the following env vars:
AIRFLOW_CTX_DAG_OWNER=***
AIRFLOW_CTX_DAG_ID=etl_hh
AIRFLOW_CTX_TASK_ID=truncate_staging
AIRFLOW_CTX_EXECUTION_DATE=2023-11-22T06:37:25.567333+00:00
AIRFLOW_CTX_TRY_NUMBER=1
AIRFLOW_CTX_DAG_RUN_ID=manual__2023-11-22T06:37:25.567333+00:00
[2023-11-22 06:37:28,176] {base.py:68} INFO - Using connection ID 'my_db_conn' for task execution.
[2023-11-22 06:37:28,199] {dbapi.py:231} INFO - Running statement: TRUNCATE staging.vacancy, parameters: None
[2023-11-22 06:37:28,235] {taskinstance.py:1420} INFO - Marking task as SUCCESS. dag_id=etl_hh, task_id=truncate_staging, execution_date=20231122T063725, start_date=20231122T063727, end_date=20231122T063728
[2023-11-22 06:37:28,267] {local_task_job.py:156} INFO - Task exited with return code 0
[2023-11-22 06:37:28,384] {local_task_job.py:273} INFO - 1 downstream tasks scheduled from follow-on schedule check
