[2023-11-21 15:36:05,824] {taskinstance.py:1179} INFO - Dependencies all met for <TaskInstance: etl_hh.load_staging manual__2023-11-21T15:36:00.930641+00:00 [queued]>
[2023-11-21 15:36:05,843] {taskinstance.py:1179} INFO - Dependencies all met for <TaskInstance: etl_hh.load_staging manual__2023-11-21T15:36:00.930641+00:00 [queued]>
[2023-11-21 15:36:05,844] {taskinstance.py:1376} INFO - 
--------------------------------------------------------------------------------
[2023-11-21 15:36:05,844] {taskinstance.py:1377} INFO - Starting attempt 1 of 2
[2023-11-21 15:36:05,845] {taskinstance.py:1378} INFO - 
--------------------------------------------------------------------------------
[2023-11-21 15:36:05,864] {taskinstance.py:1397} INFO - Executing <Task(PythonOperator): load_staging> on 2023-11-21 15:36:00.930641+00:00
[2023-11-21 15:36:05,870] {standard_task_runner.py:52} INFO - Started process 683 to run task
[2023-11-21 15:36:05,875] {standard_task_runner.py:79} INFO - Running: ['***', 'tasks', 'run', 'etl_hh', 'load_staging', 'manual__2023-11-21T15:36:00.930641+00:00', '--job-id', '278', '--raw', '--subdir', 'DAGS_FOLDER/pipeline.py', '--cfg-path', '/tmp/tmpwidl1_ju', '--error-file', '/tmp/tmp8ifrrx7n']
[2023-11-21 15:36:05,876] {standard_task_runner.py:80} INFO - Job 278: Subtask load_staging
[2023-11-21 15:36:05,964] {task_command.py:371} INFO - Running <TaskInstance: etl_hh.load_staging manual__2023-11-21T15:36:00.930641+00:00 [running]> on host b47ed23e9d21
[2023-11-21 15:36:06,068] {taskinstance.py:1591} INFO - Exporting the following env vars:
AIRFLOW_CTX_DAG_OWNER=***
AIRFLOW_CTX_DAG_ID=etl_hh
AIRFLOW_CTX_TASK_ID=load_staging
AIRFLOW_CTX_EXECUTION_DATE=2023-11-21T15:36:00.930641+00:00
AIRFLOW_CTX_TRY_NUMBER=1
AIRFLOW_CTX_DAG_RUN_ID=manual__2023-11-21T15:36:00.930641+00:00
[2023-11-21 15:36:23,159] {python.py:173} INFO - Done. Returned value was: None
[2023-11-21 15:36:23,183] {taskinstance.py:1420} INFO - Marking task as SUCCESS. dag_id=etl_hh, task_id=load_staging, execution_date=20231121T153600, start_date=20231121T153605, end_date=20231121T153623
[2023-11-21 15:36:23,232] {local_task_job.py:156} INFO - Task exited with return code 0
[2023-11-21 15:36:23,337] {local_task_job.py:273} INFO - 1 downstream tasks scheduled from follow-on schedule check
