[2023-11-19 11:16:36,487] {taskinstance.py:1179} INFO - Dependencies all met for <TaskInstance: etl_hh.load_core_fact_vacancy manual__2023-11-19T11:16:01.068041+00:00 [queued]>
[2023-11-19 11:16:36,514] {taskinstance.py:1179} INFO - Dependencies all met for <TaskInstance: etl_hh.load_core_fact_vacancy manual__2023-11-19T11:16:01.068041+00:00 [queued]>
[2023-11-19 11:16:36,515] {taskinstance.py:1376} INFO - 
--------------------------------------------------------------------------------
[2023-11-19 11:16:36,516] {taskinstance.py:1377} INFO - Starting attempt 1 of 2
[2023-11-19 11:16:36,517] {taskinstance.py:1378} INFO - 
--------------------------------------------------------------------------------
[2023-11-19 11:16:36,566] {taskinstance.py:1397} INFO - Executing <Task(PostgresOperator): load_core_fact_vacancy> on 2023-11-19 11:16:01.068041+00:00
[2023-11-19 11:16:36,577] {standard_task_runner.py:52} INFO - Started process 1291 to run task
[2023-11-19 11:16:36,581] {standard_task_runner.py:79} INFO - Running: ['***', 'tasks', 'run', 'etl_hh', 'load_core_fact_vacancy', 'manual__2023-11-19T11:16:01.068041+00:00', '--job-id', '133', '--raw', '--subdir', 'DAGS_FOLDER/pipeline.py', '--cfg-path', '/tmp/tmptffbjidd', '--error-file', '/tmp/tmpldb14072']
[2023-11-19 11:16:36,582] {standard_task_runner.py:80} INFO - Job 133: Subtask load_core_fact_vacancy
[2023-11-19 11:16:36,708] {task_command.py:371} INFO - Running <TaskInstance: etl_hh.load_core_fact_vacancy manual__2023-11-19T11:16:01.068041+00:00 [running]> on host ee772b517b86
[2023-11-19 11:16:36,908] {taskinstance.py:1591} INFO - Exporting the following env vars:
AIRFLOW_CTX_DAG_OWNER=***
AIRFLOW_CTX_DAG_ID=etl_hh
AIRFLOW_CTX_TASK_ID=load_core_fact_vacancy
AIRFLOW_CTX_EXECUTION_DATE=2023-11-19T11:16:01.068041+00:00
AIRFLOW_CTX_TRY_NUMBER=1
AIRFLOW_CTX_DAG_RUN_ID=manual__2023-11-19T11:16:01.068041+00:00
[2023-11-19 11:16:36,924] {base.py:68} INFO - Using connection ID 'my_db_conn' for task execution.
[2023-11-19 11:16:36,952] {dbapi.py:231} INFO - Running statement: INSERT INTO core.fact_vacancy (
            id,
            vacancy_name,
            grade,
            grade_experience,
            published_at,
            is_archive,
            is_open,
            employer_id,
            experience_id,
            area_id,
            salary_from,
            salary_to,
            is_gross,
            salary_currency
        )
        SELECT DISTINCT
            id,
            CASE 
                WHEN vacancy_name ILIKE '%data engineer%' 
                    OR vacancy_name ILIKE '%data инженер%'
                    OR vacancy_name ILIKE '%data-инженер%'
                    OR vacancy_name ILIKE '%дата инженер%'
                    OR vacancy_name ILIKE '%инженер данных%'
                    OR vacancy_name ILIKE '%дата-инженер%'
                THEN 'Инженер данных'
                WHEN vacancy_name ILIKE '%аналитик данных%' 
                    OR vacancy_name ILIKE '%data analyst%'
                    OR vacancy_name ILIKE '%data аналитик%'
                THEN 'Аналитик данных'
                WHEN vacancy_name ILIKE '%data scientist%'
                    OR vacancy_name ILIKE '%исследователь данных%'
                THEN 'Data scientist'
            END AS vacancy_name,
            CASE
                WHEN vacancy_name LIKE ('%Стажер%')
                THEN 'Intern'
                WHEN vacancy_name LIKE ('%Младший%')
                    OR vacancy_name LIKE ('%Junior%')
                THEN 'Junior'
                WHEN vacancy_name LIKE ('%Старший%')
                    OR vacancy_name LIKE ('%Middle%')
                THEN 'Middle'
                WHEN vacancy_name LIKE ('%Ведущий%')
                    OR vacancy_name LIKE ('%Senior%')
                THEN 'Senior'
                WHEN vacancy_name LIKE ('%Руководитель%')
                    OR vacancy_name LIKE ('%Team Lead%')
                THEN 'Team Lead'
            END AS grade,
            CASE
                WHEN experience_id = 'noExperience'
                THEN 'Intern'
                WHEN experience_id = 'between1And3'
                THEN 'Junior'
                WHEN experience_id = 'between3And6'
                THEN 'Middle'
                WHEN experience_id = 'moreThan6'
                THEN 'Senior'
            END AS grade_experience,
            published_at,
            is_archive,
            is_open,
            employer_id ,
            experience_id,
            area_id,
            salary_from,
            salary_to,
            is_gross,
            salary_currency
        FROM staging.vacancy, parameters: None
[2023-11-19 11:16:37,057] {dbapi.py:239} INFO - Rows affected: 1561
[2023-11-19 11:16:37,131] {taskinstance.py:1420} INFO - Marking task as SUCCESS. dag_id=etl_hh, task_id=load_core_fact_vacancy, execution_date=20231119T111601, start_date=20231119T111636, end_date=20231119T111637
[2023-11-19 11:16:37,200] {local_task_job.py:156} INFO - Task exited with return code 0
[2023-11-19 11:16:37,304] {local_task_job.py:273} INFO - 0 downstream tasks scheduled from follow-on schedule check
