[2023-11-23 13:14:36,689] {taskinstance.py:1179} INFO - Dependencies all met for <TaskInstance: etl_hh.load_staging scheduled__2023-11-22T00:00:00+00:00 [queued]>
[2023-11-23 13:14:36,724] {taskinstance.py:1179} INFO - Dependencies all met for <TaskInstance: etl_hh.load_staging scheduled__2023-11-22T00:00:00+00:00 [queued]>
[2023-11-23 13:14:36,726] {taskinstance.py:1376} INFO - 
--------------------------------------------------------------------------------
[2023-11-23 13:14:36,727] {taskinstance.py:1377} INFO - Starting attempt 1 of 2
[2023-11-23 13:14:36,728] {taskinstance.py:1378} INFO - 
--------------------------------------------------------------------------------
[2023-11-23 13:14:36,770] {taskinstance.py:1397} INFO - Executing <Task(PythonOperator): load_staging> on 2023-11-22 00:00:00+00:00
[2023-11-23 13:14:36,778] {standard_task_runner.py:52} INFO - Started process 90 to run task
[2023-11-23 13:14:36,783] {standard_task_runner.py:79} INFO - Running: ['***', 'tasks', 'run', 'etl_hh', 'load_staging', 'scheduled__2023-11-22T00:00:00+00:00', '--job-id', '72', '--raw', '--subdir', 'DAGS_FOLDER/pipeline.py', '--cfg-path', '/tmp/tmpjup9z8ek', '--error-file', '/tmp/tmp9sljonzx']
[2023-11-23 13:14:36,784] {standard_task_runner.py:80} INFO - Job 72: Subtask load_staging
[2023-11-23 13:14:36,933] {task_command.py:371} INFO - Running <TaskInstance: etl_hh.load_staging scheduled__2023-11-22T00:00:00+00:00 [running]> on host 9ac5eb002233
[2023-11-23 13:14:37,149] {taskinstance.py:1591} INFO - Exporting the following env vars:
AIRFLOW_CTX_DAG_OWNER=***
AIRFLOW_CTX_DAG_ID=etl_hh
AIRFLOW_CTX_TASK_ID=load_staging
AIRFLOW_CTX_EXECUTION_DATE=2023-11-22T00:00:00+00:00
AIRFLOW_CTX_TRY_NUMBER=1
AIRFLOW_CTX_DAG_RUN_ID=scheduled__2023-11-22T00:00:00+00:00
[2023-11-23 13:14:39,650] {python.py:173} INFO - Done. Returned value was: None
[2023-11-23 13:14:39,722] {taskinstance.py:1420} INFO - Marking task as SUCCESS. dag_id=etl_hh, task_id=load_staging, execution_date=20231122T000000, start_date=20231123T131436, end_date=20231123T131439
[2023-11-23 13:14:39,777] {local_task_job.py:156} INFO - Task exited with return code 0
[2023-11-23 13:14:39,936] {local_task_job.py:273} INFO - 1 downstream tasks scheduled from follow-on schedule check
