[2023-10-26 04:38:51,433] {processor.py:153} INFO - Started process (PID=71) to work on /opt/airflow/dags/postgres_dag.py
[2023-10-26 04:38:51,436] {processor.py:641} INFO - Processing file /opt/airflow/dags/postgres_dag.py for tasks to queue
[2023-10-26 04:38:51,438] {logging_mixin.py:115} INFO - [2023-10-26 04:38:51,438] {dagbag.py:508} INFO - Filling up the DagBag from /opt/airflow/dags/postgres_dag.py
[2023-10-26 04:38:51,535] {processor.py:651} INFO - DAG(s) dict_keys(['postgres_dag']) retrieved from /opt/airflow/dags/postgres_dag.py
[2023-10-26 04:38:51,595] {logging_mixin.py:115} INFO - [2023-10-26 04:38:51,594] {dag.py:2420} INFO - Sync 1 DAGs
[2023-10-26 04:38:51,676] {logging_mixin.py:115} INFO - [2023-10-26 04:38:51,676] {dag.py:2972} INFO - Setting next_dagrun for postgres_dag to None, run_after=None
[2023-10-26 04:38:51,705] {processor.py:161} INFO - Processing /opt/airflow/dags/postgres_dag.py took 0.279 seconds
[2023-10-26 04:39:22,127] {processor.py:153} INFO - Started process (PID=128) to work on /opt/airflow/dags/postgres_dag.py
[2023-10-26 04:39:22,130] {processor.py:641} INFO - Processing file /opt/airflow/dags/postgres_dag.py for tasks to queue
[2023-10-26 04:39:22,132] {logging_mixin.py:115} INFO - [2023-10-26 04:39:22,132] {dagbag.py:508} INFO - Filling up the DagBag from /opt/airflow/dags/postgres_dag.py
[2023-10-26 04:39:22,227] {processor.py:651} INFO - DAG(s) dict_keys(['postgres_dag']) retrieved from /opt/airflow/dags/postgres_dag.py
[2023-10-26 04:39:22,314] {logging_mixin.py:115} INFO - [2023-10-26 04:39:22,313] {dag.py:2420} INFO - Sync 1 DAGs
[2023-10-26 04:39:22,442] {logging_mixin.py:115} INFO - [2023-10-26 04:39:22,441] {dag.py:2972} INFO - Setting next_dagrun for postgres_dag to None, run_after=None
[2023-10-26 04:39:22,494] {processor.py:161} INFO - Processing /opt/airflow/dags/postgres_dag.py took 0.380 seconds
[2023-10-26 04:39:53,352] {processor.py:153} INFO - Started process (PID=184) to work on /opt/airflow/dags/postgres_dag.py
[2023-10-26 04:39:53,354] {processor.py:641} INFO - Processing file /opt/airflow/dags/postgres_dag.py for tasks to queue
[2023-10-26 04:39:53,356] {logging_mixin.py:115} INFO - [2023-10-26 04:39:53,356] {dagbag.py:508} INFO - Filling up the DagBag from /opt/airflow/dags/postgres_dag.py
[2023-10-26 04:39:53,436] {processor.py:651} INFO - DAG(s) dict_keys(['postgres_dag']) retrieved from /opt/airflow/dags/postgres_dag.py
[2023-10-26 04:39:53,496] {logging_mixin.py:115} INFO - [2023-10-26 04:39:53,496] {dag.py:2420} INFO - Sync 1 DAGs
[2023-10-26 04:39:53,572] {logging_mixin.py:115} INFO - [2023-10-26 04:39:53,571] {dag.py:2972} INFO - Setting next_dagrun for postgres_dag to None, run_after=None
[2023-10-26 04:39:53,597] {processor.py:161} INFO - Processing /opt/airflow/dags/postgres_dag.py took 0.251 seconds
[2023-10-26 04:40:24,213] {processor.py:153} INFO - Started process (PID=250) to work on /opt/airflow/dags/postgres_dag.py
[2023-10-26 04:40:24,215] {processor.py:641} INFO - Processing file /opt/airflow/dags/postgres_dag.py for tasks to queue
[2023-10-26 04:40:24,217] {logging_mixin.py:115} INFO - [2023-10-26 04:40:24,217] {dagbag.py:508} INFO - Filling up the DagBag from /opt/airflow/dags/postgres_dag.py
[2023-10-26 04:40:24,287] {processor.py:651} INFO - DAG(s) dict_keys(['postgres_dag']) retrieved from /opt/airflow/dags/postgres_dag.py
[2023-10-26 04:40:24,341] {logging_mixin.py:115} INFO - [2023-10-26 04:40:24,340] {dag.py:2420} INFO - Sync 1 DAGs
[2023-10-26 04:40:24,402] {logging_mixin.py:115} INFO - [2023-10-26 04:40:24,401] {dag.py:2972} INFO - Setting next_dagrun for postgres_dag to None, run_after=None
[2023-10-26 04:40:24,431] {processor.py:161} INFO - Processing /opt/airflow/dags/postgres_dag.py took 0.224 seconds
[2023-10-26 04:40:54,652] {processor.py:153} INFO - Started process (PID=307) to work on /opt/airflow/dags/postgres_dag.py
[2023-10-26 04:40:54,653] {processor.py:641} INFO - Processing file /opt/airflow/dags/postgres_dag.py for tasks to queue
[2023-10-26 04:40:54,655] {logging_mixin.py:115} INFO - [2023-10-26 04:40:54,655] {dagbag.py:508} INFO - Filling up the DagBag from /opt/airflow/dags/postgres_dag.py
[2023-10-26 04:40:54,732] {processor.py:651} INFO - DAG(s) dict_keys(['postgres_dag']) retrieved from /opt/airflow/dags/postgres_dag.py
[2023-10-26 04:40:54,812] {logging_mixin.py:115} INFO - [2023-10-26 04:40:54,812] {dag.py:2420} INFO - Sync 1 DAGs
[2023-10-26 04:40:54,901] {logging_mixin.py:115} INFO - [2023-10-26 04:40:54,901] {dag.py:2972} INFO - Setting next_dagrun for postgres_dag to None, run_after=None
[2023-10-26 04:40:54,946] {processor.py:161} INFO - Processing /opt/airflow/dags/postgres_dag.py took 0.299 seconds
[2023-10-26 04:41:25,317] {processor.py:153} INFO - Started process (PID=364) to work on /opt/airflow/dags/postgres_dag.py
[2023-10-26 04:41:25,323] {processor.py:641} INFO - Processing file /opt/airflow/dags/postgres_dag.py for tasks to queue
[2023-10-26 04:41:25,325] {logging_mixin.py:115} INFO - [2023-10-26 04:41:25,325] {dagbag.py:508} INFO - Filling up the DagBag from /opt/airflow/dags/postgres_dag.py
[2023-10-26 04:41:25,394] {processor.py:651} INFO - DAG(s) dict_keys(['postgres_dag']) retrieved from /opt/airflow/dags/postgres_dag.py
[2023-10-26 04:41:25,466] {logging_mixin.py:115} INFO - [2023-10-26 04:41:25,466] {dag.py:2420} INFO - Sync 1 DAGs
[2023-10-26 04:41:25,530] {logging_mixin.py:115} INFO - [2023-10-26 04:41:25,529] {dag.py:2972} INFO - Setting next_dagrun for postgres_dag to None, run_after=None
[2023-10-26 04:41:25,565] {processor.py:161} INFO - Processing /opt/airflow/dags/postgres_dag.py took 0.254 seconds
[2023-10-26 04:41:56,072] {processor.py:153} INFO - Started process (PID=430) to work on /opt/airflow/dags/postgres_dag.py
[2023-10-26 04:41:56,073] {processor.py:641} INFO - Processing file /opt/airflow/dags/postgres_dag.py for tasks to queue
[2023-10-26 04:41:56,075] {logging_mixin.py:115} INFO - [2023-10-26 04:41:56,075] {dagbag.py:508} INFO - Filling up the DagBag from /opt/airflow/dags/postgres_dag.py
[2023-10-26 04:41:56,140] {processor.py:651} INFO - DAG(s) dict_keys(['postgres_dag']) retrieved from /opt/airflow/dags/postgres_dag.py
[2023-10-26 04:41:56,198] {logging_mixin.py:115} INFO - [2023-10-26 04:41:56,197] {dag.py:2420} INFO - Sync 1 DAGs
[2023-10-26 04:41:56,260] {logging_mixin.py:115} INFO - [2023-10-26 04:41:56,260] {dag.py:2972} INFO - Setting next_dagrun for postgres_dag to None, run_after=None
[2023-10-26 04:41:56,316] {processor.py:161} INFO - Processing /opt/airflow/dags/postgres_dag.py took 0.249 seconds
[2023-10-26 04:42:26,653] {processor.py:153} INFO - Started process (PID=487) to work on /opt/airflow/dags/postgres_dag.py
[2023-10-26 04:42:26,655] {processor.py:641} INFO - Processing file /opt/airflow/dags/postgres_dag.py for tasks to queue
[2023-10-26 04:42:26,657] {logging_mixin.py:115} INFO - [2023-10-26 04:42:26,657] {dagbag.py:508} INFO - Filling up the DagBag from /opt/airflow/dags/postgres_dag.py
[2023-10-26 04:42:26,727] {processor.py:651} INFO - DAG(s) dict_keys(['postgres_dag']) retrieved from /opt/airflow/dags/postgres_dag.py
[2023-10-26 04:42:26,768] {logging_mixin.py:115} INFO - [2023-10-26 04:42:26,768] {dag.py:2420} INFO - Sync 1 DAGs
[2023-10-26 04:42:26,832] {logging_mixin.py:115} INFO - [2023-10-26 04:42:26,832] {dag.py:2972} INFO - Setting next_dagrun for postgres_dag to None, run_after=None
[2023-10-26 04:42:26,866] {processor.py:161} INFO - Processing /opt/airflow/dags/postgres_dag.py took 0.219 seconds
[2023-10-26 04:42:57,063] {processor.py:153} INFO - Started process (PID=544) to work on /opt/airflow/dags/postgres_dag.py
[2023-10-26 04:42:57,064] {processor.py:641} INFO - Processing file /opt/airflow/dags/postgres_dag.py for tasks to queue
[2023-10-26 04:42:57,066] {logging_mixin.py:115} INFO - [2023-10-26 04:42:57,066] {dagbag.py:508} INFO - Filling up the DagBag from /opt/airflow/dags/postgres_dag.py
[2023-10-26 04:42:57,126] {processor.py:651} INFO - DAG(s) dict_keys(['postgres_dag']) retrieved from /opt/airflow/dags/postgres_dag.py
[2023-10-26 04:42:57,170] {logging_mixin.py:115} INFO - [2023-10-26 04:42:57,170] {dag.py:2420} INFO - Sync 1 DAGs
[2023-10-26 04:42:57,220] {logging_mixin.py:115} INFO - [2023-10-26 04:42:57,220] {dag.py:2972} INFO - Setting next_dagrun for postgres_dag to None, run_after=None
[2023-10-26 04:42:57,260] {processor.py:161} INFO - Processing /opt/airflow/dags/postgres_dag.py took 0.203 seconds
[2023-10-26 04:43:27,839] {processor.py:153} INFO - Started process (PID=608) to work on /opt/airflow/dags/postgres_dag.py
[2023-10-26 04:43:27,841] {processor.py:641} INFO - Processing file /opt/airflow/dags/postgres_dag.py for tasks to queue
[2023-10-26 04:43:27,843] {logging_mixin.py:115} INFO - [2023-10-26 04:43:27,843] {dagbag.py:508} INFO - Filling up the DagBag from /opt/airflow/dags/postgres_dag.py
[2023-10-26 04:43:27,907] {processor.py:651} INFO - DAG(s) dict_keys(['postgres_dag']) retrieved from /opt/airflow/dags/postgres_dag.py
[2023-10-26 04:43:27,971] {logging_mixin.py:115} INFO - [2023-10-26 04:43:27,970] {dag.py:2420} INFO - Sync 1 DAGs
[2023-10-26 04:43:28,029] {logging_mixin.py:115} INFO - [2023-10-26 04:43:28,029] {dag.py:2972} INFO - Setting next_dagrun for postgres_dag to None, run_after=None
[2023-10-26 04:43:28,068] {processor.py:161} INFO - Processing /opt/airflow/dags/postgres_dag.py took 0.233 seconds
[2023-10-26 04:43:58,318] {processor.py:153} INFO - Started process (PID=667) to work on /opt/airflow/dags/postgres_dag.py
[2023-10-26 04:43:58,320] {processor.py:641} INFO - Processing file /opt/airflow/dags/postgres_dag.py for tasks to queue
[2023-10-26 04:43:58,322] {logging_mixin.py:115} INFO - [2023-10-26 04:43:58,322] {dagbag.py:508} INFO - Filling up the DagBag from /opt/airflow/dags/postgres_dag.py
[2023-10-26 04:43:58,380] {processor.py:651} INFO - DAG(s) dict_keys(['postgres_dag']) retrieved from /opt/airflow/dags/postgres_dag.py
[2023-10-26 04:43:58,428] {logging_mixin.py:115} INFO - [2023-10-26 04:43:58,428] {dag.py:2420} INFO - Sync 1 DAGs
[2023-10-26 04:43:58,492] {logging_mixin.py:115} INFO - [2023-10-26 04:43:58,491] {dag.py:2972} INFO - Setting next_dagrun for postgres_dag to None, run_after=None
[2023-10-26 04:43:58,526] {processor.py:161} INFO - Processing /opt/airflow/dags/postgres_dag.py took 0.214 seconds
[2023-10-26 04:44:29,054] {processor.py:153} INFO - Started process (PID=724) to work on /opt/airflow/dags/postgres_dag.py
[2023-10-26 04:44:29,057] {processor.py:641} INFO - Processing file /opt/airflow/dags/postgres_dag.py for tasks to queue
[2023-10-26 04:44:29,059] {logging_mixin.py:115} INFO - [2023-10-26 04:44:29,059] {dagbag.py:508} INFO - Filling up the DagBag from /opt/airflow/dags/postgres_dag.py
[2023-10-26 04:44:29,138] {processor.py:651} INFO - DAG(s) dict_keys(['postgres_dag']) retrieved from /opt/airflow/dags/postgres_dag.py
[2023-10-26 04:44:29,192] {logging_mixin.py:115} INFO - [2023-10-26 04:44:29,192] {dag.py:2420} INFO - Sync 1 DAGs
[2023-10-26 04:44:29,254] {logging_mixin.py:115} INFO - [2023-10-26 04:44:29,254] {dag.py:2972} INFO - Setting next_dagrun for postgres_dag to None, run_after=None
[2023-10-26 04:44:29,297] {processor.py:161} INFO - Processing /opt/airflow/dags/postgres_dag.py took 0.249 seconds
[2023-10-26 04:45:00,160] {processor.py:153} INFO - Started process (PID=781) to work on /opt/airflow/dags/postgres_dag.py
[2023-10-26 04:45:00,162] {processor.py:641} INFO - Processing file /opt/airflow/dags/postgres_dag.py for tasks to queue
[2023-10-26 04:45:00,164] {logging_mixin.py:115} INFO - [2023-10-26 04:45:00,164] {dagbag.py:508} INFO - Filling up the DagBag from /opt/airflow/dags/postgres_dag.py
[2023-10-26 04:45:00,226] {processor.py:651} INFO - DAG(s) dict_keys(['postgres_dag']) retrieved from /opt/airflow/dags/postgres_dag.py
[2023-10-26 04:45:00,280] {logging_mixin.py:115} INFO - [2023-10-26 04:45:00,279] {dag.py:2420} INFO - Sync 1 DAGs
[2023-10-26 04:45:00,329] {logging_mixin.py:115} INFO - [2023-10-26 04:45:00,329] {dag.py:2972} INFO - Setting next_dagrun for postgres_dag to None, run_after=None
[2023-10-26 04:45:00,355] {processor.py:161} INFO - Processing /opt/airflow/dags/postgres_dag.py took 0.202 seconds
[2023-10-26 04:45:30,765] {processor.py:153} INFO - Started process (PID=847) to work on /opt/airflow/dags/postgres_dag.py
[2023-10-26 04:45:30,769] {processor.py:641} INFO - Processing file /opt/airflow/dags/postgres_dag.py for tasks to queue
[2023-10-26 04:45:30,775] {logging_mixin.py:115} INFO - [2023-10-26 04:45:30,775] {dagbag.py:508} INFO - Filling up the DagBag from /opt/airflow/dags/postgres_dag.py
[2023-10-26 04:45:30,839] {processor.py:651} INFO - DAG(s) dict_keys(['postgres_dag']) retrieved from /opt/airflow/dags/postgres_dag.py
[2023-10-26 04:45:30,889] {logging_mixin.py:115} INFO - [2023-10-26 04:45:30,889] {dag.py:2420} INFO - Sync 1 DAGs
[2023-10-26 04:45:30,935] {logging_mixin.py:115} INFO - [2023-10-26 04:45:30,934] {dag.py:2972} INFO - Setting next_dagrun for postgres_dag to None, run_after=None
[2023-10-26 04:45:30,971] {processor.py:161} INFO - Processing /opt/airflow/dags/postgres_dag.py took 0.214 seconds
[2023-10-26 04:46:01,433] {processor.py:153} INFO - Started process (PID=904) to work on /opt/airflow/dags/postgres_dag.py
[2023-10-26 04:46:01,435] {processor.py:641} INFO - Processing file /opt/airflow/dags/postgres_dag.py for tasks to queue
[2023-10-26 04:46:01,438] {logging_mixin.py:115} INFO - [2023-10-26 04:46:01,437] {dagbag.py:508} INFO - Filling up the DagBag from /opt/airflow/dags/postgres_dag.py
[2023-10-26 04:46:01,521] {processor.py:651} INFO - DAG(s) dict_keys(['postgres_dag']) retrieved from /opt/airflow/dags/postgres_dag.py
[2023-10-26 04:46:01,589] {logging_mixin.py:115} INFO - [2023-10-26 04:46:01,589] {dag.py:2420} INFO - Sync 1 DAGs
[2023-10-26 04:46:01,647] {logging_mixin.py:115} INFO - [2023-10-26 04:46:01,647] {dag.py:2972} INFO - Setting next_dagrun for postgres_dag to None, run_after=None
[2023-10-26 04:46:01,689] {processor.py:161} INFO - Processing /opt/airflow/dags/postgres_dag.py took 0.265 seconds
[2023-10-26 04:46:31,907] {processor.py:153} INFO - Started process (PID=962) to work on /opt/airflow/dags/postgres_dag.py
[2023-10-26 04:46:31,909] {processor.py:641} INFO - Processing file /opt/airflow/dags/postgres_dag.py for tasks to queue
[2023-10-26 04:46:31,912] {logging_mixin.py:115} INFO - [2023-10-26 04:46:31,911] {dagbag.py:508} INFO - Filling up the DagBag from /opt/airflow/dags/postgres_dag.py
[2023-10-26 04:46:31,989] {processor.py:651} INFO - DAG(s) dict_keys(['postgres_dag']) retrieved from /opt/airflow/dags/postgres_dag.py
[2023-10-26 04:46:32,032] {logging_mixin.py:115} INFO - [2023-10-26 04:46:32,031] {dag.py:2420} INFO - Sync 1 DAGs
[2023-10-26 04:46:32,085] {logging_mixin.py:115} INFO - [2023-10-26 04:46:32,085] {dag.py:2972} INFO - Setting next_dagrun for postgres_dag to None, run_after=None
[2023-10-26 04:46:32,136] {processor.py:161} INFO - Processing /opt/airflow/dags/postgres_dag.py took 0.235 seconds
[2023-10-26 04:47:03,126] {processor.py:153} INFO - Started process (PID=1028) to work on /opt/airflow/dags/postgres_dag.py
[2023-10-26 04:47:03,128] {processor.py:641} INFO - Processing file /opt/airflow/dags/postgres_dag.py for tasks to queue
[2023-10-26 04:47:03,130] {logging_mixin.py:115} INFO - [2023-10-26 04:47:03,130] {dagbag.py:508} INFO - Filling up the DagBag from /opt/airflow/dags/postgres_dag.py
[2023-10-26 04:47:03,191] {processor.py:651} INFO - DAG(s) dict_keys(['postgres_dag']) retrieved from /opt/airflow/dags/postgres_dag.py
[2023-10-26 04:47:03,241] {logging_mixin.py:115} INFO - [2023-10-26 04:47:03,241] {dag.py:2420} INFO - Sync 1 DAGs
[2023-10-26 04:47:03,302] {logging_mixin.py:115} INFO - [2023-10-26 04:47:03,302] {dag.py:2972} INFO - Setting next_dagrun for postgres_dag to None, run_after=None
[2023-10-26 04:47:03,339] {processor.py:161} INFO - Processing /opt/airflow/dags/postgres_dag.py took 0.217 seconds
[2023-10-26 04:47:34,079] {processor.py:153} INFO - Started process (PID=1085) to work on /opt/airflow/dags/postgres_dag.py
[2023-10-26 04:47:34,081] {processor.py:641} INFO - Processing file /opt/airflow/dags/postgres_dag.py for tasks to queue
[2023-10-26 04:47:34,083] {logging_mixin.py:115} INFO - [2023-10-26 04:47:34,083] {dagbag.py:508} INFO - Filling up the DagBag from /opt/airflow/dags/postgres_dag.py
[2023-10-26 04:47:34,144] {processor.py:651} INFO - DAG(s) dict_keys(['postgres_dag']) retrieved from /opt/airflow/dags/postgres_dag.py
[2023-10-26 04:47:34,187] {logging_mixin.py:115} INFO - [2023-10-26 04:47:34,187] {dag.py:2420} INFO - Sync 1 DAGs
[2023-10-26 04:47:34,230] {logging_mixin.py:115} INFO - [2023-10-26 04:47:34,230] {dag.py:2972} INFO - Setting next_dagrun for postgres_dag to None, run_after=None
[2023-10-26 04:47:34,267] {processor.py:161} INFO - Processing /opt/airflow/dags/postgres_dag.py took 0.195 seconds
[2023-10-26 04:48:05,144] {processor.py:153} INFO - Started process (PID=1142) to work on /opt/airflow/dags/postgres_dag.py
[2023-10-26 04:48:05,146] {processor.py:641} INFO - Processing file /opt/airflow/dags/postgres_dag.py for tasks to queue
[2023-10-26 04:48:05,149] {logging_mixin.py:115} INFO - [2023-10-26 04:48:05,149] {dagbag.py:508} INFO - Filling up the DagBag from /opt/airflow/dags/postgres_dag.py
[2023-10-26 04:48:05,234] {processor.py:651} INFO - DAG(s) dict_keys(['postgres_dag']) retrieved from /opt/airflow/dags/postgres_dag.py
[2023-10-26 04:48:05,276] {logging_mixin.py:115} INFO - [2023-10-26 04:48:05,276] {dag.py:2420} INFO - Sync 1 DAGs
[2023-10-26 04:48:05,348] {logging_mixin.py:115} INFO - [2023-10-26 04:48:05,347] {dag.py:2972} INFO - Setting next_dagrun for postgres_dag to None, run_after=None
[2023-10-26 04:48:05,406] {processor.py:161} INFO - Processing /opt/airflow/dags/postgres_dag.py took 0.268 seconds
[2023-10-26 04:48:35,961] {processor.py:153} INFO - Started process (PID=1208) to work on /opt/airflow/dags/postgres_dag.py
[2023-10-26 04:48:35,963] {processor.py:641} INFO - Processing file /opt/airflow/dags/postgres_dag.py for tasks to queue
[2023-10-26 04:48:35,966] {logging_mixin.py:115} INFO - [2023-10-26 04:48:35,966] {dagbag.py:508} INFO - Filling up the DagBag from /opt/airflow/dags/postgres_dag.py
[2023-10-26 04:48:36,029] {processor.py:651} INFO - DAG(s) dict_keys(['postgres_dag']) retrieved from /opt/airflow/dags/postgres_dag.py
[2023-10-26 04:48:36,099] {logging_mixin.py:115} INFO - [2023-10-26 04:48:36,098] {dag.py:2420} INFO - Sync 1 DAGs
[2023-10-26 04:48:36,164] {logging_mixin.py:115} INFO - [2023-10-26 04:48:36,164] {dag.py:2972} INFO - Setting next_dagrun for postgres_dag to None, run_after=None
[2023-10-26 04:48:36,202] {processor.py:161} INFO - Processing /opt/airflow/dags/postgres_dag.py took 0.250 seconds
[2023-10-26 04:49:06,539] {processor.py:153} INFO - Started process (PID=1265) to work on /opt/airflow/dags/postgres_dag.py
[2023-10-26 04:49:06,542] {processor.py:641} INFO - Processing file /opt/airflow/dags/postgres_dag.py for tasks to queue
[2023-10-26 04:49:06,545] {logging_mixin.py:115} INFO - [2023-10-26 04:49:06,544] {dagbag.py:508} INFO - Filling up the DagBag from /opt/airflow/dags/postgres_dag.py
[2023-10-26 04:49:06,597] {processor.py:651} INFO - DAG(s) dict_keys(['postgres_dag']) retrieved from /opt/airflow/dags/postgres_dag.py
[2023-10-26 04:49:06,647] {logging_mixin.py:115} INFO - [2023-10-26 04:49:06,647] {dag.py:2420} INFO - Sync 1 DAGs
[2023-10-26 04:49:06,714] {logging_mixin.py:115} INFO - [2023-10-26 04:49:06,714] {dag.py:2972} INFO - Setting next_dagrun for postgres_dag to None, run_after=None
[2023-10-26 04:49:06,747] {processor.py:161} INFO - Processing /opt/airflow/dags/postgres_dag.py took 0.219 seconds
[2023-10-26 04:49:37,049] {processor.py:153} INFO - Started process (PID=1322) to work on /opt/airflow/dags/postgres_dag.py
[2023-10-26 04:49:37,052] {processor.py:641} INFO - Processing file /opt/airflow/dags/postgres_dag.py for tasks to queue
[2023-10-26 04:49:37,055] {logging_mixin.py:115} INFO - [2023-10-26 04:49:37,054] {dagbag.py:508} INFO - Filling up the DagBag from /opt/airflow/dags/postgres_dag.py
[2023-10-26 04:49:37,302] {processor.py:651} INFO - DAG(s) dict_keys(['postgres_dag']) retrieved from /opt/airflow/dags/postgres_dag.py
[2023-10-26 04:49:37,414] {logging_mixin.py:115} INFO - [2023-10-26 04:49:37,413] {dag.py:2420} INFO - Sync 1 DAGs
[2023-10-26 04:49:37,532] {logging_mixin.py:115} INFO - [2023-10-26 04:49:37,532] {dag.py:2972} INFO - Setting next_dagrun for postgres_dag to None, run_after=None
[2023-10-26 04:49:37,602] {processor.py:161} INFO - Processing /opt/airflow/dags/postgres_dag.py took 0.570 seconds
[2023-10-26 04:50:07,955] {processor.py:153} INFO - Started process (PID=1379) to work on /opt/airflow/dags/postgres_dag.py
[2023-10-26 04:50:07,956] {processor.py:641} INFO - Processing file /opt/airflow/dags/postgres_dag.py for tasks to queue
[2023-10-26 04:50:07,958] {logging_mixin.py:115} INFO - [2023-10-26 04:50:07,958] {dagbag.py:508} INFO - Filling up the DagBag from /opt/airflow/dags/postgres_dag.py
[2023-10-26 04:50:08,022] {processor.py:651} INFO - DAG(s) dict_keys(['postgres_dag']) retrieved from /opt/airflow/dags/postgres_dag.py
[2023-10-26 04:50:08,070] {logging_mixin.py:115} INFO - [2023-10-26 04:50:08,070] {dag.py:2420} INFO - Sync 1 DAGs
[2023-10-26 04:50:08,120] {logging_mixin.py:115} INFO - [2023-10-26 04:50:08,119] {dag.py:2972} INFO - Setting next_dagrun for postgres_dag to None, run_after=None
[2023-10-26 04:50:08,157] {processor.py:161} INFO - Processing /opt/airflow/dags/postgres_dag.py took 0.208 seconds
[2023-10-26 04:50:38,592] {processor.py:153} INFO - Started process (PID=1436) to work on /opt/airflow/dags/postgres_dag.py
[2023-10-26 04:50:38,593] {processor.py:641} INFO - Processing file /opt/airflow/dags/postgres_dag.py for tasks to queue
[2023-10-26 04:50:38,595] {logging_mixin.py:115} INFO - [2023-10-26 04:50:38,595] {dagbag.py:508} INFO - Filling up the DagBag from /opt/airflow/dags/postgres_dag.py
[2023-10-26 04:50:38,667] {processor.py:651} INFO - DAG(s) dict_keys(['postgres_dag']) retrieved from /opt/airflow/dags/postgres_dag.py
[2023-10-26 04:50:38,720] {logging_mixin.py:115} INFO - [2023-10-26 04:50:38,720] {dag.py:2420} INFO - Sync 1 DAGs
[2023-10-26 04:50:38,762] {logging_mixin.py:115} INFO - [2023-10-26 04:50:38,762] {dag.py:2972} INFO - Setting next_dagrun for postgres_dag to None, run_after=None
[2023-10-26 04:50:38,790] {processor.py:161} INFO - Processing /opt/airflow/dags/postgres_dag.py took 0.202 seconds
[2023-10-26 04:51:09,009] {processor.py:153} INFO - Started process (PID=1502) to work on /opt/airflow/dags/postgres_dag.py
[2023-10-26 04:51:09,011] {processor.py:641} INFO - Processing file /opt/airflow/dags/postgres_dag.py for tasks to queue
[2023-10-26 04:51:09,013] {logging_mixin.py:115} INFO - [2023-10-26 04:51:09,013] {dagbag.py:508} INFO - Filling up the DagBag from /opt/airflow/dags/postgres_dag.py
[2023-10-26 04:51:09,110] {processor.py:651} INFO - DAG(s) dict_keys(['postgres_dag']) retrieved from /opt/airflow/dags/postgres_dag.py
[2023-10-26 04:51:09,287] {logging_mixin.py:115} INFO - [2023-10-26 04:51:09,286] {dag.py:2420} INFO - Sync 1 DAGs
[2023-10-26 04:51:09,388] {logging_mixin.py:115} INFO - [2023-10-26 04:51:09,387] {dag.py:2972} INFO - Setting next_dagrun for postgres_dag to None, run_after=None
[2023-10-26 04:51:09,451] {processor.py:161} INFO - Processing /opt/airflow/dags/postgres_dag.py took 0.455 seconds
