[2023-11-19 11:16:34,453] {taskinstance.py:1179} INFO - Dependencies all met for <TaskInstance: etl_hh.load_core_dim_currency manual__2023-11-19T11:16:01.068041+00:00 [queued]>
[2023-11-19 11:16:34,478] {taskinstance.py:1179} INFO - Dependencies all met for <TaskInstance: etl_hh.load_core_dim_currency manual__2023-11-19T11:16:01.068041+00:00 [queued]>
[2023-11-19 11:16:34,479] {taskinstance.py:1376} INFO - 
--------------------------------------------------------------------------------
[2023-11-19 11:16:34,480] {taskinstance.py:1377} INFO - Starting attempt 1 of 2
[2023-11-19 11:16:34,481] {taskinstance.py:1378} INFO - 
--------------------------------------------------------------------------------
[2023-11-19 11:16:34,512] {taskinstance.py:1397} INFO - Executing <Task(PostgresOperator): load_core_dim_currency> on 2023-11-19 11:16:01.068041+00:00
[2023-11-19 11:16:34,522] {standard_task_runner.py:52} INFO - Started process 1289 to run task
[2023-11-19 11:16:34,526] {standard_task_runner.py:79} INFO - Running: ['***', 'tasks', 'run', 'etl_hh', 'load_core_dim_currency', 'manual__2023-11-19T11:16:01.068041+00:00', '--job-id', '132', '--raw', '--subdir', 'DAGS_FOLDER/pipeline.py', '--cfg-path', '/tmp/tmpc89gt6bi', '--error-file', '/tmp/tmpoarhgb_l']
[2023-11-19 11:16:34,527] {standard_task_runner.py:80} INFO - Job 132: Subtask load_core_dim_currency
[2023-11-19 11:16:34,647] {task_command.py:371} INFO - Running <TaskInstance: etl_hh.load_core_dim_currency manual__2023-11-19T11:16:01.068041+00:00 [running]> on host ee772b517b86
[2023-11-19 11:16:34,866] {taskinstance.py:1591} INFO - Exporting the following env vars:
AIRFLOW_CTX_DAG_OWNER=***
AIRFLOW_CTX_DAG_ID=etl_hh
AIRFLOW_CTX_TASK_ID=load_core_dim_currency
AIRFLOW_CTX_EXECUTION_DATE=2023-11-19T11:16:01.068041+00:00
AIRFLOW_CTX_TRY_NUMBER=1
AIRFLOW_CTX_DAG_RUN_ID=manual__2023-11-19T11:16:01.068041+00:00
[2023-11-19 11:16:34,883] {base.py:68} INFO - Using connection ID 'my_db_conn' for task execution.
[2023-11-19 11:16:34,920] {dbapi.py:231} INFO - Running statement: INSERT INTO core.dim_currency(
                currency_id, 
                to_rub
            )
            SELECT DISTINCT
                salary_currency,
                CASE
                    WHEN salary_currency = 'RUR'
                    THEN 1
                    WHEN salary_currency = 'USD'
                    THEN 89
                    WHEN salary_currency = 'KZT'
                    THEN 0.2
                    WHEN salary_currency = 'BYR'
                    THEN 28.7
                END AS to_rub
            FROM staging.vacancy, parameters: None
[2023-11-19 11:16:34,934] {dbapi.py:239} INFO - Rows affected: 6
[2023-11-19 11:16:34,979] {taskinstance.py:1420} INFO - Marking task as SUCCESS. dag_id=etl_hh, task_id=load_core_dim_currency, execution_date=20231119T111601, start_date=20231119T111634, end_date=20231119T111634
[2023-11-19 11:16:35,064] {local_task_job.py:156} INFO - Task exited with return code 0
[2023-11-19 11:16:35,184] {local_task_job.py:273} INFO - 0 downstream tasks scheduled from follow-on schedule check
