[2023-11-23 13:14:46,780] {taskinstance.py:1179} INFO - Dependencies all met for <TaskInstance: etl_hh.load_core_dim_currency scheduled__2023-11-22T00:00:00+00:00 [queued]>
[2023-11-23 13:14:46,816] {taskinstance.py:1179} INFO - Dependencies all met for <TaskInstance: etl_hh.load_core_dim_currency scheduled__2023-11-22T00:00:00+00:00 [queued]>
[2023-11-23 13:14:46,817] {taskinstance.py:1376} INFO - 
--------------------------------------------------------------------------------
[2023-11-23 13:14:46,818] {taskinstance.py:1377} INFO - Starting attempt 1 of 2
[2023-11-23 13:14:46,819] {taskinstance.py:1378} INFO - 
--------------------------------------------------------------------------------
[2023-11-23 13:14:46,855] {taskinstance.py:1397} INFO - Executing <Task(PostgresOperator): load_core_dim_currency> on 2023-11-22 00:00:00+00:00
[2023-11-23 13:14:46,862] {standard_task_runner.py:52} INFO - Started process 100 to run task
[2023-11-23 13:14:46,866] {standard_task_runner.py:79} INFO - Running: ['***', 'tasks', 'run', 'etl_hh', 'load_core_dim_currency', 'scheduled__2023-11-22T00:00:00+00:00', '--job-id', '77', '--raw', '--subdir', 'DAGS_FOLDER/pipeline.py', '--cfg-path', '/tmp/tmp9lu5_js3', '--error-file', '/tmp/tmpbedbbqak']
[2023-11-23 13:14:46,867] {standard_task_runner.py:80} INFO - Job 77: Subtask load_core_dim_currency
[2023-11-23 13:14:47,011] {task_command.py:371} INFO - Running <TaskInstance: etl_hh.load_core_dim_currency scheduled__2023-11-22T00:00:00+00:00 [running]> on host 9ac5eb002233
[2023-11-23 13:14:47,143] {taskinstance.py:1591} INFO - Exporting the following env vars:
AIRFLOW_CTX_DAG_OWNER=***
AIRFLOW_CTX_DAG_ID=etl_hh
AIRFLOW_CTX_TASK_ID=load_core_dim_currency
AIRFLOW_CTX_EXECUTION_DATE=2023-11-22T00:00:00+00:00
AIRFLOW_CTX_TRY_NUMBER=1
AIRFLOW_CTX_DAG_RUN_ID=scheduled__2023-11-22T00:00:00+00:00
[2023-11-23 13:14:47,156] {base.py:68} INFO - Using connection ID 'my_db_conn' for task execution.
[2023-11-23 13:14:47,184] {dbapi.py:231} INFO - Running statement: 
        MERGE INTO core.dim_currency AS trg
        USING(
            SELECT DISTINCT 
                salary_currency,
                CASE
                    WHEN salary_currency = 'RUR'
                    THEN 1
                    WHEN salary_currency = 'USD'
                    THEN 90
                    WHEN salary_currency = 'KZT'
                    THEN 0.2
                    WHEN salary_currency = 'BYR'
                    THEN 28.7
                END AS to_rub
            FROM staging.vacancy) AS src
        ON trg.currency_id = src.salary_currency
        WHEN NOT MATCHED
        THEN INSERT(
            currency_id, 
            to_rub
            )
        VALUES(
            src.salary_currency,
            src.to_rub
            )
        WHEN MATCHED AND trg.to_rub <> src.to_rub
        THEN UPDATE
        SET 
            currency_id = src.salary_currency, 
            to_rub = src.to_rub, parameters: None
[2023-11-23 13:14:47,227] {taskinstance.py:1420} INFO - Marking task as SUCCESS. dag_id=etl_hh, task_id=load_core_dim_currency, execution_date=20231122T000000, start_date=20231123T131446, end_date=20231123T131447
[2023-11-23 13:14:47,280] {local_task_job.py:156} INFO - Task exited with return code 0
[2023-11-23 13:14:47,357] {local_task_job.py:273} INFO - 1 downstream tasks scheduled from follow-on schedule check
