[2023-11-21 15:36:26,337] {taskinstance.py:1179} INFO - Dependencies all met for <TaskInstance: etl_hh.load_core_dim_employer manual__2023-11-21T15:36:00.930641+00:00 [queued]>
[2023-11-21 15:36:26,362] {taskinstance.py:1179} INFO - Dependencies all met for <TaskInstance: etl_hh.load_core_dim_employer manual__2023-11-21T15:36:00.930641+00:00 [queued]>
[2023-11-21 15:36:26,363] {taskinstance.py:1376} INFO - 
--------------------------------------------------------------------------------
[2023-11-21 15:36:26,364] {taskinstance.py:1377} INFO - Starting attempt 1 of 2
[2023-11-21 15:36:26,365] {taskinstance.py:1378} INFO - 
--------------------------------------------------------------------------------
[2023-11-21 15:36:26,392] {taskinstance.py:1397} INFO - Executing <Task(PostgresOperator): load_core_dim_employer> on 2023-11-21 15:36:00.930641+00:00
[2023-11-21 15:36:26,399] {standard_task_runner.py:52} INFO - Started process 696 to run task
[2023-11-21 15:36:26,403] {standard_task_runner.py:79} INFO - Running: ['***', 'tasks', 'run', 'etl_hh', 'load_core_dim_employer', 'manual__2023-11-21T15:36:00.930641+00:00', '--job-id', '280', '--raw', '--subdir', 'DAGS_FOLDER/pipeline.py', '--cfg-path', '/tmp/tmpba5f4cet', '--error-file', '/tmp/tmp4n3jh98x']
[2023-11-21 15:36:26,404] {standard_task_runner.py:80} INFO - Job 280: Subtask load_core_dim_employer
[2023-11-21 15:36:26,510] {task_command.py:371} INFO - Running <TaskInstance: etl_hh.load_core_dim_employer manual__2023-11-21T15:36:00.930641+00:00 [running]> on host b47ed23e9d21
[2023-11-21 15:36:26,625] {taskinstance.py:1591} INFO - Exporting the following env vars:
AIRFLOW_CTX_DAG_OWNER=***
AIRFLOW_CTX_DAG_ID=etl_hh
AIRFLOW_CTX_TASK_ID=load_core_dim_employer
AIRFLOW_CTX_EXECUTION_DATE=2023-11-21T15:36:00.930641+00:00
AIRFLOW_CTX_TRY_NUMBER=1
AIRFLOW_CTX_DAG_RUN_ID=manual__2023-11-21T15:36:00.930641+00:00
[2023-11-21 15:36:26,640] {base.py:68} INFO - Using connection ID 'my_db_conn' for task execution.
[2023-11-21 15:36:26,663] {dbapi.py:231} INFO - Running statement: 
        MERGE INTO core.dim_employer AS trg
        USING(
            SELECT DISTINCT 
                employer_id,
                employer_name
            FROM staging.vacancy) AS src
        ON trg.employer_id = src.employer_id
        WHEN NOT MATCHED
        THEN INSERT(
            employer_id,
            name)
        VALUES(
            src.employer_id,
            src.employer_name)
        WHEN MATCHED
                AND (COALESCE(trg.name, '') <> COALESCE(src.employer_name, '')
                OR trg.employer_id <> src.employer_id)
        THEN UPDATE
        SET 
            employer_id = src.employer_id, 
            name = src.employer_name, parameters: None
[2023-11-21 15:36:26,696] {taskinstance.py:1420} INFO - Marking task as SUCCESS. dag_id=etl_hh, task_id=load_core_dim_employer, execution_date=20231121T153600, start_date=20231121T153626, end_date=20231121T153626
[2023-11-21 15:36:26,735] {local_task_job.py:156} INFO - Task exited with return code 0
[2023-11-21 15:36:26,814] {local_task_job.py:273} INFO - 1 downstream tasks scheduled from follow-on schedule check
