[2023-10-26 04:38:54,882] {processor.py:153} INFO - Started process (PID=92) to work on /home/airflow/.local/lib/python3.7/site-packages/airflow/example_dags/example_time_delta_sensor_async.py
[2023-10-26 04:38:54,884] {processor.py:641} INFO - Processing file /home/airflow/.local/lib/python3.7/site-packages/airflow/example_dags/example_time_delta_sensor_async.py for tasks to queue
[2023-10-26 04:38:54,887] {logging_mixin.py:115} INFO - [2023-10-26 04:38:54,886] {dagbag.py:508} INFO - Filling up the DagBag from /home/airflow/.local/lib/python3.7/site-packages/airflow/example_dags/example_time_delta_sensor_async.py
[2023-10-26 04:38:54,905] {processor.py:651} INFO - DAG(s) dict_keys(['example_time_delta_sensor_async']) retrieved from /home/airflow/.local/lib/python3.7/site-packages/airflow/example_dags/example_time_delta_sensor_async.py
[2023-10-26 04:38:55,305] {logging_mixin.py:115} INFO - [2023-10-26 04:38:55,305] {dag.py:2420} INFO - Sync 1 DAGs
[2023-10-26 04:38:55,442] {logging_mixin.py:115} INFO - [2023-10-26 04:38:55,441] {dag.py:2972} INFO - Setting next_dagrun for example_time_delta_sensor_async to None, run_after=None
[2023-10-26 04:38:55,505] {processor.py:161} INFO - Processing /home/airflow/.local/lib/python3.7/site-packages/airflow/example_dags/example_time_delta_sensor_async.py took 0.629 seconds
[2023-10-26 04:39:26,080] {processor.py:153} INFO - Started process (PID=146) to work on /home/airflow/.local/lib/python3.7/site-packages/airflow/example_dags/example_time_delta_sensor_async.py
[2023-10-26 04:39:26,086] {processor.py:641} INFO - Processing file /home/airflow/.local/lib/python3.7/site-packages/airflow/example_dags/example_time_delta_sensor_async.py for tasks to queue
[2023-10-26 04:39:26,089] {logging_mixin.py:115} INFO - [2023-10-26 04:39:26,089] {dagbag.py:508} INFO - Filling up the DagBag from /home/airflow/.local/lib/python3.7/site-packages/airflow/example_dags/example_time_delta_sensor_async.py
[2023-10-26 04:39:26,117] {processor.py:651} INFO - DAG(s) dict_keys(['example_time_delta_sensor_async']) retrieved from /home/airflow/.local/lib/python3.7/site-packages/airflow/example_dags/example_time_delta_sensor_async.py
[2023-10-26 04:39:26,354] {logging_mixin.py:115} INFO - [2023-10-26 04:39:26,354] {dag.py:2420} INFO - Sync 1 DAGs
[2023-10-26 04:39:26,513] {logging_mixin.py:115} INFO - [2023-10-26 04:39:26,512] {dag.py:2972} INFO - Setting next_dagrun for example_time_delta_sensor_async to None, run_after=None
[2023-10-26 04:39:26,602] {processor.py:161} INFO - Processing /home/airflow/.local/lib/python3.7/site-packages/airflow/example_dags/example_time_delta_sensor_async.py took 0.551 seconds
[2023-10-26 04:39:57,305] {processor.py:153} INFO - Started process (PID=203) to work on /home/airflow/.local/lib/python3.7/site-packages/airflow/example_dags/example_time_delta_sensor_async.py
[2023-10-26 04:39:57,306] {processor.py:641} INFO - Processing file /home/airflow/.local/lib/python3.7/site-packages/airflow/example_dags/example_time_delta_sensor_async.py for tasks to queue
[2023-10-26 04:39:57,308] {logging_mixin.py:115} INFO - [2023-10-26 04:39:57,308] {dagbag.py:508} INFO - Filling up the DagBag from /home/airflow/.local/lib/python3.7/site-packages/airflow/example_dags/example_time_delta_sensor_async.py
[2023-10-26 04:39:57,316] {processor.py:651} INFO - DAG(s) dict_keys(['example_time_delta_sensor_async']) retrieved from /home/airflow/.local/lib/python3.7/site-packages/airflow/example_dags/example_time_delta_sensor_async.py
[2023-10-26 04:39:57,397] {logging_mixin.py:115} INFO - [2023-10-26 04:39:57,397] {dag.py:2420} INFO - Sync 1 DAGs
[2023-10-26 04:39:57,440] {logging_mixin.py:115} INFO - [2023-10-26 04:39:57,440] {dag.py:2972} INFO - Setting next_dagrun for example_time_delta_sensor_async to None, run_after=None
[2023-10-26 04:39:57,481] {processor.py:161} INFO - Processing /home/airflow/.local/lib/python3.7/site-packages/airflow/example_dags/example_time_delta_sensor_async.py took 0.180 seconds
[2023-10-26 04:40:27,963] {processor.py:153} INFO - Started process (PID=260) to work on /home/airflow/.local/lib/python3.7/site-packages/airflow/example_dags/example_time_delta_sensor_async.py
[2023-10-26 04:40:27,964] {processor.py:641} INFO - Processing file /home/airflow/.local/lib/python3.7/site-packages/airflow/example_dags/example_time_delta_sensor_async.py for tasks to queue
[2023-10-26 04:40:27,966] {logging_mixin.py:115} INFO - [2023-10-26 04:40:27,966] {dagbag.py:508} INFO - Filling up the DagBag from /home/airflow/.local/lib/python3.7/site-packages/airflow/example_dags/example_time_delta_sensor_async.py
[2023-10-26 04:40:27,976] {processor.py:651} INFO - DAG(s) dict_keys(['example_time_delta_sensor_async']) retrieved from /home/airflow/.local/lib/python3.7/site-packages/airflow/example_dags/example_time_delta_sensor_async.py
[2023-10-26 04:40:28,061] {logging_mixin.py:115} INFO - [2023-10-26 04:40:28,061] {dag.py:2420} INFO - Sync 1 DAGs
[2023-10-26 04:40:28,113] {logging_mixin.py:115} INFO - [2023-10-26 04:40:28,113] {dag.py:2972} INFO - Setting next_dagrun for example_time_delta_sensor_async to None, run_after=None
[2023-10-26 04:40:28,148] {processor.py:161} INFO - Processing /home/airflow/.local/lib/python3.7/site-packages/airflow/example_dags/example_time_delta_sensor_async.py took 0.191 seconds
[2023-10-26 04:40:58,500] {processor.py:153} INFO - Started process (PID=317) to work on /home/airflow/.local/lib/python3.7/site-packages/airflow/example_dags/example_time_delta_sensor_async.py
[2023-10-26 04:40:58,506] {processor.py:641} INFO - Processing file /home/airflow/.local/lib/python3.7/site-packages/airflow/example_dags/example_time_delta_sensor_async.py for tasks to queue
[2023-10-26 04:40:58,509] {logging_mixin.py:115} INFO - [2023-10-26 04:40:58,508] {dagbag.py:508} INFO - Filling up the DagBag from /home/airflow/.local/lib/python3.7/site-packages/airflow/example_dags/example_time_delta_sensor_async.py
[2023-10-26 04:40:58,519] {processor.py:651} INFO - DAG(s) dict_keys(['example_time_delta_sensor_async']) retrieved from /home/airflow/.local/lib/python3.7/site-packages/airflow/example_dags/example_time_delta_sensor_async.py
[2023-10-26 04:40:58,609] {logging_mixin.py:115} INFO - [2023-10-26 04:40:58,609] {dag.py:2420} INFO - Sync 1 DAGs
[2023-10-26 04:40:58,661] {logging_mixin.py:115} INFO - [2023-10-26 04:40:58,661] {dag.py:2972} INFO - Setting next_dagrun for example_time_delta_sensor_async to None, run_after=None
[2023-10-26 04:40:58,725] {processor.py:161} INFO - Processing /home/airflow/.local/lib/python3.7/site-packages/airflow/example_dags/example_time_delta_sensor_async.py took 0.230 seconds
[2023-10-26 04:41:29,005] {processor.py:153} INFO - Started process (PID=383) to work on /home/airflow/.local/lib/python3.7/site-packages/airflow/example_dags/example_time_delta_sensor_async.py
[2023-10-26 04:41:29,006] {processor.py:641} INFO - Processing file /home/airflow/.local/lib/python3.7/site-packages/airflow/example_dags/example_time_delta_sensor_async.py for tasks to queue
[2023-10-26 04:41:29,008] {logging_mixin.py:115} INFO - [2023-10-26 04:41:29,008] {dagbag.py:508} INFO - Filling up the DagBag from /home/airflow/.local/lib/python3.7/site-packages/airflow/example_dags/example_time_delta_sensor_async.py
[2023-10-26 04:41:29,017] {processor.py:651} INFO - DAG(s) dict_keys(['example_time_delta_sensor_async']) retrieved from /home/airflow/.local/lib/python3.7/site-packages/airflow/example_dags/example_time_delta_sensor_async.py
[2023-10-26 04:41:29,099] {logging_mixin.py:115} INFO - [2023-10-26 04:41:29,099] {dag.py:2420} INFO - Sync 1 DAGs
[2023-10-26 04:41:29,154] {logging_mixin.py:115} INFO - [2023-10-26 04:41:29,153] {dag.py:2972} INFO - Setting next_dagrun for example_time_delta_sensor_async to None, run_after=None
[2023-10-26 04:41:29,180] {processor.py:161} INFO - Processing /home/airflow/.local/lib/python3.7/site-packages/airflow/example_dags/example_time_delta_sensor_async.py took 0.180 seconds
[2023-10-26 04:41:59,637] {processor.py:153} INFO - Started process (PID=440) to work on /home/airflow/.local/lib/python3.7/site-packages/airflow/example_dags/example_time_delta_sensor_async.py
[2023-10-26 04:41:59,639] {processor.py:641} INFO - Processing file /home/airflow/.local/lib/python3.7/site-packages/airflow/example_dags/example_time_delta_sensor_async.py for tasks to queue
[2023-10-26 04:41:59,641] {logging_mixin.py:115} INFO - [2023-10-26 04:41:59,641] {dagbag.py:508} INFO - Filling up the DagBag from /home/airflow/.local/lib/python3.7/site-packages/airflow/example_dags/example_time_delta_sensor_async.py
[2023-10-26 04:41:59,653] {processor.py:651} INFO - DAG(s) dict_keys(['example_time_delta_sensor_async']) retrieved from /home/airflow/.local/lib/python3.7/site-packages/airflow/example_dags/example_time_delta_sensor_async.py
[2023-10-26 04:41:59,759] {logging_mixin.py:115} INFO - [2023-10-26 04:41:59,758] {dag.py:2420} INFO - Sync 1 DAGs
[2023-10-26 04:41:59,824] {logging_mixin.py:115} INFO - [2023-10-26 04:41:59,824] {dag.py:2972} INFO - Setting next_dagrun for example_time_delta_sensor_async to None, run_after=None
[2023-10-26 04:41:59,860] {processor.py:161} INFO - Processing /home/airflow/.local/lib/python3.7/site-packages/airflow/example_dags/example_time_delta_sensor_async.py took 0.228 seconds
[2023-10-26 04:42:29,967] {processor.py:153} INFO - Started process (PID=497) to work on /home/airflow/.local/lib/python3.7/site-packages/airflow/example_dags/example_time_delta_sensor_async.py
[2023-10-26 04:42:29,968] {processor.py:641} INFO - Processing file /home/airflow/.local/lib/python3.7/site-packages/airflow/example_dags/example_time_delta_sensor_async.py for tasks to queue
[2023-10-26 04:42:29,970] {logging_mixin.py:115} INFO - [2023-10-26 04:42:29,970] {dagbag.py:508} INFO - Filling up the DagBag from /home/airflow/.local/lib/python3.7/site-packages/airflow/example_dags/example_time_delta_sensor_async.py
[2023-10-26 04:42:29,979] {processor.py:651} INFO - DAG(s) dict_keys(['example_time_delta_sensor_async']) retrieved from /home/airflow/.local/lib/python3.7/site-packages/airflow/example_dags/example_time_delta_sensor_async.py
[2023-10-26 04:42:30,056] {logging_mixin.py:115} INFO - [2023-10-26 04:42:30,056] {dag.py:2420} INFO - Sync 1 DAGs
[2023-10-26 04:42:30,108] {logging_mixin.py:115} INFO - [2023-10-26 04:42:30,108] {dag.py:2972} INFO - Setting next_dagrun for example_time_delta_sensor_async to None, run_after=None
[2023-10-26 04:42:30,147] {processor.py:161} INFO - Processing /home/airflow/.local/lib/python3.7/site-packages/airflow/example_dags/example_time_delta_sensor_async.py took 0.186 seconds
[2023-10-26 04:43:00,578] {processor.py:153} INFO - Started process (PID=554) to work on /home/airflow/.local/lib/python3.7/site-packages/airflow/example_dags/example_time_delta_sensor_async.py
[2023-10-26 04:43:00,580] {processor.py:641} INFO - Processing file /home/airflow/.local/lib/python3.7/site-packages/airflow/example_dags/example_time_delta_sensor_async.py for tasks to queue
[2023-10-26 04:43:00,582] {logging_mixin.py:115} INFO - [2023-10-26 04:43:00,581] {dagbag.py:508} INFO - Filling up the DagBag from /home/airflow/.local/lib/python3.7/site-packages/airflow/example_dags/example_time_delta_sensor_async.py
[2023-10-26 04:43:00,592] {processor.py:651} INFO - DAG(s) dict_keys(['example_time_delta_sensor_async']) retrieved from /home/airflow/.local/lib/python3.7/site-packages/airflow/example_dags/example_time_delta_sensor_async.py
[2023-10-26 04:43:00,673] {logging_mixin.py:115} INFO - [2023-10-26 04:43:00,673] {dag.py:2420} INFO - Sync 1 DAGs
[2023-10-26 04:43:00,716] {logging_mixin.py:115} INFO - [2023-10-26 04:43:00,715] {dag.py:2972} INFO - Setting next_dagrun for example_time_delta_sensor_async to None, run_after=None
[2023-10-26 04:43:00,759] {processor.py:161} INFO - Processing /home/airflow/.local/lib/python3.7/site-packages/airflow/example_dags/example_time_delta_sensor_async.py took 0.185 seconds
[2023-10-26 04:43:31,474] {processor.py:153} INFO - Started process (PID=620) to work on /home/airflow/.local/lib/python3.7/site-packages/airflow/example_dags/example_time_delta_sensor_async.py
[2023-10-26 04:43:31,476] {processor.py:641} INFO - Processing file /home/airflow/.local/lib/python3.7/site-packages/airflow/example_dags/example_time_delta_sensor_async.py for tasks to queue
[2023-10-26 04:43:31,479] {logging_mixin.py:115} INFO - [2023-10-26 04:43:31,479] {dagbag.py:508} INFO - Filling up the DagBag from /home/airflow/.local/lib/python3.7/site-packages/airflow/example_dags/example_time_delta_sensor_async.py
[2023-10-26 04:43:31,491] {processor.py:651} INFO - DAG(s) dict_keys(['example_time_delta_sensor_async']) retrieved from /home/airflow/.local/lib/python3.7/site-packages/airflow/example_dags/example_time_delta_sensor_async.py
[2023-10-26 04:43:31,604] {logging_mixin.py:115} INFO - [2023-10-26 04:43:31,604] {dag.py:2420} INFO - Sync 1 DAGs
[2023-10-26 04:43:31,677] {logging_mixin.py:115} INFO - [2023-10-26 04:43:31,677] {dag.py:2972} INFO - Setting next_dagrun for example_time_delta_sensor_async to None, run_after=None
[2023-10-26 04:43:31,723] {processor.py:161} INFO - Processing /home/airflow/.local/lib/python3.7/site-packages/airflow/example_dags/example_time_delta_sensor_async.py took 0.255 seconds
[2023-10-26 04:44:01,976] {processor.py:153} INFO - Started process (PID=677) to work on /home/airflow/.local/lib/python3.7/site-packages/airflow/example_dags/example_time_delta_sensor_async.py
[2023-10-26 04:44:01,978] {processor.py:641} INFO - Processing file /home/airflow/.local/lib/python3.7/site-packages/airflow/example_dags/example_time_delta_sensor_async.py for tasks to queue
[2023-10-26 04:44:01,981] {logging_mixin.py:115} INFO - [2023-10-26 04:44:01,981] {dagbag.py:508} INFO - Filling up the DagBag from /home/airflow/.local/lib/python3.7/site-packages/airflow/example_dags/example_time_delta_sensor_async.py
[2023-10-26 04:44:01,991] {processor.py:651} INFO - DAG(s) dict_keys(['example_time_delta_sensor_async']) retrieved from /home/airflow/.local/lib/python3.7/site-packages/airflow/example_dags/example_time_delta_sensor_async.py
[2023-10-26 04:44:02,098] {logging_mixin.py:115} INFO - [2023-10-26 04:44:02,098] {dag.py:2420} INFO - Sync 1 DAGs
[2023-10-26 04:44:02,166] {logging_mixin.py:115} INFO - [2023-10-26 04:44:02,165] {dag.py:2972} INFO - Setting next_dagrun for example_time_delta_sensor_async to None, run_after=None
[2023-10-26 04:44:02,191] {processor.py:161} INFO - Processing /home/airflow/.local/lib/python3.7/site-packages/airflow/example_dags/example_time_delta_sensor_async.py took 0.223 seconds
[2023-10-26 04:44:32,597] {processor.py:153} INFO - Started process (PID=734) to work on /home/airflow/.local/lib/python3.7/site-packages/airflow/example_dags/example_time_delta_sensor_async.py
[2023-10-26 04:44:32,599] {processor.py:641} INFO - Processing file /home/airflow/.local/lib/python3.7/site-packages/airflow/example_dags/example_time_delta_sensor_async.py for tasks to queue
[2023-10-26 04:44:32,601] {logging_mixin.py:115} INFO - [2023-10-26 04:44:32,600] {dagbag.py:508} INFO - Filling up the DagBag from /home/airflow/.local/lib/python3.7/site-packages/airflow/example_dags/example_time_delta_sensor_async.py
[2023-10-26 04:44:32,608] {processor.py:651} INFO - DAG(s) dict_keys(['example_time_delta_sensor_async']) retrieved from /home/airflow/.local/lib/python3.7/site-packages/airflow/example_dags/example_time_delta_sensor_async.py
[2023-10-26 04:44:32,695] {logging_mixin.py:115} INFO - [2023-10-26 04:44:32,695] {dag.py:2420} INFO - Sync 1 DAGs
[2023-10-26 04:44:32,758] {logging_mixin.py:115} INFO - [2023-10-26 04:44:32,758] {dag.py:2972} INFO - Setting next_dagrun for example_time_delta_sensor_async to None, run_after=None
[2023-10-26 04:44:32,787] {processor.py:161} INFO - Processing /home/airflow/.local/lib/python3.7/site-packages/airflow/example_dags/example_time_delta_sensor_async.py took 0.193 seconds
[2023-10-26 04:45:03,590] {processor.py:153} INFO - Started process (PID=800) to work on /home/airflow/.local/lib/python3.7/site-packages/airflow/example_dags/example_time_delta_sensor_async.py
[2023-10-26 04:45:03,592] {processor.py:641} INFO - Processing file /home/airflow/.local/lib/python3.7/site-packages/airflow/example_dags/example_time_delta_sensor_async.py for tasks to queue
[2023-10-26 04:45:03,595] {logging_mixin.py:115} INFO - [2023-10-26 04:45:03,594] {dagbag.py:508} INFO - Filling up the DagBag from /home/airflow/.local/lib/python3.7/site-packages/airflow/example_dags/example_time_delta_sensor_async.py
[2023-10-26 04:45:03,603] {processor.py:651} INFO - DAG(s) dict_keys(['example_time_delta_sensor_async']) retrieved from /home/airflow/.local/lib/python3.7/site-packages/airflow/example_dags/example_time_delta_sensor_async.py
[2023-10-26 04:45:03,709] {logging_mixin.py:115} INFO - [2023-10-26 04:45:03,709] {dag.py:2420} INFO - Sync 1 DAGs
[2023-10-26 04:45:03,833] {logging_mixin.py:115} INFO - [2023-10-26 04:45:03,833] {dag.py:2972} INFO - Setting next_dagrun for example_time_delta_sensor_async to None, run_after=None
[2023-10-26 04:45:03,872] {processor.py:161} INFO - Processing /home/airflow/.local/lib/python3.7/site-packages/airflow/example_dags/example_time_delta_sensor_async.py took 0.287 seconds
[2023-10-26 04:45:34,167] {processor.py:153} INFO - Started process (PID=857) to work on /home/airflow/.local/lib/python3.7/site-packages/airflow/example_dags/example_time_delta_sensor_async.py
[2023-10-26 04:45:34,168] {processor.py:641} INFO - Processing file /home/airflow/.local/lib/python3.7/site-packages/airflow/example_dags/example_time_delta_sensor_async.py for tasks to queue
[2023-10-26 04:45:34,170] {logging_mixin.py:115} INFO - [2023-10-26 04:45:34,169] {dagbag.py:508} INFO - Filling up the DagBag from /home/airflow/.local/lib/python3.7/site-packages/airflow/example_dags/example_time_delta_sensor_async.py
[2023-10-26 04:45:34,180] {processor.py:651} INFO - DAG(s) dict_keys(['example_time_delta_sensor_async']) retrieved from /home/airflow/.local/lib/python3.7/site-packages/airflow/example_dags/example_time_delta_sensor_async.py
[2023-10-26 04:45:34,250] {logging_mixin.py:115} INFO - [2023-10-26 04:45:34,250] {dag.py:2420} INFO - Sync 1 DAGs
[2023-10-26 04:45:34,295] {logging_mixin.py:115} INFO - [2023-10-26 04:45:34,294] {dag.py:2972} INFO - Setting next_dagrun for example_time_delta_sensor_async to None, run_after=None
[2023-10-26 04:45:34,328] {processor.py:161} INFO - Processing /home/airflow/.local/lib/python3.7/site-packages/airflow/example_dags/example_time_delta_sensor_async.py took 0.165 seconds
[2023-10-26 04:46:04,841] {processor.py:153} INFO - Started process (PID=914) to work on /home/airflow/.local/lib/python3.7/site-packages/airflow/example_dags/example_time_delta_sensor_async.py
[2023-10-26 04:46:04,842] {processor.py:641} INFO - Processing file /home/airflow/.local/lib/python3.7/site-packages/airflow/example_dags/example_time_delta_sensor_async.py for tasks to queue
[2023-10-26 04:46:04,845] {logging_mixin.py:115} INFO - [2023-10-26 04:46:04,845] {dagbag.py:508} INFO - Filling up the DagBag from /home/airflow/.local/lib/python3.7/site-packages/airflow/example_dags/example_time_delta_sensor_async.py
[2023-10-26 04:46:04,856] {processor.py:651} INFO - DAG(s) dict_keys(['example_time_delta_sensor_async']) retrieved from /home/airflow/.local/lib/python3.7/site-packages/airflow/example_dags/example_time_delta_sensor_async.py
[2023-10-26 04:46:04,967] {logging_mixin.py:115} INFO - [2023-10-26 04:46:04,967] {dag.py:2420} INFO - Sync 1 DAGs
[2023-10-26 04:46:05,029] {logging_mixin.py:115} INFO - [2023-10-26 04:46:05,028] {dag.py:2972} INFO - Setting next_dagrun for example_time_delta_sensor_async to None, run_after=None
[2023-10-26 04:46:05,053] {processor.py:161} INFO - Processing /home/airflow/.local/lib/python3.7/site-packages/airflow/example_dags/example_time_delta_sensor_async.py took 0.220 seconds
[2023-10-26 04:46:35,574] {processor.py:153} INFO - Started process (PID=972) to work on /home/airflow/.local/lib/python3.7/site-packages/airflow/example_dags/example_time_delta_sensor_async.py
[2023-10-26 04:46:35,576] {processor.py:641} INFO - Processing file /home/airflow/.local/lib/python3.7/site-packages/airflow/example_dags/example_time_delta_sensor_async.py for tasks to queue
[2023-10-26 04:46:35,579] {logging_mixin.py:115} INFO - [2023-10-26 04:46:35,578] {dagbag.py:508} INFO - Filling up the DagBag from /home/airflow/.local/lib/python3.7/site-packages/airflow/example_dags/example_time_delta_sensor_async.py
[2023-10-26 04:46:35,595] {processor.py:651} INFO - DAG(s) dict_keys(['example_time_delta_sensor_async']) retrieved from /home/airflow/.local/lib/python3.7/site-packages/airflow/example_dags/example_time_delta_sensor_async.py
[2023-10-26 04:46:35,769] {logging_mixin.py:115} INFO - [2023-10-26 04:46:35,768] {dag.py:2420} INFO - Sync 1 DAGs
[2023-10-26 04:46:35,839] {logging_mixin.py:115} INFO - [2023-10-26 04:46:35,839] {dag.py:2972} INFO - Setting next_dagrun for example_time_delta_sensor_async to None, run_after=None
[2023-10-26 04:46:35,869] {processor.py:161} INFO - Processing /home/airflow/.local/lib/python3.7/site-packages/airflow/example_dags/example_time_delta_sensor_async.py took 0.303 seconds
[2023-10-26 04:47:06,508] {processor.py:153} INFO - Started process (PID=1038) to work on /home/airflow/.local/lib/python3.7/site-packages/airflow/example_dags/example_time_delta_sensor_async.py
[2023-10-26 04:47:06,510] {processor.py:641} INFO - Processing file /home/airflow/.local/lib/python3.7/site-packages/airflow/example_dags/example_time_delta_sensor_async.py for tasks to queue
[2023-10-26 04:47:06,512] {logging_mixin.py:115} INFO - [2023-10-26 04:47:06,511] {dagbag.py:508} INFO - Filling up the DagBag from /home/airflow/.local/lib/python3.7/site-packages/airflow/example_dags/example_time_delta_sensor_async.py
[2023-10-26 04:47:06,522] {processor.py:651} INFO - DAG(s) dict_keys(['example_time_delta_sensor_async']) retrieved from /home/airflow/.local/lib/python3.7/site-packages/airflow/example_dags/example_time_delta_sensor_async.py
[2023-10-26 04:47:06,601] {logging_mixin.py:115} INFO - [2023-10-26 04:47:06,601] {dag.py:2420} INFO - Sync 1 DAGs
[2023-10-26 04:47:06,660] {logging_mixin.py:115} INFO - [2023-10-26 04:47:06,659] {dag.py:2972} INFO - Setting next_dagrun for example_time_delta_sensor_async to None, run_after=None
[2023-10-26 04:47:06,684] {processor.py:161} INFO - Processing /home/airflow/.local/lib/python3.7/site-packages/airflow/example_dags/example_time_delta_sensor_async.py took 0.182 seconds
[2023-10-26 04:47:37,384] {processor.py:153} INFO - Started process (PID=1095) to work on /home/airflow/.local/lib/python3.7/site-packages/airflow/example_dags/example_time_delta_sensor_async.py
[2023-10-26 04:47:37,386] {processor.py:641} INFO - Processing file /home/airflow/.local/lib/python3.7/site-packages/airflow/example_dags/example_time_delta_sensor_async.py for tasks to queue
[2023-10-26 04:47:37,388] {logging_mixin.py:115} INFO - [2023-10-26 04:47:37,387] {dagbag.py:508} INFO - Filling up the DagBag from /home/airflow/.local/lib/python3.7/site-packages/airflow/example_dags/example_time_delta_sensor_async.py
[2023-10-26 04:47:37,399] {processor.py:651} INFO - DAG(s) dict_keys(['example_time_delta_sensor_async']) retrieved from /home/airflow/.local/lib/python3.7/site-packages/airflow/example_dags/example_time_delta_sensor_async.py
[2023-10-26 04:47:37,489] {logging_mixin.py:115} INFO - [2023-10-26 04:47:37,489] {dag.py:2420} INFO - Sync 1 DAGs
[2023-10-26 04:47:37,562] {logging_mixin.py:115} INFO - [2023-10-26 04:47:37,562] {dag.py:2972} INFO - Setting next_dagrun for example_time_delta_sensor_async to None, run_after=None
[2023-10-26 04:47:37,586] {processor.py:161} INFO - Processing /home/airflow/.local/lib/python3.7/site-packages/airflow/example_dags/example_time_delta_sensor_async.py took 0.216 seconds
[2023-10-26 04:48:07,685] {processor.py:153} INFO - Started process (PID=1152) to work on /home/airflow/.local/lib/python3.7/site-packages/airflow/example_dags/example_time_delta_sensor_async.py
[2023-10-26 04:48:07,688] {processor.py:641} INFO - Processing file /home/airflow/.local/lib/python3.7/site-packages/airflow/example_dags/example_time_delta_sensor_async.py for tasks to queue
[2023-10-26 04:48:07,691] {logging_mixin.py:115} INFO - [2023-10-26 04:48:07,690] {dagbag.py:508} INFO - Filling up the DagBag from /home/airflow/.local/lib/python3.7/site-packages/airflow/example_dags/example_time_delta_sensor_async.py
[2023-10-26 04:48:07,704] {processor.py:651} INFO - DAG(s) dict_keys(['example_time_delta_sensor_async']) retrieved from /home/airflow/.local/lib/python3.7/site-packages/airflow/example_dags/example_time_delta_sensor_async.py
[2023-10-26 04:48:07,828] {logging_mixin.py:115} INFO - [2023-10-26 04:48:07,827] {dag.py:2420} INFO - Sync 1 DAGs
[2023-10-26 04:48:07,890] {logging_mixin.py:115} INFO - [2023-10-26 04:48:07,889] {dag.py:2972} INFO - Setting next_dagrun for example_time_delta_sensor_async to None, run_after=None
[2023-10-26 04:48:07,927] {processor.py:161} INFO - Processing /home/airflow/.local/lib/python3.7/site-packages/airflow/example_dags/example_time_delta_sensor_async.py took 0.247 seconds
[2023-10-26 04:48:38,579] {processor.py:153} INFO - Started process (PID=1218) to work on /home/airflow/.local/lib/python3.7/site-packages/airflow/example_dags/example_time_delta_sensor_async.py
[2023-10-26 04:48:38,584] {processor.py:641} INFO - Processing file /home/airflow/.local/lib/python3.7/site-packages/airflow/example_dags/example_time_delta_sensor_async.py for tasks to queue
[2023-10-26 04:48:38,592] {logging_mixin.py:115} INFO - [2023-10-26 04:48:38,592] {dagbag.py:508} INFO - Filling up the DagBag from /home/airflow/.local/lib/python3.7/site-packages/airflow/example_dags/example_time_delta_sensor_async.py
[2023-10-26 04:48:38,611] {processor.py:651} INFO - DAG(s) dict_keys(['example_time_delta_sensor_async']) retrieved from /home/airflow/.local/lib/python3.7/site-packages/airflow/example_dags/example_time_delta_sensor_async.py
[2023-10-26 04:48:38,771] {logging_mixin.py:115} INFO - [2023-10-26 04:48:38,770] {dag.py:2420} INFO - Sync 1 DAGs
[2023-10-26 04:48:38,823] {logging_mixin.py:115} INFO - [2023-10-26 04:48:38,823] {dag.py:2972} INFO - Setting next_dagrun for example_time_delta_sensor_async to None, run_after=None
[2023-10-26 04:48:38,865] {processor.py:161} INFO - Processing /home/airflow/.local/lib/python3.7/site-packages/airflow/example_dags/example_time_delta_sensor_async.py took 0.292 seconds
[2023-10-26 04:49:09,087] {processor.py:153} INFO - Started process (PID=1275) to work on /home/airflow/.local/lib/python3.7/site-packages/airflow/example_dags/example_time_delta_sensor_async.py
[2023-10-26 04:49:09,088] {processor.py:641} INFO - Processing file /home/airflow/.local/lib/python3.7/site-packages/airflow/example_dags/example_time_delta_sensor_async.py for tasks to queue
[2023-10-26 04:49:09,090] {logging_mixin.py:115} INFO - [2023-10-26 04:49:09,090] {dagbag.py:508} INFO - Filling up the DagBag from /home/airflow/.local/lib/python3.7/site-packages/airflow/example_dags/example_time_delta_sensor_async.py
[2023-10-26 04:49:09,099] {processor.py:651} INFO - DAG(s) dict_keys(['example_time_delta_sensor_async']) retrieved from /home/airflow/.local/lib/python3.7/site-packages/airflow/example_dags/example_time_delta_sensor_async.py
[2023-10-26 04:49:09,180] {logging_mixin.py:115} INFO - [2023-10-26 04:49:09,180] {dag.py:2420} INFO - Sync 1 DAGs
[2023-10-26 04:49:09,232] {logging_mixin.py:115} INFO - [2023-10-26 04:49:09,232] {dag.py:2972} INFO - Setting next_dagrun for example_time_delta_sensor_async to None, run_after=None
[2023-10-26 04:49:09,259] {processor.py:161} INFO - Processing /home/airflow/.local/lib/python3.7/site-packages/airflow/example_dags/example_time_delta_sensor_async.py took 0.180 seconds
[2023-10-26 04:49:41,135] {processor.py:153} INFO - Started process (PID=1332) to work on /home/airflow/.local/lib/python3.7/site-packages/airflow/example_dags/example_time_delta_sensor_async.py
[2023-10-26 04:49:41,137] {processor.py:641} INFO - Processing file /home/airflow/.local/lib/python3.7/site-packages/airflow/example_dags/example_time_delta_sensor_async.py for tasks to queue
[2023-10-26 04:49:41,139] {logging_mixin.py:115} INFO - [2023-10-26 04:49:41,139] {dagbag.py:508} INFO - Filling up the DagBag from /home/airflow/.local/lib/python3.7/site-packages/airflow/example_dags/example_time_delta_sensor_async.py
[2023-10-26 04:49:41,152] {processor.py:651} INFO - DAG(s) dict_keys(['example_time_delta_sensor_async']) retrieved from /home/airflow/.local/lib/python3.7/site-packages/airflow/example_dags/example_time_delta_sensor_async.py
[2023-10-26 04:49:41,260] {logging_mixin.py:115} INFO - [2023-10-26 04:49:41,259] {dag.py:2420} INFO - Sync 1 DAGs
[2023-10-26 04:49:41,343] {logging_mixin.py:115} INFO - [2023-10-26 04:49:41,342] {dag.py:2972} INFO - Setting next_dagrun for example_time_delta_sensor_async to None, run_after=None
[2023-10-26 04:49:41,384] {processor.py:161} INFO - Processing /home/airflow/.local/lib/python3.7/site-packages/airflow/example_dags/example_time_delta_sensor_async.py took 0.257 seconds
[2023-10-26 04:50:11,978] {processor.py:153} INFO - Started process (PID=1389) to work on /home/airflow/.local/lib/python3.7/site-packages/airflow/example_dags/example_time_delta_sensor_async.py
[2023-10-26 04:50:11,979] {processor.py:641} INFO - Processing file /home/airflow/.local/lib/python3.7/site-packages/airflow/example_dags/example_time_delta_sensor_async.py for tasks to queue
[2023-10-26 04:50:11,981] {logging_mixin.py:115} INFO - [2023-10-26 04:50:11,981] {dagbag.py:508} INFO - Filling up the DagBag from /home/airflow/.local/lib/python3.7/site-packages/airflow/example_dags/example_time_delta_sensor_async.py
[2023-10-26 04:50:11,988] {processor.py:651} INFO - DAG(s) dict_keys(['example_time_delta_sensor_async']) retrieved from /home/airflow/.local/lib/python3.7/site-packages/airflow/example_dags/example_time_delta_sensor_async.py
[2023-10-26 04:50:12,140] {logging_mixin.py:115} INFO - [2023-10-26 04:50:12,140] {dag.py:2420} INFO - Sync 1 DAGs
[2023-10-26 04:50:12,204] {logging_mixin.py:115} INFO - [2023-10-26 04:50:12,204] {dag.py:2972} INFO - Setting next_dagrun for example_time_delta_sensor_async to None, run_after=None
[2023-10-26 04:50:12,229] {processor.py:161} INFO - Processing /home/airflow/.local/lib/python3.7/site-packages/airflow/example_dags/example_time_delta_sensor_async.py took 0.257 seconds
[2023-10-26 04:50:42,804] {processor.py:153} INFO - Started process (PID=1455) to work on /home/airflow/.local/lib/python3.7/site-packages/airflow/example_dags/example_time_delta_sensor_async.py
[2023-10-26 04:50:42,806] {processor.py:641} INFO - Processing file /home/airflow/.local/lib/python3.7/site-packages/airflow/example_dags/example_time_delta_sensor_async.py for tasks to queue
[2023-10-26 04:50:42,808] {logging_mixin.py:115} INFO - [2023-10-26 04:50:42,807] {dagbag.py:508} INFO - Filling up the DagBag from /home/airflow/.local/lib/python3.7/site-packages/airflow/example_dags/example_time_delta_sensor_async.py
[2023-10-26 04:50:42,818] {processor.py:651} INFO - DAG(s) dict_keys(['example_time_delta_sensor_async']) retrieved from /home/airflow/.local/lib/python3.7/site-packages/airflow/example_dags/example_time_delta_sensor_async.py
[2023-10-26 04:50:42,910] {logging_mixin.py:115} INFO - [2023-10-26 04:50:42,910] {dag.py:2420} INFO - Sync 1 DAGs
[2023-10-26 04:50:42,961] {logging_mixin.py:115} INFO - [2023-10-26 04:50:42,960] {dag.py:2972} INFO - Setting next_dagrun for example_time_delta_sensor_async to None, run_after=None
[2023-10-26 04:50:42,993] {processor.py:161} INFO - Processing /home/airflow/.local/lib/python3.7/site-packages/airflow/example_dags/example_time_delta_sensor_async.py took 0.195 seconds
