[2023-10-26 04:38:56,872] {processor.py:153} INFO - Started process (PID=98) to work on /home/airflow/.local/lib/python3.7/site-packages/airflow/example_dags/example_branch_datetime_operator.py
[2023-10-26 04:38:56,874] {processor.py:641} INFO - Processing file /home/airflow/.local/lib/python3.7/site-packages/airflow/example_dags/example_branch_datetime_operator.py for tasks to queue
[2023-10-26 04:38:56,877] {logging_mixin.py:115} INFO - [2023-10-26 04:38:56,876] {dagbag.py:508} INFO - Filling up the DagBag from /home/airflow/.local/lib/python3.7/site-packages/airflow/example_dags/example_branch_datetime_operator.py
[2023-10-26 04:38:56,942] {processor.py:651} INFO - DAG(s) dict_keys(['example_branch_datetime_operator', 'example_branch_datetime_operator_2']) retrieved from /home/airflow/.local/lib/python3.7/site-packages/airflow/example_dags/example_branch_datetime_operator.py
[2023-10-26 04:38:57,082] {logging_mixin.py:115} INFO - [2023-10-26 04:38:57,081] {dag.py:2420} INFO - Sync 2 DAGs
[2023-10-26 04:38:57,254] {logging_mixin.py:115} INFO - [2023-10-26 04:38:57,253] {dag.py:2972} INFO - Setting next_dagrun for example_branch_datetime_operator to 2023-10-25T00:00:00+00:00, run_after=2023-10-26T00:00:00+00:00
[2023-10-26 04:38:57,266] {logging_mixin.py:115} INFO - [2023-10-26 04:38:57,266] {dag.py:2972} INFO - Setting next_dagrun for example_branch_datetime_operator_2 to 2023-10-25T00:00:00+00:00, run_after=2023-10-26T00:00:00+00:00
[2023-10-26 04:38:57,400] {processor.py:161} INFO - Processing /home/airflow/.local/lib/python3.7/site-packages/airflow/example_dags/example_branch_datetime_operator.py took 0.535 seconds
[2023-10-26 04:39:28,426] {processor.py:153} INFO - Started process (PID=154) to work on /home/airflow/.local/lib/python3.7/site-packages/airflow/example_dags/example_branch_datetime_operator.py
[2023-10-26 04:39:28,428] {processor.py:641} INFO - Processing file /home/airflow/.local/lib/python3.7/site-packages/airflow/example_dags/example_branch_datetime_operator.py for tasks to queue
[2023-10-26 04:39:28,431] {logging_mixin.py:115} INFO - [2023-10-26 04:39:28,430] {dagbag.py:508} INFO - Filling up the DagBag from /home/airflow/.local/lib/python3.7/site-packages/airflow/example_dags/example_branch_datetime_operator.py
[2023-10-26 04:39:28,458] {processor.py:651} INFO - DAG(s) dict_keys(['example_branch_datetime_operator', 'example_branch_datetime_operator_2']) retrieved from /home/airflow/.local/lib/python3.7/site-packages/airflow/example_dags/example_branch_datetime_operator.py
[2023-10-26 04:39:28,526] {logging_mixin.py:115} INFO - [2023-10-26 04:39:28,526] {dag.py:2420} INFO - Sync 2 DAGs
[2023-10-26 04:39:28,611] {logging_mixin.py:115} INFO - [2023-10-26 04:39:28,611] {dag.py:2972} INFO - Setting next_dagrun for example_branch_datetime_operator to 2023-10-25T00:00:00+00:00, run_after=2023-10-26T00:00:00+00:00
[2023-10-26 04:39:28,617] {logging_mixin.py:115} INFO - [2023-10-26 04:39:28,616] {dag.py:2972} INFO - Setting next_dagrun for example_branch_datetime_operator_2 to 2023-10-25T00:00:00+00:00, run_after=2023-10-26T00:00:00+00:00
[2023-10-26 04:39:28,658] {processor.py:161} INFO - Processing /home/airflow/.local/lib/python3.7/site-packages/airflow/example_dags/example_branch_datetime_operator.py took 0.237 seconds
[2023-10-26 04:39:59,143] {processor.py:153} INFO - Started process (PID=211) to work on /home/airflow/.local/lib/python3.7/site-packages/airflow/example_dags/example_branch_datetime_operator.py
[2023-10-26 04:39:59,144] {processor.py:641} INFO - Processing file /home/airflow/.local/lib/python3.7/site-packages/airflow/example_dags/example_branch_datetime_operator.py for tasks to queue
[2023-10-26 04:39:59,146] {logging_mixin.py:115} INFO - [2023-10-26 04:39:59,146] {dagbag.py:508} INFO - Filling up the DagBag from /home/airflow/.local/lib/python3.7/site-packages/airflow/example_dags/example_branch_datetime_operator.py
[2023-10-26 04:39:59,162] {processor.py:651} INFO - DAG(s) dict_keys(['example_branch_datetime_operator', 'example_branch_datetime_operator_2']) retrieved from /home/airflow/.local/lib/python3.7/site-packages/airflow/example_dags/example_branch_datetime_operator.py
[2023-10-26 04:39:59,215] {logging_mixin.py:115} INFO - [2023-10-26 04:39:59,214] {dag.py:2420} INFO - Sync 2 DAGs
[2023-10-26 04:39:59,276] {logging_mixin.py:115} INFO - [2023-10-26 04:39:59,276] {dag.py:2972} INFO - Setting next_dagrun for example_branch_datetime_operator to 2023-10-25T00:00:00+00:00, run_after=2023-10-26T00:00:00+00:00
[2023-10-26 04:39:59,280] {logging_mixin.py:115} INFO - [2023-10-26 04:39:59,280] {dag.py:2972} INFO - Setting next_dagrun for example_branch_datetime_operator_2 to 2023-10-25T00:00:00+00:00, run_after=2023-10-26T00:00:00+00:00
[2023-10-26 04:39:59,321] {processor.py:161} INFO - Processing /home/airflow/.local/lib/python3.7/site-packages/airflow/example_dags/example_branch_datetime_operator.py took 0.183 seconds
[2023-10-26 04:40:30,346] {processor.py:153} INFO - Started process (PID=268) to work on /home/airflow/.local/lib/python3.7/site-packages/airflow/example_dags/example_branch_datetime_operator.py
[2023-10-26 04:40:30,348] {processor.py:641} INFO - Processing file /home/airflow/.local/lib/python3.7/site-packages/airflow/example_dags/example_branch_datetime_operator.py for tasks to queue
[2023-10-26 04:40:30,349] {logging_mixin.py:115} INFO - [2023-10-26 04:40:30,349] {dagbag.py:508} INFO - Filling up the DagBag from /home/airflow/.local/lib/python3.7/site-packages/airflow/example_dags/example_branch_datetime_operator.py
[2023-10-26 04:40:30,364] {processor.py:651} INFO - DAG(s) dict_keys(['example_branch_datetime_operator', 'example_branch_datetime_operator_2']) retrieved from /home/airflow/.local/lib/python3.7/site-packages/airflow/example_dags/example_branch_datetime_operator.py
[2023-10-26 04:40:30,419] {logging_mixin.py:115} INFO - [2023-10-26 04:40:30,418] {dag.py:2420} INFO - Sync 2 DAGs
[2023-10-26 04:40:30,472] {logging_mixin.py:115} INFO - [2023-10-26 04:40:30,471] {dag.py:2972} INFO - Setting next_dagrun for example_branch_datetime_operator to 2023-10-25T00:00:00+00:00, run_after=2023-10-26T00:00:00+00:00
[2023-10-26 04:40:30,477] {logging_mixin.py:115} INFO - [2023-10-26 04:40:30,477] {dag.py:2972} INFO - Setting next_dagrun for example_branch_datetime_operator_2 to 2023-10-25T00:00:00+00:00, run_after=2023-10-26T00:00:00+00:00
[2023-10-26 04:40:30,513] {processor.py:161} INFO - Processing /home/airflow/.local/lib/python3.7/site-packages/airflow/example_dags/example_branch_datetime_operator.py took 0.171 seconds
[2023-10-26 04:41:01,573] {processor.py:153} INFO - Started process (PID=332) to work on /home/airflow/.local/lib/python3.7/site-packages/airflow/example_dags/example_branch_datetime_operator.py
[2023-10-26 04:41:01,575] {processor.py:641} INFO - Processing file /home/airflow/.local/lib/python3.7/site-packages/airflow/example_dags/example_branch_datetime_operator.py for tasks to queue
[2023-10-26 04:41:01,576] {logging_mixin.py:115} INFO - [2023-10-26 04:41:01,576] {dagbag.py:508} INFO - Filling up the DagBag from /home/airflow/.local/lib/python3.7/site-packages/airflow/example_dags/example_branch_datetime_operator.py
[2023-10-26 04:41:01,596] {processor.py:651} INFO - DAG(s) dict_keys(['example_branch_datetime_operator', 'example_branch_datetime_operator_2']) retrieved from /home/airflow/.local/lib/python3.7/site-packages/airflow/example_dags/example_branch_datetime_operator.py
[2023-10-26 04:41:01,657] {logging_mixin.py:115} INFO - [2023-10-26 04:41:01,656] {dag.py:2420} INFO - Sync 2 DAGs
[2023-10-26 04:41:01,726] {logging_mixin.py:115} INFO - [2023-10-26 04:41:01,726] {dag.py:2972} INFO - Setting next_dagrun for example_branch_datetime_operator to 2023-10-25T00:00:00+00:00, run_after=2023-10-26T00:00:00+00:00
[2023-10-26 04:41:01,731] {logging_mixin.py:115} INFO - [2023-10-26 04:41:01,731] {dag.py:2972} INFO - Setting next_dagrun for example_branch_datetime_operator_2 to 2023-10-25T00:00:00+00:00, run_after=2023-10-26T00:00:00+00:00
[2023-10-26 04:41:01,775] {processor.py:161} INFO - Processing /home/airflow/.local/lib/python3.7/site-packages/airflow/example_dags/example_branch_datetime_operator.py took 0.207 seconds
[2023-10-26 04:41:32,579] {processor.py:153} INFO - Started process (PID=391) to work on /home/airflow/.local/lib/python3.7/site-packages/airflow/example_dags/example_branch_datetime_operator.py
[2023-10-26 04:41:32,581] {processor.py:641} INFO - Processing file /home/airflow/.local/lib/python3.7/site-packages/airflow/example_dags/example_branch_datetime_operator.py for tasks to queue
[2023-10-26 04:41:32,582] {logging_mixin.py:115} INFO - [2023-10-26 04:41:32,582] {dagbag.py:508} INFO - Filling up the DagBag from /home/airflow/.local/lib/python3.7/site-packages/airflow/example_dags/example_branch_datetime_operator.py
[2023-10-26 04:41:32,600] {processor.py:651} INFO - DAG(s) dict_keys(['example_branch_datetime_operator', 'example_branch_datetime_operator_2']) retrieved from /home/airflow/.local/lib/python3.7/site-packages/airflow/example_dags/example_branch_datetime_operator.py
[2023-10-26 04:41:32,647] {logging_mixin.py:115} INFO - [2023-10-26 04:41:32,647] {dag.py:2420} INFO - Sync 2 DAGs
[2023-10-26 04:41:32,696] {logging_mixin.py:115} INFO - [2023-10-26 04:41:32,696] {dag.py:2972} INFO - Setting next_dagrun for example_branch_datetime_operator to 2023-10-25T00:00:00+00:00, run_after=2023-10-26T00:00:00+00:00
[2023-10-26 04:41:32,700] {logging_mixin.py:115} INFO - [2023-10-26 04:41:32,700] {dag.py:2972} INFO - Setting next_dagrun for example_branch_datetime_operator_2 to 2023-10-25T00:00:00+00:00, run_after=2023-10-26T00:00:00+00:00
[2023-10-26 04:41:32,724] {processor.py:161} INFO - Processing /home/airflow/.local/lib/python3.7/site-packages/airflow/example_dags/example_branch_datetime_operator.py took 0.149 seconds
[2023-10-26 04:42:03,107] {processor.py:153} INFO - Started process (PID=448) to work on /home/airflow/.local/lib/python3.7/site-packages/airflow/example_dags/example_branch_datetime_operator.py
[2023-10-26 04:42:03,109] {processor.py:641} INFO - Processing file /home/airflow/.local/lib/python3.7/site-packages/airflow/example_dags/example_branch_datetime_operator.py for tasks to queue
[2023-10-26 04:42:03,112] {logging_mixin.py:115} INFO - [2023-10-26 04:42:03,111] {dagbag.py:508} INFO - Filling up the DagBag from /home/airflow/.local/lib/python3.7/site-packages/airflow/example_dags/example_branch_datetime_operator.py
[2023-10-26 04:42:03,133] {processor.py:651} INFO - DAG(s) dict_keys(['example_branch_datetime_operator', 'example_branch_datetime_operator_2']) retrieved from /home/airflow/.local/lib/python3.7/site-packages/airflow/example_dags/example_branch_datetime_operator.py
[2023-10-26 04:42:03,185] {logging_mixin.py:115} INFO - [2023-10-26 04:42:03,185] {dag.py:2420} INFO - Sync 2 DAGs
[2023-10-26 04:42:03,250] {logging_mixin.py:115} INFO - [2023-10-26 04:42:03,250] {dag.py:2972} INFO - Setting next_dagrun for example_branch_datetime_operator to 2023-10-25T00:00:00+00:00, run_after=2023-10-26T00:00:00+00:00
[2023-10-26 04:42:03,255] {logging_mixin.py:115} INFO - [2023-10-26 04:42:03,255] {dag.py:2972} INFO - Setting next_dagrun for example_branch_datetime_operator_2 to 2023-10-25T00:00:00+00:00, run_after=2023-10-26T00:00:00+00:00
[2023-10-26 04:42:03,283] {processor.py:161} INFO - Processing /home/airflow/.local/lib/python3.7/site-packages/airflow/example_dags/example_branch_datetime_operator.py took 0.187 seconds
[2023-10-26 04:42:33,787] {processor.py:153} INFO - Started process (PID=503) to work on /home/airflow/.local/lib/python3.7/site-packages/airflow/example_dags/example_branch_datetime_operator.py
[2023-10-26 04:42:33,789] {processor.py:641} INFO - Processing file /home/airflow/.local/lib/python3.7/site-packages/airflow/example_dags/example_branch_datetime_operator.py for tasks to queue
[2023-10-26 04:42:33,790] {logging_mixin.py:115} INFO - [2023-10-26 04:42:33,790] {dagbag.py:508} INFO - Filling up the DagBag from /home/airflow/.local/lib/python3.7/site-packages/airflow/example_dags/example_branch_datetime_operator.py
[2023-10-26 04:42:33,806] {processor.py:651} INFO - DAG(s) dict_keys(['example_branch_datetime_operator', 'example_branch_datetime_operator_2']) retrieved from /home/airflow/.local/lib/python3.7/site-packages/airflow/example_dags/example_branch_datetime_operator.py
[2023-10-26 04:42:33,861] {logging_mixin.py:115} INFO - [2023-10-26 04:42:33,860] {dag.py:2420} INFO - Sync 2 DAGs
[2023-10-26 04:42:33,940] {logging_mixin.py:115} INFO - [2023-10-26 04:42:33,939] {dag.py:2972} INFO - Setting next_dagrun for example_branch_datetime_operator to 2023-10-25T00:00:00+00:00, run_after=2023-10-26T00:00:00+00:00
[2023-10-26 04:42:33,946] {logging_mixin.py:115} INFO - [2023-10-26 04:42:33,946] {dag.py:2972} INFO - Setting next_dagrun for example_branch_datetime_operator_2 to 2023-10-25T00:00:00+00:00, run_after=2023-10-26T00:00:00+00:00
[2023-10-26 04:42:33,981] {processor.py:161} INFO - Processing /home/airflow/.local/lib/python3.7/site-packages/airflow/example_dags/example_branch_datetime_operator.py took 0.198 seconds
[2023-10-26 04:43:04,208] {processor.py:153} INFO - Started process (PID=569) to work on /home/airflow/.local/lib/python3.7/site-packages/airflow/example_dags/example_branch_datetime_operator.py
[2023-10-26 04:43:04,209] {processor.py:641} INFO - Processing file /home/airflow/.local/lib/python3.7/site-packages/airflow/example_dags/example_branch_datetime_operator.py for tasks to queue
[2023-10-26 04:43:04,211] {logging_mixin.py:115} INFO - [2023-10-26 04:43:04,210] {dagbag.py:508} INFO - Filling up the DagBag from /home/airflow/.local/lib/python3.7/site-packages/airflow/example_dags/example_branch_datetime_operator.py
[2023-10-26 04:43:04,228] {processor.py:651} INFO - DAG(s) dict_keys(['example_branch_datetime_operator', 'example_branch_datetime_operator_2']) retrieved from /home/airflow/.local/lib/python3.7/site-packages/airflow/example_dags/example_branch_datetime_operator.py
[2023-10-26 04:43:04,306] {logging_mixin.py:115} INFO - [2023-10-26 04:43:04,306] {dag.py:2420} INFO - Sync 2 DAGs
[2023-10-26 04:43:04,355] {logging_mixin.py:115} INFO - [2023-10-26 04:43:04,355] {dag.py:2972} INFO - Setting next_dagrun for example_branch_datetime_operator to 2023-10-25T00:00:00+00:00, run_after=2023-10-26T00:00:00+00:00
[2023-10-26 04:43:04,359] {logging_mixin.py:115} INFO - [2023-10-26 04:43:04,359] {dag.py:2972} INFO - Setting next_dagrun for example_branch_datetime_operator_2 to 2023-10-25T00:00:00+00:00, run_after=2023-10-26T00:00:00+00:00
[2023-10-26 04:43:04,382] {processor.py:161} INFO - Processing /home/airflow/.local/lib/python3.7/site-packages/airflow/example_dags/example_branch_datetime_operator.py took 0.178 seconds
[2023-10-26 04:43:35,161] {processor.py:153} INFO - Started process (PID=626) to work on /home/airflow/.local/lib/python3.7/site-packages/airflow/example_dags/example_branch_datetime_operator.py
[2023-10-26 04:43:35,163] {processor.py:641} INFO - Processing file /home/airflow/.local/lib/python3.7/site-packages/airflow/example_dags/example_branch_datetime_operator.py for tasks to queue
[2023-10-26 04:43:35,166] {logging_mixin.py:115} INFO - [2023-10-26 04:43:35,165] {dagbag.py:508} INFO - Filling up the DagBag from /home/airflow/.local/lib/python3.7/site-packages/airflow/example_dags/example_branch_datetime_operator.py
[2023-10-26 04:43:35,186] {processor.py:651} INFO - DAG(s) dict_keys(['example_branch_datetime_operator', 'example_branch_datetime_operator_2']) retrieved from /home/airflow/.local/lib/python3.7/site-packages/airflow/example_dags/example_branch_datetime_operator.py
[2023-10-26 04:43:35,239] {logging_mixin.py:115} INFO - [2023-10-26 04:43:35,238] {dag.py:2420} INFO - Sync 2 DAGs
[2023-10-26 04:43:35,298] {logging_mixin.py:115} INFO - [2023-10-26 04:43:35,298] {dag.py:2972} INFO - Setting next_dagrun for example_branch_datetime_operator to 2023-10-25T00:00:00+00:00, run_after=2023-10-26T00:00:00+00:00
[2023-10-26 04:43:35,302] {logging_mixin.py:115} INFO - [2023-10-26 04:43:35,302] {dag.py:2972} INFO - Setting next_dagrun for example_branch_datetime_operator_2 to 2023-10-25T00:00:00+00:00, run_after=2023-10-26T00:00:00+00:00
[2023-10-26 04:43:35,338] {processor.py:161} INFO - Processing /home/airflow/.local/lib/python3.7/site-packages/airflow/example_dags/example_branch_datetime_operator.py took 0.183 seconds
[2023-10-26 04:44:05,797] {processor.py:153} INFO - Started process (PID=683) to work on /home/airflow/.local/lib/python3.7/site-packages/airflow/example_dags/example_branch_datetime_operator.py
[2023-10-26 04:44:05,799] {processor.py:641} INFO - Processing file /home/airflow/.local/lib/python3.7/site-packages/airflow/example_dags/example_branch_datetime_operator.py for tasks to queue
[2023-10-26 04:44:05,801] {logging_mixin.py:115} INFO - [2023-10-26 04:44:05,800] {dagbag.py:508} INFO - Filling up the DagBag from /home/airflow/.local/lib/python3.7/site-packages/airflow/example_dags/example_branch_datetime_operator.py
[2023-10-26 04:44:05,823] {processor.py:651} INFO - DAG(s) dict_keys(['example_branch_datetime_operator', 'example_branch_datetime_operator_2']) retrieved from /home/airflow/.local/lib/python3.7/site-packages/airflow/example_dags/example_branch_datetime_operator.py
[2023-10-26 04:44:05,904] {logging_mixin.py:115} INFO - [2023-10-26 04:44:05,904] {dag.py:2420} INFO - Sync 2 DAGs
[2023-10-26 04:44:05,983] {logging_mixin.py:115} INFO - [2023-10-26 04:44:05,983] {dag.py:2972} INFO - Setting next_dagrun for example_branch_datetime_operator to 2023-10-25T00:00:00+00:00, run_after=2023-10-26T00:00:00+00:00
[2023-10-26 04:44:05,987] {logging_mixin.py:115} INFO - [2023-10-26 04:44:05,987] {dag.py:2972} INFO - Setting next_dagrun for example_branch_datetime_operator_2 to 2023-10-25T00:00:00+00:00, run_after=2023-10-26T00:00:00+00:00
[2023-10-26 04:44:06,018] {processor.py:161} INFO - Processing /home/airflow/.local/lib/python3.7/site-packages/airflow/example_dags/example_branch_datetime_operator.py took 0.228 seconds
[2023-10-26 04:44:36,292] {processor.py:153} INFO - Started process (PID=749) to work on /home/airflow/.local/lib/python3.7/site-packages/airflow/example_dags/example_branch_datetime_operator.py
[2023-10-26 04:44:36,294] {processor.py:641} INFO - Processing file /home/airflow/.local/lib/python3.7/site-packages/airflow/example_dags/example_branch_datetime_operator.py for tasks to queue
[2023-10-26 04:44:36,295] {logging_mixin.py:115} INFO - [2023-10-26 04:44:36,295] {dagbag.py:508} INFO - Filling up the DagBag from /home/airflow/.local/lib/python3.7/site-packages/airflow/example_dags/example_branch_datetime_operator.py
[2023-10-26 04:44:36,312] {processor.py:651} INFO - DAG(s) dict_keys(['example_branch_datetime_operator', 'example_branch_datetime_operator_2']) retrieved from /home/airflow/.local/lib/python3.7/site-packages/airflow/example_dags/example_branch_datetime_operator.py
[2023-10-26 04:44:36,376] {logging_mixin.py:115} INFO - [2023-10-26 04:44:36,376] {dag.py:2420} INFO - Sync 2 DAGs
[2023-10-26 04:44:36,446] {logging_mixin.py:115} INFO - [2023-10-26 04:44:36,446] {dag.py:2972} INFO - Setting next_dagrun for example_branch_datetime_operator to 2023-10-25T00:00:00+00:00, run_after=2023-10-26T00:00:00+00:00
[2023-10-26 04:44:36,451] {logging_mixin.py:115} INFO - [2023-10-26 04:44:36,451] {dag.py:2972} INFO - Setting next_dagrun for example_branch_datetime_operator_2 to 2023-10-25T00:00:00+00:00, run_after=2023-10-26T00:00:00+00:00
[2023-10-26 04:44:36,479] {processor.py:161} INFO - Processing /home/airflow/.local/lib/python3.7/site-packages/airflow/example_dags/example_branch_datetime_operator.py took 0.192 seconds
[2023-10-26 04:45:06,751] {processor.py:153} INFO - Started process (PID=806) to work on /home/airflow/.local/lib/python3.7/site-packages/airflow/example_dags/example_branch_datetime_operator.py
[2023-10-26 04:45:06,752] {processor.py:641} INFO - Processing file /home/airflow/.local/lib/python3.7/site-packages/airflow/example_dags/example_branch_datetime_operator.py for tasks to queue
[2023-10-26 04:45:06,753] {logging_mixin.py:115} INFO - [2023-10-26 04:45:06,753] {dagbag.py:508} INFO - Filling up the DagBag from /home/airflow/.local/lib/python3.7/site-packages/airflow/example_dags/example_branch_datetime_operator.py
[2023-10-26 04:45:06,769] {processor.py:651} INFO - DAG(s) dict_keys(['example_branch_datetime_operator', 'example_branch_datetime_operator_2']) retrieved from /home/airflow/.local/lib/python3.7/site-packages/airflow/example_dags/example_branch_datetime_operator.py
[2023-10-26 04:45:06,823] {logging_mixin.py:115} INFO - [2023-10-26 04:45:06,823] {dag.py:2420} INFO - Sync 2 DAGs
[2023-10-26 04:45:06,875] {logging_mixin.py:115} INFO - [2023-10-26 04:45:06,875] {dag.py:2972} INFO - Setting next_dagrun for example_branch_datetime_operator to 2023-10-25T00:00:00+00:00, run_after=2023-10-26T00:00:00+00:00
[2023-10-26 04:45:06,880] {logging_mixin.py:115} INFO - [2023-10-26 04:45:06,880] {dag.py:2972} INFO - Setting next_dagrun for example_branch_datetime_operator_2 to 2023-10-25T00:00:00+00:00, run_after=2023-10-26T00:00:00+00:00
[2023-10-26 04:45:06,930] {processor.py:161} INFO - Processing /home/airflow/.local/lib/python3.7/site-packages/airflow/example_dags/example_branch_datetime_operator.py took 0.183 seconds
[2023-10-26 04:45:37,291] {processor.py:153} INFO - Started process (PID=863) to work on /home/airflow/.local/lib/python3.7/site-packages/airflow/example_dags/example_branch_datetime_operator.py
[2023-10-26 04:45:37,293] {processor.py:641} INFO - Processing file /home/airflow/.local/lib/python3.7/site-packages/airflow/example_dags/example_branch_datetime_operator.py for tasks to queue
[2023-10-26 04:45:37,294] {logging_mixin.py:115} INFO - [2023-10-26 04:45:37,294] {dagbag.py:508} INFO - Filling up the DagBag from /home/airflow/.local/lib/python3.7/site-packages/airflow/example_dags/example_branch_datetime_operator.py
[2023-10-26 04:45:37,321] {processor.py:651} INFO - DAG(s) dict_keys(['example_branch_datetime_operator', 'example_branch_datetime_operator_2']) retrieved from /home/airflow/.local/lib/python3.7/site-packages/airflow/example_dags/example_branch_datetime_operator.py
[2023-10-26 04:45:37,426] {logging_mixin.py:115} INFO - [2023-10-26 04:45:37,426] {dag.py:2420} INFO - Sync 2 DAGs
[2023-10-26 04:45:37,522] {logging_mixin.py:115} INFO - [2023-10-26 04:45:37,522] {dag.py:2972} INFO - Setting next_dagrun for example_branch_datetime_operator to 2023-10-25T00:00:00+00:00, run_after=2023-10-26T00:00:00+00:00
[2023-10-26 04:45:37,532] {logging_mixin.py:115} INFO - [2023-10-26 04:45:37,532] {dag.py:2972} INFO - Setting next_dagrun for example_branch_datetime_operator_2 to 2023-10-25T00:00:00+00:00, run_after=2023-10-26T00:00:00+00:00
[2023-10-26 04:45:37,584] {processor.py:161} INFO - Processing /home/airflow/.local/lib/python3.7/site-packages/airflow/example_dags/example_branch_datetime_operator.py took 0.297 seconds
[2023-10-26 04:46:07,831] {processor.py:153} INFO - Started process (PID=920) to work on /home/airflow/.local/lib/python3.7/site-packages/airflow/example_dags/example_branch_datetime_operator.py
[2023-10-26 04:46:07,833] {processor.py:641} INFO - Processing file /home/airflow/.local/lib/python3.7/site-packages/airflow/example_dags/example_branch_datetime_operator.py for tasks to queue
[2023-10-26 04:46:07,835] {logging_mixin.py:115} INFO - [2023-10-26 04:46:07,835] {dagbag.py:508} INFO - Filling up the DagBag from /home/airflow/.local/lib/python3.7/site-packages/airflow/example_dags/example_branch_datetime_operator.py
[2023-10-26 04:46:07,859] {processor.py:651} INFO - DAG(s) dict_keys(['example_branch_datetime_operator', 'example_branch_datetime_operator_2']) retrieved from /home/airflow/.local/lib/python3.7/site-packages/airflow/example_dags/example_branch_datetime_operator.py
[2023-10-26 04:46:07,910] {logging_mixin.py:115} INFO - [2023-10-26 04:46:07,910] {dag.py:2420} INFO - Sync 2 DAGs
[2023-10-26 04:46:07,958] {logging_mixin.py:115} INFO - [2023-10-26 04:46:07,957] {dag.py:2972} INFO - Setting next_dagrun for example_branch_datetime_operator to 2023-10-25T00:00:00+00:00, run_after=2023-10-26T00:00:00+00:00
[2023-10-26 04:46:07,962] {logging_mixin.py:115} INFO - [2023-10-26 04:46:07,962] {dag.py:2972} INFO - Setting next_dagrun for example_branch_datetime_operator_2 to 2023-10-25T00:00:00+00:00, run_after=2023-10-26T00:00:00+00:00
[2023-10-26 04:46:08,000] {processor.py:161} INFO - Processing /home/airflow/.local/lib/python3.7/site-packages/airflow/example_dags/example_branch_datetime_operator.py took 0.174 seconds
[2023-10-26 04:46:38,485] {processor.py:153} INFO - Started process (PID=987) to work on /home/airflow/.local/lib/python3.7/site-packages/airflow/example_dags/example_branch_datetime_operator.py
[2023-10-26 04:46:38,487] {processor.py:641} INFO - Processing file /home/airflow/.local/lib/python3.7/site-packages/airflow/example_dags/example_branch_datetime_operator.py for tasks to queue
[2023-10-26 04:46:38,489] {logging_mixin.py:115} INFO - [2023-10-26 04:46:38,488] {dagbag.py:508} INFO - Filling up the DagBag from /home/airflow/.local/lib/python3.7/site-packages/airflow/example_dags/example_branch_datetime_operator.py
[2023-10-26 04:46:38,535] {processor.py:651} INFO - DAG(s) dict_keys(['example_branch_datetime_operator', 'example_branch_datetime_operator_2']) retrieved from /home/airflow/.local/lib/python3.7/site-packages/airflow/example_dags/example_branch_datetime_operator.py
[2023-10-26 04:46:38,613] {logging_mixin.py:115} INFO - [2023-10-26 04:46:38,613] {dag.py:2420} INFO - Sync 2 DAGs
[2023-10-26 04:46:38,692] {logging_mixin.py:115} INFO - [2023-10-26 04:46:38,692] {dag.py:2972} INFO - Setting next_dagrun for example_branch_datetime_operator to 2023-10-25T00:00:00+00:00, run_after=2023-10-26T00:00:00+00:00
[2023-10-26 04:46:38,699] {logging_mixin.py:115} INFO - [2023-10-26 04:46:38,699] {dag.py:2972} INFO - Setting next_dagrun for example_branch_datetime_operator_2 to 2023-10-25T00:00:00+00:00, run_after=2023-10-26T00:00:00+00:00
[2023-10-26 04:46:38,733] {processor.py:161} INFO - Processing /home/airflow/.local/lib/python3.7/site-packages/airflow/example_dags/example_branch_datetime_operator.py took 0.254 seconds
[2023-10-26 04:47:09,274] {processor.py:153} INFO - Started process (PID=1044) to work on /home/airflow/.local/lib/python3.7/site-packages/airflow/example_dags/example_branch_datetime_operator.py
[2023-10-26 04:47:09,276] {processor.py:641} INFO - Processing file /home/airflow/.local/lib/python3.7/site-packages/airflow/example_dags/example_branch_datetime_operator.py for tasks to queue
[2023-10-26 04:47:09,279] {logging_mixin.py:115} INFO - [2023-10-26 04:47:09,279] {dagbag.py:508} INFO - Filling up the DagBag from /home/airflow/.local/lib/python3.7/site-packages/airflow/example_dags/example_branch_datetime_operator.py
[2023-10-26 04:47:09,302] {processor.py:651} INFO - DAG(s) dict_keys(['example_branch_datetime_operator', 'example_branch_datetime_operator_2']) retrieved from /home/airflow/.local/lib/python3.7/site-packages/airflow/example_dags/example_branch_datetime_operator.py
[2023-10-26 04:47:09,379] {logging_mixin.py:115} INFO - [2023-10-26 04:47:09,379] {dag.py:2420} INFO - Sync 2 DAGs
[2023-10-26 04:47:09,450] {logging_mixin.py:115} INFO - [2023-10-26 04:47:09,450] {dag.py:2972} INFO - Setting next_dagrun for example_branch_datetime_operator to 2023-10-25T00:00:00+00:00, run_after=2023-10-26T00:00:00+00:00
[2023-10-26 04:47:09,456] {logging_mixin.py:115} INFO - [2023-10-26 04:47:09,455] {dag.py:2972} INFO - Setting next_dagrun for example_branch_datetime_operator_2 to 2023-10-25T00:00:00+00:00, run_after=2023-10-26T00:00:00+00:00
[2023-10-26 04:47:09,499] {processor.py:161} INFO - Processing /home/airflow/.local/lib/python3.7/site-packages/airflow/example_dags/example_branch_datetime_operator.py took 0.231 seconds
[2023-10-26 04:47:40,178] {processor.py:153} INFO - Started process (PID=1101) to work on /home/airflow/.local/lib/python3.7/site-packages/airflow/example_dags/example_branch_datetime_operator.py
[2023-10-26 04:47:40,179] {processor.py:641} INFO - Processing file /home/airflow/.local/lib/python3.7/site-packages/airflow/example_dags/example_branch_datetime_operator.py for tasks to queue
[2023-10-26 04:47:40,181] {logging_mixin.py:115} INFO - [2023-10-26 04:47:40,181] {dagbag.py:508} INFO - Filling up the DagBag from /home/airflow/.local/lib/python3.7/site-packages/airflow/example_dags/example_branch_datetime_operator.py
[2023-10-26 04:47:40,203] {processor.py:651} INFO - DAG(s) dict_keys(['example_branch_datetime_operator', 'example_branch_datetime_operator_2']) retrieved from /home/airflow/.local/lib/python3.7/site-packages/airflow/example_dags/example_branch_datetime_operator.py
[2023-10-26 04:47:40,273] {logging_mixin.py:115} INFO - [2023-10-26 04:47:40,273] {dag.py:2420} INFO - Sync 2 DAGs
[2023-10-26 04:47:40,334] {logging_mixin.py:115} INFO - [2023-10-26 04:47:40,334] {dag.py:2972} INFO - Setting next_dagrun for example_branch_datetime_operator to 2023-10-25T00:00:00+00:00, run_after=2023-10-26T00:00:00+00:00
[2023-10-26 04:47:40,338] {logging_mixin.py:115} INFO - [2023-10-26 04:47:40,338] {dag.py:2972} INFO - Setting next_dagrun for example_branch_datetime_operator_2 to 2023-10-25T00:00:00+00:00, run_after=2023-10-26T00:00:00+00:00
[2023-10-26 04:47:40,371] {processor.py:161} INFO - Processing /home/airflow/.local/lib/python3.7/site-packages/airflow/example_dags/example_branch_datetime_operator.py took 0.199 seconds
[2023-10-26 04:48:10,535] {processor.py:153} INFO - Started process (PID=1167) to work on /home/airflow/.local/lib/python3.7/site-packages/airflow/example_dags/example_branch_datetime_operator.py
[2023-10-26 04:48:10,536] {processor.py:641} INFO - Processing file /home/airflow/.local/lib/python3.7/site-packages/airflow/example_dags/example_branch_datetime_operator.py for tasks to queue
[2023-10-26 04:48:10,538] {logging_mixin.py:115} INFO - [2023-10-26 04:48:10,538] {dagbag.py:508} INFO - Filling up the DagBag from /home/airflow/.local/lib/python3.7/site-packages/airflow/example_dags/example_branch_datetime_operator.py
[2023-10-26 04:48:10,559] {processor.py:651} INFO - DAG(s) dict_keys(['example_branch_datetime_operator', 'example_branch_datetime_operator_2']) retrieved from /home/airflow/.local/lib/python3.7/site-packages/airflow/example_dags/example_branch_datetime_operator.py
[2023-10-26 04:48:10,616] {logging_mixin.py:115} INFO - [2023-10-26 04:48:10,616] {dag.py:2420} INFO - Sync 2 DAGs
[2023-10-26 04:48:10,681] {logging_mixin.py:115} INFO - [2023-10-26 04:48:10,681] {dag.py:2972} INFO - Setting next_dagrun for example_branch_datetime_operator to 2023-10-25T00:00:00+00:00, run_after=2023-10-26T00:00:00+00:00
[2023-10-26 04:48:10,687] {logging_mixin.py:115} INFO - [2023-10-26 04:48:10,687] {dag.py:2972} INFO - Setting next_dagrun for example_branch_datetime_operator_2 to 2023-10-25T00:00:00+00:00, run_after=2023-10-26T00:00:00+00:00
[2023-10-26 04:48:10,717] {processor.py:161} INFO - Processing /home/airflow/.local/lib/python3.7/site-packages/airflow/example_dags/example_branch_datetime_operator.py took 0.186 seconds
[2023-10-26 04:48:41,442] {processor.py:153} INFO - Started process (PID=1224) to work on /home/airflow/.local/lib/python3.7/site-packages/airflow/example_dags/example_branch_datetime_operator.py
[2023-10-26 04:48:41,443] {processor.py:641} INFO - Processing file /home/airflow/.local/lib/python3.7/site-packages/airflow/example_dags/example_branch_datetime_operator.py for tasks to queue
[2023-10-26 04:48:41,445] {logging_mixin.py:115} INFO - [2023-10-26 04:48:41,445] {dagbag.py:508} INFO - Filling up the DagBag from /home/airflow/.local/lib/python3.7/site-packages/airflow/example_dags/example_branch_datetime_operator.py
[2023-10-26 04:48:41,464] {processor.py:651} INFO - DAG(s) dict_keys(['example_branch_datetime_operator', 'example_branch_datetime_operator_2']) retrieved from /home/airflow/.local/lib/python3.7/site-packages/airflow/example_dags/example_branch_datetime_operator.py
[2023-10-26 04:48:41,514] {logging_mixin.py:115} INFO - [2023-10-26 04:48:41,514] {dag.py:2420} INFO - Sync 2 DAGs
[2023-10-26 04:48:41,580] {logging_mixin.py:115} INFO - [2023-10-26 04:48:41,580] {dag.py:2972} INFO - Setting next_dagrun for example_branch_datetime_operator to 2023-10-25T00:00:00+00:00, run_after=2023-10-26T00:00:00+00:00
[2023-10-26 04:48:41,584] {logging_mixin.py:115} INFO - [2023-10-26 04:48:41,584] {dag.py:2972} INFO - Setting next_dagrun for example_branch_datetime_operator_2 to 2023-10-25T00:00:00+00:00, run_after=2023-10-26T00:00:00+00:00
[2023-10-26 04:48:41,606] {processor.py:161} INFO - Processing /home/airflow/.local/lib/python3.7/site-packages/airflow/example_dags/example_branch_datetime_operator.py took 0.169 seconds
[2023-10-26 04:49:11,876] {processor.py:153} INFO - Started process (PID=1281) to work on /home/airflow/.local/lib/python3.7/site-packages/airflow/example_dags/example_branch_datetime_operator.py
[2023-10-26 04:49:11,877] {processor.py:641} INFO - Processing file /home/airflow/.local/lib/python3.7/site-packages/airflow/example_dags/example_branch_datetime_operator.py for tasks to queue
[2023-10-26 04:49:11,879] {logging_mixin.py:115} INFO - [2023-10-26 04:49:11,879] {dagbag.py:508} INFO - Filling up the DagBag from /home/airflow/.local/lib/python3.7/site-packages/airflow/example_dags/example_branch_datetime_operator.py
[2023-10-26 04:49:11,897] {processor.py:651} INFO - DAG(s) dict_keys(['example_branch_datetime_operator', 'example_branch_datetime_operator_2']) retrieved from /home/airflow/.local/lib/python3.7/site-packages/airflow/example_dags/example_branch_datetime_operator.py
[2023-10-26 04:49:11,945] {logging_mixin.py:115} INFO - [2023-10-26 04:49:11,945] {dag.py:2420} INFO - Sync 2 DAGs
[2023-10-26 04:49:12,003] {logging_mixin.py:115} INFO - [2023-10-26 04:49:12,003] {dag.py:2972} INFO - Setting next_dagrun for example_branch_datetime_operator to 2023-10-25T00:00:00+00:00, run_after=2023-10-26T00:00:00+00:00
[2023-10-26 04:49:12,010] {logging_mixin.py:115} INFO - [2023-10-26 04:49:12,009] {dag.py:2972} INFO - Setting next_dagrun for example_branch_datetime_operator_2 to 2023-10-25T00:00:00+00:00, run_after=2023-10-26T00:00:00+00:00
[2023-10-26 04:49:12,050] {processor.py:161} INFO - Processing /home/airflow/.local/lib/python3.7/site-packages/airflow/example_dags/example_branch_datetime_operator.py took 0.180 seconds
[2023-10-26 04:49:43,177] {processor.py:153} INFO - Started process (PID=1338) to work on /home/airflow/.local/lib/python3.7/site-packages/airflow/example_dags/example_branch_datetime_operator.py
[2023-10-26 04:49:43,181] {processor.py:641} INFO - Processing file /home/airflow/.local/lib/python3.7/site-packages/airflow/example_dags/example_branch_datetime_operator.py for tasks to queue
[2023-10-26 04:49:43,185] {logging_mixin.py:115} INFO - [2023-10-26 04:49:43,185] {dagbag.py:508} INFO - Filling up the DagBag from /home/airflow/.local/lib/python3.7/site-packages/airflow/example_dags/example_branch_datetime_operator.py
[2023-10-26 04:49:43,212] {processor.py:651} INFO - DAG(s) dict_keys(['example_branch_datetime_operator', 'example_branch_datetime_operator_2']) retrieved from /home/airflow/.local/lib/python3.7/site-packages/airflow/example_dags/example_branch_datetime_operator.py
[2023-10-26 04:49:43,290] {logging_mixin.py:115} INFO - [2023-10-26 04:49:43,289] {dag.py:2420} INFO - Sync 2 DAGs
[2023-10-26 04:49:43,394] {logging_mixin.py:115} INFO - [2023-10-26 04:49:43,393] {dag.py:2972} INFO - Setting next_dagrun for example_branch_datetime_operator to 2023-10-25T00:00:00+00:00, run_after=2023-10-26T00:00:00+00:00
[2023-10-26 04:49:43,402] {logging_mixin.py:115} INFO - [2023-10-26 04:49:43,402] {dag.py:2972} INFO - Setting next_dagrun for example_branch_datetime_operator_2 to 2023-10-25T00:00:00+00:00, run_after=2023-10-26T00:00:00+00:00
[2023-10-26 04:49:43,466] {processor.py:161} INFO - Processing /home/airflow/.local/lib/python3.7/site-packages/airflow/example_dags/example_branch_datetime_operator.py took 0.296 seconds
[2023-10-26 04:50:13,844] {processor.py:153} INFO - Started process (PID=1404) to work on /home/airflow/.local/lib/python3.7/site-packages/airflow/example_dags/example_branch_datetime_operator.py
[2023-10-26 04:50:13,846] {processor.py:641} INFO - Processing file /home/airflow/.local/lib/python3.7/site-packages/airflow/example_dags/example_branch_datetime_operator.py for tasks to queue
[2023-10-26 04:50:13,847] {logging_mixin.py:115} INFO - [2023-10-26 04:50:13,847] {dagbag.py:508} INFO - Filling up the DagBag from /home/airflow/.local/lib/python3.7/site-packages/airflow/example_dags/example_branch_datetime_operator.py
[2023-10-26 04:50:13,869] {processor.py:651} INFO - DAG(s) dict_keys(['example_branch_datetime_operator', 'example_branch_datetime_operator_2']) retrieved from /home/airflow/.local/lib/python3.7/site-packages/airflow/example_dags/example_branch_datetime_operator.py
[2023-10-26 04:50:13,920] {logging_mixin.py:115} INFO - [2023-10-26 04:50:13,920] {dag.py:2420} INFO - Sync 2 DAGs
[2023-10-26 04:50:13,981] {logging_mixin.py:115} INFO - [2023-10-26 04:50:13,980] {dag.py:2972} INFO - Setting next_dagrun for example_branch_datetime_operator to 2023-10-25T00:00:00+00:00, run_after=2023-10-26T00:00:00+00:00
[2023-10-26 04:50:13,985] {logging_mixin.py:115} INFO - [2023-10-26 04:50:13,985] {dag.py:2972} INFO - Setting next_dagrun for example_branch_datetime_operator_2 to 2023-10-25T00:00:00+00:00, run_after=2023-10-26T00:00:00+00:00
[2023-10-26 04:50:14,025] {processor.py:161} INFO - Processing /home/airflow/.local/lib/python3.7/site-packages/airflow/example_dags/example_branch_datetime_operator.py took 0.185 seconds
[2023-10-26 04:50:44,805] {processor.py:153} INFO - Started process (PID=1461) to work on /home/airflow/.local/lib/python3.7/site-packages/airflow/example_dags/example_branch_datetime_operator.py
[2023-10-26 04:50:44,806] {processor.py:641} INFO - Processing file /home/airflow/.local/lib/python3.7/site-packages/airflow/example_dags/example_branch_datetime_operator.py for tasks to queue
[2023-10-26 04:50:44,809] {logging_mixin.py:115} INFO - [2023-10-26 04:50:44,808] {dagbag.py:508} INFO - Filling up the DagBag from /home/airflow/.local/lib/python3.7/site-packages/airflow/example_dags/example_branch_datetime_operator.py
[2023-10-26 04:50:44,826] {processor.py:651} INFO - DAG(s) dict_keys(['example_branch_datetime_operator', 'example_branch_datetime_operator_2']) retrieved from /home/airflow/.local/lib/python3.7/site-packages/airflow/example_dags/example_branch_datetime_operator.py
[2023-10-26 04:50:44,879] {logging_mixin.py:115} INFO - [2023-10-26 04:50:44,879] {dag.py:2420} INFO - Sync 2 DAGs
[2023-10-26 04:50:44,947] {logging_mixin.py:115} INFO - [2023-10-26 04:50:44,947] {dag.py:2972} INFO - Setting next_dagrun for example_branch_datetime_operator to 2023-10-25T00:00:00+00:00, run_after=2023-10-26T00:00:00+00:00
[2023-10-26 04:50:44,952] {logging_mixin.py:115} INFO - [2023-10-26 04:50:44,952] {dag.py:2972} INFO - Setting next_dagrun for example_branch_datetime_operator_2 to 2023-10-25T00:00:00+00:00, run_after=2023-10-26T00:00:00+00:00
[2023-10-26 04:50:44,976] {processor.py:161} INFO - Processing /home/airflow/.local/lib/python3.7/site-packages/airflow/example_dags/example_branch_datetime_operator.py took 0.177 seconds
