[2023-10-26 04:39:00,219] {processor.py:153} INFO - Started process (PID=111) to work on /home/airflow/.local/lib/python3.7/site-packages/airflow/example_dags/example_skip_dag.py
[2023-10-26 04:39:00,222] {processor.py:641} INFO - Processing file /home/airflow/.local/lib/python3.7/site-packages/airflow/example_dags/example_skip_dag.py for tasks to queue
[2023-10-26 04:39:00,225] {logging_mixin.py:115} INFO - [2023-10-26 04:39:00,225] {dagbag.py:508} INFO - Filling up the DagBag from /home/airflow/.local/lib/python3.7/site-packages/airflow/example_dags/example_skip_dag.py
[2023-10-26 04:39:00,246] {processor.py:651} INFO - DAG(s) dict_keys(['example_skip_dag']) retrieved from /home/airflow/.local/lib/python3.7/site-packages/airflow/example_dags/example_skip_dag.py
[2023-10-26 04:39:00,324] {logging_mixin.py:115} INFO - [2023-10-26 04:39:00,324] {dag.py:2420} INFO - Sync 1 DAGs
[2023-10-26 04:39:00,413] {logging_mixin.py:115} INFO - [2023-10-26 04:39:00,412] {dag.py:2972} INFO - Setting next_dagrun for example_skip_dag to 2023-10-25T04:39:00.412262+00:00, run_after=2023-10-26T04:39:00.412262+00:00
[2023-10-26 04:39:00,468] {processor.py:161} INFO - Processing /home/airflow/.local/lib/python3.7/site-packages/airflow/example_dags/example_skip_dag.py took 0.255 seconds
[2023-10-26 04:39:30,673] {processor.py:153} INFO - Started process (PID=166) to work on /home/airflow/.local/lib/python3.7/site-packages/airflow/example_dags/example_skip_dag.py
[2023-10-26 04:39:30,675] {processor.py:641} INFO - Processing file /home/airflow/.local/lib/python3.7/site-packages/airflow/example_dags/example_skip_dag.py for tasks to queue
[2023-10-26 04:39:30,677] {logging_mixin.py:115} INFO - [2023-10-26 04:39:30,676] {dagbag.py:508} INFO - Filling up the DagBag from /home/airflow/.local/lib/python3.7/site-packages/airflow/example_dags/example_skip_dag.py
[2023-10-26 04:39:30,684] {processor.py:651} INFO - DAG(s) dict_keys(['example_skip_dag']) retrieved from /home/airflow/.local/lib/python3.7/site-packages/airflow/example_dags/example_skip_dag.py
[2023-10-26 04:39:30,729] {logging_mixin.py:115} INFO - [2023-10-26 04:39:30,729] {dag.py:2420} INFO - Sync 1 DAGs
[2023-10-26 04:39:30,806] {logging_mixin.py:115} INFO - [2023-10-26 04:39:30,806] {dag.py:2972} INFO - Setting next_dagrun for example_skip_dag to 2023-10-25T04:39:30.805788+00:00, run_after=2023-10-26T04:39:30.805788+00:00
[2023-10-26 04:39:30,837] {processor.py:161} INFO - Processing /home/airflow/.local/lib/python3.7/site-packages/airflow/example_dags/example_skip_dag.py took 0.169 seconds
[2023-10-26 04:40:00,901] {processor.py:153} INFO - Started process (PID=223) to work on /home/airflow/.local/lib/python3.7/site-packages/airflow/example_dags/example_skip_dag.py
[2023-10-26 04:40:00,902] {processor.py:641} INFO - Processing file /home/airflow/.local/lib/python3.7/site-packages/airflow/example_dags/example_skip_dag.py for tasks to queue
[2023-10-26 04:40:00,905] {logging_mixin.py:115} INFO - [2023-10-26 04:40:00,904] {dagbag.py:508} INFO - Filling up the DagBag from /home/airflow/.local/lib/python3.7/site-packages/airflow/example_dags/example_skip_dag.py
[2023-10-26 04:40:00,914] {processor.py:651} INFO - DAG(s) dict_keys(['example_skip_dag']) retrieved from /home/airflow/.local/lib/python3.7/site-packages/airflow/example_dags/example_skip_dag.py
[2023-10-26 04:40:00,964] {logging_mixin.py:115} INFO - [2023-10-26 04:40:00,964] {dag.py:2420} INFO - Sync 1 DAGs
[2023-10-26 04:40:01,010] {logging_mixin.py:115} INFO - [2023-10-26 04:40:01,010] {dag.py:2972} INFO - Setting next_dagrun for example_skip_dag to 2023-10-25T04:40:01.010161+00:00, run_after=2023-10-26T04:40:01.010161+00:00
[2023-10-26 04:40:01,032] {processor.py:161} INFO - Processing /home/airflow/.local/lib/python3.7/site-packages/airflow/example_dags/example_skip_dag.py took 0.136 seconds
[2023-10-26 04:40:32,223] {processor.py:153} INFO - Started process (PID=280) to work on /home/airflow/.local/lib/python3.7/site-packages/airflow/example_dags/example_skip_dag.py
[2023-10-26 04:40:32,225] {processor.py:641} INFO - Processing file /home/airflow/.local/lib/python3.7/site-packages/airflow/example_dags/example_skip_dag.py for tasks to queue
[2023-10-26 04:40:32,227] {logging_mixin.py:115} INFO - [2023-10-26 04:40:32,226] {dagbag.py:508} INFO - Filling up the DagBag from /home/airflow/.local/lib/python3.7/site-packages/airflow/example_dags/example_skip_dag.py
[2023-10-26 04:40:32,241] {processor.py:651} INFO - DAG(s) dict_keys(['example_skip_dag']) retrieved from /home/airflow/.local/lib/python3.7/site-packages/airflow/example_dags/example_skip_dag.py
[2023-10-26 04:40:32,305] {logging_mixin.py:115} INFO - [2023-10-26 04:40:32,305] {dag.py:2420} INFO - Sync 1 DAGs
[2023-10-26 04:40:32,358] {logging_mixin.py:115} INFO - [2023-10-26 04:40:32,358] {dag.py:2972} INFO - Setting next_dagrun for example_skip_dag to 2023-10-25T04:40:32.357806+00:00, run_after=2023-10-26T04:40:32.357806+00:00
[2023-10-26 04:40:32,385] {processor.py:161} INFO - Processing /home/airflow/.local/lib/python3.7/site-packages/airflow/example_dags/example_skip_dag.py took 0.168 seconds
[2023-10-26 04:41:03,551] {processor.py:153} INFO - Started process (PID=346) to work on /home/airflow/.local/lib/python3.7/site-packages/airflow/example_dags/example_skip_dag.py
[2023-10-26 04:41:03,553] {processor.py:641} INFO - Processing file /home/airflow/.local/lib/python3.7/site-packages/airflow/example_dags/example_skip_dag.py for tasks to queue
[2023-10-26 04:41:03,556] {logging_mixin.py:115} INFO - [2023-10-26 04:41:03,556] {dagbag.py:508} INFO - Filling up the DagBag from /home/airflow/.local/lib/python3.7/site-packages/airflow/example_dags/example_skip_dag.py
[2023-10-26 04:41:03,566] {processor.py:651} INFO - DAG(s) dict_keys(['example_skip_dag']) retrieved from /home/airflow/.local/lib/python3.7/site-packages/airflow/example_dags/example_skip_dag.py
[2023-10-26 04:41:03,614] {logging_mixin.py:115} INFO - [2023-10-26 04:41:03,614] {dag.py:2420} INFO - Sync 1 DAGs
[2023-10-26 04:41:03,676] {logging_mixin.py:115} INFO - [2023-10-26 04:41:03,675] {dag.py:2972} INFO - Setting next_dagrun for example_skip_dag to 2023-10-25T04:41:03.675366+00:00, run_after=2023-10-26T04:41:03.675366+00:00
[2023-10-26 04:41:03,711] {processor.py:161} INFO - Processing /home/airflow/.local/lib/python3.7/site-packages/airflow/example_dags/example_skip_dag.py took 0.167 seconds
[2023-10-26 04:41:34,511] {processor.py:153} INFO - Started process (PID=404) to work on /home/airflow/.local/lib/python3.7/site-packages/airflow/example_dags/example_skip_dag.py
[2023-10-26 04:41:34,513] {processor.py:641} INFO - Processing file /home/airflow/.local/lib/python3.7/site-packages/airflow/example_dags/example_skip_dag.py for tasks to queue
[2023-10-26 04:41:34,515] {logging_mixin.py:115} INFO - [2023-10-26 04:41:34,515] {dagbag.py:508} INFO - Filling up the DagBag from /home/airflow/.local/lib/python3.7/site-packages/airflow/example_dags/example_skip_dag.py
[2023-10-26 04:41:34,534] {processor.py:651} INFO - DAG(s) dict_keys(['example_skip_dag']) retrieved from /home/airflow/.local/lib/python3.7/site-packages/airflow/example_dags/example_skip_dag.py
[2023-10-26 04:41:34,578] {logging_mixin.py:115} INFO - [2023-10-26 04:41:34,578] {dag.py:2420} INFO - Sync 1 DAGs
[2023-10-26 04:41:34,637] {logging_mixin.py:115} INFO - [2023-10-26 04:41:34,637] {dag.py:2972} INFO - Setting next_dagrun for example_skip_dag to 2023-10-25T04:41:34.637188+00:00, run_after=2023-10-26T04:41:34.637188+00:00
[2023-10-26 04:41:34,660] {processor.py:161} INFO - Processing /home/airflow/.local/lib/python3.7/site-packages/airflow/example_dags/example_skip_dag.py took 0.155 seconds
[2023-10-26 04:42:05,157] {processor.py:153} INFO - Started process (PID=461) to work on /home/airflow/.local/lib/python3.7/site-packages/airflow/example_dags/example_skip_dag.py
[2023-10-26 04:42:05,159] {processor.py:641} INFO - Processing file /home/airflow/.local/lib/python3.7/site-packages/airflow/example_dags/example_skip_dag.py for tasks to queue
[2023-10-26 04:42:05,162] {logging_mixin.py:115} INFO - [2023-10-26 04:42:05,162] {dagbag.py:508} INFO - Filling up the DagBag from /home/airflow/.local/lib/python3.7/site-packages/airflow/example_dags/example_skip_dag.py
[2023-10-26 04:42:05,174] {processor.py:651} INFO - DAG(s) dict_keys(['example_skip_dag']) retrieved from /home/airflow/.local/lib/python3.7/site-packages/airflow/example_dags/example_skip_dag.py
[2023-10-26 04:42:05,237] {logging_mixin.py:115} INFO - [2023-10-26 04:42:05,237] {dag.py:2420} INFO - Sync 1 DAGs
[2023-10-26 04:42:05,294] {logging_mixin.py:115} INFO - [2023-10-26 04:42:05,294] {dag.py:2972} INFO - Setting next_dagrun for example_skip_dag to 2023-10-25T04:42:05.294230+00:00, run_after=2023-10-26T04:42:05.294230+00:00
[2023-10-26 04:42:05,329] {processor.py:161} INFO - Processing /home/airflow/.local/lib/python3.7/site-packages/airflow/example_dags/example_skip_dag.py took 0.178 seconds
[2023-10-26 04:42:36,080] {processor.py:153} INFO - Started process (PID=526) to work on /home/airflow/.local/lib/python3.7/site-packages/airflow/example_dags/example_skip_dag.py
[2023-10-26 04:42:36,082] {processor.py:641} INFO - Processing file /home/airflow/.local/lib/python3.7/site-packages/airflow/example_dags/example_skip_dag.py for tasks to queue
[2023-10-26 04:42:36,084] {logging_mixin.py:115} INFO - [2023-10-26 04:42:36,084] {dagbag.py:508} INFO - Filling up the DagBag from /home/airflow/.local/lib/python3.7/site-packages/airflow/example_dags/example_skip_dag.py
[2023-10-26 04:42:36,098] {processor.py:651} INFO - DAG(s) dict_keys(['example_skip_dag']) retrieved from /home/airflow/.local/lib/python3.7/site-packages/airflow/example_dags/example_skip_dag.py
[2023-10-26 04:42:36,164] {logging_mixin.py:115} INFO - [2023-10-26 04:42:36,164] {dag.py:2420} INFO - Sync 1 DAGs
[2023-10-26 04:42:36,220] {logging_mixin.py:115} INFO - [2023-10-26 04:42:36,220] {dag.py:2972} INFO - Setting next_dagrun for example_skip_dag to 2023-10-25T04:42:36.220170+00:00, run_after=2023-10-26T04:42:36.220170+00:00
[2023-10-26 04:42:36,252] {processor.py:161} INFO - Processing /home/airflow/.local/lib/python3.7/site-packages/airflow/example_dags/example_skip_dag.py took 0.178 seconds
[2023-10-26 04:43:07,460] {processor.py:153} INFO - Started process (PID=584) to work on /home/airflow/.local/lib/python3.7/site-packages/airflow/example_dags/example_skip_dag.py
[2023-10-26 04:43:07,461] {processor.py:641} INFO - Processing file /home/airflow/.local/lib/python3.7/site-packages/airflow/example_dags/example_skip_dag.py for tasks to queue
[2023-10-26 04:43:07,463] {logging_mixin.py:115} INFO - [2023-10-26 04:43:07,463] {dagbag.py:508} INFO - Filling up the DagBag from /home/airflow/.local/lib/python3.7/site-packages/airflow/example_dags/example_skip_dag.py
[2023-10-26 04:43:07,472] {processor.py:651} INFO - DAG(s) dict_keys(['example_skip_dag']) retrieved from /home/airflow/.local/lib/python3.7/site-packages/airflow/example_dags/example_skip_dag.py
[2023-10-26 04:43:07,525] {logging_mixin.py:115} INFO - [2023-10-26 04:43:07,525] {dag.py:2420} INFO - Sync 1 DAGs
[2023-10-26 04:43:07,593] {logging_mixin.py:115} INFO - [2023-10-26 04:43:07,593] {dag.py:2972} INFO - Setting next_dagrun for example_skip_dag to 2023-10-25T04:43:07.592904+00:00, run_after=2023-10-26T04:43:07.592904+00:00
[2023-10-26 04:43:07,617] {processor.py:161} INFO - Processing /home/airflow/.local/lib/python3.7/site-packages/airflow/example_dags/example_skip_dag.py took 0.161 seconds
[2023-10-26 04:43:38,419] {processor.py:153} INFO - Started process (PID=641) to work on /home/airflow/.local/lib/python3.7/site-packages/airflow/example_dags/example_skip_dag.py
[2023-10-26 04:43:38,421] {processor.py:641} INFO - Processing file /home/airflow/.local/lib/python3.7/site-packages/airflow/example_dags/example_skip_dag.py for tasks to queue
[2023-10-26 04:43:38,423] {logging_mixin.py:115} INFO - [2023-10-26 04:43:38,422] {dagbag.py:508} INFO - Filling up the DagBag from /home/airflow/.local/lib/python3.7/site-packages/airflow/example_dags/example_skip_dag.py
[2023-10-26 04:43:38,434] {processor.py:651} INFO - DAG(s) dict_keys(['example_skip_dag']) retrieved from /home/airflow/.local/lib/python3.7/site-packages/airflow/example_dags/example_skip_dag.py
[2023-10-26 04:43:38,524] {logging_mixin.py:115} INFO - [2023-10-26 04:43:38,523] {dag.py:2420} INFO - Sync 1 DAGs
[2023-10-26 04:43:38,614] {logging_mixin.py:115} INFO - [2023-10-26 04:43:38,614] {dag.py:2972} INFO - Setting next_dagrun for example_skip_dag to 2023-10-25T04:43:38.613563+00:00, run_after=2023-10-26T04:43:38.613563+00:00
[2023-10-26 04:43:38,664] {processor.py:161} INFO - Processing /home/airflow/.local/lib/python3.7/site-packages/airflow/example_dags/example_skip_dag.py took 0.251 seconds
[2023-10-26 04:44:09,490] {processor.py:153} INFO - Started process (PID=707) to work on /home/airflow/.local/lib/python3.7/site-packages/airflow/example_dags/example_skip_dag.py
[2023-10-26 04:44:09,492] {processor.py:641} INFO - Processing file /home/airflow/.local/lib/python3.7/site-packages/airflow/example_dags/example_skip_dag.py for tasks to queue
[2023-10-26 04:44:09,494] {logging_mixin.py:115} INFO - [2023-10-26 04:44:09,494] {dagbag.py:508} INFO - Filling up the DagBag from /home/airflow/.local/lib/python3.7/site-packages/airflow/example_dags/example_skip_dag.py
[2023-10-26 04:44:09,505] {processor.py:651} INFO - DAG(s) dict_keys(['example_skip_dag']) retrieved from /home/airflow/.local/lib/python3.7/site-packages/airflow/example_dags/example_skip_dag.py
[2023-10-26 04:44:09,553] {logging_mixin.py:115} INFO - [2023-10-26 04:44:09,553] {dag.py:2420} INFO - Sync 1 DAGs
[2023-10-26 04:44:09,625] {logging_mixin.py:115} INFO - [2023-10-26 04:44:09,625] {dag.py:2972} INFO - Setting next_dagrun for example_skip_dag to 2023-10-25T04:44:09.624503+00:00, run_after=2023-10-26T04:44:09.624503+00:00
[2023-10-26 04:44:09,663] {processor.py:161} INFO - Processing /home/airflow/.local/lib/python3.7/site-packages/airflow/example_dags/example_skip_dag.py took 0.179 seconds
[2023-10-26 04:44:40,954] {processor.py:153} INFO - Started process (PID=764) to work on /home/airflow/.local/lib/python3.7/site-packages/airflow/example_dags/example_skip_dag.py
[2023-10-26 04:44:40,956] {processor.py:641} INFO - Processing file /home/airflow/.local/lib/python3.7/site-packages/airflow/example_dags/example_skip_dag.py for tasks to queue
[2023-10-26 04:44:40,957] {logging_mixin.py:115} INFO - [2023-10-26 04:44:40,957] {dagbag.py:508} INFO - Filling up the DagBag from /home/airflow/.local/lib/python3.7/site-packages/airflow/example_dags/example_skip_dag.py
[2023-10-26 04:44:40,970] {processor.py:651} INFO - DAG(s) dict_keys(['example_skip_dag']) retrieved from /home/airflow/.local/lib/python3.7/site-packages/airflow/example_dags/example_skip_dag.py
[2023-10-26 04:44:41,018] {logging_mixin.py:115} INFO - [2023-10-26 04:44:41,017] {dag.py:2420} INFO - Sync 1 DAGs
[2023-10-26 04:44:41,069] {logging_mixin.py:115} INFO - [2023-10-26 04:44:41,069] {dag.py:2972} INFO - Setting next_dagrun for example_skip_dag to 2023-10-25T04:44:41.069107+00:00, run_after=2023-10-26T04:44:41.069107+00:00
[2023-10-26 04:44:41,104] {processor.py:161} INFO - Processing /home/airflow/.local/lib/python3.7/site-packages/airflow/example_dags/example_skip_dag.py took 0.157 seconds
[2023-10-26 04:45:11,615] {processor.py:153} INFO - Started process (PID=821) to work on /home/airflow/.local/lib/python3.7/site-packages/airflow/example_dags/example_skip_dag.py
[2023-10-26 04:45:11,617] {processor.py:641} INFO - Processing file /home/airflow/.local/lib/python3.7/site-packages/airflow/example_dags/example_skip_dag.py for tasks to queue
[2023-10-26 04:45:11,619] {logging_mixin.py:115} INFO - [2023-10-26 04:45:11,619] {dagbag.py:508} INFO - Filling up the DagBag from /home/airflow/.local/lib/python3.7/site-packages/airflow/example_dags/example_skip_dag.py
[2023-10-26 04:45:11,628] {processor.py:651} INFO - DAG(s) dict_keys(['example_skip_dag']) retrieved from /home/airflow/.local/lib/python3.7/site-packages/airflow/example_dags/example_skip_dag.py
[2023-10-26 04:45:11,673] {logging_mixin.py:115} INFO - [2023-10-26 04:45:11,672] {dag.py:2420} INFO - Sync 1 DAGs
[2023-10-26 04:45:11,715] {logging_mixin.py:115} INFO - [2023-10-26 04:45:11,715] {dag.py:2972} INFO - Setting next_dagrun for example_skip_dag to 2023-10-25T04:45:11.715090+00:00, run_after=2023-10-26T04:45:11.715090+00:00
[2023-10-26 04:45:11,743] {processor.py:161} INFO - Processing /home/airflow/.local/lib/python3.7/site-packages/airflow/example_dags/example_skip_dag.py took 0.136 seconds
[2023-10-26 04:45:43,618] {processor.py:153} INFO - Started process (PID=887) to work on /home/airflow/.local/lib/python3.7/site-packages/airflow/example_dags/example_skip_dag.py
[2023-10-26 04:45:43,620] {processor.py:641} INFO - Processing file /home/airflow/.local/lib/python3.7/site-packages/airflow/example_dags/example_skip_dag.py for tasks to queue
[2023-10-26 04:45:43,623] {logging_mixin.py:115} INFO - [2023-10-26 04:45:43,623] {dagbag.py:508} INFO - Filling up the DagBag from /home/airflow/.local/lib/python3.7/site-packages/airflow/example_dags/example_skip_dag.py
[2023-10-26 04:45:43,639] {processor.py:651} INFO - DAG(s) dict_keys(['example_skip_dag']) retrieved from /home/airflow/.local/lib/python3.7/site-packages/airflow/example_dags/example_skip_dag.py
[2023-10-26 04:45:43,699] {logging_mixin.py:115} INFO - [2023-10-26 04:45:43,699] {dag.py:2420} INFO - Sync 1 DAGs
[2023-10-26 04:45:43,809] {logging_mixin.py:115} INFO - [2023-10-26 04:45:43,808] {dag.py:2972} INFO - Setting next_dagrun for example_skip_dag to 2023-10-25T04:45:43.808001+00:00, run_after=2023-10-26T04:45:43.808001+00:00
[2023-10-26 04:45:43,911] {processor.py:161} INFO - Processing /home/airflow/.local/lib/python3.7/site-packages/airflow/example_dags/example_skip_dag.py took 0.301 seconds
[2023-10-26 04:46:14,520] {processor.py:153} INFO - Started process (PID=944) to work on /home/airflow/.local/lib/python3.7/site-packages/airflow/example_dags/example_skip_dag.py
[2023-10-26 04:46:14,521] {processor.py:641} INFO - Processing file /home/airflow/.local/lib/python3.7/site-packages/airflow/example_dags/example_skip_dag.py for tasks to queue
[2023-10-26 04:46:14,523] {logging_mixin.py:115} INFO - [2023-10-26 04:46:14,523] {dagbag.py:508} INFO - Filling up the DagBag from /home/airflow/.local/lib/python3.7/site-packages/airflow/example_dags/example_skip_dag.py
[2023-10-26 04:46:14,532] {processor.py:651} INFO - DAG(s) dict_keys(['example_skip_dag']) retrieved from /home/airflow/.local/lib/python3.7/site-packages/airflow/example_dags/example_skip_dag.py
[2023-10-26 04:46:14,611] {logging_mixin.py:115} INFO - [2023-10-26 04:46:14,611] {dag.py:2420} INFO - Sync 1 DAGs
[2023-10-26 04:46:14,673] {logging_mixin.py:115} INFO - [2023-10-26 04:46:14,673] {dag.py:2972} INFO - Setting next_dagrun for example_skip_dag to 2023-10-25T04:46:14.672843+00:00, run_after=2023-10-26T04:46:14.672843+00:00
[2023-10-26 04:46:14,717] {processor.py:161} INFO - Processing /home/airflow/.local/lib/python3.7/site-packages/airflow/example_dags/example_skip_dag.py took 0.202 seconds
[2023-10-26 04:46:45,630] {processor.py:153} INFO - Started process (PID=1002) to work on /home/airflow/.local/lib/python3.7/site-packages/airflow/example_dags/example_skip_dag.py
[2023-10-26 04:46:45,632] {processor.py:641} INFO - Processing file /home/airflow/.local/lib/python3.7/site-packages/airflow/example_dags/example_skip_dag.py for tasks to queue
[2023-10-26 04:46:45,633] {logging_mixin.py:115} INFO - [2023-10-26 04:46:45,633] {dagbag.py:508} INFO - Filling up the DagBag from /home/airflow/.local/lib/python3.7/site-packages/airflow/example_dags/example_skip_dag.py
[2023-10-26 04:46:45,642] {processor.py:651} INFO - DAG(s) dict_keys(['example_skip_dag']) retrieved from /home/airflow/.local/lib/python3.7/site-packages/airflow/example_dags/example_skip_dag.py
[2023-10-26 04:46:45,685] {logging_mixin.py:115} INFO - [2023-10-26 04:46:45,684] {dag.py:2420} INFO - Sync 1 DAGs
[2023-10-26 04:46:45,732] {logging_mixin.py:115} INFO - [2023-10-26 04:46:45,732] {dag.py:2972} INFO - Setting next_dagrun for example_skip_dag to 2023-10-25T04:46:45.731657+00:00, run_after=2023-10-26T04:46:45.731657+00:00
[2023-10-26 04:46:45,772] {processor.py:161} INFO - Processing /home/airflow/.local/lib/python3.7/site-packages/airflow/example_dags/example_skip_dag.py took 0.146 seconds
[2023-10-26 04:47:16,080] {processor.py:153} INFO - Started process (PID=1064) to work on /home/airflow/.local/lib/python3.7/site-packages/airflow/example_dags/example_skip_dag.py
[2023-10-26 04:47:16,082] {processor.py:641} INFO - Processing file /home/airflow/.local/lib/python3.7/site-packages/airflow/example_dags/example_skip_dag.py for tasks to queue
[2023-10-26 04:47:16,084] {logging_mixin.py:115} INFO - [2023-10-26 04:47:16,084] {dagbag.py:508} INFO - Filling up the DagBag from /home/airflow/.local/lib/python3.7/site-packages/airflow/example_dags/example_skip_dag.py
[2023-10-26 04:47:16,098] {processor.py:651} INFO - DAG(s) dict_keys(['example_skip_dag']) retrieved from /home/airflow/.local/lib/python3.7/site-packages/airflow/example_dags/example_skip_dag.py
[2023-10-26 04:47:16,144] {logging_mixin.py:115} INFO - [2023-10-26 04:47:16,144] {dag.py:2420} INFO - Sync 1 DAGs
[2023-10-26 04:47:16,194] {logging_mixin.py:115} INFO - [2023-10-26 04:47:16,194] {dag.py:2972} INFO - Setting next_dagrun for example_skip_dag to 2023-10-25T04:47:16.194159+00:00, run_after=2023-10-26T04:47:16.194159+00:00
[2023-10-26 04:47:16,229] {processor.py:161} INFO - Processing /home/airflow/.local/lib/python3.7/site-packages/airflow/example_dags/example_skip_dag.py took 0.156 seconds
[2023-10-26 04:47:46,845] {processor.py:153} INFO - Started process (PID=1123) to work on /home/airflow/.local/lib/python3.7/site-packages/airflow/example_dags/example_skip_dag.py
[2023-10-26 04:47:46,847] {processor.py:641} INFO - Processing file /home/airflow/.local/lib/python3.7/site-packages/airflow/example_dags/example_skip_dag.py for tasks to queue
[2023-10-26 04:47:46,850] {logging_mixin.py:115} INFO - [2023-10-26 04:47:46,850] {dagbag.py:508} INFO - Filling up the DagBag from /home/airflow/.local/lib/python3.7/site-packages/airflow/example_dags/example_skip_dag.py
[2023-10-26 04:47:46,865] {processor.py:651} INFO - DAG(s) dict_keys(['example_skip_dag']) retrieved from /home/airflow/.local/lib/python3.7/site-packages/airflow/example_dags/example_skip_dag.py
[2023-10-26 04:47:46,935] {logging_mixin.py:115} INFO - [2023-10-26 04:47:46,935] {dag.py:2420} INFO - Sync 1 DAGs
[2023-10-26 04:47:47,011] {logging_mixin.py:115} INFO - [2023-10-26 04:47:47,011] {dag.py:2972} INFO - Setting next_dagrun for example_skip_dag to 2023-10-25T04:47:47.010806+00:00, run_after=2023-10-26T04:47:47.010806+00:00
[2023-10-26 04:47:47,063] {processor.py:161} INFO - Processing /home/airflow/.local/lib/python3.7/site-packages/airflow/example_dags/example_skip_dag.py took 0.226 seconds
[2023-10-26 04:48:17,211] {processor.py:153} INFO - Started process (PID=1179) to work on /home/airflow/.local/lib/python3.7/site-packages/airflow/example_dags/example_skip_dag.py
[2023-10-26 04:48:17,213] {processor.py:641} INFO - Processing file /home/airflow/.local/lib/python3.7/site-packages/airflow/example_dags/example_skip_dag.py for tasks to queue
[2023-10-26 04:48:17,214] {logging_mixin.py:115} INFO - [2023-10-26 04:48:17,214] {dagbag.py:508} INFO - Filling up the DagBag from /home/airflow/.local/lib/python3.7/site-packages/airflow/example_dags/example_skip_dag.py
[2023-10-26 04:48:17,224] {processor.py:651} INFO - DAG(s) dict_keys(['example_skip_dag']) retrieved from /home/airflow/.local/lib/python3.7/site-packages/airflow/example_dags/example_skip_dag.py
[2023-10-26 04:48:17,278] {logging_mixin.py:115} INFO - [2023-10-26 04:48:17,277] {dag.py:2420} INFO - Sync 1 DAGs
[2023-10-26 04:48:17,351] {logging_mixin.py:115} INFO - [2023-10-26 04:48:17,350] {dag.py:2972} INFO - Setting next_dagrun for example_skip_dag to 2023-10-25T04:48:17.350451+00:00, run_after=2023-10-26T04:48:17.350451+00:00
[2023-10-26 04:48:17,377] {processor.py:161} INFO - Processing /home/airflow/.local/lib/python3.7/site-packages/airflow/example_dags/example_skip_dag.py took 0.170 seconds
[2023-10-26 04:48:47,894] {processor.py:153} INFO - Started process (PID=1237) to work on /home/airflow/.local/lib/python3.7/site-packages/airflow/example_dags/example_skip_dag.py
[2023-10-26 04:48:47,896] {processor.py:641} INFO - Processing file /home/airflow/.local/lib/python3.7/site-packages/airflow/example_dags/example_skip_dag.py for tasks to queue
[2023-10-26 04:48:47,898] {logging_mixin.py:115} INFO - [2023-10-26 04:48:47,898] {dagbag.py:508} INFO - Filling up the DagBag from /home/airflow/.local/lib/python3.7/site-packages/airflow/example_dags/example_skip_dag.py
[2023-10-26 04:48:47,911] {processor.py:651} INFO - DAG(s) dict_keys(['example_skip_dag']) retrieved from /home/airflow/.local/lib/python3.7/site-packages/airflow/example_dags/example_skip_dag.py
[2023-10-26 04:48:47,969] {logging_mixin.py:115} INFO - [2023-10-26 04:48:47,969] {dag.py:2420} INFO - Sync 1 DAGs
[2023-10-26 04:48:48,041] {logging_mixin.py:115} INFO - [2023-10-26 04:48:48,040] {dag.py:2972} INFO - Setting next_dagrun for example_skip_dag to 2023-10-25T04:48:48.040176+00:00, run_after=2023-10-26T04:48:48.040176+00:00
[2023-10-26 04:48:48,092] {processor.py:161} INFO - Processing /home/airflow/.local/lib/python3.7/site-packages/airflow/example_dags/example_skip_dag.py took 0.205 seconds
[2023-10-26 04:49:18,664] {processor.py:153} INFO - Started process (PID=1303) to work on /home/airflow/.local/lib/python3.7/site-packages/airflow/example_dags/example_skip_dag.py
[2023-10-26 04:49:18,666] {processor.py:641} INFO - Processing file /home/airflow/.local/lib/python3.7/site-packages/airflow/example_dags/example_skip_dag.py for tasks to queue
[2023-10-26 04:49:18,669] {logging_mixin.py:115} INFO - [2023-10-26 04:49:18,668] {dagbag.py:508} INFO - Filling up the DagBag from /home/airflow/.local/lib/python3.7/site-packages/airflow/example_dags/example_skip_dag.py
[2023-10-26 04:49:18,681] {processor.py:651} INFO - DAG(s) dict_keys(['example_skip_dag']) retrieved from /home/airflow/.local/lib/python3.7/site-packages/airflow/example_dags/example_skip_dag.py
[2023-10-26 04:49:18,756] {logging_mixin.py:115} INFO - [2023-10-26 04:49:18,756] {dag.py:2420} INFO - Sync 1 DAGs
[2023-10-26 04:49:18,810] {logging_mixin.py:115} INFO - [2023-10-26 04:49:18,810] {dag.py:2972} INFO - Setting next_dagrun for example_skip_dag to 2023-10-25T04:49:18.810226+00:00, run_after=2023-10-26T04:49:18.810226+00:00
[2023-10-26 04:49:18,849] {processor.py:161} INFO - Processing /home/airflow/.local/lib/python3.7/site-packages/airflow/example_dags/example_skip_dag.py took 0.189 seconds
[2023-10-26 04:49:49,640] {processor.py:153} INFO - Started process (PID=1360) to work on /home/airflow/.local/lib/python3.7/site-packages/airflow/example_dags/example_skip_dag.py
[2023-10-26 04:49:49,642] {processor.py:641} INFO - Processing file /home/airflow/.local/lib/python3.7/site-packages/airflow/example_dags/example_skip_dag.py for tasks to queue
[2023-10-26 04:49:49,643] {logging_mixin.py:115} INFO - [2023-10-26 04:49:49,643] {dagbag.py:508} INFO - Filling up the DagBag from /home/airflow/.local/lib/python3.7/site-packages/airflow/example_dags/example_skip_dag.py
[2023-10-26 04:49:49,653] {processor.py:651} INFO - DAG(s) dict_keys(['example_skip_dag']) retrieved from /home/airflow/.local/lib/python3.7/site-packages/airflow/example_dags/example_skip_dag.py
[2023-10-26 04:49:49,707] {logging_mixin.py:115} INFO - [2023-10-26 04:49:49,707] {dag.py:2420} INFO - Sync 1 DAGs
[2023-10-26 04:49:49,758] {logging_mixin.py:115} INFO - [2023-10-26 04:49:49,758] {dag.py:2972} INFO - Setting next_dagrun for example_skip_dag to 2023-10-25T04:49:49.757931+00:00, run_after=2023-10-26T04:49:49.757931+00:00
[2023-10-26 04:49:49,800] {processor.py:161} INFO - Processing /home/airflow/.local/lib/python3.7/site-packages/airflow/example_dags/example_skip_dag.py took 0.164 seconds
[2023-10-26 04:50:19,994] {processor.py:153} INFO - Started process (PID=1416) to work on /home/airflow/.local/lib/python3.7/site-packages/airflow/example_dags/example_skip_dag.py
[2023-10-26 04:50:19,996] {processor.py:641} INFO - Processing file /home/airflow/.local/lib/python3.7/site-packages/airflow/example_dags/example_skip_dag.py for tasks to queue
[2023-10-26 04:50:19,998] {logging_mixin.py:115} INFO - [2023-10-26 04:50:19,998] {dagbag.py:508} INFO - Filling up the DagBag from /home/airflow/.local/lib/python3.7/site-packages/airflow/example_dags/example_skip_dag.py
[2023-10-26 04:50:20,012] {processor.py:651} INFO - DAG(s) dict_keys(['example_skip_dag']) retrieved from /home/airflow/.local/lib/python3.7/site-packages/airflow/example_dags/example_skip_dag.py
[2023-10-26 04:50:20,085] {logging_mixin.py:115} INFO - [2023-10-26 04:50:20,085] {dag.py:2420} INFO - Sync 1 DAGs
[2023-10-26 04:50:20,154] {logging_mixin.py:115} INFO - [2023-10-26 04:50:20,154] {dag.py:2972} INFO - Setting next_dagrun for example_skip_dag to 2023-10-25T04:50:20.154322+00:00, run_after=2023-10-26T04:50:20.154322+00:00
[2023-10-26 04:50:20,185] {processor.py:161} INFO - Processing /home/airflow/.local/lib/python3.7/site-packages/airflow/example_dags/example_skip_dag.py took 0.201 seconds
[2023-10-26 04:50:50,438] {processor.py:153} INFO - Started process (PID=1473) to work on /home/airflow/.local/lib/python3.7/site-packages/airflow/example_dags/example_skip_dag.py
[2023-10-26 04:50:50,441] {processor.py:641} INFO - Processing file /home/airflow/.local/lib/python3.7/site-packages/airflow/example_dags/example_skip_dag.py for tasks to queue
[2023-10-26 04:50:50,443] {logging_mixin.py:115} INFO - [2023-10-26 04:50:50,443] {dagbag.py:508} INFO - Filling up the DagBag from /home/airflow/.local/lib/python3.7/site-packages/airflow/example_dags/example_skip_dag.py
[2023-10-26 04:50:50,452] {processor.py:651} INFO - DAG(s) dict_keys(['example_skip_dag']) retrieved from /home/airflow/.local/lib/python3.7/site-packages/airflow/example_dags/example_skip_dag.py
[2023-10-26 04:50:50,508] {logging_mixin.py:115} INFO - [2023-10-26 04:50:50,507] {dag.py:2420} INFO - Sync 1 DAGs
[2023-10-26 04:50:50,556] {logging_mixin.py:115} INFO - [2023-10-26 04:50:50,556] {dag.py:2972} INFO - Setting next_dagrun for example_skip_dag to 2023-10-25T04:50:50.556101+00:00, run_after=2023-10-26T04:50:50.556101+00:00
[2023-10-26 04:50:50,586] {processor.py:161} INFO - Processing /home/airflow/.local/lib/python3.7/site-packages/airflow/example_dags/example_skip_dag.py took 0.159 seconds
