[2023-10-26 04:38:52,592] {processor.py:153} INFO - Started process (PID=76) to work on /home/airflow/.local/lib/python3.7/site-packages/airflow/example_dags/example_branch_labels.py
[2023-10-26 04:38:52,594] {processor.py:641} INFO - Processing file /home/airflow/.local/lib/python3.7/site-packages/airflow/example_dags/example_branch_labels.py for tasks to queue
[2023-10-26 04:38:52,596] {logging_mixin.py:115} INFO - [2023-10-26 04:38:52,596] {dagbag.py:508} INFO - Filling up the DagBag from /home/airflow/.local/lib/python3.7/site-packages/airflow/example_dags/example_branch_labels.py
[2023-10-26 04:38:52,629] {processor.py:651} INFO - DAG(s) dict_keys(['example_branch_labels']) retrieved from /home/airflow/.local/lib/python3.7/site-packages/airflow/example_dags/example_branch_labels.py
[2023-10-26 04:38:52,700] {logging_mixin.py:115} INFO - [2023-10-26 04:38:52,699] {dag.py:2420} INFO - Sync 1 DAGs
[2023-10-26 04:38:52,803] {logging_mixin.py:115} INFO - [2023-10-26 04:38:52,803] {dag.py:2972} INFO - Setting next_dagrun for example_branch_labels to 2023-10-25T00:00:00+00:00, run_after=2023-10-26T00:00:00+00:00
[2023-10-26 04:38:52,860] {processor.py:161} INFO - Processing /home/airflow/.local/lib/python3.7/site-packages/airflow/example_dags/example_branch_labels.py took 0.274 seconds
[2023-10-26 04:39:23,337] {processor.py:153} INFO - Started process (PID=132) to work on /home/airflow/.local/lib/python3.7/site-packages/airflow/example_dags/example_branch_labels.py
[2023-10-26 04:39:23,339] {processor.py:641} INFO - Processing file /home/airflow/.local/lib/python3.7/site-packages/airflow/example_dags/example_branch_labels.py for tasks to queue
[2023-10-26 04:39:23,341] {logging_mixin.py:115} INFO - [2023-10-26 04:39:23,341] {dagbag.py:508} INFO - Filling up the DagBag from /home/airflow/.local/lib/python3.7/site-packages/airflow/example_dags/example_branch_labels.py
[2023-10-26 04:39:23,365] {processor.py:651} INFO - DAG(s) dict_keys(['example_branch_labels']) retrieved from /home/airflow/.local/lib/python3.7/site-packages/airflow/example_dags/example_branch_labels.py
[2023-10-26 04:39:23,449] {logging_mixin.py:115} INFO - [2023-10-26 04:39:23,449] {dag.py:2420} INFO - Sync 1 DAGs
[2023-10-26 04:39:23,596] {logging_mixin.py:115} INFO - [2023-10-26 04:39:23,596] {dag.py:2972} INFO - Setting next_dagrun for example_branch_labels to 2023-10-25T00:00:00+00:00, run_after=2023-10-26T00:00:00+00:00
[2023-10-26 04:39:23,683] {processor.py:161} INFO - Processing /home/airflow/.local/lib/python3.7/site-packages/airflow/example_dags/example_branch_labels.py took 0.354 seconds
[2023-10-26 04:39:54,336] {processor.py:153} INFO - Started process (PID=195) to work on /home/airflow/.local/lib/python3.7/site-packages/airflow/example_dags/example_branch_labels.py
[2023-10-26 04:39:54,338] {processor.py:641} INFO - Processing file /home/airflow/.local/lib/python3.7/site-packages/airflow/example_dags/example_branch_labels.py for tasks to queue
[2023-10-26 04:39:54,339] {logging_mixin.py:115} INFO - [2023-10-26 04:39:54,339] {dagbag.py:508} INFO - Filling up the DagBag from /home/airflow/.local/lib/python3.7/site-packages/airflow/example_dags/example_branch_labels.py
[2023-10-26 04:39:54,351] {processor.py:651} INFO - DAG(s) dict_keys(['example_branch_labels']) retrieved from /home/airflow/.local/lib/python3.7/site-packages/airflow/example_dags/example_branch_labels.py
[2023-10-26 04:39:54,395] {logging_mixin.py:115} INFO - [2023-10-26 04:39:54,395] {dag.py:2420} INFO - Sync 1 DAGs
[2023-10-26 04:39:54,448] {logging_mixin.py:115} INFO - [2023-10-26 04:39:54,448] {dag.py:2972} INFO - Setting next_dagrun for example_branch_labels to 2023-10-25T00:00:00+00:00, run_after=2023-10-26T00:00:00+00:00
[2023-10-26 04:39:54,483] {processor.py:161} INFO - Processing /home/airflow/.local/lib/python3.7/site-packages/airflow/example_dags/example_branch_labels.py took 0.151 seconds
[2023-10-26 04:40:24,831] {processor.py:153} INFO - Started process (PID=254) to work on /home/airflow/.local/lib/python3.7/site-packages/airflow/example_dags/example_branch_labels.py
[2023-10-26 04:40:24,832] {processor.py:641} INFO - Processing file /home/airflow/.local/lib/python3.7/site-packages/airflow/example_dags/example_branch_labels.py for tasks to queue
[2023-10-26 04:40:24,835] {logging_mixin.py:115} INFO - [2023-10-26 04:40:24,834] {dagbag.py:508} INFO - Filling up the DagBag from /home/airflow/.local/lib/python3.7/site-packages/airflow/example_dags/example_branch_labels.py
[2023-10-26 04:40:24,847] {processor.py:651} INFO - DAG(s) dict_keys(['example_branch_labels']) retrieved from /home/airflow/.local/lib/python3.7/site-packages/airflow/example_dags/example_branch_labels.py
[2023-10-26 04:40:24,889] {logging_mixin.py:115} INFO - [2023-10-26 04:40:24,889] {dag.py:2420} INFO - Sync 1 DAGs
[2023-10-26 04:40:24,957] {logging_mixin.py:115} INFO - [2023-10-26 04:40:24,957] {dag.py:2972} INFO - Setting next_dagrun for example_branch_labels to 2023-10-25T00:00:00+00:00, run_after=2023-10-26T00:00:00+00:00
[2023-10-26 04:40:24,996] {processor.py:161} INFO - Processing /home/airflow/.local/lib/python3.7/site-packages/airflow/example_dags/example_branch_labels.py took 0.169 seconds
[2023-10-26 04:40:55,319] {processor.py:153} INFO - Started process (PID=311) to work on /home/airflow/.local/lib/python3.7/site-packages/airflow/example_dags/example_branch_labels.py
[2023-10-26 04:40:55,324] {processor.py:641} INFO - Processing file /home/airflow/.local/lib/python3.7/site-packages/airflow/example_dags/example_branch_labels.py for tasks to queue
[2023-10-26 04:40:55,327] {logging_mixin.py:115} INFO - [2023-10-26 04:40:55,326] {dagbag.py:508} INFO - Filling up the DagBag from /home/airflow/.local/lib/python3.7/site-packages/airflow/example_dags/example_branch_labels.py
[2023-10-26 04:40:55,351] {processor.py:651} INFO - DAG(s) dict_keys(['example_branch_labels']) retrieved from /home/airflow/.local/lib/python3.7/site-packages/airflow/example_dags/example_branch_labels.py
[2023-10-26 04:40:55,438] {logging_mixin.py:115} INFO - [2023-10-26 04:40:55,437] {dag.py:2420} INFO - Sync 1 DAGs
[2023-10-26 04:40:55,547] {logging_mixin.py:115} INFO - [2023-10-26 04:40:55,547] {dag.py:2972} INFO - Setting next_dagrun for example_branch_labels to 2023-10-25T00:00:00+00:00, run_after=2023-10-26T00:00:00+00:00
[2023-10-26 04:40:55,611] {processor.py:161} INFO - Processing /home/airflow/.local/lib/python3.7/site-packages/airflow/example_dags/example_branch_labels.py took 0.308 seconds
[2023-10-26 04:41:25,962] {processor.py:153} INFO - Started process (PID=368) to work on /home/airflow/.local/lib/python3.7/site-packages/airflow/example_dags/example_branch_labels.py
[2023-10-26 04:41:25,964] {processor.py:641} INFO - Processing file /home/airflow/.local/lib/python3.7/site-packages/airflow/example_dags/example_branch_labels.py for tasks to queue
[2023-10-26 04:41:25,965] {logging_mixin.py:115} INFO - [2023-10-26 04:41:25,965] {dagbag.py:508} INFO - Filling up the DagBag from /home/airflow/.local/lib/python3.7/site-packages/airflow/example_dags/example_branch_labels.py
[2023-10-26 04:41:25,977] {processor.py:651} INFO - DAG(s) dict_keys(['example_branch_labels']) retrieved from /home/airflow/.local/lib/python3.7/site-packages/airflow/example_dags/example_branch_labels.py
[2023-10-26 04:41:26,020] {logging_mixin.py:115} INFO - [2023-10-26 04:41:26,020] {dag.py:2420} INFO - Sync 1 DAGs
[2023-10-26 04:41:26,078] {logging_mixin.py:115} INFO - [2023-10-26 04:41:26,078] {dag.py:2972} INFO - Setting next_dagrun for example_branch_labels to 2023-10-25T00:00:00+00:00, run_after=2023-10-26T00:00:00+00:00
[2023-10-26 04:41:26,117] {processor.py:161} INFO - Processing /home/airflow/.local/lib/python3.7/site-packages/airflow/example_dags/example_branch_labels.py took 0.160 seconds
[2023-10-26 04:41:56,785] {processor.py:153} INFO - Started process (PID=434) to work on /home/airflow/.local/lib/python3.7/site-packages/airflow/example_dags/example_branch_labels.py
[2023-10-26 04:41:56,790] {processor.py:641} INFO - Processing file /home/airflow/.local/lib/python3.7/site-packages/airflow/example_dags/example_branch_labels.py for tasks to queue
[2023-10-26 04:41:56,795] {logging_mixin.py:115} INFO - [2023-10-26 04:41:56,795] {dagbag.py:508} INFO - Filling up the DagBag from /home/airflow/.local/lib/python3.7/site-packages/airflow/example_dags/example_branch_labels.py
[2023-10-26 04:41:56,816] {processor.py:651} INFO - DAG(s) dict_keys(['example_branch_labels']) retrieved from /home/airflow/.local/lib/python3.7/site-packages/airflow/example_dags/example_branch_labels.py
[2023-10-26 04:41:56,858] {logging_mixin.py:115} INFO - [2023-10-26 04:41:56,858] {dag.py:2420} INFO - Sync 1 DAGs
[2023-10-26 04:41:56,910] {logging_mixin.py:115} INFO - [2023-10-26 04:41:56,909] {dag.py:2972} INFO - Setting next_dagrun for example_branch_labels to 2023-10-25T00:00:00+00:00, run_after=2023-10-26T00:00:00+00:00
[2023-10-26 04:41:56,950] {processor.py:161} INFO - Processing /home/airflow/.local/lib/python3.7/site-packages/airflow/example_dags/example_branch_labels.py took 0.171 seconds
[2023-10-26 04:42:27,247] {processor.py:153} INFO - Started process (PID=491) to work on /home/airflow/.local/lib/python3.7/site-packages/airflow/example_dags/example_branch_labels.py
[2023-10-26 04:42:27,248] {processor.py:641} INFO - Processing file /home/airflow/.local/lib/python3.7/site-packages/airflow/example_dags/example_branch_labels.py for tasks to queue
[2023-10-26 04:42:27,250] {logging_mixin.py:115} INFO - [2023-10-26 04:42:27,250] {dagbag.py:508} INFO - Filling up the DagBag from /home/airflow/.local/lib/python3.7/site-packages/airflow/example_dags/example_branch_labels.py
[2023-10-26 04:42:27,262] {processor.py:651} INFO - DAG(s) dict_keys(['example_branch_labels']) retrieved from /home/airflow/.local/lib/python3.7/site-packages/airflow/example_dags/example_branch_labels.py
[2023-10-26 04:42:27,304] {logging_mixin.py:115} INFO - [2023-10-26 04:42:27,304] {dag.py:2420} INFO - Sync 1 DAGs
[2023-10-26 04:42:27,353] {logging_mixin.py:115} INFO - [2023-10-26 04:42:27,353] {dag.py:2972} INFO - Setting next_dagrun for example_branch_labels to 2023-10-25T00:00:00+00:00, run_after=2023-10-26T00:00:00+00:00
[2023-10-26 04:42:27,375] {processor.py:161} INFO - Processing /home/airflow/.local/lib/python3.7/site-packages/airflow/example_dags/example_branch_labels.py took 0.131 seconds
[2023-10-26 04:42:57,613] {processor.py:153} INFO - Started process (PID=548) to work on /home/airflow/.local/lib/python3.7/site-packages/airflow/example_dags/example_branch_labels.py
[2023-10-26 04:42:57,615] {processor.py:641} INFO - Processing file /home/airflow/.local/lib/python3.7/site-packages/airflow/example_dags/example_branch_labels.py for tasks to queue
[2023-10-26 04:42:57,618] {logging_mixin.py:115} INFO - [2023-10-26 04:42:57,618] {dagbag.py:508} INFO - Filling up the DagBag from /home/airflow/.local/lib/python3.7/site-packages/airflow/example_dags/example_branch_labels.py
[2023-10-26 04:42:57,641] {processor.py:651} INFO - DAG(s) dict_keys(['example_branch_labels']) retrieved from /home/airflow/.local/lib/python3.7/site-packages/airflow/example_dags/example_branch_labels.py
[2023-10-26 04:42:57,701] {logging_mixin.py:115} INFO - [2023-10-26 04:42:57,701] {dag.py:2420} INFO - Sync 1 DAGs
[2023-10-26 04:42:57,759] {logging_mixin.py:115} INFO - [2023-10-26 04:42:57,759] {dag.py:2972} INFO - Setting next_dagrun for example_branch_labels to 2023-10-25T00:00:00+00:00, run_after=2023-10-26T00:00:00+00:00
[2023-10-26 04:42:57,801] {processor.py:161} INFO - Processing /home/airflow/.local/lib/python3.7/site-packages/airflow/example_dags/example_branch_labels.py took 0.195 seconds
[2023-10-26 04:43:28,531] {processor.py:153} INFO - Started process (PID=614) to work on /home/airflow/.local/lib/python3.7/site-packages/airflow/example_dags/example_branch_labels.py
[2023-10-26 04:43:28,532] {processor.py:641} INFO - Processing file /home/airflow/.local/lib/python3.7/site-packages/airflow/example_dags/example_branch_labels.py for tasks to queue
[2023-10-26 04:43:28,535] {logging_mixin.py:115} INFO - [2023-10-26 04:43:28,534] {dagbag.py:508} INFO - Filling up the DagBag from /home/airflow/.local/lib/python3.7/site-packages/airflow/example_dags/example_branch_labels.py
[2023-10-26 04:43:28,552] {processor.py:651} INFO - DAG(s) dict_keys(['example_branch_labels']) retrieved from /home/airflow/.local/lib/python3.7/site-packages/airflow/example_dags/example_branch_labels.py
[2023-10-26 04:43:28,610] {logging_mixin.py:115} INFO - [2023-10-26 04:43:28,609] {dag.py:2420} INFO - Sync 1 DAGs
[2023-10-26 04:43:28,694] {logging_mixin.py:115} INFO - [2023-10-26 04:43:28,694] {dag.py:2972} INFO - Setting next_dagrun for example_branch_labels to 2023-10-25T00:00:00+00:00, run_after=2023-10-26T00:00:00+00:00
[2023-10-26 04:43:28,749] {processor.py:161} INFO - Processing /home/airflow/.local/lib/python3.7/site-packages/airflow/example_dags/example_branch_labels.py took 0.224 seconds
[2023-10-26 04:43:58,906] {processor.py:153} INFO - Started process (PID=670) to work on /home/airflow/.local/lib/python3.7/site-packages/airflow/example_dags/example_branch_labels.py
[2023-10-26 04:43:58,907] {processor.py:641} INFO - Processing file /home/airflow/.local/lib/python3.7/site-packages/airflow/example_dags/example_branch_labels.py for tasks to queue
[2023-10-26 04:43:58,909] {logging_mixin.py:115} INFO - [2023-10-26 04:43:58,908] {dagbag.py:508} INFO - Filling up the DagBag from /home/airflow/.local/lib/python3.7/site-packages/airflow/example_dags/example_branch_labels.py
[2023-10-26 04:43:58,920] {processor.py:651} INFO - DAG(s) dict_keys(['example_branch_labels']) retrieved from /home/airflow/.local/lib/python3.7/site-packages/airflow/example_dags/example_branch_labels.py
[2023-10-26 04:43:58,962] {logging_mixin.py:115} INFO - [2023-10-26 04:43:58,962] {dag.py:2420} INFO - Sync 1 DAGs
[2023-10-26 04:43:59,008] {logging_mixin.py:115} INFO - [2023-10-26 04:43:59,008] {dag.py:2972} INFO - Setting next_dagrun for example_branch_labels to 2023-10-25T00:00:00+00:00, run_after=2023-10-26T00:00:00+00:00
[2023-10-26 04:43:59,032] {processor.py:161} INFO - Processing /home/airflow/.local/lib/python3.7/site-packages/airflow/example_dags/example_branch_labels.py took 0.132 seconds
[2023-10-26 04:44:29,627] {processor.py:153} INFO - Started process (PID=728) to work on /home/airflow/.local/lib/python3.7/site-packages/airflow/example_dags/example_branch_labels.py
[2023-10-26 04:44:29,628] {processor.py:641} INFO - Processing file /home/airflow/.local/lib/python3.7/site-packages/airflow/example_dags/example_branch_labels.py for tasks to queue
[2023-10-26 04:44:29,630] {logging_mixin.py:115} INFO - [2023-10-26 04:44:29,630] {dagbag.py:508} INFO - Filling up the DagBag from /home/airflow/.local/lib/python3.7/site-packages/airflow/example_dags/example_branch_labels.py
[2023-10-26 04:44:29,648] {processor.py:651} INFO - DAG(s) dict_keys(['example_branch_labels']) retrieved from /home/airflow/.local/lib/python3.7/site-packages/airflow/example_dags/example_branch_labels.py
[2023-10-26 04:44:29,693] {logging_mixin.py:115} INFO - [2023-10-26 04:44:29,693] {dag.py:2420} INFO - Sync 1 DAGs
[2023-10-26 04:44:29,746] {logging_mixin.py:115} INFO - [2023-10-26 04:44:29,746] {dag.py:2972} INFO - Setting next_dagrun for example_branch_labels to 2023-10-25T00:00:00+00:00, run_after=2023-10-26T00:00:00+00:00
[2023-10-26 04:44:29,789] {processor.py:161} INFO - Processing /home/airflow/.local/lib/python3.7/site-packages/airflow/example_dags/example_branch_labels.py took 0.166 seconds
[2023-10-26 04:45:00,773] {processor.py:153} INFO - Started process (PID=792) to work on /home/airflow/.local/lib/python3.7/site-packages/airflow/example_dags/example_branch_labels.py
[2023-10-26 04:45:00,774] {processor.py:641} INFO - Processing file /home/airflow/.local/lib/python3.7/site-packages/airflow/example_dags/example_branch_labels.py for tasks to queue
[2023-10-26 04:45:00,776] {logging_mixin.py:115} INFO - [2023-10-26 04:45:00,776] {dagbag.py:508} INFO - Filling up the DagBag from /home/airflow/.local/lib/python3.7/site-packages/airflow/example_dags/example_branch_labels.py
[2023-10-26 04:45:00,788] {processor.py:651} INFO - DAG(s) dict_keys(['example_branch_labels']) retrieved from /home/airflow/.local/lib/python3.7/site-packages/airflow/example_dags/example_branch_labels.py
[2023-10-26 04:45:00,846] {logging_mixin.py:115} INFO - [2023-10-26 04:45:00,846] {dag.py:2420} INFO - Sync 1 DAGs
[2023-10-26 04:45:00,912] {logging_mixin.py:115} INFO - [2023-10-26 04:45:00,912] {dag.py:2972} INFO - Setting next_dagrun for example_branch_labels to 2023-10-25T00:00:00+00:00, run_after=2023-10-26T00:00:00+00:00
[2023-10-26 04:45:00,949] {processor.py:161} INFO - Processing /home/airflow/.local/lib/python3.7/site-packages/airflow/example_dags/example_branch_labels.py took 0.181 seconds
[2023-10-26 04:45:31,348] {processor.py:153} INFO - Started process (PID=851) to work on /home/airflow/.local/lib/python3.7/site-packages/airflow/example_dags/example_branch_labels.py
[2023-10-26 04:45:31,350] {processor.py:641} INFO - Processing file /home/airflow/.local/lib/python3.7/site-packages/airflow/example_dags/example_branch_labels.py for tasks to queue
[2023-10-26 04:45:31,352] {logging_mixin.py:115} INFO - [2023-10-26 04:45:31,352] {dagbag.py:508} INFO - Filling up the DagBag from /home/airflow/.local/lib/python3.7/site-packages/airflow/example_dags/example_branch_labels.py
[2023-10-26 04:45:31,371] {processor.py:651} INFO - DAG(s) dict_keys(['example_branch_labels']) retrieved from /home/airflow/.local/lib/python3.7/site-packages/airflow/example_dags/example_branch_labels.py
[2023-10-26 04:45:31,428] {logging_mixin.py:115} INFO - [2023-10-26 04:45:31,427] {dag.py:2420} INFO - Sync 1 DAGs
[2023-10-26 04:45:31,484] {logging_mixin.py:115} INFO - [2023-10-26 04:45:31,484] {dag.py:2972} INFO - Setting next_dagrun for example_branch_labels to 2023-10-25T00:00:00+00:00, run_after=2023-10-26T00:00:00+00:00
[2023-10-26 04:45:31,509] {processor.py:161} INFO - Processing /home/airflow/.local/lib/python3.7/site-packages/airflow/example_dags/example_branch_labels.py took 0.165 seconds
[2023-10-26 04:46:02,021] {processor.py:153} INFO - Started process (PID=908) to work on /home/airflow/.local/lib/python3.7/site-packages/airflow/example_dags/example_branch_labels.py
[2023-10-26 04:46:02,022] {processor.py:641} INFO - Processing file /home/airflow/.local/lib/python3.7/site-packages/airflow/example_dags/example_branch_labels.py for tasks to queue
[2023-10-26 04:46:02,024] {logging_mixin.py:115} INFO - [2023-10-26 04:46:02,023] {dagbag.py:508} INFO - Filling up the DagBag from /home/airflow/.local/lib/python3.7/site-packages/airflow/example_dags/example_branch_labels.py
[2023-10-26 04:46:02,035] {processor.py:651} INFO - DAG(s) dict_keys(['example_branch_labels']) retrieved from /home/airflow/.local/lib/python3.7/site-packages/airflow/example_dags/example_branch_labels.py
[2023-10-26 04:46:02,075] {logging_mixin.py:115} INFO - [2023-10-26 04:46:02,075] {dag.py:2420} INFO - Sync 1 DAGs
[2023-10-26 04:46:02,121] {logging_mixin.py:115} INFO - [2023-10-26 04:46:02,121] {dag.py:2972} INFO - Setting next_dagrun for example_branch_labels to 2023-10-25T00:00:00+00:00, run_after=2023-10-26T00:00:00+00:00
[2023-10-26 04:46:02,153] {processor.py:161} INFO - Processing /home/airflow/.local/lib/python3.7/site-packages/airflow/example_dags/example_branch_labels.py took 0.136 seconds
[2023-10-26 04:46:32,886] {processor.py:153} INFO - Started process (PID=966) to work on /home/airflow/.local/lib/python3.7/site-packages/airflow/example_dags/example_branch_labels.py
[2023-10-26 04:46:32,888] {processor.py:641} INFO - Processing file /home/airflow/.local/lib/python3.7/site-packages/airflow/example_dags/example_branch_labels.py for tasks to queue
[2023-10-26 04:46:32,891] {logging_mixin.py:115} INFO - [2023-10-26 04:46:32,891] {dagbag.py:508} INFO - Filling up the DagBag from /home/airflow/.local/lib/python3.7/site-packages/airflow/example_dags/example_branch_labels.py
[2023-10-26 04:46:32,903] {processor.py:651} INFO - DAG(s) dict_keys(['example_branch_labels']) retrieved from /home/airflow/.local/lib/python3.7/site-packages/airflow/example_dags/example_branch_labels.py
[2023-10-26 04:46:32,959] {logging_mixin.py:115} INFO - [2023-10-26 04:46:32,957] {dag.py:2420} INFO - Sync 1 DAGs
[2023-10-26 04:46:33,024] {logging_mixin.py:115} INFO - [2023-10-26 04:46:33,024] {dag.py:2972} INFO - Setting next_dagrun for example_branch_labels to 2023-10-25T00:00:00+00:00, run_after=2023-10-26T00:00:00+00:00
[2023-10-26 04:46:33,057] {processor.py:161} INFO - Processing /home/airflow/.local/lib/python3.7/site-packages/airflow/example_dags/example_branch_labels.py took 0.175 seconds
[2023-10-26 04:47:03,666] {processor.py:153} INFO - Started process (PID=1032) to work on /home/airflow/.local/lib/python3.7/site-packages/airflow/example_dags/example_branch_labels.py
[2023-10-26 04:47:03,668] {processor.py:641} INFO - Processing file /home/airflow/.local/lib/python3.7/site-packages/airflow/example_dags/example_branch_labels.py for tasks to queue
[2023-10-26 04:47:03,669] {logging_mixin.py:115} INFO - [2023-10-26 04:47:03,669] {dagbag.py:508} INFO - Filling up the DagBag from /home/airflow/.local/lib/python3.7/site-packages/airflow/example_dags/example_branch_labels.py
[2023-10-26 04:47:03,689] {processor.py:651} INFO - DAG(s) dict_keys(['example_branch_labels']) retrieved from /home/airflow/.local/lib/python3.7/site-packages/airflow/example_dags/example_branch_labels.py
[2023-10-26 04:47:03,738] {logging_mixin.py:115} INFO - [2023-10-26 04:47:03,738] {dag.py:2420} INFO - Sync 1 DAGs
[2023-10-26 04:47:03,808] {logging_mixin.py:115} INFO - [2023-10-26 04:47:03,808] {dag.py:2972} INFO - Setting next_dagrun for example_branch_labels to 2023-10-25T00:00:00+00:00, run_after=2023-10-26T00:00:00+00:00
[2023-10-26 04:47:03,852] {processor.py:161} INFO - Processing /home/airflow/.local/lib/python3.7/site-packages/airflow/example_dags/example_branch_labels.py took 0.191 seconds
[2023-10-26 04:47:34,618] {processor.py:153} INFO - Started process (PID=1089) to work on /home/airflow/.local/lib/python3.7/site-packages/airflow/example_dags/example_branch_labels.py
[2023-10-26 04:47:34,620] {processor.py:641} INFO - Processing file /home/airflow/.local/lib/python3.7/site-packages/airflow/example_dags/example_branch_labels.py for tasks to queue
[2023-10-26 04:47:34,623] {logging_mixin.py:115} INFO - [2023-10-26 04:47:34,622] {dagbag.py:508} INFO - Filling up the DagBag from /home/airflow/.local/lib/python3.7/site-packages/airflow/example_dags/example_branch_labels.py
[2023-10-26 04:47:34,643] {processor.py:651} INFO - DAG(s) dict_keys(['example_branch_labels']) retrieved from /home/airflow/.local/lib/python3.7/site-packages/airflow/example_dags/example_branch_labels.py
[2023-10-26 04:47:34,705] {logging_mixin.py:115} INFO - [2023-10-26 04:47:34,705] {dag.py:2420} INFO - Sync 1 DAGs
[2023-10-26 04:47:34,779] {logging_mixin.py:115} INFO - [2023-10-26 04:47:34,779] {dag.py:2972} INFO - Setting next_dagrun for example_branch_labels to 2023-10-25T00:00:00+00:00, run_after=2023-10-26T00:00:00+00:00
[2023-10-26 04:47:34,834] {processor.py:161} INFO - Processing /home/airflow/.local/lib/python3.7/site-packages/airflow/example_dags/example_branch_labels.py took 0.224 seconds
[2023-10-26 04:48:05,844] {processor.py:153} INFO - Started process (PID=1146) to work on /home/airflow/.local/lib/python3.7/site-packages/airflow/example_dags/example_branch_labels.py
[2023-10-26 04:48:05,846] {processor.py:641} INFO - Processing file /home/airflow/.local/lib/python3.7/site-packages/airflow/example_dags/example_branch_labels.py for tasks to queue
[2023-10-26 04:48:05,847] {logging_mixin.py:115} INFO - [2023-10-26 04:48:05,847] {dagbag.py:508} INFO - Filling up the DagBag from /home/airflow/.local/lib/python3.7/site-packages/airflow/example_dags/example_branch_labels.py
[2023-10-26 04:48:05,862] {processor.py:651} INFO - DAG(s) dict_keys(['example_branch_labels']) retrieved from /home/airflow/.local/lib/python3.7/site-packages/airflow/example_dags/example_branch_labels.py
[2023-10-26 04:48:05,916] {logging_mixin.py:115} INFO - [2023-10-26 04:48:05,916] {dag.py:2420} INFO - Sync 1 DAGs
[2023-10-26 04:48:05,980] {logging_mixin.py:115} INFO - [2023-10-26 04:48:05,980] {dag.py:2972} INFO - Setting next_dagrun for example_branch_labels to 2023-10-25T00:00:00+00:00, run_after=2023-10-26T00:00:00+00:00
[2023-10-26 04:48:06,028] {processor.py:161} INFO - Processing /home/airflow/.local/lib/python3.7/site-packages/airflow/example_dags/example_branch_labels.py took 0.189 seconds
[2023-10-26 04:48:36,575] {processor.py:153} INFO - Started process (PID=1212) to work on /home/airflow/.local/lib/python3.7/site-packages/airflow/example_dags/example_branch_labels.py
[2023-10-26 04:48:36,577] {processor.py:641} INFO - Processing file /home/airflow/.local/lib/python3.7/site-packages/airflow/example_dags/example_branch_labels.py for tasks to queue
[2023-10-26 04:48:36,579] {logging_mixin.py:115} INFO - [2023-10-26 04:48:36,579] {dagbag.py:508} INFO - Filling up the DagBag from /home/airflow/.local/lib/python3.7/site-packages/airflow/example_dags/example_branch_labels.py
[2023-10-26 04:48:36,593] {processor.py:651} INFO - DAG(s) dict_keys(['example_branch_labels']) retrieved from /home/airflow/.local/lib/python3.7/site-packages/airflow/example_dags/example_branch_labels.py
[2023-10-26 04:48:36,638] {logging_mixin.py:115} INFO - [2023-10-26 04:48:36,638] {dag.py:2420} INFO - Sync 1 DAGs
[2023-10-26 04:48:36,707] {logging_mixin.py:115} INFO - [2023-10-26 04:48:36,707] {dag.py:2972} INFO - Setting next_dagrun for example_branch_labels to 2023-10-25T00:00:00+00:00, run_after=2023-10-26T00:00:00+00:00
[2023-10-26 04:48:36,746] {processor.py:161} INFO - Processing /home/airflow/.local/lib/python3.7/site-packages/airflow/example_dags/example_branch_labels.py took 0.176 seconds
[2023-10-26 04:49:07,119] {processor.py:153} INFO - Started process (PID=1268) to work on /home/airflow/.local/lib/python3.7/site-packages/airflow/example_dags/example_branch_labels.py
[2023-10-26 04:49:07,120] {processor.py:641} INFO - Processing file /home/airflow/.local/lib/python3.7/site-packages/airflow/example_dags/example_branch_labels.py for tasks to queue
[2023-10-26 04:49:07,123] {logging_mixin.py:115} INFO - [2023-10-26 04:49:07,122] {dagbag.py:508} INFO - Filling up the DagBag from /home/airflow/.local/lib/python3.7/site-packages/airflow/example_dags/example_branch_labels.py
[2023-10-26 04:49:07,138] {processor.py:651} INFO - DAG(s) dict_keys(['example_branch_labels']) retrieved from /home/airflow/.local/lib/python3.7/site-packages/airflow/example_dags/example_branch_labels.py
[2023-10-26 04:49:07,190] {logging_mixin.py:115} INFO - [2023-10-26 04:49:07,189] {dag.py:2420} INFO - Sync 1 DAGs
[2023-10-26 04:49:07,261] {logging_mixin.py:115} INFO - [2023-10-26 04:49:07,261] {dag.py:2972} INFO - Setting next_dagrun for example_branch_labels to 2023-10-25T00:00:00+00:00, run_after=2023-10-26T00:00:00+00:00
[2023-10-26 04:49:07,287] {processor.py:161} INFO - Processing /home/airflow/.local/lib/python3.7/site-packages/airflow/example_dags/example_branch_labels.py took 0.173 seconds
[2023-10-26 04:49:38,214] {processor.py:153} INFO - Started process (PID=1326) to work on /home/airflow/.local/lib/python3.7/site-packages/airflow/example_dags/example_branch_labels.py
[2023-10-26 04:49:38,217] {processor.py:641} INFO - Processing file /home/airflow/.local/lib/python3.7/site-packages/airflow/example_dags/example_branch_labels.py for tasks to queue
[2023-10-26 04:49:38,219] {logging_mixin.py:115} INFO - [2023-10-26 04:49:38,219] {dagbag.py:508} INFO - Filling up the DagBag from /home/airflow/.local/lib/python3.7/site-packages/airflow/example_dags/example_branch_labels.py
[2023-10-26 04:49:38,240] {processor.py:651} INFO - DAG(s) dict_keys(['example_branch_labels']) retrieved from /home/airflow/.local/lib/python3.7/site-packages/airflow/example_dags/example_branch_labels.py
[2023-10-26 04:49:38,370] {logging_mixin.py:115} INFO - [2023-10-26 04:49:38,370] {dag.py:2420} INFO - Sync 1 DAGs
[2023-10-26 04:49:38,453] {logging_mixin.py:115} INFO - [2023-10-26 04:49:38,453] {dag.py:2972} INFO - Setting next_dagrun for example_branch_labels to 2023-10-25T00:00:00+00:00, run_after=2023-10-26T00:00:00+00:00
[2023-10-26 04:49:38,508] {processor.py:161} INFO - Processing /home/airflow/.local/lib/python3.7/site-packages/airflow/example_dags/example_branch_labels.py took 0.302 seconds
[2023-10-26 04:50:09,256] {processor.py:153} INFO - Started process (PID=1383) to work on /home/airflow/.local/lib/python3.7/site-packages/airflow/example_dags/example_branch_labels.py
[2023-10-26 04:50:09,257] {processor.py:641} INFO - Processing file /home/airflow/.local/lib/python3.7/site-packages/airflow/example_dags/example_branch_labels.py for tasks to queue
[2023-10-26 04:50:09,259] {logging_mixin.py:115} INFO - [2023-10-26 04:50:09,259] {dagbag.py:508} INFO - Filling up the DagBag from /home/airflow/.local/lib/python3.7/site-packages/airflow/example_dags/example_branch_labels.py
[2023-10-26 04:50:09,269] {processor.py:651} INFO - DAG(s) dict_keys(['example_branch_labels']) retrieved from /home/airflow/.local/lib/python3.7/site-packages/airflow/example_dags/example_branch_labels.py
[2023-10-26 04:50:09,310] {logging_mixin.py:115} INFO - [2023-10-26 04:50:09,310] {dag.py:2420} INFO - Sync 1 DAGs
[2023-10-26 04:50:09,362] {logging_mixin.py:115} INFO - [2023-10-26 04:50:09,362] {dag.py:2972} INFO - Setting next_dagrun for example_branch_labels to 2023-10-25T00:00:00+00:00, run_after=2023-10-26T00:00:00+00:00
[2023-10-26 04:50:09,388] {processor.py:161} INFO - Processing /home/airflow/.local/lib/python3.7/site-packages/airflow/example_dags/example_branch_labels.py took 0.136 seconds
[2023-10-26 04:50:39,900] {processor.py:153} INFO - Started process (PID=1447) to work on /home/airflow/.local/lib/python3.7/site-packages/airflow/example_dags/example_branch_labels.py
[2023-10-26 04:50:39,903] {processor.py:641} INFO - Processing file /home/airflow/.local/lib/python3.7/site-packages/airflow/example_dags/example_branch_labels.py for tasks to queue
[2023-10-26 04:50:39,906] {logging_mixin.py:115} INFO - [2023-10-26 04:50:39,905] {dagbag.py:508} INFO - Filling up the DagBag from /home/airflow/.local/lib/python3.7/site-packages/airflow/example_dags/example_branch_labels.py
[2023-10-26 04:50:39,935] {processor.py:651} INFO - DAG(s) dict_keys(['example_branch_labels']) retrieved from /home/airflow/.local/lib/python3.7/site-packages/airflow/example_dags/example_branch_labels.py
[2023-10-26 04:50:40,016] {logging_mixin.py:115} INFO - [2023-10-26 04:50:40,015] {dag.py:2420} INFO - Sync 1 DAGs
[2023-10-26 04:50:40,099] {logging_mixin.py:115} INFO - [2023-10-26 04:50:40,099] {dag.py:2972} INFO - Setting next_dagrun for example_branch_labels to 2023-10-25T00:00:00+00:00, run_after=2023-10-26T00:00:00+00:00
[2023-10-26 04:50:40,142] {processor.py:161} INFO - Processing /home/airflow/.local/lib/python3.7/site-packages/airflow/example_dags/example_branch_labels.py took 0.250 seconds
[2023-10-26 04:51:10,656] {processor.py:153} INFO - Started process (PID=1506) to work on /home/airflow/.local/lib/python3.7/site-packages/airflow/example_dags/example_branch_labels.py
[2023-10-26 04:51:10,658] {processor.py:641} INFO - Processing file /home/airflow/.local/lib/python3.7/site-packages/airflow/example_dags/example_branch_labels.py for tasks to queue
[2023-10-26 04:51:10,660] {logging_mixin.py:115} INFO - [2023-10-26 04:51:10,660] {dagbag.py:508} INFO - Filling up the DagBag from /home/airflow/.local/lib/python3.7/site-packages/airflow/example_dags/example_branch_labels.py
[2023-10-26 04:51:10,688] {processor.py:651} INFO - DAG(s) dict_keys(['example_branch_labels']) retrieved from /home/airflow/.local/lib/python3.7/site-packages/airflow/example_dags/example_branch_labels.py
[2023-10-26 04:51:10,768] {logging_mixin.py:115} INFO - [2023-10-26 04:51:10,768] {dag.py:2420} INFO - Sync 1 DAGs
[2023-10-26 04:51:10,837] {logging_mixin.py:115} INFO - [2023-10-26 04:51:10,837] {dag.py:2972} INFO - Setting next_dagrun for example_branch_labels to 2023-10-25T00:00:00+00:00, run_after=2023-10-26T00:00:00+00:00
[2023-10-26 04:51:10,862] {processor.py:161} INFO - Processing /home/airflow/.local/lib/python3.7/site-packages/airflow/example_dags/example_branch_labels.py took 0.215 seconds
