[2023-10-26 04:38:59,824] {processor.py:153} INFO - Started process (PID=109) to work on /home/airflow/.local/lib/python3.7/site-packages/airflow/example_dags/example_branch_python_dop_operator_3.py
[2023-10-26 04:38:59,826] {processor.py:641} INFO - Processing file /home/airflow/.local/lib/python3.7/site-packages/airflow/example_dags/example_branch_python_dop_operator_3.py for tasks to queue
[2023-10-26 04:38:59,829] {logging_mixin.py:115} INFO - [2023-10-26 04:38:59,829] {dagbag.py:508} INFO - Filling up the DagBag from /home/airflow/.local/lib/python3.7/site-packages/airflow/example_dags/example_branch_python_dop_operator_3.py
[2023-10-26 04:38:59,877] {processor.py:651} INFO - DAG(s) dict_keys(['example_branch_dop_operator_v3']) retrieved from /home/airflow/.local/lib/python3.7/site-packages/airflow/example_dags/example_branch_python_dop_operator_3.py
[2023-10-26 04:38:59,953] {logging_mixin.py:115} INFO - [2023-10-26 04:38:59,953] {dag.py:2420} INFO - Sync 1 DAGs
[2023-10-26 04:39:00,086] {logging_mixin.py:115} INFO - [2023-10-26 04:39:00,086] {dag.py:2972} INFO - Setting next_dagrun for example_branch_dop_operator_v3 to 2023-10-26T04:38:00+00:00, run_after=2023-10-26T04:39:00+00:00
[2023-10-26 04:39:00,144] {processor.py:161} INFO - Processing /home/airflow/.local/lib/python3.7/site-packages/airflow/example_dags/example_branch_python_dop_operator_3.py took 0.328 seconds
[2023-10-26 04:39:30,391] {processor.py:153} INFO - Started process (PID=165) to work on /home/airflow/.local/lib/python3.7/site-packages/airflow/example_dags/example_branch_python_dop_operator_3.py
[2023-10-26 04:39:30,393] {processor.py:641} INFO - Processing file /home/airflow/.local/lib/python3.7/site-packages/airflow/example_dags/example_branch_python_dop_operator_3.py for tasks to queue
[2023-10-26 04:39:30,395] {logging_mixin.py:115} INFO - [2023-10-26 04:39:30,395] {dagbag.py:508} INFO - Filling up the DagBag from /home/airflow/.local/lib/python3.7/site-packages/airflow/example_dags/example_branch_python_dop_operator_3.py
[2023-10-26 04:39:30,417] {processor.py:651} INFO - DAG(s) dict_keys(['example_branch_dop_operator_v3']) retrieved from /home/airflow/.local/lib/python3.7/site-packages/airflow/example_dags/example_branch_python_dop_operator_3.py
[2023-10-26 04:39:30,473] {logging_mixin.py:115} INFO - [2023-10-26 04:39:30,472] {dag.py:2420} INFO - Sync 1 DAGs
[2023-10-26 04:39:30,554] {logging_mixin.py:115} INFO - [2023-10-26 04:39:30,554] {dag.py:2972} INFO - Setting next_dagrun for example_branch_dop_operator_v3 to 2023-10-26T04:38:00+00:00, run_after=2023-10-26T04:39:00+00:00
[2023-10-26 04:39:30,580] {processor.py:161} INFO - Processing /home/airflow/.local/lib/python3.7/site-packages/airflow/example_dags/example_branch_python_dop_operator_3.py took 0.195 seconds
[2023-10-26 04:40:00,692] {processor.py:153} INFO - Started process (PID=222) to work on /home/airflow/.local/lib/python3.7/site-packages/airflow/example_dags/example_branch_python_dop_operator_3.py
[2023-10-26 04:40:00,693] {processor.py:641} INFO - Processing file /home/airflow/.local/lib/python3.7/site-packages/airflow/example_dags/example_branch_python_dop_operator_3.py for tasks to queue
[2023-10-26 04:40:00,695] {logging_mixin.py:115} INFO - [2023-10-26 04:40:00,695] {dagbag.py:508} INFO - Filling up the DagBag from /home/airflow/.local/lib/python3.7/site-packages/airflow/example_dags/example_branch_python_dop_operator_3.py
[2023-10-26 04:40:00,713] {processor.py:651} INFO - DAG(s) dict_keys(['example_branch_dop_operator_v3']) retrieved from /home/airflow/.local/lib/python3.7/site-packages/airflow/example_dags/example_branch_python_dop_operator_3.py
[2023-10-26 04:40:00,779] {logging_mixin.py:115} INFO - [2023-10-26 04:40:00,778] {dag.py:2420} INFO - Sync 1 DAGs
[2023-10-26 04:40:00,863] {logging_mixin.py:115} INFO - [2023-10-26 04:40:00,863] {dag.py:2972} INFO - Setting next_dagrun for example_branch_dop_operator_v3 to 2023-10-26T04:39:00+00:00, run_after=2023-10-26T04:40:00+00:00
[2023-10-26 04:40:00,900] {processor.py:161} INFO - Processing /home/airflow/.local/lib/python3.7/site-packages/airflow/example_dags/example_branch_python_dop_operator_3.py took 0.213 seconds
[2023-10-26 04:40:32,038] {processor.py:153} INFO - Started process (PID=279) to work on /home/airflow/.local/lib/python3.7/site-packages/airflow/example_dags/example_branch_python_dop_operator_3.py
[2023-10-26 04:40:32,040] {processor.py:641} INFO - Processing file /home/airflow/.local/lib/python3.7/site-packages/airflow/example_dags/example_branch_python_dop_operator_3.py for tasks to queue
[2023-10-26 04:40:32,042] {logging_mixin.py:115} INFO - [2023-10-26 04:40:32,042] {dagbag.py:508} INFO - Filling up the DagBag from /home/airflow/.local/lib/python3.7/site-packages/airflow/example_dags/example_branch_python_dop_operator_3.py
[2023-10-26 04:40:32,058] {processor.py:651} INFO - DAG(s) dict_keys(['example_branch_dop_operator_v3']) retrieved from /home/airflow/.local/lib/python3.7/site-packages/airflow/example_dags/example_branch_python_dop_operator_3.py
[2023-10-26 04:40:32,112] {logging_mixin.py:115} INFO - [2023-10-26 04:40:32,112] {dag.py:2420} INFO - Sync 1 DAGs
[2023-10-26 04:40:32,223] {logging_mixin.py:115} INFO - [2023-10-26 04:40:32,223] {dag.py:2972} INFO - Setting next_dagrun for example_branch_dop_operator_v3 to 2023-10-26T04:39:00+00:00, run_after=2023-10-26T04:40:00+00:00
[2023-10-26 04:40:32,265] {processor.py:161} INFO - Processing /home/airflow/.local/lib/python3.7/site-packages/airflow/example_dags/example_branch_python_dop_operator_3.py took 0.232 seconds
[2023-10-26 04:41:03,528] {processor.py:153} INFO - Started process (PID=345) to work on /home/airflow/.local/lib/python3.7/site-packages/airflow/example_dags/example_branch_python_dop_operator_3.py
[2023-10-26 04:41:03,530] {processor.py:641} INFO - Processing file /home/airflow/.local/lib/python3.7/site-packages/airflow/example_dags/example_branch_python_dop_operator_3.py for tasks to queue
[2023-10-26 04:41:03,532] {logging_mixin.py:115} INFO - [2023-10-26 04:41:03,531] {dagbag.py:508} INFO - Filling up the DagBag from /home/airflow/.local/lib/python3.7/site-packages/airflow/example_dags/example_branch_python_dop_operator_3.py
[2023-10-26 04:41:03,550] {processor.py:651} INFO - DAG(s) dict_keys(['example_branch_dop_operator_v3']) retrieved from /home/airflow/.local/lib/python3.7/site-packages/airflow/example_dags/example_branch_python_dop_operator_3.py
[2023-10-26 04:41:03,600] {logging_mixin.py:115} INFO - [2023-10-26 04:41:03,600] {dag.py:2420} INFO - Sync 1 DAGs
[2023-10-26 04:41:03,668] {logging_mixin.py:115} INFO - [2023-10-26 04:41:03,668] {dag.py:2972} INFO - Setting next_dagrun for example_branch_dop_operator_v3 to 2023-10-26T04:40:00+00:00, run_after=2023-10-26T04:41:00+00:00
[2023-10-26 04:41:03,709] {processor.py:161} INFO - Processing /home/airflow/.local/lib/python3.7/site-packages/airflow/example_dags/example_branch_python_dop_operator_3.py took 0.185 seconds
[2023-10-26 04:41:34,275] {processor.py:153} INFO - Started process (PID=402) to work on /home/airflow/.local/lib/python3.7/site-packages/airflow/example_dags/example_branch_python_dop_operator_3.py
[2023-10-26 04:41:34,276] {processor.py:641} INFO - Processing file /home/airflow/.local/lib/python3.7/site-packages/airflow/example_dags/example_branch_python_dop_operator_3.py for tasks to queue
[2023-10-26 04:41:34,278] {logging_mixin.py:115} INFO - [2023-10-26 04:41:34,278] {dagbag.py:508} INFO - Filling up the DagBag from /home/airflow/.local/lib/python3.7/site-packages/airflow/example_dags/example_branch_python_dop_operator_3.py
[2023-10-26 04:41:34,292] {processor.py:651} INFO - DAG(s) dict_keys(['example_branch_dop_operator_v3']) retrieved from /home/airflow/.local/lib/python3.7/site-packages/airflow/example_dags/example_branch_python_dop_operator_3.py
[2023-10-26 04:41:34,330] {logging_mixin.py:115} INFO - [2023-10-26 04:41:34,329] {dag.py:2420} INFO - Sync 1 DAGs
[2023-10-26 04:41:34,409] {logging_mixin.py:115} INFO - [2023-10-26 04:41:34,409] {dag.py:2972} INFO - Setting next_dagrun for example_branch_dop_operator_v3 to 2023-10-26T04:40:00+00:00, run_after=2023-10-26T04:41:00+00:00
[2023-10-26 04:41:34,446] {processor.py:161} INFO - Processing /home/airflow/.local/lib/python3.7/site-packages/airflow/example_dags/example_branch_python_dop_operator_3.py took 0.175 seconds
[2023-10-26 04:42:04,915] {processor.py:153} INFO - Started process (PID=459) to work on /home/airflow/.local/lib/python3.7/site-packages/airflow/example_dags/example_branch_python_dop_operator_3.py
[2023-10-26 04:42:04,916] {processor.py:641} INFO - Processing file /home/airflow/.local/lib/python3.7/site-packages/airflow/example_dags/example_branch_python_dop_operator_3.py for tasks to queue
[2023-10-26 04:42:04,918] {logging_mixin.py:115} INFO - [2023-10-26 04:42:04,918] {dagbag.py:508} INFO - Filling up the DagBag from /home/airflow/.local/lib/python3.7/site-packages/airflow/example_dags/example_branch_python_dop_operator_3.py
[2023-10-26 04:42:04,933] {processor.py:651} INFO - DAG(s) dict_keys(['example_branch_dop_operator_v3']) retrieved from /home/airflow/.local/lib/python3.7/site-packages/airflow/example_dags/example_branch_python_dop_operator_3.py
[2023-10-26 04:42:04,977] {logging_mixin.py:115} INFO - [2023-10-26 04:42:04,977] {dag.py:2420} INFO - Sync 1 DAGs
[2023-10-26 04:42:05,049] {logging_mixin.py:115} INFO - [2023-10-26 04:42:05,048] {dag.py:2972} INFO - Setting next_dagrun for example_branch_dop_operator_v3 to 2023-10-26T04:41:00+00:00, run_after=2023-10-26T04:42:00+00:00
[2023-10-26 04:42:05,088] {processor.py:161} INFO - Processing /home/airflow/.local/lib/python3.7/site-packages/airflow/example_dags/example_branch_python_dop_operator_3.py took 0.177 seconds
[2023-10-26 04:42:36,060] {processor.py:153} INFO - Started process (PID=525) to work on /home/airflow/.local/lib/python3.7/site-packages/airflow/example_dags/example_branch_python_dop_operator_3.py
[2023-10-26 04:42:36,062] {processor.py:641} INFO - Processing file /home/airflow/.local/lib/python3.7/site-packages/airflow/example_dags/example_branch_python_dop_operator_3.py for tasks to queue
[2023-10-26 04:42:36,065] {logging_mixin.py:115} INFO - [2023-10-26 04:42:36,065] {dagbag.py:508} INFO - Filling up the DagBag from /home/airflow/.local/lib/python3.7/site-packages/airflow/example_dags/example_branch_python_dop_operator_3.py
[2023-10-26 04:42:36,089] {processor.py:651} INFO - DAG(s) dict_keys(['example_branch_dop_operator_v3']) retrieved from /home/airflow/.local/lib/python3.7/site-packages/airflow/example_dags/example_branch_python_dop_operator_3.py
[2023-10-26 04:42:36,149] {logging_mixin.py:115} INFO - [2023-10-26 04:42:36,148] {dag.py:2420} INFO - Sync 1 DAGs
[2023-10-26 04:42:36,220] {logging_mixin.py:115} INFO - [2023-10-26 04:42:36,220] {dag.py:2972} INFO - Setting next_dagrun for example_branch_dop_operator_v3 to 2023-10-26T04:41:00+00:00, run_after=2023-10-26T04:42:00+00:00
[2023-10-26 04:42:36,249] {processor.py:161} INFO - Processing /home/airflow/.local/lib/python3.7/site-packages/airflow/example_dags/example_branch_python_dop_operator_3.py took 0.195 seconds
[2023-10-26 04:43:07,223] {processor.py:153} INFO - Started process (PID=582) to work on /home/airflow/.local/lib/python3.7/site-packages/airflow/example_dags/example_branch_python_dop_operator_3.py
[2023-10-26 04:43:07,225] {processor.py:641} INFO - Processing file /home/airflow/.local/lib/python3.7/site-packages/airflow/example_dags/example_branch_python_dop_operator_3.py for tasks to queue
[2023-10-26 04:43:07,227] {logging_mixin.py:115} INFO - [2023-10-26 04:43:07,227] {dagbag.py:508} INFO - Filling up the DagBag from /home/airflow/.local/lib/python3.7/site-packages/airflow/example_dags/example_branch_python_dop_operator_3.py
[2023-10-26 04:43:07,254] {processor.py:651} INFO - DAG(s) dict_keys(['example_branch_dop_operator_v3']) retrieved from /home/airflow/.local/lib/python3.7/site-packages/airflow/example_dags/example_branch_python_dop_operator_3.py
[2023-10-26 04:43:07,330] {logging_mixin.py:115} INFO - [2023-10-26 04:43:07,329] {dag.py:2420} INFO - Sync 1 DAGs
[2023-10-26 04:43:07,391] {logging_mixin.py:115} INFO - [2023-10-26 04:43:07,391] {dag.py:2972} INFO - Setting next_dagrun for example_branch_dop_operator_v3 to 2023-10-26T04:42:00+00:00, run_after=2023-10-26T04:43:00+00:00
[2023-10-26 04:43:07,419] {processor.py:161} INFO - Processing /home/airflow/.local/lib/python3.7/site-packages/airflow/example_dags/example_branch_python_dop_operator_3.py took 0.204 seconds
[2023-10-26 04:43:38,182] {processor.py:153} INFO - Started process (PID=639) to work on /home/airflow/.local/lib/python3.7/site-packages/airflow/example_dags/example_branch_python_dop_operator_3.py
[2023-10-26 04:43:38,183] {processor.py:641} INFO - Processing file /home/airflow/.local/lib/python3.7/site-packages/airflow/example_dags/example_branch_python_dop_operator_3.py for tasks to queue
[2023-10-26 04:43:38,185] {logging_mixin.py:115} INFO - [2023-10-26 04:43:38,185] {dagbag.py:508} INFO - Filling up the DagBag from /home/airflow/.local/lib/python3.7/site-packages/airflow/example_dags/example_branch_python_dop_operator_3.py
[2023-10-26 04:43:38,207] {processor.py:651} INFO - DAG(s) dict_keys(['example_branch_dop_operator_v3']) retrieved from /home/airflow/.local/lib/python3.7/site-packages/airflow/example_dags/example_branch_python_dop_operator_3.py
[2023-10-26 04:43:38,258] {logging_mixin.py:115} INFO - [2023-10-26 04:43:38,258] {dag.py:2420} INFO - Sync 1 DAGs
[2023-10-26 04:43:38,333] {logging_mixin.py:115} INFO - [2023-10-26 04:43:38,333] {dag.py:2972} INFO - Setting next_dagrun for example_branch_dop_operator_v3 to 2023-10-26T04:42:00+00:00, run_after=2023-10-26T04:43:00+00:00
[2023-10-26 04:43:38,368] {processor.py:161} INFO - Processing /home/airflow/.local/lib/python3.7/site-packages/airflow/example_dags/example_branch_python_dop_operator_3.py took 0.190 seconds
[2023-10-26 04:44:09,230] {processor.py:153} INFO - Started process (PID=705) to work on /home/airflow/.local/lib/python3.7/site-packages/airflow/example_dags/example_branch_python_dop_operator_3.py
[2023-10-26 04:44:09,232] {processor.py:641} INFO - Processing file /home/airflow/.local/lib/python3.7/site-packages/airflow/example_dags/example_branch_python_dop_operator_3.py for tasks to queue
[2023-10-26 04:44:09,233] {logging_mixin.py:115} INFO - [2023-10-26 04:44:09,233] {dagbag.py:508} INFO - Filling up the DagBag from /home/airflow/.local/lib/python3.7/site-packages/airflow/example_dags/example_branch_python_dop_operator_3.py
[2023-10-26 04:44:09,249] {processor.py:651} INFO - DAG(s) dict_keys(['example_branch_dop_operator_v3']) retrieved from /home/airflow/.local/lib/python3.7/site-packages/airflow/example_dags/example_branch_python_dop_operator_3.py
[2023-10-26 04:44:09,294] {logging_mixin.py:115} INFO - [2023-10-26 04:44:09,294] {dag.py:2420} INFO - Sync 1 DAGs
[2023-10-26 04:44:09,380] {logging_mixin.py:115} INFO - [2023-10-26 04:44:09,379] {dag.py:2972} INFO - Setting next_dagrun for example_branch_dop_operator_v3 to 2023-10-26T04:43:00+00:00, run_after=2023-10-26T04:44:00+00:00
[2023-10-26 04:44:09,419] {processor.py:161} INFO - Processing /home/airflow/.local/lib/python3.7/site-packages/airflow/example_dags/example_branch_python_dop_operator_3.py took 0.194 seconds
[2023-10-26 04:44:40,392] {processor.py:153} INFO - Started process (PID=762) to work on /home/airflow/.local/lib/python3.7/site-packages/airflow/example_dags/example_branch_python_dop_operator_3.py
[2023-10-26 04:44:40,394] {processor.py:641} INFO - Processing file /home/airflow/.local/lib/python3.7/site-packages/airflow/example_dags/example_branch_python_dop_operator_3.py for tasks to queue
[2023-10-26 04:44:40,396] {logging_mixin.py:115} INFO - [2023-10-26 04:44:40,395] {dagbag.py:508} INFO - Filling up the DagBag from /home/airflow/.local/lib/python3.7/site-packages/airflow/example_dags/example_branch_python_dop_operator_3.py
[2023-10-26 04:44:40,413] {processor.py:651} INFO - DAG(s) dict_keys(['example_branch_dop_operator_v3']) retrieved from /home/airflow/.local/lib/python3.7/site-packages/airflow/example_dags/example_branch_python_dop_operator_3.py
[2023-10-26 04:44:40,462] {logging_mixin.py:115} INFO - [2023-10-26 04:44:40,462] {dag.py:2420} INFO - Sync 1 DAGs
[2023-10-26 04:44:40,530] {logging_mixin.py:115} INFO - [2023-10-26 04:44:40,529] {dag.py:2972} INFO - Setting next_dagrun for example_branch_dop_operator_v3 to 2023-10-26T04:43:00+00:00, run_after=2023-10-26T04:44:00+00:00
[2023-10-26 04:44:40,560] {processor.py:161} INFO - Processing /home/airflow/.local/lib/python3.7/site-packages/airflow/example_dags/example_branch_python_dop_operator_3.py took 0.173 seconds
[2023-10-26 04:45:11,393] {processor.py:153} INFO - Started process (PID=819) to work on /home/airflow/.local/lib/python3.7/site-packages/airflow/example_dags/example_branch_python_dop_operator_3.py
[2023-10-26 04:45:11,394] {processor.py:641} INFO - Processing file /home/airflow/.local/lib/python3.7/site-packages/airflow/example_dags/example_branch_python_dop_operator_3.py for tasks to queue
[2023-10-26 04:45:11,396] {logging_mixin.py:115} INFO - [2023-10-26 04:45:11,395] {dagbag.py:508} INFO - Filling up the DagBag from /home/airflow/.local/lib/python3.7/site-packages/airflow/example_dags/example_branch_python_dop_operator_3.py
[2023-10-26 04:45:11,412] {processor.py:651} INFO - DAG(s) dict_keys(['example_branch_dop_operator_v3']) retrieved from /home/airflow/.local/lib/python3.7/site-packages/airflow/example_dags/example_branch_python_dop_operator_3.py
[2023-10-26 04:45:11,474] {logging_mixin.py:115} INFO - [2023-10-26 04:45:11,474] {dag.py:2420} INFO - Sync 1 DAGs
[2023-10-26 04:45:11,545] {logging_mixin.py:115} INFO - [2023-10-26 04:45:11,544] {dag.py:2972} INFO - Setting next_dagrun for example_branch_dop_operator_v3 to 2023-10-26T04:44:00+00:00, run_after=2023-10-26T04:45:00+00:00
[2023-10-26 04:45:11,569] {processor.py:161} INFO - Processing /home/airflow/.local/lib/python3.7/site-packages/airflow/example_dags/example_branch_python_dop_operator_3.py took 0.181 seconds
[2023-10-26 04:45:43,245] {processor.py:153} INFO - Started process (PID=885) to work on /home/airflow/.local/lib/python3.7/site-packages/airflow/example_dags/example_branch_python_dop_operator_3.py
[2023-10-26 04:45:43,250] {processor.py:641} INFO - Processing file /home/airflow/.local/lib/python3.7/site-packages/airflow/example_dags/example_branch_python_dop_operator_3.py for tasks to queue
[2023-10-26 04:45:43,254] {logging_mixin.py:115} INFO - [2023-10-26 04:45:43,253] {dagbag.py:508} INFO - Filling up the DagBag from /home/airflow/.local/lib/python3.7/site-packages/airflow/example_dags/example_branch_python_dop_operator_3.py
[2023-10-26 04:45:43,285] {processor.py:651} INFO - DAG(s) dict_keys(['example_branch_dop_operator_v3']) retrieved from /home/airflow/.local/lib/python3.7/site-packages/airflow/example_dags/example_branch_python_dop_operator_3.py
[2023-10-26 04:45:43,355] {logging_mixin.py:115} INFO - [2023-10-26 04:45:43,354] {dag.py:2420} INFO - Sync 1 DAGs
[2023-10-26 04:45:43,444] {logging_mixin.py:115} INFO - [2023-10-26 04:45:43,444] {dag.py:2972} INFO - Setting next_dagrun for example_branch_dop_operator_v3 to 2023-10-26T04:44:00+00:00, run_after=2023-10-26T04:45:00+00:00
[2023-10-26 04:45:43,489] {processor.py:161} INFO - Processing /home/airflow/.local/lib/python3.7/site-packages/airflow/example_dags/example_branch_python_dop_operator_3.py took 0.261 seconds
[2023-10-26 04:46:13,666] {processor.py:153} INFO - Started process (PID=941) to work on /home/airflow/.local/lib/python3.7/site-packages/airflow/example_dags/example_branch_python_dop_operator_3.py
[2023-10-26 04:46:13,668] {processor.py:641} INFO - Processing file /home/airflow/.local/lib/python3.7/site-packages/airflow/example_dags/example_branch_python_dop_operator_3.py for tasks to queue
[2023-10-26 04:46:13,671] {logging_mixin.py:115} INFO - [2023-10-26 04:46:13,671] {dagbag.py:508} INFO - Filling up the DagBag from /home/airflow/.local/lib/python3.7/site-packages/airflow/example_dags/example_branch_python_dop_operator_3.py
[2023-10-26 04:46:13,693] {processor.py:651} INFO - DAG(s) dict_keys(['example_branch_dop_operator_v3']) retrieved from /home/airflow/.local/lib/python3.7/site-packages/airflow/example_dags/example_branch_python_dop_operator_3.py
[2023-10-26 04:46:13,740] {logging_mixin.py:115} INFO - [2023-10-26 04:46:13,739] {dag.py:2420} INFO - Sync 1 DAGs
[2023-10-26 04:46:13,825] {logging_mixin.py:115} INFO - [2023-10-26 04:46:13,825] {dag.py:2972} INFO - Setting next_dagrun for example_branch_dop_operator_v3 to 2023-10-26T04:45:00+00:00, run_after=2023-10-26T04:46:00+00:00
[2023-10-26 04:46:13,850] {processor.py:161} INFO - Processing /home/airflow/.local/lib/python3.7/site-packages/airflow/example_dags/example_branch_python_dop_operator_3.py took 0.189 seconds
[2023-10-26 04:46:44,047] {processor.py:153} INFO - Started process (PID=998) to work on /home/airflow/.local/lib/python3.7/site-packages/airflow/example_dags/example_branch_python_dop_operator_3.py
[2023-10-26 04:46:44,048] {processor.py:641} INFO - Processing file /home/airflow/.local/lib/python3.7/site-packages/airflow/example_dags/example_branch_python_dop_operator_3.py for tasks to queue
[2023-10-26 04:46:44,051] {logging_mixin.py:115} INFO - [2023-10-26 04:46:44,050] {dagbag.py:508} INFO - Filling up the DagBag from /home/airflow/.local/lib/python3.7/site-packages/airflow/example_dags/example_branch_python_dop_operator_3.py
[2023-10-26 04:46:44,066] {processor.py:651} INFO - DAG(s) dict_keys(['example_branch_dop_operator_v3']) retrieved from /home/airflow/.local/lib/python3.7/site-packages/airflow/example_dags/example_branch_python_dop_operator_3.py
[2023-10-26 04:46:44,139] {logging_mixin.py:115} INFO - [2023-10-26 04:46:44,139] {dag.py:2420} INFO - Sync 1 DAGs
[2023-10-26 04:46:44,198] {logging_mixin.py:115} INFO - [2023-10-26 04:46:44,198] {dag.py:2972} INFO - Setting next_dagrun for example_branch_dop_operator_v3 to 2023-10-26T04:45:00+00:00, run_after=2023-10-26T04:46:00+00:00
[2023-10-26 04:46:44,225] {processor.py:161} INFO - Processing /home/airflow/.local/lib/python3.7/site-packages/airflow/example_dags/example_branch_python_dop_operator_3.py took 0.183 seconds
[2023-10-26 04:47:14,856] {processor.py:153} INFO - Started process (PID=1055) to work on /home/airflow/.local/lib/python3.7/site-packages/airflow/example_dags/example_branch_python_dop_operator_3.py
[2023-10-26 04:47:14,857] {processor.py:641} INFO - Processing file /home/airflow/.local/lib/python3.7/site-packages/airflow/example_dags/example_branch_python_dop_operator_3.py for tasks to queue
[2023-10-26 04:47:14,859] {logging_mixin.py:115} INFO - [2023-10-26 04:47:14,859] {dagbag.py:508} INFO - Filling up the DagBag from /home/airflow/.local/lib/python3.7/site-packages/airflow/example_dags/example_branch_python_dop_operator_3.py
[2023-10-26 04:47:14,883] {processor.py:651} INFO - DAG(s) dict_keys(['example_branch_dop_operator_v3']) retrieved from /home/airflow/.local/lib/python3.7/site-packages/airflow/example_dags/example_branch_python_dop_operator_3.py
[2023-10-26 04:47:14,939] {logging_mixin.py:115} INFO - [2023-10-26 04:47:14,939] {dag.py:2420} INFO - Sync 1 DAGs
[2023-10-26 04:47:15,020] {logging_mixin.py:115} INFO - [2023-10-26 04:47:15,020] {dag.py:2972} INFO - Setting next_dagrun for example_branch_dop_operator_v3 to 2023-10-26T04:46:00+00:00, run_after=2023-10-26T04:47:00+00:00
[2023-10-26 04:47:15,047] {processor.py:161} INFO - Processing /home/airflow/.local/lib/python3.7/site-packages/airflow/example_dags/example_branch_python_dop_operator_3.py took 0.198 seconds
[2023-10-26 04:47:45,637] {processor.py:153} INFO - Started process (PID=1121) to work on /home/airflow/.local/lib/python3.7/site-packages/airflow/example_dags/example_branch_python_dop_operator_3.py
[2023-10-26 04:47:45,639] {processor.py:641} INFO - Processing file /home/airflow/.local/lib/python3.7/site-packages/airflow/example_dags/example_branch_python_dop_operator_3.py for tasks to queue
[2023-10-26 04:47:45,642] {logging_mixin.py:115} INFO - [2023-10-26 04:47:45,641] {dagbag.py:508} INFO - Filling up the DagBag from /home/airflow/.local/lib/python3.7/site-packages/airflow/example_dags/example_branch_python_dop_operator_3.py
[2023-10-26 04:47:45,662] {processor.py:651} INFO - DAG(s) dict_keys(['example_branch_dop_operator_v3']) retrieved from /home/airflow/.local/lib/python3.7/site-packages/airflow/example_dags/example_branch_python_dop_operator_3.py
[2023-10-26 04:47:45,709] {logging_mixin.py:115} INFO - [2023-10-26 04:47:45,708] {dag.py:2420} INFO - Sync 1 DAGs
[2023-10-26 04:47:45,836] {logging_mixin.py:115} INFO - [2023-10-26 04:47:45,836] {dag.py:2972} INFO - Setting next_dagrun for example_branch_dop_operator_v3 to 2023-10-26T04:46:00+00:00, run_after=2023-10-26T04:47:00+00:00
[2023-10-26 04:47:45,872] {processor.py:161} INFO - Processing /home/airflow/.local/lib/python3.7/site-packages/airflow/example_dags/example_branch_python_dop_operator_3.py took 0.243 seconds
[2023-10-26 04:48:15,997] {processor.py:153} INFO - Started process (PID=1178) to work on /home/airflow/.local/lib/python3.7/site-packages/airflow/example_dags/example_branch_python_dop_operator_3.py
[2023-10-26 04:48:15,999] {processor.py:641} INFO - Processing file /home/airflow/.local/lib/python3.7/site-packages/airflow/example_dags/example_branch_python_dop_operator_3.py for tasks to queue
[2023-10-26 04:48:16,001] {logging_mixin.py:115} INFO - [2023-10-26 04:48:16,000] {dagbag.py:508} INFO - Filling up the DagBag from /home/airflow/.local/lib/python3.7/site-packages/airflow/example_dags/example_branch_python_dop_operator_3.py
[2023-10-26 04:48:16,022] {processor.py:651} INFO - DAG(s) dict_keys(['example_branch_dop_operator_v3']) retrieved from /home/airflow/.local/lib/python3.7/site-packages/airflow/example_dags/example_branch_python_dop_operator_3.py
[2023-10-26 04:48:16,074] {logging_mixin.py:115} INFO - [2023-10-26 04:48:16,074] {dag.py:2420} INFO - Sync 1 DAGs
[2023-10-26 04:48:16,163] {logging_mixin.py:115} INFO - [2023-10-26 04:48:16,162] {dag.py:2972} INFO - Setting next_dagrun for example_branch_dop_operator_v3 to 2023-10-26T04:47:00+00:00, run_after=2023-10-26T04:48:00+00:00
[2023-10-26 04:48:16,186] {processor.py:161} INFO - Processing /home/airflow/.local/lib/python3.7/site-packages/airflow/example_dags/example_branch_python_dop_operator_3.py took 0.194 seconds
[2023-10-26 04:48:46,677] {processor.py:153} INFO - Started process (PID=1235) to work on /home/airflow/.local/lib/python3.7/site-packages/airflow/example_dags/example_branch_python_dop_operator_3.py
[2023-10-26 04:48:46,679] {processor.py:641} INFO - Processing file /home/airflow/.local/lib/python3.7/site-packages/airflow/example_dags/example_branch_python_dop_operator_3.py for tasks to queue
[2023-10-26 04:48:46,681] {logging_mixin.py:115} INFO - [2023-10-26 04:48:46,680] {dagbag.py:508} INFO - Filling up the DagBag from /home/airflow/.local/lib/python3.7/site-packages/airflow/example_dags/example_branch_python_dop_operator_3.py
[2023-10-26 04:48:46,697] {processor.py:651} INFO - DAG(s) dict_keys(['example_branch_dop_operator_v3']) retrieved from /home/airflow/.local/lib/python3.7/site-packages/airflow/example_dags/example_branch_python_dop_operator_3.py
[2023-10-26 04:48:46,757] {logging_mixin.py:115} INFO - [2023-10-26 04:48:46,757] {dag.py:2420} INFO - Sync 1 DAGs
[2023-10-26 04:48:46,834] {logging_mixin.py:115} INFO - [2023-10-26 04:48:46,834] {dag.py:2972} INFO - Setting next_dagrun for example_branch_dop_operator_v3 to 2023-10-26T04:47:00+00:00, run_after=2023-10-26T04:48:00+00:00
[2023-10-26 04:48:46,859] {processor.py:161} INFO - Processing /home/airflow/.local/lib/python3.7/site-packages/airflow/example_dags/example_branch_python_dop_operator_3.py took 0.187 seconds
[2023-10-26 04:49:17,453] {processor.py:153} INFO - Started process (PID=1301) to work on /home/airflow/.local/lib/python3.7/site-packages/airflow/example_dags/example_branch_python_dop_operator_3.py
[2023-10-26 04:49:17,455] {processor.py:641} INFO - Processing file /home/airflow/.local/lib/python3.7/site-packages/airflow/example_dags/example_branch_python_dop_operator_3.py for tasks to queue
[2023-10-26 04:49:17,457] {logging_mixin.py:115} INFO - [2023-10-26 04:49:17,456] {dagbag.py:508} INFO - Filling up the DagBag from /home/airflow/.local/lib/python3.7/site-packages/airflow/example_dags/example_branch_python_dop_operator_3.py
[2023-10-26 04:49:17,476] {processor.py:651} INFO - DAG(s) dict_keys(['example_branch_dop_operator_v3']) retrieved from /home/airflow/.local/lib/python3.7/site-packages/airflow/example_dags/example_branch_python_dop_operator_3.py
[2023-10-26 04:49:17,520] {logging_mixin.py:115} INFO - [2023-10-26 04:49:17,520] {dag.py:2420} INFO - Sync 1 DAGs
[2023-10-26 04:49:17,610] {logging_mixin.py:115} INFO - [2023-10-26 04:49:17,610] {dag.py:2972} INFO - Setting next_dagrun for example_branch_dop_operator_v3 to 2023-10-26T04:48:00+00:00, run_after=2023-10-26T04:49:00+00:00
[2023-10-26 04:49:17,653] {processor.py:161} INFO - Processing /home/airflow/.local/lib/python3.7/site-packages/airflow/example_dags/example_branch_python_dop_operator_3.py took 0.206 seconds
[2023-10-26 04:49:48,428] {processor.py:153} INFO - Started process (PID=1358) to work on /home/airflow/.local/lib/python3.7/site-packages/airflow/example_dags/example_branch_python_dop_operator_3.py
[2023-10-26 04:49:48,430] {processor.py:641} INFO - Processing file /home/airflow/.local/lib/python3.7/site-packages/airflow/example_dags/example_branch_python_dop_operator_3.py for tasks to queue
[2023-10-26 04:49:48,433] {logging_mixin.py:115} INFO - [2023-10-26 04:49:48,433] {dagbag.py:508} INFO - Filling up the DagBag from /home/airflow/.local/lib/python3.7/site-packages/airflow/example_dags/example_branch_python_dop_operator_3.py
[2023-10-26 04:49:48,462] {processor.py:651} INFO - DAG(s) dict_keys(['example_branch_dop_operator_v3']) retrieved from /home/airflow/.local/lib/python3.7/site-packages/airflow/example_dags/example_branch_python_dop_operator_3.py
[2023-10-26 04:49:48,541] {logging_mixin.py:115} INFO - [2023-10-26 04:49:48,541] {dag.py:2420} INFO - Sync 1 DAGs
[2023-10-26 04:49:48,644] {logging_mixin.py:115} INFO - [2023-10-26 04:49:48,643] {dag.py:2972} INFO - Setting next_dagrun for example_branch_dop_operator_v3 to 2023-10-26T04:48:00+00:00, run_after=2023-10-26T04:49:00+00:00
[2023-10-26 04:49:48,678] {processor.py:161} INFO - Processing /home/airflow/.local/lib/python3.7/site-packages/airflow/example_dags/example_branch_python_dop_operator_3.py took 0.260 seconds
[2023-10-26 04:50:18,957] {processor.py:153} INFO - Started process (PID=1415) to work on /home/airflow/.local/lib/python3.7/site-packages/airflow/example_dags/example_branch_python_dop_operator_3.py
[2023-10-26 04:50:18,959] {processor.py:641} INFO - Processing file /home/airflow/.local/lib/python3.7/site-packages/airflow/example_dags/example_branch_python_dop_operator_3.py for tasks to queue
[2023-10-26 04:50:18,961] {logging_mixin.py:115} INFO - [2023-10-26 04:50:18,961] {dagbag.py:508} INFO - Filling up the DagBag from /home/airflow/.local/lib/python3.7/site-packages/airflow/example_dags/example_branch_python_dop_operator_3.py
[2023-10-26 04:50:18,979] {processor.py:651} INFO - DAG(s) dict_keys(['example_branch_dop_operator_v3']) retrieved from /home/airflow/.local/lib/python3.7/site-packages/airflow/example_dags/example_branch_python_dop_operator_3.py
[2023-10-26 04:50:19,039] {logging_mixin.py:115} INFO - [2023-10-26 04:50:19,038] {dag.py:2420} INFO - Sync 1 DAGs
[2023-10-26 04:50:19,160] {logging_mixin.py:115} INFO - [2023-10-26 04:50:19,160] {dag.py:2972} INFO - Setting next_dagrun for example_branch_dop_operator_v3 to 2023-10-26T04:49:00+00:00, run_after=2023-10-26T04:50:00+00:00
[2023-10-26 04:50:19,192] {processor.py:161} INFO - Processing /home/airflow/.local/lib/python3.7/site-packages/airflow/example_dags/example_branch_python_dop_operator_3.py took 0.242 seconds
[2023-10-26 04:50:49,291] {processor.py:153} INFO - Started process (PID=1472) to work on /home/airflow/.local/lib/python3.7/site-packages/airflow/example_dags/example_branch_python_dop_operator_3.py
[2023-10-26 04:50:49,292] {processor.py:641} INFO - Processing file /home/airflow/.local/lib/python3.7/site-packages/airflow/example_dags/example_branch_python_dop_operator_3.py for tasks to queue
[2023-10-26 04:50:49,294] {logging_mixin.py:115} INFO - [2023-10-26 04:50:49,294] {dagbag.py:508} INFO - Filling up the DagBag from /home/airflow/.local/lib/python3.7/site-packages/airflow/example_dags/example_branch_python_dop_operator_3.py
[2023-10-26 04:50:49,309] {processor.py:651} INFO - DAG(s) dict_keys(['example_branch_dop_operator_v3']) retrieved from /home/airflow/.local/lib/python3.7/site-packages/airflow/example_dags/example_branch_python_dop_operator_3.py
[2023-10-26 04:50:49,352] {logging_mixin.py:115} INFO - [2023-10-26 04:50:49,352] {dag.py:2420} INFO - Sync 1 DAGs
[2023-10-26 04:50:49,410] {logging_mixin.py:115} INFO - [2023-10-26 04:50:49,410] {dag.py:2972} INFO - Setting next_dagrun for example_branch_dop_operator_v3 to 2023-10-26T04:49:00+00:00, run_after=2023-10-26T04:50:00+00:00
[2023-10-26 04:50:49,447] {processor.py:161} INFO - Processing /home/airflow/.local/lib/python3.7/site-packages/airflow/example_dags/example_branch_python_dop_operator_3.py took 0.160 seconds
