[2023-10-26 04:38:58,547] {processor.py:153} INFO - Started process (PID=105) to work on /home/airflow/.local/lib/python3.7/site-packages/airflow/example_dags/example_trigger_target_dag.py
[2023-10-26 04:38:58,550] {processor.py:641} INFO - Processing file /home/airflow/.local/lib/python3.7/site-packages/airflow/example_dags/example_trigger_target_dag.py for tasks to queue
[2023-10-26 04:38:58,553] {logging_mixin.py:115} INFO - [2023-10-26 04:38:58,552] {dagbag.py:508} INFO - Filling up the DagBag from /home/airflow/.local/lib/python3.7/site-packages/airflow/example_dags/example_trigger_target_dag.py
[2023-10-26 04:38:58,701] {processor.py:651} INFO - DAG(s) dict_keys(['example_trigger_target_dag']) retrieved from /home/airflow/.local/lib/python3.7/site-packages/airflow/example_dags/example_trigger_target_dag.py
[2023-10-26 04:38:58,899] {logging_mixin.py:115} INFO - [2023-10-26 04:38:58,897] {dag.py:2420} INFO - Sync 1 DAGs
[2023-10-26 04:38:59,003] {logging_mixin.py:115} INFO - [2023-10-26 04:38:59,002] {dag.py:2972} INFO - Setting next_dagrun for example_trigger_target_dag to None, run_after=None
[2023-10-26 04:38:59,081] {processor.py:161} INFO - Processing /home/airflow/.local/lib/python3.7/site-packages/airflow/example_dags/example_trigger_target_dag.py took 0.552 seconds
[2023-10-26 04:39:29,661] {processor.py:153} INFO - Started process (PID=161) to work on /home/airflow/.local/lib/python3.7/site-packages/airflow/example_dags/example_trigger_target_dag.py
[2023-10-26 04:39:29,663] {processor.py:641} INFO - Processing file /home/airflow/.local/lib/python3.7/site-packages/airflow/example_dags/example_trigger_target_dag.py for tasks to queue
[2023-10-26 04:39:29,664] {logging_mixin.py:115} INFO - [2023-10-26 04:39:29,664] {dagbag.py:508} INFO - Filling up the DagBag from /home/airflow/.local/lib/python3.7/site-packages/airflow/example_dags/example_trigger_target_dag.py
[2023-10-26 04:39:29,686] {processor.py:651} INFO - DAG(s) dict_keys(['example_trigger_target_dag']) retrieved from /home/airflow/.local/lib/python3.7/site-packages/airflow/example_dags/example_trigger_target_dag.py
[2023-10-26 04:39:29,729] {logging_mixin.py:115} INFO - [2023-10-26 04:39:29,729] {dag.py:2420} INFO - Sync 1 DAGs
[2023-10-26 04:39:29,798] {logging_mixin.py:115} INFO - [2023-10-26 04:39:29,798] {dag.py:2972} INFO - Setting next_dagrun for example_trigger_target_dag to None, run_after=None
[2023-10-26 04:39:29,831] {processor.py:161} INFO - Processing /home/airflow/.local/lib/python3.7/site-packages/airflow/example_dags/example_trigger_target_dag.py took 0.173 seconds
[2023-10-26 04:40:00,242] {processor.py:153} INFO - Started process (PID=218) to work on /home/airflow/.local/lib/python3.7/site-packages/airflow/example_dags/example_trigger_target_dag.py
[2023-10-26 04:40:00,243] {processor.py:641} INFO - Processing file /home/airflow/.local/lib/python3.7/site-packages/airflow/example_dags/example_trigger_target_dag.py for tasks to queue
[2023-10-26 04:40:00,245] {logging_mixin.py:115} INFO - [2023-10-26 04:40:00,245] {dagbag.py:508} INFO - Filling up the DagBag from /home/airflow/.local/lib/python3.7/site-packages/airflow/example_dags/example_trigger_target_dag.py
[2023-10-26 04:40:00,271] {processor.py:651} INFO - DAG(s) dict_keys(['example_trigger_target_dag']) retrieved from /home/airflow/.local/lib/python3.7/site-packages/airflow/example_dags/example_trigger_target_dag.py
[2023-10-26 04:40:00,316] {logging_mixin.py:115} INFO - [2023-10-26 04:40:00,316] {dag.py:2420} INFO - Sync 1 DAGs
[2023-10-26 04:40:00,372] {logging_mixin.py:115} INFO - [2023-10-26 04:40:00,372] {dag.py:2972} INFO - Setting next_dagrun for example_trigger_target_dag to None, run_after=None
[2023-10-26 04:40:00,408] {processor.py:161} INFO - Processing /home/airflow/.local/lib/python3.7/site-packages/airflow/example_dags/example_trigger_target_dag.py took 0.170 seconds
[2023-10-26 04:40:31,357] {processor.py:153} INFO - Started process (PID=275) to work on /home/airflow/.local/lib/python3.7/site-packages/airflow/example_dags/example_trigger_target_dag.py
[2023-10-26 04:40:31,359] {processor.py:641} INFO - Processing file /home/airflow/.local/lib/python3.7/site-packages/airflow/example_dags/example_trigger_target_dag.py for tasks to queue
[2023-10-26 04:40:31,361] {logging_mixin.py:115} INFO - [2023-10-26 04:40:31,361] {dagbag.py:508} INFO - Filling up the DagBag from /home/airflow/.local/lib/python3.7/site-packages/airflow/example_dags/example_trigger_target_dag.py
[2023-10-26 04:40:31,403] {processor.py:651} INFO - DAG(s) dict_keys(['example_trigger_target_dag']) retrieved from /home/airflow/.local/lib/python3.7/site-packages/airflow/example_dags/example_trigger_target_dag.py
[2023-10-26 04:40:31,473] {logging_mixin.py:115} INFO - [2023-10-26 04:40:31,473] {dag.py:2420} INFO - Sync 1 DAGs
[2023-10-26 04:40:31,539] {logging_mixin.py:115} INFO - [2023-10-26 04:40:31,539] {dag.py:2972} INFO - Setting next_dagrun for example_trigger_target_dag to None, run_after=None
[2023-10-26 04:40:31,594] {processor.py:161} INFO - Processing /home/airflow/.local/lib/python3.7/site-packages/airflow/example_dags/example_trigger_target_dag.py took 0.244 seconds
[2023-10-26 04:41:02,523] {processor.py:153} INFO - Started process (PID=341) to work on /home/airflow/.local/lib/python3.7/site-packages/airflow/example_dags/example_trigger_target_dag.py
[2023-10-26 04:41:02,524] {processor.py:641} INFO - Processing file /home/airflow/.local/lib/python3.7/site-packages/airflow/example_dags/example_trigger_target_dag.py for tasks to queue
[2023-10-26 04:41:02,526] {logging_mixin.py:115} INFO - [2023-10-26 04:41:02,526] {dagbag.py:508} INFO - Filling up the DagBag from /home/airflow/.local/lib/python3.7/site-packages/airflow/example_dags/example_trigger_target_dag.py
[2023-10-26 04:41:02,553] {processor.py:651} INFO - DAG(s) dict_keys(['example_trigger_target_dag']) retrieved from /home/airflow/.local/lib/python3.7/site-packages/airflow/example_dags/example_trigger_target_dag.py
[2023-10-26 04:41:02,623] {logging_mixin.py:115} INFO - [2023-10-26 04:41:02,623] {dag.py:2420} INFO - Sync 1 DAGs
[2023-10-26 04:41:02,675] {logging_mixin.py:115} INFO - [2023-10-26 04:41:02,675] {dag.py:2972} INFO - Setting next_dagrun for example_trigger_target_dag to None, run_after=None
[2023-10-26 04:41:02,706] {processor.py:161} INFO - Processing /home/airflow/.local/lib/python3.7/site-packages/airflow/example_dags/example_trigger_target_dag.py took 0.188 seconds
[2023-10-26 04:41:33,477] {processor.py:153} INFO - Started process (PID=398) to work on /home/airflow/.local/lib/python3.7/site-packages/airflow/example_dags/example_trigger_target_dag.py
[2023-10-26 04:41:33,480] {processor.py:641} INFO - Processing file /home/airflow/.local/lib/python3.7/site-packages/airflow/example_dags/example_trigger_target_dag.py for tasks to queue
[2023-10-26 04:41:33,483] {logging_mixin.py:115} INFO - [2023-10-26 04:41:33,482] {dagbag.py:508} INFO - Filling up the DagBag from /home/airflow/.local/lib/python3.7/site-packages/airflow/example_dags/example_trigger_target_dag.py
[2023-10-26 04:41:33,528] {processor.py:651} INFO - DAG(s) dict_keys(['example_trigger_target_dag']) retrieved from /home/airflow/.local/lib/python3.7/site-packages/airflow/example_dags/example_trigger_target_dag.py
[2023-10-26 04:41:33,585] {logging_mixin.py:115} INFO - [2023-10-26 04:41:33,584] {dag.py:2420} INFO - Sync 1 DAGs
[2023-10-26 04:41:33,628] {logging_mixin.py:115} INFO - [2023-10-26 04:41:33,628] {dag.py:2972} INFO - Setting next_dagrun for example_trigger_target_dag to None, run_after=None
[2023-10-26 04:41:33,654] {processor.py:161} INFO - Processing /home/airflow/.local/lib/python3.7/site-packages/airflow/example_dags/example_trigger_target_dag.py took 0.180 seconds
[2023-10-26 04:42:04,123] {processor.py:153} INFO - Started process (PID=455) to work on /home/airflow/.local/lib/python3.7/site-packages/airflow/example_dags/example_trigger_target_dag.py
[2023-10-26 04:42:04,124] {processor.py:641} INFO - Processing file /home/airflow/.local/lib/python3.7/site-packages/airflow/example_dags/example_trigger_target_dag.py for tasks to queue
[2023-10-26 04:42:04,126] {logging_mixin.py:115} INFO - [2023-10-26 04:42:04,126] {dagbag.py:508} INFO - Filling up the DagBag from /home/airflow/.local/lib/python3.7/site-packages/airflow/example_dags/example_trigger_target_dag.py
[2023-10-26 04:42:04,158] {processor.py:651} INFO - DAG(s) dict_keys(['example_trigger_target_dag']) retrieved from /home/airflow/.local/lib/python3.7/site-packages/airflow/example_dags/example_trigger_target_dag.py
[2023-10-26 04:42:04,204] {logging_mixin.py:115} INFO - [2023-10-26 04:42:04,204] {dag.py:2420} INFO - Sync 1 DAGs
[2023-10-26 04:42:04,268] {logging_mixin.py:115} INFO - [2023-10-26 04:42:04,267] {dag.py:2972} INFO - Setting next_dagrun for example_trigger_target_dag to None, run_after=None
[2023-10-26 04:42:04,294] {processor.py:161} INFO - Processing /home/airflow/.local/lib/python3.7/site-packages/airflow/example_dags/example_trigger_target_dag.py took 0.177 seconds
[2023-10-26 04:42:35,160] {processor.py:153} INFO - Started process (PID=521) to work on /home/airflow/.local/lib/python3.7/site-packages/airflow/example_dags/example_trigger_target_dag.py
[2023-10-26 04:42:35,162] {processor.py:641} INFO - Processing file /home/airflow/.local/lib/python3.7/site-packages/airflow/example_dags/example_trigger_target_dag.py for tasks to queue
[2023-10-26 04:42:35,164] {logging_mixin.py:115} INFO - [2023-10-26 04:42:35,163] {dagbag.py:508} INFO - Filling up the DagBag from /home/airflow/.local/lib/python3.7/site-packages/airflow/example_dags/example_trigger_target_dag.py
[2023-10-26 04:42:35,198] {processor.py:651} INFO - DAG(s) dict_keys(['example_trigger_target_dag']) retrieved from /home/airflow/.local/lib/python3.7/site-packages/airflow/example_dags/example_trigger_target_dag.py
[2023-10-26 04:42:35,263] {logging_mixin.py:115} INFO - [2023-10-26 04:42:35,263] {dag.py:2420} INFO - Sync 1 DAGs
[2023-10-26 04:42:35,318] {logging_mixin.py:115} INFO - [2023-10-26 04:42:35,317] {dag.py:2972} INFO - Setting next_dagrun for example_trigger_target_dag to None, run_after=None
[2023-10-26 04:42:35,356] {processor.py:161} INFO - Processing /home/airflow/.local/lib/python3.7/site-packages/airflow/example_dags/example_trigger_target_dag.py took 0.201 seconds
[2023-10-26 04:43:06,555] {processor.py:153} INFO - Started process (PID=578) to work on /home/airflow/.local/lib/python3.7/site-packages/airflow/example_dags/example_trigger_target_dag.py
[2023-10-26 04:43:06,556] {processor.py:641} INFO - Processing file /home/airflow/.local/lib/python3.7/site-packages/airflow/example_dags/example_trigger_target_dag.py for tasks to queue
[2023-10-26 04:43:06,558] {logging_mixin.py:115} INFO - [2023-10-26 04:43:06,558] {dagbag.py:508} INFO - Filling up the DagBag from /home/airflow/.local/lib/python3.7/site-packages/airflow/example_dags/example_trigger_target_dag.py
[2023-10-26 04:43:06,582] {processor.py:651} INFO - DAG(s) dict_keys(['example_trigger_target_dag']) retrieved from /home/airflow/.local/lib/python3.7/site-packages/airflow/example_dags/example_trigger_target_dag.py
[2023-10-26 04:43:06,639] {logging_mixin.py:115} INFO - [2023-10-26 04:43:06,638] {dag.py:2420} INFO - Sync 1 DAGs
[2023-10-26 04:43:06,704] {logging_mixin.py:115} INFO - [2023-10-26 04:43:06,704] {dag.py:2972} INFO - Setting next_dagrun for example_trigger_target_dag to None, run_after=None
[2023-10-26 04:43:06,731] {processor.py:161} INFO - Processing /home/airflow/.local/lib/python3.7/site-packages/airflow/example_dags/example_trigger_target_dag.py took 0.182 seconds
[2023-10-26 04:43:37,722] {processor.py:153} INFO - Started process (PID=635) to work on /home/airflow/.local/lib/python3.7/site-packages/airflow/example_dags/example_trigger_target_dag.py
[2023-10-26 04:43:37,724] {processor.py:641} INFO - Processing file /home/airflow/.local/lib/python3.7/site-packages/airflow/example_dags/example_trigger_target_dag.py for tasks to queue
[2023-10-26 04:43:37,725] {logging_mixin.py:115} INFO - [2023-10-26 04:43:37,725] {dagbag.py:508} INFO - Filling up the DagBag from /home/airflow/.local/lib/python3.7/site-packages/airflow/example_dags/example_trigger_target_dag.py
[2023-10-26 04:43:37,755] {processor.py:651} INFO - DAG(s) dict_keys(['example_trigger_target_dag']) retrieved from /home/airflow/.local/lib/python3.7/site-packages/airflow/example_dags/example_trigger_target_dag.py
[2023-10-26 04:43:37,817] {logging_mixin.py:115} INFO - [2023-10-26 04:43:37,816] {dag.py:2420} INFO - Sync 1 DAGs
[2023-10-26 04:43:37,870] {logging_mixin.py:115} INFO - [2023-10-26 04:43:37,870] {dag.py:2972} INFO - Setting next_dagrun for example_trigger_target_dag to None, run_after=None
[2023-10-26 04:43:37,905] {processor.py:161} INFO - Processing /home/airflow/.local/lib/python3.7/site-packages/airflow/example_dags/example_trigger_target_dag.py took 0.186 seconds
[2023-10-26 04:44:08,067] {processor.py:153} INFO - Started process (PID=700) to work on /home/airflow/.local/lib/python3.7/site-packages/airflow/example_dags/example_trigger_target_dag.py
[2023-10-26 04:44:08,069] {processor.py:641} INFO - Processing file /home/airflow/.local/lib/python3.7/site-packages/airflow/example_dags/example_trigger_target_dag.py for tasks to queue
[2023-10-26 04:44:08,071] {logging_mixin.py:115} INFO - [2023-10-26 04:44:08,071] {dagbag.py:508} INFO - Filling up the DagBag from /home/airflow/.local/lib/python3.7/site-packages/airflow/example_dags/example_trigger_target_dag.py
[2023-10-26 04:44:08,102] {processor.py:651} INFO - DAG(s) dict_keys(['example_trigger_target_dag']) retrieved from /home/airflow/.local/lib/python3.7/site-packages/airflow/example_dags/example_trigger_target_dag.py
[2023-10-26 04:44:08,164] {logging_mixin.py:115} INFO - [2023-10-26 04:44:08,163] {dag.py:2420} INFO - Sync 1 DAGs
[2023-10-26 04:44:08,215] {logging_mixin.py:115} INFO - [2023-10-26 04:44:08,215] {dag.py:2972} INFO - Setting next_dagrun for example_trigger_target_dag to None, run_after=None
[2023-10-26 04:44:08,243] {processor.py:161} INFO - Processing /home/airflow/.local/lib/python3.7/site-packages/airflow/example_dags/example_trigger_target_dag.py took 0.184 seconds
[2023-10-26 04:44:38,323] {processor.py:153} INFO - Started process (PID=756) to work on /home/airflow/.local/lib/python3.7/site-packages/airflow/example_dags/example_trigger_target_dag.py
[2023-10-26 04:44:38,325] {processor.py:641} INFO - Processing file /home/airflow/.local/lib/python3.7/site-packages/airflow/example_dags/example_trigger_target_dag.py for tasks to queue
[2023-10-26 04:44:38,328] {logging_mixin.py:115} INFO - [2023-10-26 04:44:38,327] {dagbag.py:508} INFO - Filling up the DagBag from /home/airflow/.local/lib/python3.7/site-packages/airflow/example_dags/example_trigger_target_dag.py
[2023-10-26 04:44:38,382] {processor.py:651} INFO - DAG(s) dict_keys(['example_trigger_target_dag']) retrieved from /home/airflow/.local/lib/python3.7/site-packages/airflow/example_dags/example_trigger_target_dag.py
[2023-10-26 04:44:38,437] {logging_mixin.py:115} INFO - [2023-10-26 04:44:38,437] {dag.py:2420} INFO - Sync 1 DAGs
[2023-10-26 04:44:38,479] {logging_mixin.py:115} INFO - [2023-10-26 04:44:38,478] {dag.py:2972} INFO - Setting next_dagrun for example_trigger_target_dag to None, run_after=None
[2023-10-26 04:44:38,527] {processor.py:161} INFO - Processing /home/airflow/.local/lib/python3.7/site-packages/airflow/example_dags/example_trigger_target_dag.py took 0.211 seconds
[2023-10-26 04:45:09,368] {processor.py:153} INFO - Started process (PID=813) to work on /home/airflow/.local/lib/python3.7/site-packages/airflow/example_dags/example_trigger_target_dag.py
[2023-10-26 04:45:09,370] {processor.py:641} INFO - Processing file /home/airflow/.local/lib/python3.7/site-packages/airflow/example_dags/example_trigger_target_dag.py for tasks to queue
[2023-10-26 04:45:09,371] {logging_mixin.py:115} INFO - [2023-10-26 04:45:09,371] {dagbag.py:508} INFO - Filling up the DagBag from /home/airflow/.local/lib/python3.7/site-packages/airflow/example_dags/example_trigger_target_dag.py
[2023-10-26 04:45:09,398] {processor.py:651} INFO - DAG(s) dict_keys(['example_trigger_target_dag']) retrieved from /home/airflow/.local/lib/python3.7/site-packages/airflow/example_dags/example_trigger_target_dag.py
[2023-10-26 04:45:09,450] {logging_mixin.py:115} INFO - [2023-10-26 04:45:09,450] {dag.py:2420} INFO - Sync 1 DAGs
[2023-10-26 04:45:09,504] {logging_mixin.py:115} INFO - [2023-10-26 04:45:09,504] {dag.py:2972} INFO - Setting next_dagrun for example_trigger_target_dag to None, run_after=None
[2023-10-26 04:45:09,541] {processor.py:161} INFO - Processing /home/airflow/.local/lib/python3.7/site-packages/airflow/example_dags/example_trigger_target_dag.py took 0.178 seconds
[2023-10-26 04:45:40,189] {processor.py:153} INFO - Started process (PID=870) to work on /home/airflow/.local/lib/python3.7/site-packages/airflow/example_dags/example_trigger_target_dag.py
[2023-10-26 04:45:40,191] {processor.py:641} INFO - Processing file /home/airflow/.local/lib/python3.7/site-packages/airflow/example_dags/example_trigger_target_dag.py for tasks to queue
[2023-10-26 04:45:40,194] {logging_mixin.py:115} INFO - [2023-10-26 04:45:40,194] {dagbag.py:508} INFO - Filling up the DagBag from /home/airflow/.local/lib/python3.7/site-packages/airflow/example_dags/example_trigger_target_dag.py
[2023-10-26 04:45:40,233] {processor.py:651} INFO - DAG(s) dict_keys(['example_trigger_target_dag']) retrieved from /home/airflow/.local/lib/python3.7/site-packages/airflow/example_dags/example_trigger_target_dag.py
[2023-10-26 04:45:40,316] {logging_mixin.py:115} INFO - [2023-10-26 04:45:40,316] {dag.py:2420} INFO - Sync 1 DAGs
[2023-10-26 04:45:40,372] {logging_mixin.py:115} INFO - [2023-10-26 04:45:40,372] {dag.py:2972} INFO - Setting next_dagrun for example_trigger_target_dag to None, run_after=None
[2023-10-26 04:45:40,413] {processor.py:161} INFO - Processing /home/airflow/.local/lib/python3.7/site-packages/airflow/example_dags/example_trigger_target_dag.py took 0.229 seconds
[2023-10-26 04:46:10,905] {processor.py:153} INFO - Started process (PID=936) to work on /home/airflow/.local/lib/python3.7/site-packages/airflow/example_dags/example_trigger_target_dag.py
[2023-10-26 04:46:10,907] {processor.py:641} INFO - Processing file /home/airflow/.local/lib/python3.7/site-packages/airflow/example_dags/example_trigger_target_dag.py for tasks to queue
[2023-10-26 04:46:10,909] {logging_mixin.py:115} INFO - [2023-10-26 04:46:10,908] {dagbag.py:508} INFO - Filling up the DagBag from /home/airflow/.local/lib/python3.7/site-packages/airflow/example_dags/example_trigger_target_dag.py
[2023-10-26 04:46:10,941] {processor.py:651} INFO - DAG(s) dict_keys(['example_trigger_target_dag']) retrieved from /home/airflow/.local/lib/python3.7/site-packages/airflow/example_dags/example_trigger_target_dag.py
[2023-10-26 04:46:10,997] {logging_mixin.py:115} INFO - [2023-10-26 04:46:10,997] {dag.py:2420} INFO - Sync 1 DAGs
[2023-10-26 04:46:11,068] {logging_mixin.py:115} INFO - [2023-10-26 04:46:11,068] {dag.py:2972} INFO - Setting next_dagrun for example_trigger_target_dag to None, run_after=None
[2023-10-26 04:46:11,109] {processor.py:161} INFO - Processing /home/airflow/.local/lib/python3.7/site-packages/airflow/example_dags/example_trigger_target_dag.py took 0.209 seconds
[2023-10-26 04:46:41,456] {processor.py:153} INFO - Started process (PID=994) to work on /home/airflow/.local/lib/python3.7/site-packages/airflow/example_dags/example_trigger_target_dag.py
[2023-10-26 04:46:41,458] {processor.py:641} INFO - Processing file /home/airflow/.local/lib/python3.7/site-packages/airflow/example_dags/example_trigger_target_dag.py for tasks to queue
[2023-10-26 04:46:41,459] {logging_mixin.py:115} INFO - [2023-10-26 04:46:41,459] {dagbag.py:508} INFO - Filling up the DagBag from /home/airflow/.local/lib/python3.7/site-packages/airflow/example_dags/example_trigger_target_dag.py
[2023-10-26 04:46:41,489] {processor.py:651} INFO - DAG(s) dict_keys(['example_trigger_target_dag']) retrieved from /home/airflow/.local/lib/python3.7/site-packages/airflow/example_dags/example_trigger_target_dag.py
[2023-10-26 04:46:41,555] {logging_mixin.py:115} INFO - [2023-10-26 04:46:41,555] {dag.py:2420} INFO - Sync 1 DAGs
[2023-10-26 04:46:41,605] {logging_mixin.py:115} INFO - [2023-10-26 04:46:41,605] {dag.py:2972} INFO - Setting next_dagrun for example_trigger_target_dag to None, run_after=None
[2023-10-26 04:46:41,630] {processor.py:161} INFO - Processing /home/airflow/.local/lib/python3.7/site-packages/airflow/example_dags/example_trigger_target_dag.py took 0.179 seconds
[2023-10-26 04:47:12,097] {processor.py:153} INFO - Started process (PID=1051) to work on /home/airflow/.local/lib/python3.7/site-packages/airflow/example_dags/example_trigger_target_dag.py
[2023-10-26 04:47:12,099] {processor.py:641} INFO - Processing file /home/airflow/.local/lib/python3.7/site-packages/airflow/example_dags/example_trigger_target_dag.py for tasks to queue
[2023-10-26 04:47:12,101] {logging_mixin.py:115} INFO - [2023-10-26 04:47:12,101] {dagbag.py:508} INFO - Filling up the DagBag from /home/airflow/.local/lib/python3.7/site-packages/airflow/example_dags/example_trigger_target_dag.py
[2023-10-26 04:47:12,144] {processor.py:651} INFO - DAG(s) dict_keys(['example_trigger_target_dag']) retrieved from /home/airflow/.local/lib/python3.7/site-packages/airflow/example_dags/example_trigger_target_dag.py
[2023-10-26 04:47:12,218] {logging_mixin.py:115} INFO - [2023-10-26 04:47:12,217] {dag.py:2420} INFO - Sync 1 DAGs
[2023-10-26 04:47:12,257] {logging_mixin.py:115} INFO - [2023-10-26 04:47:12,257] {dag.py:2972} INFO - Setting next_dagrun for example_trigger_target_dag to None, run_after=None
[2023-10-26 04:47:12,304] {processor.py:161} INFO - Processing /home/airflow/.local/lib/python3.7/site-packages/airflow/example_dags/example_trigger_target_dag.py took 0.215 seconds
[2023-10-26 04:47:42,943] {processor.py:153} INFO - Started process (PID=1115) to work on /home/airflow/.local/lib/python3.7/site-packages/airflow/example_dags/example_trigger_target_dag.py
[2023-10-26 04:47:42,945] {processor.py:641} INFO - Processing file /home/airflow/.local/lib/python3.7/site-packages/airflow/example_dags/example_trigger_target_dag.py for tasks to queue
[2023-10-26 04:47:42,947] {logging_mixin.py:115} INFO - [2023-10-26 04:47:42,947] {dagbag.py:508} INFO - Filling up the DagBag from /home/airflow/.local/lib/python3.7/site-packages/airflow/example_dags/example_trigger_target_dag.py
[2023-10-26 04:47:42,994] {processor.py:651} INFO - DAG(s) dict_keys(['example_trigger_target_dag']) retrieved from /home/airflow/.local/lib/python3.7/site-packages/airflow/example_dags/example_trigger_target_dag.py
[2023-10-26 04:47:43,067] {logging_mixin.py:115} INFO - [2023-10-26 04:47:43,066] {dag.py:2420} INFO - Sync 1 DAGs
[2023-10-26 04:47:43,125] {logging_mixin.py:115} INFO - [2023-10-26 04:47:43,125] {dag.py:2972} INFO - Setting next_dagrun for example_trigger_target_dag to None, run_after=None
[2023-10-26 04:47:43,163] {processor.py:161} INFO - Processing /home/airflow/.local/lib/python3.7/site-packages/airflow/example_dags/example_trigger_target_dag.py took 0.227 seconds
[2023-10-26 04:48:13,387] {processor.py:153} INFO - Started process (PID=1174) to work on /home/airflow/.local/lib/python3.7/site-packages/airflow/example_dags/example_trigger_target_dag.py
[2023-10-26 04:48:13,389] {processor.py:641} INFO - Processing file /home/airflow/.local/lib/python3.7/site-packages/airflow/example_dags/example_trigger_target_dag.py for tasks to queue
[2023-10-26 04:48:13,391] {logging_mixin.py:115} INFO - [2023-10-26 04:48:13,391] {dagbag.py:508} INFO - Filling up the DagBag from /home/airflow/.local/lib/python3.7/site-packages/airflow/example_dags/example_trigger_target_dag.py
[2023-10-26 04:48:13,429] {processor.py:651} INFO - DAG(s) dict_keys(['example_trigger_target_dag']) retrieved from /home/airflow/.local/lib/python3.7/site-packages/airflow/example_dags/example_trigger_target_dag.py
[2023-10-26 04:48:13,489] {logging_mixin.py:115} INFO - [2023-10-26 04:48:13,489] {dag.py:2420} INFO - Sync 1 DAGs
[2023-10-26 04:48:13,538] {logging_mixin.py:115} INFO - [2023-10-26 04:48:13,538] {dag.py:2972} INFO - Setting next_dagrun for example_trigger_target_dag to None, run_after=None
[2023-10-26 04:48:13,573] {processor.py:161} INFO - Processing /home/airflow/.local/lib/python3.7/site-packages/airflow/example_dags/example_trigger_target_dag.py took 0.192 seconds
[2023-10-26 04:48:44,155] {processor.py:153} INFO - Started process (PID=1231) to work on /home/airflow/.local/lib/python3.7/site-packages/airflow/example_dags/example_trigger_target_dag.py
[2023-10-26 04:48:44,158] {processor.py:641} INFO - Processing file /home/airflow/.local/lib/python3.7/site-packages/airflow/example_dags/example_trigger_target_dag.py for tasks to queue
[2023-10-26 04:48:44,160] {logging_mixin.py:115} INFO - [2023-10-26 04:48:44,160] {dagbag.py:508} INFO - Filling up the DagBag from /home/airflow/.local/lib/python3.7/site-packages/airflow/example_dags/example_trigger_target_dag.py
[2023-10-26 04:48:44,199] {processor.py:651} INFO - DAG(s) dict_keys(['example_trigger_target_dag']) retrieved from /home/airflow/.local/lib/python3.7/site-packages/airflow/example_dags/example_trigger_target_dag.py
[2023-10-26 04:48:44,267] {logging_mixin.py:115} INFO - [2023-10-26 04:48:44,267] {dag.py:2420} INFO - Sync 1 DAGs
[2023-10-26 04:48:44,306] {logging_mixin.py:115} INFO - [2023-10-26 04:48:44,306] {dag.py:2972} INFO - Setting next_dagrun for example_trigger_target_dag to None, run_after=None
[2023-10-26 04:48:44,342] {processor.py:161} INFO - Processing /home/airflow/.local/lib/python3.7/site-packages/airflow/example_dags/example_trigger_target_dag.py took 0.193 seconds
[2023-10-26 04:49:14,750] {processor.py:153} INFO - Started process (PID=1288) to work on /home/airflow/.local/lib/python3.7/site-packages/airflow/example_dags/example_trigger_target_dag.py
[2023-10-26 04:49:14,752] {processor.py:641} INFO - Processing file /home/airflow/.local/lib/python3.7/site-packages/airflow/example_dags/example_trigger_target_dag.py for tasks to queue
[2023-10-26 04:49:14,755] {logging_mixin.py:115} INFO - [2023-10-26 04:49:14,755] {dagbag.py:508} INFO - Filling up the DagBag from /home/airflow/.local/lib/python3.7/site-packages/airflow/example_dags/example_trigger_target_dag.py
[2023-10-26 04:49:14,831] {processor.py:651} INFO - DAG(s) dict_keys(['example_trigger_target_dag']) retrieved from /home/airflow/.local/lib/python3.7/site-packages/airflow/example_dags/example_trigger_target_dag.py
[2023-10-26 04:49:14,963] {logging_mixin.py:115} INFO - [2023-10-26 04:49:14,963] {dag.py:2420} INFO - Sync 1 DAGs
[2023-10-26 04:49:15,011] {logging_mixin.py:115} INFO - [2023-10-26 04:49:15,011] {dag.py:2972} INFO - Setting next_dagrun for example_trigger_target_dag to None, run_after=None
[2023-10-26 04:49:15,043] {processor.py:161} INFO - Processing /home/airflow/.local/lib/python3.7/site-packages/airflow/example_dags/example_trigger_target_dag.py took 0.298 seconds
[2023-10-26 04:49:45,413] {processor.py:153} INFO - Started process (PID=1354) to work on /home/airflow/.local/lib/python3.7/site-packages/airflow/example_dags/example_trigger_target_dag.py
[2023-10-26 04:49:45,415] {processor.py:641} INFO - Processing file /home/airflow/.local/lib/python3.7/site-packages/airflow/example_dags/example_trigger_target_dag.py for tasks to queue
[2023-10-26 04:49:45,417] {logging_mixin.py:115} INFO - [2023-10-26 04:49:45,417] {dagbag.py:508} INFO - Filling up the DagBag from /home/airflow/.local/lib/python3.7/site-packages/airflow/example_dags/example_trigger_target_dag.py
[2023-10-26 04:49:45,469] {processor.py:651} INFO - DAG(s) dict_keys(['example_trigger_target_dag']) retrieved from /home/airflow/.local/lib/python3.7/site-packages/airflow/example_dags/example_trigger_target_dag.py
[2023-10-26 04:49:45,579] {logging_mixin.py:115} INFO - [2023-10-26 04:49:45,579] {dag.py:2420} INFO - Sync 1 DAGs
[2023-10-26 04:49:45,708] {logging_mixin.py:115} INFO - [2023-10-26 04:49:45,708] {dag.py:2972} INFO - Setting next_dagrun for example_trigger_target_dag to None, run_after=None
[2023-10-26 04:49:45,813] {processor.py:161} INFO - Processing /home/airflow/.local/lib/python3.7/site-packages/airflow/example_dags/example_trigger_target_dag.py took 0.412 seconds
[2023-10-26 04:50:15,975] {processor.py:153} INFO - Started process (PID=1410) to work on /home/airflow/.local/lib/python3.7/site-packages/airflow/example_dags/example_trigger_target_dag.py
[2023-10-26 04:50:15,976] {processor.py:641} INFO - Processing file /home/airflow/.local/lib/python3.7/site-packages/airflow/example_dags/example_trigger_target_dag.py for tasks to queue
[2023-10-26 04:50:15,978] {logging_mixin.py:115} INFO - [2023-10-26 04:50:15,978] {dagbag.py:508} INFO - Filling up the DagBag from /home/airflow/.local/lib/python3.7/site-packages/airflow/example_dags/example_trigger_target_dag.py
[2023-10-26 04:50:16,009] {processor.py:651} INFO - DAG(s) dict_keys(['example_trigger_target_dag']) retrieved from /home/airflow/.local/lib/python3.7/site-packages/airflow/example_dags/example_trigger_target_dag.py
[2023-10-26 04:50:16,062] {logging_mixin.py:115} INFO - [2023-10-26 04:50:16,061] {dag.py:2420} INFO - Sync 1 DAGs
[2023-10-26 04:50:16,110] {logging_mixin.py:115} INFO - [2023-10-26 04:50:16,110] {dag.py:2972} INFO - Setting next_dagrun for example_trigger_target_dag to None, run_after=None
[2023-10-26 04:50:16,140] {processor.py:161} INFO - Processing /home/airflow/.local/lib/python3.7/site-packages/airflow/example_dags/example_trigger_target_dag.py took 0.170 seconds
[2023-10-26 04:50:46,702] {processor.py:153} INFO - Started process (PID=1468) to work on /home/airflow/.local/lib/python3.7/site-packages/airflow/example_dags/example_trigger_target_dag.py
[2023-10-26 04:50:46,703] {processor.py:641} INFO - Processing file /home/airflow/.local/lib/python3.7/site-packages/airflow/example_dags/example_trigger_target_dag.py for tasks to queue
[2023-10-26 04:50:46,705] {logging_mixin.py:115} INFO - [2023-10-26 04:50:46,705] {dagbag.py:508} INFO - Filling up the DagBag from /home/airflow/.local/lib/python3.7/site-packages/airflow/example_dags/example_trigger_target_dag.py
[2023-10-26 04:50:46,739] {processor.py:651} INFO - DAG(s) dict_keys(['example_trigger_target_dag']) retrieved from /home/airflow/.local/lib/python3.7/site-packages/airflow/example_dags/example_trigger_target_dag.py
[2023-10-26 04:50:46,797] {logging_mixin.py:115} INFO - [2023-10-26 04:50:46,796] {dag.py:2420} INFO - Sync 1 DAGs
[2023-10-26 04:50:46,857] {logging_mixin.py:115} INFO - [2023-10-26 04:50:46,857] {dag.py:2972} INFO - Setting next_dagrun for example_trigger_target_dag to None, run_after=None
[2023-10-26 04:50:46,901] {processor.py:161} INFO - Processing /home/airflow/.local/lib/python3.7/site-packages/airflow/example_dags/example_trigger_target_dag.py took 0.205 seconds
