[2023-10-26 04:38:53,649] {processor.py:153} INFO - Started process (PID=79) to work on /home/airflow/.local/lib/python3.7/site-packages/airflow/example_dags/example_task_group.py
[2023-10-26 04:38:53,654] {processor.py:641} INFO - Processing file /home/airflow/.local/lib/python3.7/site-packages/airflow/example_dags/example_task_group.py for tasks to queue
[2023-10-26 04:38:53,657] {logging_mixin.py:115} INFO - [2023-10-26 04:38:53,657] {dagbag.py:508} INFO - Filling up the DagBag from /home/airflow/.local/lib/python3.7/site-packages/airflow/example_dags/example_task_group.py
[2023-10-26 04:38:53,676] {processor.py:651} INFO - DAG(s) dict_keys(['example_task_group']) retrieved from /home/airflow/.local/lib/python3.7/site-packages/airflow/example_dags/example_task_group.py
[2023-10-26 04:38:53,761] {logging_mixin.py:115} INFO - [2023-10-26 04:38:53,761] {dag.py:2420} INFO - Sync 1 DAGs
[2023-10-26 04:38:53,831] {logging_mixin.py:115} INFO - [2023-10-26 04:38:53,830] {dag.py:2972} INFO - Setting next_dagrun for example_task_group to 2023-10-25T04:38:53.830400+00:00, run_after=2023-10-26T04:38:53.830400+00:00
[2023-10-26 04:38:53,871] {processor.py:161} INFO - Processing /home/airflow/.local/lib/python3.7/site-packages/airflow/example_dags/example_task_group.py took 0.229 seconds
[2023-10-26 04:39:24,281] {processor.py:153} INFO - Started process (PID=134) to work on /home/airflow/.local/lib/python3.7/site-packages/airflow/example_dags/example_task_group.py
[2023-10-26 04:39:24,283] {processor.py:641} INFO - Processing file /home/airflow/.local/lib/python3.7/site-packages/airflow/example_dags/example_task_group.py for tasks to queue
[2023-10-26 04:39:24,285] {logging_mixin.py:115} INFO - [2023-10-26 04:39:24,285] {dagbag.py:508} INFO - Filling up the DagBag from /home/airflow/.local/lib/python3.7/site-packages/airflow/example_dags/example_task_group.py
[2023-10-26 04:39:24,299] {processor.py:651} INFO - DAG(s) dict_keys(['example_task_group']) retrieved from /home/airflow/.local/lib/python3.7/site-packages/airflow/example_dags/example_task_group.py
[2023-10-26 04:39:24,361] {logging_mixin.py:115} INFO - [2023-10-26 04:39:24,361] {dag.py:2420} INFO - Sync 1 DAGs
[2023-10-26 04:39:24,463] {logging_mixin.py:115} INFO - [2023-10-26 04:39:24,463] {dag.py:2972} INFO - Setting next_dagrun for example_task_group to 2023-10-25T04:39:24.462818+00:00, run_after=2023-10-26T04:39:24.462818+00:00
[2023-10-26 04:39:24,509] {processor.py:161} INFO - Processing /home/airflow/.local/lib/python3.7/site-packages/airflow/example_dags/example_task_group.py took 0.234 seconds
[2023-10-26 04:39:54,997] {processor.py:153} INFO - Started process (PID=199) to work on /home/airflow/.local/lib/python3.7/site-packages/airflow/example_dags/example_task_group.py
[2023-10-26 04:39:54,998] {processor.py:641} INFO - Processing file /home/airflow/.local/lib/python3.7/site-packages/airflow/example_dags/example_task_group.py for tasks to queue
[2023-10-26 04:39:55,000] {logging_mixin.py:115} INFO - [2023-10-26 04:39:55,000] {dagbag.py:508} INFO - Filling up the DagBag from /home/airflow/.local/lib/python3.7/site-packages/airflow/example_dags/example_task_group.py
[2023-10-26 04:39:55,017] {processor.py:651} INFO - DAG(s) dict_keys(['example_task_group']) retrieved from /home/airflow/.local/lib/python3.7/site-packages/airflow/example_dags/example_task_group.py
[2023-10-26 04:39:55,064] {logging_mixin.py:115} INFO - [2023-10-26 04:39:55,064] {dag.py:2420} INFO - Sync 1 DAGs
[2023-10-26 04:39:55,129] {logging_mixin.py:115} INFO - [2023-10-26 04:39:55,129] {dag.py:2972} INFO - Setting next_dagrun for example_task_group to 2023-10-25T04:39:55.129102+00:00, run_after=2023-10-26T04:39:55.129102+00:00
[2023-10-26 04:39:55,164] {processor.py:161} INFO - Processing /home/airflow/.local/lib/python3.7/site-packages/airflow/example_dags/example_task_group.py took 0.173 seconds
[2023-10-26 04:40:25,467] {processor.py:153} INFO - Started process (PID=256) to work on /home/airflow/.local/lib/python3.7/site-packages/airflow/example_dags/example_task_group.py
[2023-10-26 04:40:25,469] {processor.py:641} INFO - Processing file /home/airflow/.local/lib/python3.7/site-packages/airflow/example_dags/example_task_group.py for tasks to queue
[2023-10-26 04:40:25,471] {logging_mixin.py:115} INFO - [2023-10-26 04:40:25,471] {dagbag.py:508} INFO - Filling up the DagBag from /home/airflow/.local/lib/python3.7/site-packages/airflow/example_dags/example_task_group.py
[2023-10-26 04:40:25,492] {processor.py:651} INFO - DAG(s) dict_keys(['example_task_group']) retrieved from /home/airflow/.local/lib/python3.7/site-packages/airflow/example_dags/example_task_group.py
[2023-10-26 04:40:25,580] {logging_mixin.py:115} INFO - [2023-10-26 04:40:25,580] {dag.py:2420} INFO - Sync 1 DAGs
[2023-10-26 04:40:25,685] {logging_mixin.py:115} INFO - [2023-10-26 04:40:25,685] {dag.py:2972} INFO - Setting next_dagrun for example_task_group to 2023-10-25T04:40:25.684976+00:00, run_after=2023-10-26T04:40:25.684976+00:00
[2023-10-26 04:40:25,730] {processor.py:161} INFO - Processing /home/airflow/.local/lib/python3.7/site-packages/airflow/example_dags/example_task_group.py took 0.269 seconds
[2023-10-26 04:40:56,159] {processor.py:153} INFO - Started process (PID=313) to work on /home/airflow/.local/lib/python3.7/site-packages/airflow/example_dags/example_task_group.py
[2023-10-26 04:40:56,161] {processor.py:641} INFO - Processing file /home/airflow/.local/lib/python3.7/site-packages/airflow/example_dags/example_task_group.py for tasks to queue
[2023-10-26 04:40:56,163] {logging_mixin.py:115} INFO - [2023-10-26 04:40:56,162] {dagbag.py:508} INFO - Filling up the DagBag from /home/airflow/.local/lib/python3.7/site-packages/airflow/example_dags/example_task_group.py
[2023-10-26 04:40:56,176] {processor.py:651} INFO - DAG(s) dict_keys(['example_task_group']) retrieved from /home/airflow/.local/lib/python3.7/site-packages/airflow/example_dags/example_task_group.py
[2023-10-26 04:40:56,247] {logging_mixin.py:115} INFO - [2023-10-26 04:40:56,247] {dag.py:2420} INFO - Sync 1 DAGs
[2023-10-26 04:40:56,302] {logging_mixin.py:115} INFO - [2023-10-26 04:40:56,302] {dag.py:2972} INFO - Setting next_dagrun for example_task_group to 2023-10-25T04:40:56.301967+00:00, run_after=2023-10-26T04:40:56.301967+00:00
[2023-10-26 04:40:56,327] {processor.py:161} INFO - Processing /home/airflow/.local/lib/python3.7/site-packages/airflow/example_dags/example_task_group.py took 0.173 seconds
[2023-10-26 04:41:26,567] {processor.py:153} INFO - Started process (PID=370) to work on /home/airflow/.local/lib/python3.7/site-packages/airflow/example_dags/example_task_group.py
[2023-10-26 04:41:26,569] {processor.py:641} INFO - Processing file /home/airflow/.local/lib/python3.7/site-packages/airflow/example_dags/example_task_group.py for tasks to queue
[2023-10-26 04:41:26,570] {logging_mixin.py:115} INFO - [2023-10-26 04:41:26,570] {dagbag.py:508} INFO - Filling up the DagBag from /home/airflow/.local/lib/python3.7/site-packages/airflow/example_dags/example_task_group.py
[2023-10-26 04:41:26,583] {processor.py:651} INFO - DAG(s) dict_keys(['example_task_group']) retrieved from /home/airflow/.local/lib/python3.7/site-packages/airflow/example_dags/example_task_group.py
[2023-10-26 04:41:26,652] {logging_mixin.py:115} INFO - [2023-10-26 04:41:26,652] {dag.py:2420} INFO - Sync 1 DAGs
[2023-10-26 04:41:26,738] {logging_mixin.py:115} INFO - [2023-10-26 04:41:26,738] {dag.py:2972} INFO - Setting next_dagrun for example_task_group to 2023-10-25T04:41:26.736025+00:00, run_after=2023-10-26T04:41:26.736025+00:00
[2023-10-26 04:41:26,819] {processor.py:161} INFO - Processing /home/airflow/.local/lib/python3.7/site-packages/airflow/example_dags/example_task_group.py took 0.259 seconds
[2023-10-26 04:41:57,058] {processor.py:153} INFO - Started process (PID=436) to work on /home/airflow/.local/lib/python3.7/site-packages/airflow/example_dags/example_task_group.py
[2023-10-26 04:41:57,060] {processor.py:641} INFO - Processing file /home/airflow/.local/lib/python3.7/site-packages/airflow/example_dags/example_task_group.py for tasks to queue
[2023-10-26 04:41:57,062] {logging_mixin.py:115} INFO - [2023-10-26 04:41:57,062] {dagbag.py:508} INFO - Filling up the DagBag from /home/airflow/.local/lib/python3.7/site-packages/airflow/example_dags/example_task_group.py
[2023-10-26 04:41:57,074] {processor.py:651} INFO - DAG(s) dict_keys(['example_task_group']) retrieved from /home/airflow/.local/lib/python3.7/site-packages/airflow/example_dags/example_task_group.py
[2023-10-26 04:41:57,131] {logging_mixin.py:115} INFO - [2023-10-26 04:41:57,131] {dag.py:2420} INFO - Sync 1 DAGs
[2023-10-26 04:41:57,200] {logging_mixin.py:115} INFO - [2023-10-26 04:41:57,200] {dag.py:2972} INFO - Setting next_dagrun for example_task_group to 2023-10-25T04:41:57.199668+00:00, run_after=2023-10-26T04:41:57.199668+00:00
[2023-10-26 04:41:57,235] {processor.py:161} INFO - Processing /home/airflow/.local/lib/python3.7/site-packages/airflow/example_dags/example_task_group.py took 0.181 seconds
[2023-10-26 04:42:27,464] {processor.py:153} INFO - Started process (PID=493) to work on /home/airflow/.local/lib/python3.7/site-packages/airflow/example_dags/example_task_group.py
[2023-10-26 04:42:27,466] {processor.py:641} INFO - Processing file /home/airflow/.local/lib/python3.7/site-packages/airflow/example_dags/example_task_group.py for tasks to queue
[2023-10-26 04:42:27,467] {logging_mixin.py:115} INFO - [2023-10-26 04:42:27,467] {dagbag.py:508} INFO - Filling up the DagBag from /home/airflow/.local/lib/python3.7/site-packages/airflow/example_dags/example_task_group.py
[2023-10-26 04:42:27,477] {processor.py:651} INFO - DAG(s) dict_keys(['example_task_group']) retrieved from /home/airflow/.local/lib/python3.7/site-packages/airflow/example_dags/example_task_group.py
[2023-10-26 04:42:27,528] {logging_mixin.py:115} INFO - [2023-10-26 04:42:27,528] {dag.py:2420} INFO - Sync 1 DAGs
[2023-10-26 04:42:27,578] {logging_mixin.py:115} INFO - [2023-10-26 04:42:27,577] {dag.py:2972} INFO - Setting next_dagrun for example_task_group to 2023-10-25T04:42:27.577474+00:00, run_after=2023-10-26T04:42:27.577474+00:00
[2023-10-26 04:42:27,618] {processor.py:161} INFO - Processing /home/airflow/.local/lib/python3.7/site-packages/airflow/example_dags/example_task_group.py took 0.158 seconds
[2023-10-26 04:42:57,933] {processor.py:153} INFO - Started process (PID=550) to work on /home/airflow/.local/lib/python3.7/site-packages/airflow/example_dags/example_task_group.py
[2023-10-26 04:42:57,935] {processor.py:641} INFO - Processing file /home/airflow/.local/lib/python3.7/site-packages/airflow/example_dags/example_task_group.py for tasks to queue
[2023-10-26 04:42:57,937] {logging_mixin.py:115} INFO - [2023-10-26 04:42:57,937] {dagbag.py:508} INFO - Filling up the DagBag from /home/airflow/.local/lib/python3.7/site-packages/airflow/example_dags/example_task_group.py
[2023-10-26 04:42:57,952] {processor.py:651} INFO - DAG(s) dict_keys(['example_task_group']) retrieved from /home/airflow/.local/lib/python3.7/site-packages/airflow/example_dags/example_task_group.py
[2023-10-26 04:42:58,009] {logging_mixin.py:115} INFO - [2023-10-26 04:42:58,009] {dag.py:2420} INFO - Sync 1 DAGs
[2023-10-26 04:42:58,061] {logging_mixin.py:115} INFO - [2023-10-26 04:42:58,060] {dag.py:2972} INFO - Setting next_dagrun for example_task_group to 2023-10-25T04:42:58.060462+00:00, run_after=2023-10-26T04:42:58.060462+00:00
[2023-10-26 04:42:58,101] {processor.py:161} INFO - Processing /home/airflow/.local/lib/python3.7/site-packages/airflow/example_dags/example_task_group.py took 0.179 seconds
[2023-10-26 04:43:28,887] {processor.py:153} INFO - Started process (PID=616) to work on /home/airflow/.local/lib/python3.7/site-packages/airflow/example_dags/example_task_group.py
[2023-10-26 04:43:28,889] {processor.py:641} INFO - Processing file /home/airflow/.local/lib/python3.7/site-packages/airflow/example_dags/example_task_group.py for tasks to queue
[2023-10-26 04:43:28,892] {logging_mixin.py:115} INFO - [2023-10-26 04:43:28,891] {dagbag.py:508} INFO - Filling up the DagBag from /home/airflow/.local/lib/python3.7/site-packages/airflow/example_dags/example_task_group.py
[2023-10-26 04:43:28,909] {processor.py:651} INFO - DAG(s) dict_keys(['example_task_group']) retrieved from /home/airflow/.local/lib/python3.7/site-packages/airflow/example_dags/example_task_group.py
[2023-10-26 04:43:28,972] {logging_mixin.py:115} INFO - [2023-10-26 04:43:28,972] {dag.py:2420} INFO - Sync 1 DAGs
[2023-10-26 04:43:29,036] {logging_mixin.py:115} INFO - [2023-10-26 04:43:29,036] {dag.py:2972} INFO - Setting next_dagrun for example_task_group to 2023-10-25T04:43:29.036274+00:00, run_after=2023-10-26T04:43:29.036274+00:00
[2023-10-26 04:43:29,065] {processor.py:161} INFO - Processing /home/airflow/.local/lib/python3.7/site-packages/airflow/example_dags/example_task_group.py took 0.184 seconds
[2023-10-26 04:43:59,376] {processor.py:153} INFO - Started process (PID=673) to work on /home/airflow/.local/lib/python3.7/site-packages/airflow/example_dags/example_task_group.py
[2023-10-26 04:43:59,378] {processor.py:641} INFO - Processing file /home/airflow/.local/lib/python3.7/site-packages/airflow/example_dags/example_task_group.py for tasks to queue
[2023-10-26 04:43:59,379] {logging_mixin.py:115} INFO - [2023-10-26 04:43:59,379] {dagbag.py:508} INFO - Filling up the DagBag from /home/airflow/.local/lib/python3.7/site-packages/airflow/example_dags/example_task_group.py
[2023-10-26 04:43:59,402] {processor.py:651} INFO - DAG(s) dict_keys(['example_task_group']) retrieved from /home/airflow/.local/lib/python3.7/site-packages/airflow/example_dags/example_task_group.py
[2023-10-26 04:43:59,449] {logging_mixin.py:115} INFO - [2023-10-26 04:43:59,449] {dag.py:2420} INFO - Sync 1 DAGs
[2023-10-26 04:43:59,530] {logging_mixin.py:115} INFO - [2023-10-26 04:43:59,530] {dag.py:2972} INFO - Setting next_dagrun for example_task_group to 2023-10-25T04:43:59.529473+00:00, run_after=2023-10-26T04:43:59.529473+00:00
[2023-10-26 04:43:59,570] {processor.py:161} INFO - Processing /home/airflow/.local/lib/python3.7/site-packages/airflow/example_dags/example_task_group.py took 0.198 seconds
[2023-10-26 04:44:29,632] {processor.py:153} INFO - Started process (PID=729) to work on /home/airflow/.local/lib/python3.7/site-packages/airflow/example_dags/example_task_group.py
[2023-10-26 04:44:29,634] {processor.py:641} INFO - Processing file /home/airflow/.local/lib/python3.7/site-packages/airflow/example_dags/example_task_group.py for tasks to queue
[2023-10-26 04:44:29,637] {logging_mixin.py:115} INFO - [2023-10-26 04:44:29,636] {dagbag.py:508} INFO - Filling up the DagBag from /home/airflow/.local/lib/python3.7/site-packages/airflow/example_dags/example_task_group.py
[2023-10-26 04:44:29,651] {processor.py:651} INFO - DAG(s) dict_keys(['example_task_group']) retrieved from /home/airflow/.local/lib/python3.7/site-packages/airflow/example_dags/example_task_group.py
[2023-10-26 04:44:29,694] {logging_mixin.py:115} INFO - [2023-10-26 04:44:29,694] {dag.py:2420} INFO - Sync 1 DAGs
[2023-10-26 04:44:29,743] {logging_mixin.py:115} INFO - [2023-10-26 04:44:29,743] {dag.py:2972} INFO - Setting next_dagrun for example_task_group to 2023-10-25T04:44:29.742836+00:00, run_after=2023-10-26T04:44:29.742836+00:00
[2023-10-26 04:44:29,789] {processor.py:161} INFO - Processing /home/airflow/.local/lib/python3.7/site-packages/airflow/example_dags/example_task_group.py took 0.162 seconds
[2023-10-26 04:45:01,003] {processor.py:153} INFO - Started process (PID=793) to work on /home/airflow/.local/lib/python3.7/site-packages/airflow/example_dags/example_task_group.py
[2023-10-26 04:45:01,005] {processor.py:641} INFO - Processing file /home/airflow/.local/lib/python3.7/site-packages/airflow/example_dags/example_task_group.py for tasks to queue
[2023-10-26 04:45:01,007] {logging_mixin.py:115} INFO - [2023-10-26 04:45:01,007] {dagbag.py:508} INFO - Filling up the DagBag from /home/airflow/.local/lib/python3.7/site-packages/airflow/example_dags/example_task_group.py
[2023-10-26 04:45:01,028] {processor.py:651} INFO - DAG(s) dict_keys(['example_task_group']) retrieved from /home/airflow/.local/lib/python3.7/site-packages/airflow/example_dags/example_task_group.py
[2023-10-26 04:45:01,093] {logging_mixin.py:115} INFO - [2023-10-26 04:45:01,092] {dag.py:2420} INFO - Sync 1 DAGs
[2023-10-26 04:45:01,167] {logging_mixin.py:115} INFO - [2023-10-26 04:45:01,167] {dag.py:2972} INFO - Setting next_dagrun for example_task_group to 2023-10-25T04:45:01.167326+00:00, run_after=2023-10-26T04:45:01.167326+00:00
[2023-10-26 04:45:01,202] {processor.py:161} INFO - Processing /home/airflow/.local/lib/python3.7/site-packages/airflow/example_dags/example_task_group.py took 0.207 seconds
[2023-10-26 04:45:31,554] {processor.py:153} INFO - Started process (PID=852) to work on /home/airflow/.local/lib/python3.7/site-packages/airflow/example_dags/example_task_group.py
[2023-10-26 04:45:31,555] {processor.py:641} INFO - Processing file /home/airflow/.local/lib/python3.7/site-packages/airflow/example_dags/example_task_group.py for tasks to queue
[2023-10-26 04:45:31,557] {logging_mixin.py:115} INFO - [2023-10-26 04:45:31,557] {dagbag.py:508} INFO - Filling up the DagBag from /home/airflow/.local/lib/python3.7/site-packages/airflow/example_dags/example_task_group.py
[2023-10-26 04:45:31,572] {processor.py:651} INFO - DAG(s) dict_keys(['example_task_group']) retrieved from /home/airflow/.local/lib/python3.7/site-packages/airflow/example_dags/example_task_group.py
[2023-10-26 04:45:31,630] {logging_mixin.py:115} INFO - [2023-10-26 04:45:31,630] {dag.py:2420} INFO - Sync 1 DAGs
[2023-10-26 04:45:31,685] {logging_mixin.py:115} INFO - [2023-10-26 04:45:31,684] {dag.py:2972} INFO - Setting next_dagrun for example_task_group to 2023-10-25T04:45:31.684428+00:00, run_after=2023-10-26T04:45:31.684428+00:00
[2023-10-26 04:45:31,732] {processor.py:161} INFO - Processing /home/airflow/.local/lib/python3.7/site-packages/airflow/example_dags/example_task_group.py took 0.183 seconds
[2023-10-26 04:46:02,217] {processor.py:153} INFO - Started process (PID=910) to work on /home/airflow/.local/lib/python3.7/site-packages/airflow/example_dags/example_task_group.py
[2023-10-26 04:46:02,219] {processor.py:641} INFO - Processing file /home/airflow/.local/lib/python3.7/site-packages/airflow/example_dags/example_task_group.py for tasks to queue
[2023-10-26 04:46:02,220] {logging_mixin.py:115} INFO - [2023-10-26 04:46:02,220] {dagbag.py:508} INFO - Filling up the DagBag from /home/airflow/.local/lib/python3.7/site-packages/airflow/example_dags/example_task_group.py
[2023-10-26 04:46:02,231] {processor.py:651} INFO - DAG(s) dict_keys(['example_task_group']) retrieved from /home/airflow/.local/lib/python3.7/site-packages/airflow/example_dags/example_task_group.py
[2023-10-26 04:46:02,275] {logging_mixin.py:115} INFO - [2023-10-26 04:46:02,275] {dag.py:2420} INFO - Sync 1 DAGs
[2023-10-26 04:46:02,339] {logging_mixin.py:115} INFO - [2023-10-26 04:46:02,339] {dag.py:2972} INFO - Setting next_dagrun for example_task_group to 2023-10-25T04:46:02.339260+00:00, run_after=2023-10-26T04:46:02.339260+00:00
[2023-10-26 04:46:02,378] {processor.py:161} INFO - Processing /home/airflow/.local/lib/python3.7/site-packages/airflow/example_dags/example_task_group.py took 0.166 seconds
[2023-10-26 04:46:33,099] {processor.py:153} INFO - Started process (PID=968) to work on /home/airflow/.local/lib/python3.7/site-packages/airflow/example_dags/example_task_group.py
[2023-10-26 04:46:33,101] {processor.py:641} INFO - Processing file /home/airflow/.local/lib/python3.7/site-packages/airflow/example_dags/example_task_group.py for tasks to queue
[2023-10-26 04:46:33,102] {logging_mixin.py:115} INFO - [2023-10-26 04:46:33,102] {dagbag.py:508} INFO - Filling up the DagBag from /home/airflow/.local/lib/python3.7/site-packages/airflow/example_dags/example_task_group.py
[2023-10-26 04:46:33,114] {processor.py:651} INFO - DAG(s) dict_keys(['example_task_group']) retrieved from /home/airflow/.local/lib/python3.7/site-packages/airflow/example_dags/example_task_group.py
[2023-10-26 04:46:33,159] {logging_mixin.py:115} INFO - [2023-10-26 04:46:33,158] {dag.py:2420} INFO - Sync 1 DAGs
[2023-10-26 04:46:33,223] {logging_mixin.py:115} INFO - [2023-10-26 04:46:33,223] {dag.py:2972} INFO - Setting next_dagrun for example_task_group to 2023-10-25T04:46:33.222691+00:00, run_after=2023-10-26T04:46:33.222691+00:00
[2023-10-26 04:46:33,255] {processor.py:161} INFO - Processing /home/airflow/.local/lib/python3.7/site-packages/airflow/example_dags/example_task_group.py took 0.161 seconds
[2023-10-26 04:47:04,197] {processor.py:153} INFO - Started process (PID=1034) to work on /home/airflow/.local/lib/python3.7/site-packages/airflow/example_dags/example_task_group.py
[2023-10-26 04:47:04,198] {processor.py:641} INFO - Processing file /home/airflow/.local/lib/python3.7/site-packages/airflow/example_dags/example_task_group.py for tasks to queue
[2023-10-26 04:47:04,200] {logging_mixin.py:115} INFO - [2023-10-26 04:47:04,200] {dagbag.py:508} INFO - Filling up the DagBag from /home/airflow/.local/lib/python3.7/site-packages/airflow/example_dags/example_task_group.py
[2023-10-26 04:47:04,211] {processor.py:651} INFO - DAG(s) dict_keys(['example_task_group']) retrieved from /home/airflow/.local/lib/python3.7/site-packages/airflow/example_dags/example_task_group.py
[2023-10-26 04:47:04,258] {logging_mixin.py:115} INFO - [2023-10-26 04:47:04,258] {dag.py:2420} INFO - Sync 1 DAGs
[2023-10-26 04:47:04,310] {logging_mixin.py:115} INFO - [2023-10-26 04:47:04,310] {dag.py:2972} INFO - Setting next_dagrun for example_task_group to 2023-10-25T04:47:04.310238+00:00, run_after=2023-10-26T04:47:04.310238+00:00
[2023-10-26 04:47:04,346] {processor.py:161} INFO - Processing /home/airflow/.local/lib/python3.7/site-packages/airflow/example_dags/example_task_group.py took 0.154 seconds
[2023-10-26 04:47:34,887] {processor.py:153} INFO - Started process (PID=1091) to work on /home/airflow/.local/lib/python3.7/site-packages/airflow/example_dags/example_task_group.py
[2023-10-26 04:47:34,890] {processor.py:641} INFO - Processing file /home/airflow/.local/lib/python3.7/site-packages/airflow/example_dags/example_task_group.py for tasks to queue
[2023-10-26 04:47:34,893] {logging_mixin.py:115} INFO - [2023-10-26 04:47:34,893] {dagbag.py:508} INFO - Filling up the DagBag from /home/airflow/.local/lib/python3.7/site-packages/airflow/example_dags/example_task_group.py
[2023-10-26 04:47:34,912] {processor.py:651} INFO - DAG(s) dict_keys(['example_task_group']) retrieved from /home/airflow/.local/lib/python3.7/site-packages/airflow/example_dags/example_task_group.py
[2023-10-26 04:47:34,978] {logging_mixin.py:115} INFO - [2023-10-26 04:47:34,978] {dag.py:2420} INFO - Sync 1 DAGs
[2023-10-26 04:47:35,039] {logging_mixin.py:115} INFO - [2023-10-26 04:47:35,039] {dag.py:2972} INFO - Setting next_dagrun for example_task_group to 2023-10-25T04:47:35.038749+00:00, run_after=2023-10-26T04:47:35.038749+00:00
[2023-10-26 04:47:35,066] {processor.py:161} INFO - Processing /home/airflow/.local/lib/python3.7/site-packages/airflow/example_dags/example_task_group.py took 0.185 seconds
[2023-10-26 04:48:06,388] {processor.py:153} INFO - Started process (PID=1148) to work on /home/airflow/.local/lib/python3.7/site-packages/airflow/example_dags/example_task_group.py
[2023-10-26 04:48:06,389] {processor.py:641} INFO - Processing file /home/airflow/.local/lib/python3.7/site-packages/airflow/example_dags/example_task_group.py for tasks to queue
[2023-10-26 04:48:06,391] {logging_mixin.py:115} INFO - [2023-10-26 04:48:06,391] {dagbag.py:508} INFO - Filling up the DagBag from /home/airflow/.local/lib/python3.7/site-packages/airflow/example_dags/example_task_group.py
[2023-10-26 04:48:06,401] {processor.py:651} INFO - DAG(s) dict_keys(['example_task_group']) retrieved from /home/airflow/.local/lib/python3.7/site-packages/airflow/example_dags/example_task_group.py
[2023-10-26 04:48:06,496] {logging_mixin.py:115} INFO - [2023-10-26 04:48:06,496] {dag.py:2420} INFO - Sync 1 DAGs
[2023-10-26 04:48:06,543] {logging_mixin.py:115} INFO - [2023-10-26 04:48:06,543] {dag.py:2972} INFO - Setting next_dagrun for example_task_group to 2023-10-25T04:48:06.542951+00:00, run_after=2023-10-26T04:48:06.542951+00:00
[2023-10-26 04:48:06,566] {processor.py:161} INFO - Processing /home/airflow/.local/lib/python3.7/site-packages/airflow/example_dags/example_task_group.py took 0.182 seconds
[2023-10-26 04:48:36,829] {processor.py:153} INFO - Started process (PID=1214) to work on /home/airflow/.local/lib/python3.7/site-packages/airflow/example_dags/example_task_group.py
[2023-10-26 04:48:36,830] {processor.py:641} INFO - Processing file /home/airflow/.local/lib/python3.7/site-packages/airflow/example_dags/example_task_group.py for tasks to queue
[2023-10-26 04:48:36,832] {logging_mixin.py:115} INFO - [2023-10-26 04:48:36,831] {dagbag.py:508} INFO - Filling up the DagBag from /home/airflow/.local/lib/python3.7/site-packages/airflow/example_dags/example_task_group.py
[2023-10-26 04:48:36,844] {processor.py:651} INFO - DAG(s) dict_keys(['example_task_group']) retrieved from /home/airflow/.local/lib/python3.7/site-packages/airflow/example_dags/example_task_group.py
[2023-10-26 04:48:36,892] {logging_mixin.py:115} INFO - [2023-10-26 04:48:36,892] {dag.py:2420} INFO - Sync 1 DAGs
[2023-10-26 04:48:36,964] {logging_mixin.py:115} INFO - [2023-10-26 04:48:36,964] {dag.py:2972} INFO - Setting next_dagrun for example_task_group to 2023-10-25T04:48:36.963894+00:00, run_after=2023-10-26T04:48:36.963894+00:00
[2023-10-26 04:48:37,014] {processor.py:161} INFO - Processing /home/airflow/.local/lib/python3.7/site-packages/airflow/example_dags/example_task_group.py took 0.190 seconds
[2023-10-26 04:49:07,624] {processor.py:153} INFO - Started process (PID=1271) to work on /home/airflow/.local/lib/python3.7/site-packages/airflow/example_dags/example_task_group.py
[2023-10-26 04:49:07,625] {processor.py:641} INFO - Processing file /home/airflow/.local/lib/python3.7/site-packages/airflow/example_dags/example_task_group.py for tasks to queue
[2023-10-26 04:49:07,627] {logging_mixin.py:115} INFO - [2023-10-26 04:49:07,627] {dagbag.py:508} INFO - Filling up the DagBag from /home/airflow/.local/lib/python3.7/site-packages/airflow/example_dags/example_task_group.py
[2023-10-26 04:49:07,637] {processor.py:651} INFO - DAG(s) dict_keys(['example_task_group']) retrieved from /home/airflow/.local/lib/python3.7/site-packages/airflow/example_dags/example_task_group.py
[2023-10-26 04:49:07,678] {logging_mixin.py:115} INFO - [2023-10-26 04:49:07,678] {dag.py:2420} INFO - Sync 1 DAGs
[2023-10-26 04:49:07,730] {logging_mixin.py:115} INFO - [2023-10-26 04:49:07,730] {dag.py:2972} INFO - Setting next_dagrun for example_task_group to 2023-10-25T04:49:07.730160+00:00, run_after=2023-10-26T04:49:07.730160+00:00
[2023-10-26 04:49:07,757] {processor.py:161} INFO - Processing /home/airflow/.local/lib/python3.7/site-packages/airflow/example_dags/example_task_group.py took 0.140 seconds
[2023-10-26 04:49:38,656] {processor.py:153} INFO - Started process (PID=1328) to work on /home/airflow/.local/lib/python3.7/site-packages/airflow/example_dags/example_task_group.py
[2023-10-26 04:49:38,658] {processor.py:641} INFO - Processing file /home/airflow/.local/lib/python3.7/site-packages/airflow/example_dags/example_task_group.py for tasks to queue
[2023-10-26 04:49:38,660] {logging_mixin.py:115} INFO - [2023-10-26 04:49:38,660] {dagbag.py:508} INFO - Filling up the DagBag from /home/airflow/.local/lib/python3.7/site-packages/airflow/example_dags/example_task_group.py
[2023-10-26 04:49:38,694] {processor.py:651} INFO - DAG(s) dict_keys(['example_task_group']) retrieved from /home/airflow/.local/lib/python3.7/site-packages/airflow/example_dags/example_task_group.py
[2023-10-26 04:49:38,791] {logging_mixin.py:115} INFO - [2023-10-26 04:49:38,789] {dag.py:2420} INFO - Sync 1 DAGs
[2023-10-26 04:49:38,895] {logging_mixin.py:115} INFO - [2023-10-26 04:49:38,895] {dag.py:2972} INFO - Setting next_dagrun for example_task_group to 2023-10-25T04:49:38.894695+00:00, run_after=2023-10-26T04:49:38.894695+00:00
[2023-10-26 04:49:38,930] {processor.py:161} INFO - Processing /home/airflow/.local/lib/python3.7/site-packages/airflow/example_dags/example_task_group.py took 0.285 seconds
[2023-10-26 04:50:09,429] {processor.py:153} INFO - Started process (PID=1384) to work on /home/airflow/.local/lib/python3.7/site-packages/airflow/example_dags/example_task_group.py
[2023-10-26 04:50:09,431] {processor.py:641} INFO - Processing file /home/airflow/.local/lib/python3.7/site-packages/airflow/example_dags/example_task_group.py for tasks to queue
[2023-10-26 04:50:09,433] {logging_mixin.py:115} INFO - [2023-10-26 04:50:09,432] {dagbag.py:508} INFO - Filling up the DagBag from /home/airflow/.local/lib/python3.7/site-packages/airflow/example_dags/example_task_group.py
[2023-10-26 04:50:09,446] {processor.py:651} INFO - DAG(s) dict_keys(['example_task_group']) retrieved from /home/airflow/.local/lib/python3.7/site-packages/airflow/example_dags/example_task_group.py
[2023-10-26 04:50:09,493] {logging_mixin.py:115} INFO - [2023-10-26 04:50:09,493] {dag.py:2420} INFO - Sync 1 DAGs
[2023-10-26 04:50:09,542] {logging_mixin.py:115} INFO - [2023-10-26 04:50:09,542] {dag.py:2972} INFO - Setting next_dagrun for example_task_group to 2023-10-25T04:50:09.542110+00:00, run_after=2023-10-26T04:50:09.542110+00:00
[2023-10-26 04:50:09,571] {processor.py:161} INFO - Processing /home/airflow/.local/lib/python3.7/site-packages/airflow/example_dags/example_task_group.py took 0.147 seconds
[2023-10-26 04:50:40,198] {processor.py:153} INFO - Started process (PID=1448) to work on /home/airflow/.local/lib/python3.7/site-packages/airflow/example_dags/example_task_group.py
[2023-10-26 04:50:40,200] {processor.py:641} INFO - Processing file /home/airflow/.local/lib/python3.7/site-packages/airflow/example_dags/example_task_group.py for tasks to queue
[2023-10-26 04:50:40,202] {logging_mixin.py:115} INFO - [2023-10-26 04:50:40,202] {dagbag.py:508} INFO - Filling up the DagBag from /home/airflow/.local/lib/python3.7/site-packages/airflow/example_dags/example_task_group.py
[2023-10-26 04:50:40,227] {processor.py:651} INFO - DAG(s) dict_keys(['example_task_group']) retrieved from /home/airflow/.local/lib/python3.7/site-packages/airflow/example_dags/example_task_group.py
[2023-10-26 04:50:40,302] {logging_mixin.py:115} INFO - [2023-10-26 04:50:40,301] {dag.py:2420} INFO - Sync 1 DAGs
[2023-10-26 04:50:40,380] {logging_mixin.py:115} INFO - [2023-10-26 04:50:40,380] {dag.py:2972} INFO - Setting next_dagrun for example_task_group to 2023-10-25T04:50:40.379740+00:00, run_after=2023-10-26T04:50:40.379740+00:00
[2023-10-26 04:50:40,460] {processor.py:161} INFO - Processing /home/airflow/.local/lib/python3.7/site-packages/airflow/example_dags/example_task_group.py took 0.273 seconds
[2023-10-26 04:51:10,909] {processor.py:153} INFO - Started process (PID=1507) to work on /home/airflow/.local/lib/python3.7/site-packages/airflow/example_dags/example_task_group.py
[2023-10-26 04:51:10,911] {processor.py:641} INFO - Processing file /home/airflow/.local/lib/python3.7/site-packages/airflow/example_dags/example_task_group.py for tasks to queue
[2023-10-26 04:51:10,913] {logging_mixin.py:115} INFO - [2023-10-26 04:51:10,913] {dagbag.py:508} INFO - Filling up the DagBag from /home/airflow/.local/lib/python3.7/site-packages/airflow/example_dags/example_task_group.py
[2023-10-26 04:51:10,928] {processor.py:651} INFO - DAG(s) dict_keys(['example_task_group']) retrieved from /home/airflow/.local/lib/python3.7/site-packages/airflow/example_dags/example_task_group.py
[2023-10-26 04:51:10,987] {logging_mixin.py:115} INFO - [2023-10-26 04:51:10,987] {dag.py:2420} INFO - Sync 1 DAGs
[2023-10-26 04:51:11,076] {logging_mixin.py:115} INFO - [2023-10-26 04:51:11,076] {dag.py:2972} INFO - Setting next_dagrun for example_task_group to 2023-10-25T04:51:11.075450+00:00, run_after=2023-10-26T04:51:11.075450+00:00
[2023-10-26 04:51:11,142] {processor.py:161} INFO - Processing /home/airflow/.local/lib/python3.7/site-packages/airflow/example_dags/example_task_group.py took 0.237 seconds
