[2023-10-26 04:39:00,737] {processor.py:153} INFO - Started process (PID=113) to work on /home/airflow/.local/lib/python3.7/site-packages/airflow/example_dags/example_branch_operator_decorator.py
[2023-10-26 04:39:00,743] {processor.py:641} INFO - Processing file /home/airflow/.local/lib/python3.7/site-packages/airflow/example_dags/example_branch_operator_decorator.py for tasks to queue
[2023-10-26 04:39:00,747] {logging_mixin.py:115} INFO - [2023-10-26 04:39:00,747] {dagbag.py:508} INFO - Filling up the DagBag from /home/airflow/.local/lib/python3.7/site-packages/airflow/example_dags/example_branch_operator_decorator.py
[2023-10-26 04:39:00,825] {processor.py:651} INFO - DAG(s) dict_keys(['example_branch_python_operator_decorator']) retrieved from /home/airflow/.local/lib/python3.7/site-packages/airflow/example_dags/example_branch_operator_decorator.py
[2023-10-26 04:39:00,956] {logging_mixin.py:115} INFO - [2023-10-26 04:39:00,956] {dag.py:2420} INFO - Sync 1 DAGs
[2023-10-26 04:39:01,020] {logging_mixin.py:115} INFO - [2023-10-26 04:39:01,019] {dag.py:2972} INFO - Setting next_dagrun for example_branch_python_operator_decorator to 2023-10-25T00:00:00+00:00, run_after=2023-10-26T00:00:00+00:00
[2023-10-26 04:39:01,060] {processor.py:161} INFO - Processing /home/airflow/.local/lib/python3.7/site-packages/airflow/example_dags/example_branch_operator_decorator.py took 0.331 seconds
[2023-10-26 04:39:31,245] {processor.py:153} INFO - Started process (PID=169) to work on /home/airflow/.local/lib/python3.7/site-packages/airflow/example_dags/example_branch_operator_decorator.py
[2023-10-26 04:39:31,247] {processor.py:641} INFO - Processing file /home/airflow/.local/lib/python3.7/site-packages/airflow/example_dags/example_branch_operator_decorator.py for tasks to queue
[2023-10-26 04:39:31,248] {logging_mixin.py:115} INFO - [2023-10-26 04:39:31,248] {dagbag.py:508} INFO - Filling up the DagBag from /home/airflow/.local/lib/python3.7/site-packages/airflow/example_dags/example_branch_operator_decorator.py
[2023-10-26 04:39:31,284] {processor.py:651} INFO - DAG(s) dict_keys(['example_branch_python_operator_decorator']) retrieved from /home/airflow/.local/lib/python3.7/site-packages/airflow/example_dags/example_branch_operator_decorator.py
[2023-10-26 04:39:31,339] {logging_mixin.py:115} INFO - [2023-10-26 04:39:31,339] {dag.py:2420} INFO - Sync 1 DAGs
[2023-10-26 04:39:31,393] {logging_mixin.py:115} INFO - [2023-10-26 04:39:31,392] {dag.py:2972} INFO - Setting next_dagrun for example_branch_python_operator_decorator to 2023-10-25T00:00:00+00:00, run_after=2023-10-26T00:00:00+00:00
[2023-10-26 04:39:31,418] {processor.py:161} INFO - Processing /home/airflow/.local/lib/python3.7/site-packages/airflow/example_dags/example_branch_operator_decorator.py took 0.177 seconds
[2023-10-26 04:40:02,327] {processor.py:153} INFO - Started process (PID=226) to work on /home/airflow/.local/lib/python3.7/site-packages/airflow/example_dags/example_branch_operator_decorator.py
[2023-10-26 04:40:02,329] {processor.py:641} INFO - Processing file /home/airflow/.local/lib/python3.7/site-packages/airflow/example_dags/example_branch_operator_decorator.py for tasks to queue
[2023-10-26 04:40:02,330] {logging_mixin.py:115} INFO - [2023-10-26 04:40:02,330] {dagbag.py:508} INFO - Filling up the DagBag from /home/airflow/.local/lib/python3.7/site-packages/airflow/example_dags/example_branch_operator_decorator.py
[2023-10-26 04:40:02,373] {processor.py:651} INFO - DAG(s) dict_keys(['example_branch_python_operator_decorator']) retrieved from /home/airflow/.local/lib/python3.7/site-packages/airflow/example_dags/example_branch_operator_decorator.py
[2023-10-26 04:40:02,423] {logging_mixin.py:115} INFO - [2023-10-26 04:40:02,423] {dag.py:2420} INFO - Sync 1 DAGs
[2023-10-26 04:40:02,473] {logging_mixin.py:115} INFO - [2023-10-26 04:40:02,473] {dag.py:2972} INFO - Setting next_dagrun for example_branch_python_operator_decorator to 2023-10-25T00:00:00+00:00, run_after=2023-10-26T00:00:00+00:00
[2023-10-26 04:40:02,498] {processor.py:161} INFO - Processing /home/airflow/.local/lib/python3.7/site-packages/airflow/example_dags/example_branch_operator_decorator.py took 0.175 seconds
[2023-10-26 04:40:32,829] {processor.py:153} INFO - Started process (PID=283) to work on /home/airflow/.local/lib/python3.7/site-packages/airflow/example_dags/example_branch_operator_decorator.py
[2023-10-26 04:40:32,830] {processor.py:641} INFO - Processing file /home/airflow/.local/lib/python3.7/site-packages/airflow/example_dags/example_branch_operator_decorator.py for tasks to queue
[2023-10-26 04:40:32,832] {logging_mixin.py:115} INFO - [2023-10-26 04:40:32,832] {dagbag.py:508} INFO - Filling up the DagBag from /home/airflow/.local/lib/python3.7/site-packages/airflow/example_dags/example_branch_operator_decorator.py
[2023-10-26 04:40:32,863] {processor.py:651} INFO - DAG(s) dict_keys(['example_branch_python_operator_decorator']) retrieved from /home/airflow/.local/lib/python3.7/site-packages/airflow/example_dags/example_branch_operator_decorator.py
[2023-10-26 04:40:32,915] {logging_mixin.py:115} INFO - [2023-10-26 04:40:32,915] {dag.py:2420} INFO - Sync 1 DAGs
[2023-10-26 04:40:32,962] {logging_mixin.py:115} INFO - [2023-10-26 04:40:32,961] {dag.py:2972} INFO - Setting next_dagrun for example_branch_python_operator_decorator to 2023-10-25T00:00:00+00:00, run_after=2023-10-26T00:00:00+00:00
[2023-10-26 04:40:32,987] {processor.py:161} INFO - Processing /home/airflow/.local/lib/python3.7/site-packages/airflow/example_dags/example_branch_operator_decorator.py took 0.163 seconds
[2023-10-26 04:41:04,134] {processor.py:153} INFO - Started process (PID=349) to work on /home/airflow/.local/lib/python3.7/site-packages/airflow/example_dags/example_branch_operator_decorator.py
[2023-10-26 04:41:04,136] {processor.py:641} INFO - Processing file /home/airflow/.local/lib/python3.7/site-packages/airflow/example_dags/example_branch_operator_decorator.py for tasks to queue
[2023-10-26 04:41:04,138] {logging_mixin.py:115} INFO - [2023-10-26 04:41:04,138] {dagbag.py:508} INFO - Filling up the DagBag from /home/airflow/.local/lib/python3.7/site-packages/airflow/example_dags/example_branch_operator_decorator.py
[2023-10-26 04:41:04,195] {processor.py:651} INFO - DAG(s) dict_keys(['example_branch_python_operator_decorator']) retrieved from /home/airflow/.local/lib/python3.7/site-packages/airflow/example_dags/example_branch_operator_decorator.py
[2023-10-26 04:41:04,257] {logging_mixin.py:115} INFO - [2023-10-26 04:41:04,257] {dag.py:2420} INFO - Sync 1 DAGs
[2023-10-26 04:41:04,318] {logging_mixin.py:115} INFO - [2023-10-26 04:41:04,317] {dag.py:2972} INFO - Setting next_dagrun for example_branch_python_operator_decorator to 2023-10-25T00:00:00+00:00, run_after=2023-10-26T00:00:00+00:00
[2023-10-26 04:41:04,346] {processor.py:161} INFO - Processing /home/airflow/.local/lib/python3.7/site-packages/airflow/example_dags/example_branch_operator_decorator.py took 0.221 seconds
[2023-10-26 04:41:34,859] {processor.py:153} INFO - Started process (PID=406) to work on /home/airflow/.local/lib/python3.7/site-packages/airflow/example_dags/example_branch_operator_decorator.py
[2023-10-26 04:41:34,861] {processor.py:641} INFO - Processing file /home/airflow/.local/lib/python3.7/site-packages/airflow/example_dags/example_branch_operator_decorator.py for tasks to queue
[2023-10-26 04:41:34,863] {logging_mixin.py:115} INFO - [2023-10-26 04:41:34,863] {dagbag.py:508} INFO - Filling up the DagBag from /home/airflow/.local/lib/python3.7/site-packages/airflow/example_dags/example_branch_operator_decorator.py
[2023-10-26 04:41:34,901] {processor.py:651} INFO - DAG(s) dict_keys(['example_branch_python_operator_decorator']) retrieved from /home/airflow/.local/lib/python3.7/site-packages/airflow/example_dags/example_branch_operator_decorator.py
[2023-10-26 04:41:34,965] {logging_mixin.py:115} INFO - [2023-10-26 04:41:34,964] {dag.py:2420} INFO - Sync 1 DAGs
[2023-10-26 04:41:35,022] {logging_mixin.py:115} INFO - [2023-10-26 04:41:35,022] {dag.py:2972} INFO - Setting next_dagrun for example_branch_python_operator_decorator to 2023-10-25T00:00:00+00:00, run_after=2023-10-26T00:00:00+00:00
[2023-10-26 04:41:35,056] {processor.py:161} INFO - Processing /home/airflow/.local/lib/python3.7/site-packages/airflow/example_dags/example_branch_operator_decorator.py took 0.204 seconds
[2023-10-26 04:42:05,486] {processor.py:153} INFO - Started process (PID=463) to work on /home/airflow/.local/lib/python3.7/site-packages/airflow/example_dags/example_branch_operator_decorator.py
[2023-10-26 04:42:05,488] {processor.py:641} INFO - Processing file /home/airflow/.local/lib/python3.7/site-packages/airflow/example_dags/example_branch_operator_decorator.py for tasks to queue
[2023-10-26 04:42:05,490] {logging_mixin.py:115} INFO - [2023-10-26 04:42:05,489] {dagbag.py:508} INFO - Filling up the DagBag from /home/airflow/.local/lib/python3.7/site-packages/airflow/example_dags/example_branch_operator_decorator.py
[2023-10-26 04:42:05,532] {processor.py:651} INFO - DAG(s) dict_keys(['example_branch_python_operator_decorator']) retrieved from /home/airflow/.local/lib/python3.7/site-packages/airflow/example_dags/example_branch_operator_decorator.py
[2023-10-26 04:42:05,589] {logging_mixin.py:115} INFO - [2023-10-26 04:42:05,589] {dag.py:2420} INFO - Sync 1 DAGs
[2023-10-26 04:42:05,658] {logging_mixin.py:115} INFO - [2023-10-26 04:42:05,657] {dag.py:2972} INFO - Setting next_dagrun for example_branch_python_operator_decorator to 2023-10-25T00:00:00+00:00, run_after=2023-10-26T00:00:00+00:00
[2023-10-26 04:42:05,692] {processor.py:161} INFO - Processing /home/airflow/.local/lib/python3.7/site-packages/airflow/example_dags/example_branch_operator_decorator.py took 0.211 seconds
[2023-10-26 04:42:36,661] {processor.py:153} INFO - Started process (PID=529) to work on /home/airflow/.local/lib/python3.7/site-packages/airflow/example_dags/example_branch_operator_decorator.py
[2023-10-26 04:42:36,663] {processor.py:641} INFO - Processing file /home/airflow/.local/lib/python3.7/site-packages/airflow/example_dags/example_branch_operator_decorator.py for tasks to queue
[2023-10-26 04:42:36,665] {logging_mixin.py:115} INFO - [2023-10-26 04:42:36,665] {dagbag.py:508} INFO - Filling up the DagBag from /home/airflow/.local/lib/python3.7/site-packages/airflow/example_dags/example_branch_operator_decorator.py
[2023-10-26 04:42:36,718] {processor.py:651} INFO - DAG(s) dict_keys(['example_branch_python_operator_decorator']) retrieved from /home/airflow/.local/lib/python3.7/site-packages/airflow/example_dags/example_branch_operator_decorator.py
[2023-10-26 04:42:36,788] {logging_mixin.py:115} INFO - [2023-10-26 04:42:36,788] {dag.py:2420} INFO - Sync 1 DAGs
[2023-10-26 04:42:36,853] {logging_mixin.py:115} INFO - [2023-10-26 04:42:36,852] {dag.py:2972} INFO - Setting next_dagrun for example_branch_python_operator_decorator to 2023-10-25T00:00:00+00:00, run_after=2023-10-26T00:00:00+00:00
[2023-10-26 04:42:36,893] {processor.py:161} INFO - Processing /home/airflow/.local/lib/python3.7/site-packages/airflow/example_dags/example_branch_operator_decorator.py took 0.236 seconds
[2023-10-26 04:43:07,657] {processor.py:153} INFO - Started process (PID=586) to work on /home/airflow/.local/lib/python3.7/site-packages/airflow/example_dags/example_branch_operator_decorator.py
[2023-10-26 04:43:07,658] {processor.py:641} INFO - Processing file /home/airflow/.local/lib/python3.7/site-packages/airflow/example_dags/example_branch_operator_decorator.py for tasks to queue
[2023-10-26 04:43:07,660] {logging_mixin.py:115} INFO - [2023-10-26 04:43:07,660] {dagbag.py:508} INFO - Filling up the DagBag from /home/airflow/.local/lib/python3.7/site-packages/airflow/example_dags/example_branch_operator_decorator.py
[2023-10-26 04:43:07,698] {processor.py:651} INFO - DAG(s) dict_keys(['example_branch_python_operator_decorator']) retrieved from /home/airflow/.local/lib/python3.7/site-packages/airflow/example_dags/example_branch_operator_decorator.py
[2023-10-26 04:43:07,742] {logging_mixin.py:115} INFO - [2023-10-26 04:43:07,741] {dag.py:2420} INFO - Sync 1 DAGs
[2023-10-26 04:43:07,785] {logging_mixin.py:115} INFO - [2023-10-26 04:43:07,785] {dag.py:2972} INFO - Setting next_dagrun for example_branch_python_operator_decorator to 2023-10-25T00:00:00+00:00, run_after=2023-10-26T00:00:00+00:00
[2023-10-26 04:43:07,832] {processor.py:161} INFO - Processing /home/airflow/.local/lib/python3.7/site-packages/airflow/example_dags/example_branch_operator_decorator.py took 0.179 seconds
[2023-10-26 04:43:38,979] {processor.py:153} INFO - Started process (PID=643) to work on /home/airflow/.local/lib/python3.7/site-packages/airflow/example_dags/example_branch_operator_decorator.py
[2023-10-26 04:43:38,982] {processor.py:641} INFO - Processing file /home/airflow/.local/lib/python3.7/site-packages/airflow/example_dags/example_branch_operator_decorator.py for tasks to queue
[2023-10-26 04:43:38,985] {logging_mixin.py:115} INFO - [2023-10-26 04:43:38,984] {dagbag.py:508} INFO - Filling up the DagBag from /home/airflow/.local/lib/python3.7/site-packages/airflow/example_dags/example_branch_operator_decorator.py
[2023-10-26 04:43:39,047] {processor.py:651} INFO - DAG(s) dict_keys(['example_branch_python_operator_decorator']) retrieved from /home/airflow/.local/lib/python3.7/site-packages/airflow/example_dags/example_branch_operator_decorator.py
[2023-10-26 04:43:39,100] {logging_mixin.py:115} INFO - [2023-10-26 04:43:39,100] {dag.py:2420} INFO - Sync 1 DAGs
[2023-10-26 04:43:39,158] {logging_mixin.py:115} INFO - [2023-10-26 04:43:39,157] {dag.py:2972} INFO - Setting next_dagrun for example_branch_python_operator_decorator to 2023-10-25T00:00:00+00:00, run_after=2023-10-26T00:00:00+00:00
[2023-10-26 04:43:39,193] {processor.py:161} INFO - Processing /home/airflow/.local/lib/python3.7/site-packages/airflow/example_dags/example_branch_operator_decorator.py took 0.225 seconds
[2023-10-26 04:44:09,838] {processor.py:153} INFO - Started process (PID=709) to work on /home/airflow/.local/lib/python3.7/site-packages/airflow/example_dags/example_branch_operator_decorator.py
[2023-10-26 04:44:09,840] {processor.py:641} INFO - Processing file /home/airflow/.local/lib/python3.7/site-packages/airflow/example_dags/example_branch_operator_decorator.py for tasks to queue
[2023-10-26 04:44:09,842] {logging_mixin.py:115} INFO - [2023-10-26 04:44:09,842] {dagbag.py:508} INFO - Filling up the DagBag from /home/airflow/.local/lib/python3.7/site-packages/airflow/example_dags/example_branch_operator_decorator.py
[2023-10-26 04:44:09,887] {processor.py:651} INFO - DAG(s) dict_keys(['example_branch_python_operator_decorator']) retrieved from /home/airflow/.local/lib/python3.7/site-packages/airflow/example_dags/example_branch_operator_decorator.py
[2023-10-26 04:44:09,959] {logging_mixin.py:115} INFO - [2023-10-26 04:44:09,959] {dag.py:2420} INFO - Sync 1 DAGs
[2023-10-26 04:44:10,020] {logging_mixin.py:115} INFO - [2023-10-26 04:44:10,020] {dag.py:2972} INFO - Setting next_dagrun for example_branch_python_operator_decorator to 2023-10-25T00:00:00+00:00, run_after=2023-10-26T00:00:00+00:00
[2023-10-26 04:44:10,047] {processor.py:161} INFO - Processing /home/airflow/.local/lib/python3.7/site-packages/airflow/example_dags/example_branch_operator_decorator.py took 0.213 seconds
[2023-10-26 04:44:41,144] {processor.py:153} INFO - Started process (PID=766) to work on /home/airflow/.local/lib/python3.7/site-packages/airflow/example_dags/example_branch_operator_decorator.py
[2023-10-26 04:44:41,145] {processor.py:641} INFO - Processing file /home/airflow/.local/lib/python3.7/site-packages/airflow/example_dags/example_branch_operator_decorator.py for tasks to queue
[2023-10-26 04:44:41,147] {logging_mixin.py:115} INFO - [2023-10-26 04:44:41,147] {dagbag.py:508} INFO - Filling up the DagBag from /home/airflow/.local/lib/python3.7/site-packages/airflow/example_dags/example_branch_operator_decorator.py
[2023-10-26 04:44:41,183] {processor.py:651} INFO - DAG(s) dict_keys(['example_branch_python_operator_decorator']) retrieved from /home/airflow/.local/lib/python3.7/site-packages/airflow/example_dags/example_branch_operator_decorator.py
[2023-10-26 04:44:41,233] {logging_mixin.py:115} INFO - [2023-10-26 04:44:41,233] {dag.py:2420} INFO - Sync 1 DAGs
[2023-10-26 04:44:41,286] {logging_mixin.py:115} INFO - [2023-10-26 04:44:41,286] {dag.py:2972} INFO - Setting next_dagrun for example_branch_python_operator_decorator to 2023-10-25T00:00:00+00:00, run_after=2023-10-26T00:00:00+00:00
[2023-10-26 04:44:41,323] {processor.py:161} INFO - Processing /home/airflow/.local/lib/python3.7/site-packages/airflow/example_dags/example_branch_operator_decorator.py took 0.184 seconds
[2023-10-26 04:45:11,807] {processor.py:153} INFO - Started process (PID=823) to work on /home/airflow/.local/lib/python3.7/site-packages/airflow/example_dags/example_branch_operator_decorator.py
[2023-10-26 04:45:11,809] {processor.py:641} INFO - Processing file /home/airflow/.local/lib/python3.7/site-packages/airflow/example_dags/example_branch_operator_decorator.py for tasks to queue
[2023-10-26 04:45:11,811] {logging_mixin.py:115} INFO - [2023-10-26 04:45:11,811] {dagbag.py:508} INFO - Filling up the DagBag from /home/airflow/.local/lib/python3.7/site-packages/airflow/example_dags/example_branch_operator_decorator.py
[2023-10-26 04:45:11,842] {processor.py:651} INFO - DAG(s) dict_keys(['example_branch_python_operator_decorator']) retrieved from /home/airflow/.local/lib/python3.7/site-packages/airflow/example_dags/example_branch_operator_decorator.py
[2023-10-26 04:45:11,888] {logging_mixin.py:115} INFO - [2023-10-26 04:45:11,888] {dag.py:2420} INFO - Sync 1 DAGs
[2023-10-26 04:45:11,931] {logging_mixin.py:115} INFO - [2023-10-26 04:45:11,930] {dag.py:2972} INFO - Setting next_dagrun for example_branch_python_operator_decorator to 2023-10-25T00:00:00+00:00, run_after=2023-10-26T00:00:00+00:00
[2023-10-26 04:45:11,961] {processor.py:161} INFO - Processing /home/airflow/.local/lib/python3.7/site-packages/airflow/example_dags/example_branch_operator_decorator.py took 0.157 seconds
[2023-10-26 04:45:44,213] {processor.py:153} INFO - Started process (PID=889) to work on /home/airflow/.local/lib/python3.7/site-packages/airflow/example_dags/example_branch_operator_decorator.py
[2023-10-26 04:45:44,215] {processor.py:641} INFO - Processing file /home/airflow/.local/lib/python3.7/site-packages/airflow/example_dags/example_branch_operator_decorator.py for tasks to queue
[2023-10-26 04:45:44,217] {logging_mixin.py:115} INFO - [2023-10-26 04:45:44,216] {dagbag.py:508} INFO - Filling up the DagBag from /home/airflow/.local/lib/python3.7/site-packages/airflow/example_dags/example_branch_operator_decorator.py
[2023-10-26 04:45:44,268] {processor.py:651} INFO - DAG(s) dict_keys(['example_branch_python_operator_decorator']) retrieved from /home/airflow/.local/lib/python3.7/site-packages/airflow/example_dags/example_branch_operator_decorator.py
[2023-10-26 04:45:44,409] {logging_mixin.py:115} INFO - [2023-10-26 04:45:44,409] {dag.py:2420} INFO - Sync 1 DAGs
[2023-10-26 04:45:44,485] {logging_mixin.py:115} INFO - [2023-10-26 04:45:44,484] {dag.py:2972} INFO - Setting next_dagrun for example_branch_python_operator_decorator to 2023-10-25T00:00:00+00:00, run_after=2023-10-26T00:00:00+00:00
[2023-10-26 04:45:44,517] {processor.py:161} INFO - Processing /home/airflow/.local/lib/python3.7/site-packages/airflow/example_dags/example_branch_operator_decorator.py took 0.309 seconds
[2023-10-26 04:46:14,884] {processor.py:153} INFO - Started process (PID=946) to work on /home/airflow/.local/lib/python3.7/site-packages/airflow/example_dags/example_branch_operator_decorator.py
[2023-10-26 04:46:14,886] {processor.py:641} INFO - Processing file /home/airflow/.local/lib/python3.7/site-packages/airflow/example_dags/example_branch_operator_decorator.py for tasks to queue
[2023-10-26 04:46:14,888] {logging_mixin.py:115} INFO - [2023-10-26 04:46:14,887] {dagbag.py:508} INFO - Filling up the DagBag from /home/airflow/.local/lib/python3.7/site-packages/airflow/example_dags/example_branch_operator_decorator.py
[2023-10-26 04:46:14,924] {processor.py:651} INFO - DAG(s) dict_keys(['example_branch_python_operator_decorator']) retrieved from /home/airflow/.local/lib/python3.7/site-packages/airflow/example_dags/example_branch_operator_decorator.py
[2023-10-26 04:46:14,968] {logging_mixin.py:115} INFO - [2023-10-26 04:46:14,968] {dag.py:2420} INFO - Sync 1 DAGs
[2023-10-26 04:46:15,012] {logging_mixin.py:115} INFO - [2023-10-26 04:46:15,012] {dag.py:2972} INFO - Setting next_dagrun for example_branch_python_operator_decorator to 2023-10-25T00:00:00+00:00, run_after=2023-10-26T00:00:00+00:00
[2023-10-26 04:46:15,049] {processor.py:161} INFO - Processing /home/airflow/.local/lib/python3.7/site-packages/airflow/example_dags/example_branch_operator_decorator.py took 0.171 seconds
[2023-10-26 04:46:46,157] {processor.py:153} INFO - Started process (PID=1004) to work on /home/airflow/.local/lib/python3.7/site-packages/airflow/example_dags/example_branch_operator_decorator.py
[2023-10-26 04:46:46,159] {processor.py:641} INFO - Processing file /home/airflow/.local/lib/python3.7/site-packages/airflow/example_dags/example_branch_operator_decorator.py for tasks to queue
[2023-10-26 04:46:46,161] {logging_mixin.py:115} INFO - [2023-10-26 04:46:46,160] {dagbag.py:508} INFO - Filling up the DagBag from /home/airflow/.local/lib/python3.7/site-packages/airflow/example_dags/example_branch_operator_decorator.py
[2023-10-26 04:46:46,201] {processor.py:651} INFO - DAG(s) dict_keys(['example_branch_python_operator_decorator']) retrieved from /home/airflow/.local/lib/python3.7/site-packages/airflow/example_dags/example_branch_operator_decorator.py
[2023-10-26 04:46:46,249] {logging_mixin.py:115} INFO - [2023-10-26 04:46:46,248] {dag.py:2420} INFO - Sync 1 DAGs
[2023-10-26 04:46:46,292] {logging_mixin.py:115} INFO - [2023-10-26 04:46:46,292] {dag.py:2972} INFO - Setting next_dagrun for example_branch_python_operator_decorator to 2023-10-25T00:00:00+00:00, run_after=2023-10-26T00:00:00+00:00
[2023-10-26 04:46:46,331] {processor.py:161} INFO - Processing /home/airflow/.local/lib/python3.7/site-packages/airflow/example_dags/example_branch_operator_decorator.py took 0.178 seconds
[2023-10-26 04:47:16,810] {processor.py:153} INFO - Started process (PID=1070) to work on /home/airflow/.local/lib/python3.7/site-packages/airflow/example_dags/example_branch_operator_decorator.py
[2023-10-26 04:47:16,812] {processor.py:641} INFO - Processing file /home/airflow/.local/lib/python3.7/site-packages/airflow/example_dags/example_branch_operator_decorator.py for tasks to queue
[2023-10-26 04:47:16,814] {logging_mixin.py:115} INFO - [2023-10-26 04:47:16,814] {dagbag.py:508} INFO - Filling up the DagBag from /home/airflow/.local/lib/python3.7/site-packages/airflow/example_dags/example_branch_operator_decorator.py
[2023-10-26 04:47:16,863] {processor.py:651} INFO - DAG(s) dict_keys(['example_branch_python_operator_decorator']) retrieved from /home/airflow/.local/lib/python3.7/site-packages/airflow/example_dags/example_branch_operator_decorator.py
[2023-10-26 04:47:16,920] {logging_mixin.py:115} INFO - [2023-10-26 04:47:16,920] {dag.py:2420} INFO - Sync 1 DAGs
[2023-10-26 04:47:16,977] {logging_mixin.py:115} INFO - [2023-10-26 04:47:16,977] {dag.py:2972} INFO - Setting next_dagrun for example_branch_python_operator_decorator to 2023-10-25T00:00:00+00:00, run_after=2023-10-26T00:00:00+00:00
[2023-10-26 04:47:17,017] {processor.py:161} INFO - Processing /home/airflow/.local/lib/python3.7/site-packages/airflow/example_dags/example_branch_operator_decorator.py took 0.212 seconds
[2023-10-26 04:47:47,291] {processor.py:153} INFO - Started process (PID=1125) to work on /home/airflow/.local/lib/python3.7/site-packages/airflow/example_dags/example_branch_operator_decorator.py
[2023-10-26 04:47:47,293] {processor.py:641} INFO - Processing file /home/airflow/.local/lib/python3.7/site-packages/airflow/example_dags/example_branch_operator_decorator.py for tasks to queue
[2023-10-26 04:47:47,295] {logging_mixin.py:115} INFO - [2023-10-26 04:47:47,295] {dagbag.py:508} INFO - Filling up the DagBag from /home/airflow/.local/lib/python3.7/site-packages/airflow/example_dags/example_branch_operator_decorator.py
[2023-10-26 04:47:47,334] {processor.py:651} INFO - DAG(s) dict_keys(['example_branch_python_operator_decorator']) retrieved from /home/airflow/.local/lib/python3.7/site-packages/airflow/example_dags/example_branch_operator_decorator.py
[2023-10-26 04:47:47,384] {logging_mixin.py:115} INFO - [2023-10-26 04:47:47,384] {dag.py:2420} INFO - Sync 1 DAGs
[2023-10-26 04:47:47,434] {logging_mixin.py:115} INFO - [2023-10-26 04:47:47,434] {dag.py:2972} INFO - Setting next_dagrun for example_branch_python_operator_decorator to 2023-10-25T00:00:00+00:00, run_after=2023-10-26T00:00:00+00:00
[2023-10-26 04:47:47,458] {processor.py:161} INFO - Processing /home/airflow/.local/lib/python3.7/site-packages/airflow/example_dags/example_branch_operator_decorator.py took 0.170 seconds
[2023-10-26 04:48:17,703] {processor.py:153} INFO - Started process (PID=1182) to work on /home/airflow/.local/lib/python3.7/site-packages/airflow/example_dags/example_branch_operator_decorator.py
[2023-10-26 04:48:17,705] {processor.py:641} INFO - Processing file /home/airflow/.local/lib/python3.7/site-packages/airflow/example_dags/example_branch_operator_decorator.py for tasks to queue
[2023-10-26 04:48:17,706] {logging_mixin.py:115} INFO - [2023-10-26 04:48:17,706] {dagbag.py:508} INFO - Filling up the DagBag from /home/airflow/.local/lib/python3.7/site-packages/airflow/example_dags/example_branch_operator_decorator.py
[2023-10-26 04:48:17,735] {processor.py:651} INFO - DAG(s) dict_keys(['example_branch_python_operator_decorator']) retrieved from /home/airflow/.local/lib/python3.7/site-packages/airflow/example_dags/example_branch_operator_decorator.py
[2023-10-26 04:48:17,794] {logging_mixin.py:115} INFO - [2023-10-26 04:48:17,794] {dag.py:2420} INFO - Sync 1 DAGs
[2023-10-26 04:48:17,836] {logging_mixin.py:115} INFO - [2023-10-26 04:48:17,836] {dag.py:2972} INFO - Setting next_dagrun for example_branch_python_operator_decorator to 2023-10-25T00:00:00+00:00, run_after=2023-10-26T00:00:00+00:00
[2023-10-26 04:48:17,880] {processor.py:161} INFO - Processing /home/airflow/.local/lib/python3.7/site-packages/airflow/example_dags/example_branch_operator_decorator.py took 0.181 seconds
[2023-10-26 04:48:48,228] {processor.py:153} INFO - Started process (PID=1239) to work on /home/airflow/.local/lib/python3.7/site-packages/airflow/example_dags/example_branch_operator_decorator.py
[2023-10-26 04:48:48,229] {processor.py:641} INFO - Processing file /home/airflow/.local/lib/python3.7/site-packages/airflow/example_dags/example_branch_operator_decorator.py for tasks to queue
[2023-10-26 04:48:48,230] {logging_mixin.py:115} INFO - [2023-10-26 04:48:48,230] {dagbag.py:508} INFO - Filling up the DagBag from /home/airflow/.local/lib/python3.7/site-packages/airflow/example_dags/example_branch_operator_decorator.py
[2023-10-26 04:48:48,258] {processor.py:651} INFO - DAG(s) dict_keys(['example_branch_python_operator_decorator']) retrieved from /home/airflow/.local/lib/python3.7/site-packages/airflow/example_dags/example_branch_operator_decorator.py
[2023-10-26 04:48:48,308] {logging_mixin.py:115} INFO - [2023-10-26 04:48:48,308] {dag.py:2420} INFO - Sync 1 DAGs
[2023-10-26 04:48:48,370] {logging_mixin.py:115} INFO - [2023-10-26 04:48:48,370] {dag.py:2972} INFO - Setting next_dagrun for example_branch_python_operator_decorator to 2023-10-25T00:00:00+00:00, run_after=2023-10-26T00:00:00+00:00
[2023-10-26 04:48:48,402] {processor.py:161} INFO - Processing /home/airflow/.local/lib/python3.7/site-packages/airflow/example_dags/example_branch_operator_decorator.py took 0.178 seconds
[2023-10-26 04:49:19,057] {processor.py:153} INFO - Started process (PID=1305) to work on /home/airflow/.local/lib/python3.7/site-packages/airflow/example_dags/example_branch_operator_decorator.py
[2023-10-26 04:49:19,059] {processor.py:641} INFO - Processing file /home/airflow/.local/lib/python3.7/site-packages/airflow/example_dags/example_branch_operator_decorator.py for tasks to queue
[2023-10-26 04:49:19,060] {logging_mixin.py:115} INFO - [2023-10-26 04:49:19,060] {dagbag.py:508} INFO - Filling up the DagBag from /home/airflow/.local/lib/python3.7/site-packages/airflow/example_dags/example_branch_operator_decorator.py
[2023-10-26 04:49:19,112] {processor.py:651} INFO - DAG(s) dict_keys(['example_branch_python_operator_decorator']) retrieved from /home/airflow/.local/lib/python3.7/site-packages/airflow/example_dags/example_branch_operator_decorator.py
[2023-10-26 04:49:19,162] {logging_mixin.py:115} INFO - [2023-10-26 04:49:19,161] {dag.py:2420} INFO - Sync 1 DAGs
[2023-10-26 04:49:19,205] {logging_mixin.py:115} INFO - [2023-10-26 04:49:19,205] {dag.py:2972} INFO - Setting next_dagrun for example_branch_python_operator_decorator to 2023-10-25T00:00:00+00:00, run_after=2023-10-26T00:00:00+00:00
[2023-10-26 04:49:19,226] {processor.py:161} INFO - Processing /home/airflow/.local/lib/python3.7/site-packages/airflow/example_dags/example_branch_operator_decorator.py took 0.173 seconds
[2023-10-26 04:49:49,958] {processor.py:153} INFO - Started process (PID=1362) to work on /home/airflow/.local/lib/python3.7/site-packages/airflow/example_dags/example_branch_operator_decorator.py
[2023-10-26 04:49:49,959] {processor.py:641} INFO - Processing file /home/airflow/.local/lib/python3.7/site-packages/airflow/example_dags/example_branch_operator_decorator.py for tasks to queue
[2023-10-26 04:49:49,961] {logging_mixin.py:115} INFO - [2023-10-26 04:49:49,961] {dagbag.py:508} INFO - Filling up the DagBag from /home/airflow/.local/lib/python3.7/site-packages/airflow/example_dags/example_branch_operator_decorator.py
[2023-10-26 04:49:49,992] {processor.py:651} INFO - DAG(s) dict_keys(['example_branch_python_operator_decorator']) retrieved from /home/airflow/.local/lib/python3.7/site-packages/airflow/example_dags/example_branch_operator_decorator.py
[2023-10-26 04:49:50,039] {logging_mixin.py:115} INFO - [2023-10-26 04:49:50,039] {dag.py:2420} INFO - Sync 1 DAGs
[2023-10-26 04:49:50,101] {logging_mixin.py:115} INFO - [2023-10-26 04:49:50,100] {dag.py:2972} INFO - Setting next_dagrun for example_branch_python_operator_decorator to 2023-10-25T00:00:00+00:00, run_after=2023-10-26T00:00:00+00:00
[2023-10-26 04:49:50,134] {processor.py:161} INFO - Processing /home/airflow/.local/lib/python3.7/site-packages/airflow/example_dags/example_branch_operator_decorator.py took 0.180 seconds
[2023-10-26 04:50:20,605] {processor.py:153} INFO - Started process (PID=1419) to work on /home/airflow/.local/lib/python3.7/site-packages/airflow/example_dags/example_branch_operator_decorator.py
[2023-10-26 04:50:20,607] {processor.py:641} INFO - Processing file /home/airflow/.local/lib/python3.7/site-packages/airflow/example_dags/example_branch_operator_decorator.py for tasks to queue
[2023-10-26 04:50:20,609] {logging_mixin.py:115} INFO - [2023-10-26 04:50:20,609] {dagbag.py:508} INFO - Filling up the DagBag from /home/airflow/.local/lib/python3.7/site-packages/airflow/example_dags/example_branch_operator_decorator.py
[2023-10-26 04:50:20,644] {processor.py:651} INFO - DAG(s) dict_keys(['example_branch_python_operator_decorator']) retrieved from /home/airflow/.local/lib/python3.7/site-packages/airflow/example_dags/example_branch_operator_decorator.py
[2023-10-26 04:50:20,705] {logging_mixin.py:115} INFO - [2023-10-26 04:50:20,705] {dag.py:2420} INFO - Sync 1 DAGs
[2023-10-26 04:50:20,772] {logging_mixin.py:115} INFO - [2023-10-26 04:50:20,772] {dag.py:2972} INFO - Setting next_dagrun for example_branch_python_operator_decorator to 2023-10-25T00:00:00+00:00, run_after=2023-10-26T00:00:00+00:00
[2023-10-26 04:50:20,801] {processor.py:161} INFO - Processing /home/airflow/.local/lib/python3.7/site-packages/airflow/example_dags/example_branch_operator_decorator.py took 0.201 seconds
[2023-10-26 04:50:51,052] {processor.py:153} INFO - Started process (PID=1476) to work on /home/airflow/.local/lib/python3.7/site-packages/airflow/example_dags/example_branch_operator_decorator.py
[2023-10-26 04:50:51,054] {processor.py:641} INFO - Processing file /home/airflow/.local/lib/python3.7/site-packages/airflow/example_dags/example_branch_operator_decorator.py for tasks to queue
[2023-10-26 04:50:51,056] {logging_mixin.py:115} INFO - [2023-10-26 04:50:51,056] {dagbag.py:508} INFO - Filling up the DagBag from /home/airflow/.local/lib/python3.7/site-packages/airflow/example_dags/example_branch_operator_decorator.py
[2023-10-26 04:50:51,090] {processor.py:651} INFO - DAG(s) dict_keys(['example_branch_python_operator_decorator']) retrieved from /home/airflow/.local/lib/python3.7/site-packages/airflow/example_dags/example_branch_operator_decorator.py
[2023-10-26 04:50:51,140] {logging_mixin.py:115} INFO - [2023-10-26 04:50:51,140] {dag.py:2420} INFO - Sync 1 DAGs
[2023-10-26 04:50:51,199] {logging_mixin.py:115} INFO - [2023-10-26 04:50:51,199] {dag.py:2972} INFO - Setting next_dagrun for example_branch_python_operator_decorator to 2023-10-25T00:00:00+00:00, run_after=2023-10-26T00:00:00+00:00
[2023-10-26 04:50:51,239] {processor.py:161} INFO - Processing /home/airflow/.local/lib/python3.7/site-packages/airflow/example_dags/example_branch_operator_decorator.py took 0.193 seconds
