[2023-10-26 04:38:58,928] {processor.py:153} INFO - Started process (PID=106) to work on /home/airflow/.local/lib/python3.7/site-packages/airflow/example_dags/example_subdag_operator.py
[2023-10-26 04:38:58,932] {processor.py:641} INFO - Processing file /home/airflow/.local/lib/python3.7/site-packages/airflow/example_dags/example_subdag_operator.py for tasks to queue
[2023-10-26 04:38:58,935] {logging_mixin.py:115} INFO - [2023-10-26 04:38:58,935] {dagbag.py:508} INFO - Filling up the DagBag from /home/airflow/.local/lib/python3.7/site-packages/airflow/example_dags/example_subdag_operator.py
[2023-10-26 04:38:59,025] {processor.py:651} INFO - DAG(s) dict_keys(['example_subdag_operator.section-1', 'example_subdag_operator.section-2', 'example_subdag_operator']) retrieved from /home/airflow/.local/lib/python3.7/site-packages/airflow/example_dags/example_subdag_operator.py
[2023-10-26 04:38:59,258] {logging_mixin.py:115} INFO - [2023-10-26 04:38:59,257] {dag.py:2420} INFO - Sync 3 DAGs
[2023-10-26 04:38:59,393] {logging_mixin.py:115} INFO - [2023-10-26 04:38:59,393] {dag.py:2972} INFO - Setting next_dagrun for example_subdag_operator to 2022-01-01T00:00:00+00:00, run_after=2022-01-01T00:00:00+00:00
[2023-10-26 04:38:59,402] {logging_mixin.py:115} INFO - [2023-10-26 04:38:59,401] {dag.py:2972} INFO - Setting next_dagrun for example_subdag_operator.section-1 to None, run_after=None
[2023-10-26 04:38:59,409] {logging_mixin.py:115} INFO - [2023-10-26 04:38:59,408] {dag.py:2972} INFO - Setting next_dagrun for example_subdag_operator.section-2 to None, run_after=None
[2023-10-26 04:38:59,447] {logging_mixin.py:115} INFO - [2023-10-26 04:38:59,447] {dag.py:2420} INFO - Sync 2 DAGs
[2023-10-26 04:38:59,485] {logging_mixin.py:115} INFO - [2023-10-26 04:38:59,484] {dag.py:2972} INFO - Setting next_dagrun for example_subdag_operator.section-1 to None, run_after=None
[2023-10-26 04:38:59,497] {logging_mixin.py:115} INFO - [2023-10-26 04:38:59,495] {dag.py:2972} INFO - Setting next_dagrun for example_subdag_operator.section-2 to None, run_after=None
[2023-10-26 04:38:59,552] {processor.py:161} INFO - Processing /home/airflow/.local/lib/python3.7/site-packages/airflow/example_dags/example_subdag_operator.py took 0.630 seconds
[2023-10-26 04:39:29,821] {processor.py:153} INFO - Started process (PID=162) to work on /home/airflow/.local/lib/python3.7/site-packages/airflow/example_dags/example_subdag_operator.py
[2023-10-26 04:39:29,824] {processor.py:641} INFO - Processing file /home/airflow/.local/lib/python3.7/site-packages/airflow/example_dags/example_subdag_operator.py for tasks to queue
[2023-10-26 04:39:29,826] {logging_mixin.py:115} INFO - [2023-10-26 04:39:29,826] {dagbag.py:508} INFO - Filling up the DagBag from /home/airflow/.local/lib/python3.7/site-packages/airflow/example_dags/example_subdag_operator.py
[2023-10-26 04:39:29,896] {processor.py:651} INFO - DAG(s) dict_keys(['example_subdag_operator.section-1', 'example_subdag_operator.section-2', 'example_subdag_operator']) retrieved from /home/airflow/.local/lib/python3.7/site-packages/airflow/example_dags/example_subdag_operator.py
[2023-10-26 04:39:29,971] {logging_mixin.py:115} INFO - [2023-10-26 04:39:29,970] {dag.py:2420} INFO - Sync 3 DAGs
[2023-10-26 04:39:30,018] {logging_mixin.py:115} INFO - [2023-10-26 04:39:30,018] {dag.py:2972} INFO - Setting next_dagrun for example_subdag_operator to 2022-01-01T00:00:00+00:00, run_after=2022-01-01T00:00:00+00:00
[2023-10-26 04:39:30,020] {logging_mixin.py:115} INFO - [2023-10-26 04:39:30,020] {dag.py:2972} INFO - Setting next_dagrun for example_subdag_operator.section-1 to None, run_after=None
[2023-10-26 04:39:30,021] {logging_mixin.py:115} INFO - [2023-10-26 04:39:30,021] {dag.py:2972} INFO - Setting next_dagrun for example_subdag_operator.section-2 to None, run_after=None
[2023-10-26 04:39:30,038] {logging_mixin.py:115} INFO - [2023-10-26 04:39:30,037] {dag.py:2420} INFO - Sync 2 DAGs
[2023-10-26 04:39:30,053] {logging_mixin.py:115} INFO - [2023-10-26 04:39:30,053] {dag.py:2972} INFO - Setting next_dagrun for example_subdag_operator.section-1 to None, run_after=None
[2023-10-26 04:39:30,055] {logging_mixin.py:115} INFO - [2023-10-26 04:39:30,055] {dag.py:2972} INFO - Setting next_dagrun for example_subdag_operator.section-2 to None, run_after=None
[2023-10-26 04:39:30,079] {processor.py:161} INFO - Processing /home/airflow/.local/lib/python3.7/site-packages/airflow/example_dags/example_subdag_operator.py took 0.262 seconds
[2023-10-26 04:40:00,297] {processor.py:153} INFO - Started process (PID=219) to work on /home/airflow/.local/lib/python3.7/site-packages/airflow/example_dags/example_subdag_operator.py
[2023-10-26 04:40:00,299] {processor.py:641} INFO - Processing file /home/airflow/.local/lib/python3.7/site-packages/airflow/example_dags/example_subdag_operator.py for tasks to queue
[2023-10-26 04:40:00,300] {logging_mixin.py:115} INFO - [2023-10-26 04:40:00,300] {dagbag.py:508} INFO - Filling up the DagBag from /home/airflow/.local/lib/python3.7/site-packages/airflow/example_dags/example_subdag_operator.py
[2023-10-26 04:40:00,344] {processor.py:651} INFO - DAG(s) dict_keys(['example_subdag_operator.section-1', 'example_subdag_operator.section-2', 'example_subdag_operator']) retrieved from /home/airflow/.local/lib/python3.7/site-packages/airflow/example_dags/example_subdag_operator.py
[2023-10-26 04:40:00,420] {logging_mixin.py:115} INFO - [2023-10-26 04:40:00,420] {dag.py:2420} INFO - Sync 3 DAGs
[2023-10-26 04:40:00,505] {logging_mixin.py:115} INFO - [2023-10-26 04:40:00,504] {dag.py:2972} INFO - Setting next_dagrun for example_subdag_operator to 2022-01-01T00:00:00+00:00, run_after=2022-01-01T00:00:00+00:00
[2023-10-26 04:40:00,507] {logging_mixin.py:115} INFO - [2023-10-26 04:40:00,507] {dag.py:2972} INFO - Setting next_dagrun for example_subdag_operator.section-1 to None, run_after=None
[2023-10-26 04:40:00,509] {logging_mixin.py:115} INFO - [2023-10-26 04:40:00,508] {dag.py:2972} INFO - Setting next_dagrun for example_subdag_operator.section-2 to None, run_after=None
[2023-10-26 04:40:00,537] {logging_mixin.py:115} INFO - [2023-10-26 04:40:00,537] {dag.py:2420} INFO - Sync 2 DAGs
[2023-10-26 04:40:00,560] {logging_mixin.py:115} INFO - [2023-10-26 04:40:00,560] {dag.py:2972} INFO - Setting next_dagrun for example_subdag_operator.section-1 to None, run_after=None
[2023-10-26 04:40:00,561] {logging_mixin.py:115} INFO - [2023-10-26 04:40:00,561] {dag.py:2972} INFO - Setting next_dagrun for example_subdag_operator.section-2 to None, run_after=None
[2023-10-26 04:40:00,578] {processor.py:161} INFO - Processing /home/airflow/.local/lib/python3.7/site-packages/airflow/example_dags/example_subdag_operator.py took 0.285 seconds
[2023-10-26 04:40:31,744] {processor.py:153} INFO - Started process (PID=276) to work on /home/airflow/.local/lib/python3.7/site-packages/airflow/example_dags/example_subdag_operator.py
[2023-10-26 04:40:31,746] {processor.py:641} INFO - Processing file /home/airflow/.local/lib/python3.7/site-packages/airflow/example_dags/example_subdag_operator.py for tasks to queue
[2023-10-26 04:40:31,748] {logging_mixin.py:115} INFO - [2023-10-26 04:40:31,747] {dagbag.py:508} INFO - Filling up the DagBag from /home/airflow/.local/lib/python3.7/site-packages/airflow/example_dags/example_subdag_operator.py
[2023-10-26 04:40:31,808] {processor.py:651} INFO - DAG(s) dict_keys(['example_subdag_operator.section-1', 'example_subdag_operator.section-2', 'example_subdag_operator']) retrieved from /home/airflow/.local/lib/python3.7/site-packages/airflow/example_dags/example_subdag_operator.py
[2023-10-26 04:40:31,882] {logging_mixin.py:115} INFO - [2023-10-26 04:40:31,882] {dag.py:2420} INFO - Sync 3 DAGs
[2023-10-26 04:40:31,938] {logging_mixin.py:115} INFO - [2023-10-26 04:40:31,938] {dag.py:2972} INFO - Setting next_dagrun for example_subdag_operator to 2022-01-01T00:00:00+00:00, run_after=2022-01-01T00:00:00+00:00
[2023-10-26 04:40:31,940] {logging_mixin.py:115} INFO - [2023-10-26 04:40:31,940] {dag.py:2972} INFO - Setting next_dagrun for example_subdag_operator.section-1 to None, run_after=None
[2023-10-26 04:40:31,942] {logging_mixin.py:115} INFO - [2023-10-26 04:40:31,941] {dag.py:2972} INFO - Setting next_dagrun for example_subdag_operator.section-2 to None, run_after=None
[2023-10-26 04:40:31,959] {logging_mixin.py:115} INFO - [2023-10-26 04:40:31,959] {dag.py:2420} INFO - Sync 2 DAGs
[2023-10-26 04:40:31,974] {logging_mixin.py:115} INFO - [2023-10-26 04:40:31,974] {dag.py:2972} INFO - Setting next_dagrun for example_subdag_operator.section-1 to None, run_after=None
[2023-10-26 04:40:31,976] {logging_mixin.py:115} INFO - [2023-10-26 04:40:31,976] {dag.py:2972} INFO - Setting next_dagrun for example_subdag_operator.section-2 to None, run_after=None
[2023-10-26 04:40:31,993] {processor.py:161} INFO - Processing /home/airflow/.local/lib/python3.7/site-packages/airflow/example_dags/example_subdag_operator.py took 0.255 seconds
[2023-10-26 04:41:02,795] {processor.py:153} INFO - Started process (PID=342) to work on /home/airflow/.local/lib/python3.7/site-packages/airflow/example_dags/example_subdag_operator.py
[2023-10-26 04:41:02,797] {processor.py:641} INFO - Processing file /home/airflow/.local/lib/python3.7/site-packages/airflow/example_dags/example_subdag_operator.py for tasks to queue
[2023-10-26 04:41:02,799] {logging_mixin.py:115} INFO - [2023-10-26 04:41:02,798] {dagbag.py:508} INFO - Filling up the DagBag from /home/airflow/.local/lib/python3.7/site-packages/airflow/example_dags/example_subdag_operator.py
[2023-10-26 04:41:02,842] {processor.py:651} INFO - DAG(s) dict_keys(['example_subdag_operator.section-1', 'example_subdag_operator.section-2', 'example_subdag_operator']) retrieved from /home/airflow/.local/lib/python3.7/site-packages/airflow/example_dags/example_subdag_operator.py
[2023-10-26 04:41:02,915] {logging_mixin.py:115} INFO - [2023-10-26 04:41:02,915] {dag.py:2420} INFO - Sync 3 DAGs
[2023-10-26 04:41:02,962] {logging_mixin.py:115} INFO - [2023-10-26 04:41:02,962] {dag.py:2972} INFO - Setting next_dagrun for example_subdag_operator to 2022-01-01T00:00:00+00:00, run_after=2022-01-01T00:00:00+00:00
[2023-10-26 04:41:02,964] {logging_mixin.py:115} INFO - [2023-10-26 04:41:02,964] {dag.py:2972} INFO - Setting next_dagrun for example_subdag_operator.section-1 to None, run_after=None
[2023-10-26 04:41:02,965] {logging_mixin.py:115} INFO - [2023-10-26 04:41:02,965] {dag.py:2972} INFO - Setting next_dagrun for example_subdag_operator.section-2 to None, run_after=None
[2023-10-26 04:41:02,979] {logging_mixin.py:115} INFO - [2023-10-26 04:41:02,978] {dag.py:2420} INFO - Sync 2 DAGs
[2023-10-26 04:41:02,994] {logging_mixin.py:115} INFO - [2023-10-26 04:41:02,993] {dag.py:2972} INFO - Setting next_dagrun for example_subdag_operator.section-1 to None, run_after=None
[2023-10-26 04:41:02,995] {logging_mixin.py:115} INFO - [2023-10-26 04:41:02,995] {dag.py:2972} INFO - Setting next_dagrun for example_subdag_operator.section-2 to None, run_after=None
[2023-10-26 04:41:03,032] {processor.py:161} INFO - Processing /home/airflow/.local/lib/python3.7/site-packages/airflow/example_dags/example_subdag_operator.py took 0.241 seconds
[2023-10-26 04:41:33,737] {processor.py:153} INFO - Started process (PID=399) to work on /home/airflow/.local/lib/python3.7/site-packages/airflow/example_dags/example_subdag_operator.py
[2023-10-26 04:41:33,738] {processor.py:641} INFO - Processing file /home/airflow/.local/lib/python3.7/site-packages/airflow/example_dags/example_subdag_operator.py for tasks to queue
[2023-10-26 04:41:33,740] {logging_mixin.py:115} INFO - [2023-10-26 04:41:33,740] {dagbag.py:508} INFO - Filling up the DagBag from /home/airflow/.local/lib/python3.7/site-packages/airflow/example_dags/example_subdag_operator.py
[2023-10-26 04:41:33,788] {processor.py:651} INFO - DAG(s) dict_keys(['example_subdag_operator.section-1', 'example_subdag_operator.section-2', 'example_subdag_operator']) retrieved from /home/airflow/.local/lib/python3.7/site-packages/airflow/example_dags/example_subdag_operator.py
[2023-10-26 04:41:33,851] {logging_mixin.py:115} INFO - [2023-10-26 04:41:33,851] {dag.py:2420} INFO - Sync 3 DAGs
[2023-10-26 04:41:33,903] {logging_mixin.py:115} INFO - [2023-10-26 04:41:33,903] {dag.py:2972} INFO - Setting next_dagrun for example_subdag_operator to 2022-01-01T00:00:00+00:00, run_after=2022-01-01T00:00:00+00:00
[2023-10-26 04:41:33,904] {logging_mixin.py:115} INFO - [2023-10-26 04:41:33,904] {dag.py:2972} INFO - Setting next_dagrun for example_subdag_operator.section-1 to None, run_after=None
[2023-10-26 04:41:33,905] {logging_mixin.py:115} INFO - [2023-10-26 04:41:33,905] {dag.py:2972} INFO - Setting next_dagrun for example_subdag_operator.section-2 to None, run_after=None
[2023-10-26 04:41:33,918] {logging_mixin.py:115} INFO - [2023-10-26 04:41:33,918] {dag.py:2420} INFO - Sync 2 DAGs
[2023-10-26 04:41:33,931] {logging_mixin.py:115} INFO - [2023-10-26 04:41:33,930] {dag.py:2972} INFO - Setting next_dagrun for example_subdag_operator.section-1 to None, run_after=None
[2023-10-26 04:41:33,932] {logging_mixin.py:115} INFO - [2023-10-26 04:41:33,932] {dag.py:2972} INFO - Setting next_dagrun for example_subdag_operator.section-2 to None, run_after=None
[2023-10-26 04:41:33,959] {processor.py:161} INFO - Processing /home/airflow/.local/lib/python3.7/site-packages/airflow/example_dags/example_subdag_operator.py took 0.228 seconds
[2023-10-26 04:42:04,380] {processor.py:153} INFO - Started process (PID=456) to work on /home/airflow/.local/lib/python3.7/site-packages/airflow/example_dags/example_subdag_operator.py
[2023-10-26 04:42:04,381] {processor.py:641} INFO - Processing file /home/airflow/.local/lib/python3.7/site-packages/airflow/example_dags/example_subdag_operator.py for tasks to queue
[2023-10-26 04:42:04,383] {logging_mixin.py:115} INFO - [2023-10-26 04:42:04,383] {dagbag.py:508} INFO - Filling up the DagBag from /home/airflow/.local/lib/python3.7/site-packages/airflow/example_dags/example_subdag_operator.py
[2023-10-26 04:42:04,425] {processor.py:651} INFO - DAG(s) dict_keys(['example_subdag_operator.section-1', 'example_subdag_operator.section-2', 'example_subdag_operator']) retrieved from /home/airflow/.local/lib/python3.7/site-packages/airflow/example_dags/example_subdag_operator.py
[2023-10-26 04:42:04,496] {logging_mixin.py:115} INFO - [2023-10-26 04:42:04,496] {dag.py:2420} INFO - Sync 3 DAGs
[2023-10-26 04:42:04,539] {logging_mixin.py:115} INFO - [2023-10-26 04:42:04,539] {dag.py:2972} INFO - Setting next_dagrun for example_subdag_operator to 2022-01-01T00:00:00+00:00, run_after=2022-01-01T00:00:00+00:00
[2023-10-26 04:42:04,541] {logging_mixin.py:115} INFO - [2023-10-26 04:42:04,541] {dag.py:2972} INFO - Setting next_dagrun for example_subdag_operator.section-1 to None, run_after=None
[2023-10-26 04:42:04,542] {logging_mixin.py:115} INFO - [2023-10-26 04:42:04,542] {dag.py:2972} INFO - Setting next_dagrun for example_subdag_operator.section-2 to None, run_after=None
[2023-10-26 04:42:04,555] {logging_mixin.py:115} INFO - [2023-10-26 04:42:04,555] {dag.py:2420} INFO - Sync 2 DAGs
[2023-10-26 04:42:04,567] {logging_mixin.py:115} INFO - [2023-10-26 04:42:04,567] {dag.py:2972} INFO - Setting next_dagrun for example_subdag_operator.section-1 to None, run_after=None
[2023-10-26 04:42:04,568] {logging_mixin.py:115} INFO - [2023-10-26 04:42:04,568] {dag.py:2972} INFO - Setting next_dagrun for example_subdag_operator.section-2 to None, run_after=None
[2023-10-26 04:42:04,587] {processor.py:161} INFO - Processing /home/airflow/.local/lib/python3.7/site-packages/airflow/example_dags/example_subdag_operator.py took 0.211 seconds
[2023-10-26 04:42:35,438] {processor.py:153} INFO - Started process (PID=522) to work on /home/airflow/.local/lib/python3.7/site-packages/airflow/example_dags/example_subdag_operator.py
[2023-10-26 04:42:35,440] {processor.py:641} INFO - Processing file /home/airflow/.local/lib/python3.7/site-packages/airflow/example_dags/example_subdag_operator.py for tasks to queue
[2023-10-26 04:42:35,442] {logging_mixin.py:115} INFO - [2023-10-26 04:42:35,442] {dagbag.py:508} INFO - Filling up the DagBag from /home/airflow/.local/lib/python3.7/site-packages/airflow/example_dags/example_subdag_operator.py
[2023-10-26 04:42:35,487] {processor.py:651} INFO - DAG(s) dict_keys(['example_subdag_operator.section-1', 'example_subdag_operator.section-2', 'example_subdag_operator']) retrieved from /home/airflow/.local/lib/python3.7/site-packages/airflow/example_dags/example_subdag_operator.py
[2023-10-26 04:42:35,591] {logging_mixin.py:115} INFO - [2023-10-26 04:42:35,591] {dag.py:2420} INFO - Sync 3 DAGs
[2023-10-26 04:42:35,656] {logging_mixin.py:115} INFO - [2023-10-26 04:42:35,656] {dag.py:2972} INFO - Setting next_dagrun for example_subdag_operator to 2022-01-01T00:00:00+00:00, run_after=2022-01-01T00:00:00+00:00
[2023-10-26 04:42:35,658] {logging_mixin.py:115} INFO - [2023-10-26 04:42:35,658] {dag.py:2972} INFO - Setting next_dagrun for example_subdag_operator.section-1 to None, run_after=None
[2023-10-26 04:42:35,660] {logging_mixin.py:115} INFO - [2023-10-26 04:42:35,660] {dag.py:2972} INFO - Setting next_dagrun for example_subdag_operator.section-2 to None, run_after=None
[2023-10-26 04:42:35,682] {logging_mixin.py:115} INFO - [2023-10-26 04:42:35,682] {dag.py:2420} INFO - Sync 2 DAGs
[2023-10-26 04:42:35,698] {logging_mixin.py:115} INFO - [2023-10-26 04:42:35,698] {dag.py:2972} INFO - Setting next_dagrun for example_subdag_operator.section-1 to None, run_after=None
[2023-10-26 04:42:35,703] {logging_mixin.py:115} INFO - [2023-10-26 04:42:35,702] {dag.py:2972} INFO - Setting next_dagrun for example_subdag_operator.section-2 to None, run_after=None
[2023-10-26 04:42:35,738] {processor.py:161} INFO - Processing /home/airflow/.local/lib/python3.7/site-packages/airflow/example_dags/example_subdag_operator.py took 0.304 seconds
[2023-10-26 04:43:06,684] {processor.py:153} INFO - Started process (PID=579) to work on /home/airflow/.local/lib/python3.7/site-packages/airflow/example_dags/example_subdag_operator.py
[2023-10-26 04:43:06,685] {processor.py:641} INFO - Processing file /home/airflow/.local/lib/python3.7/site-packages/airflow/example_dags/example_subdag_operator.py for tasks to queue
[2023-10-26 04:43:06,687] {logging_mixin.py:115} INFO - [2023-10-26 04:43:06,687] {dagbag.py:508} INFO - Filling up the DagBag from /home/airflow/.local/lib/python3.7/site-packages/airflow/example_dags/example_subdag_operator.py
[2023-10-26 04:43:06,740] {processor.py:651} INFO - DAG(s) dict_keys(['example_subdag_operator.section-1', 'example_subdag_operator.section-2', 'example_subdag_operator']) retrieved from /home/airflow/.local/lib/python3.7/site-packages/airflow/example_dags/example_subdag_operator.py
[2023-10-26 04:43:06,810] {logging_mixin.py:115} INFO - [2023-10-26 04:43:06,810] {dag.py:2420} INFO - Sync 3 DAGs
[2023-10-26 04:43:06,876] {logging_mixin.py:115} INFO - [2023-10-26 04:43:06,876] {dag.py:2972} INFO - Setting next_dagrun for example_subdag_operator to 2022-01-01T00:00:00+00:00, run_after=2022-01-01T00:00:00+00:00
[2023-10-26 04:43:06,877] {logging_mixin.py:115} INFO - [2023-10-26 04:43:06,877] {dag.py:2972} INFO - Setting next_dagrun for example_subdag_operator.section-1 to None, run_after=None
[2023-10-26 04:43:06,878] {logging_mixin.py:115} INFO - [2023-10-26 04:43:06,878] {dag.py:2972} INFO - Setting next_dagrun for example_subdag_operator.section-2 to None, run_after=None
[2023-10-26 04:43:06,892] {logging_mixin.py:115} INFO - [2023-10-26 04:43:06,892] {dag.py:2420} INFO - Sync 2 DAGs
[2023-10-26 04:43:06,905] {logging_mixin.py:115} INFO - [2023-10-26 04:43:06,905] {dag.py:2972} INFO - Setting next_dagrun for example_subdag_operator.section-1 to None, run_after=None
[2023-10-26 04:43:06,906] {logging_mixin.py:115} INFO - [2023-10-26 04:43:06,906] {dag.py:2972} INFO - Setting next_dagrun for example_subdag_operator.section-2 to None, run_after=None
[2023-10-26 04:43:06,933] {processor.py:161} INFO - Processing /home/airflow/.local/lib/python3.7/site-packages/airflow/example_dags/example_subdag_operator.py took 0.255 seconds
[2023-10-26 04:43:37,824] {processor.py:153} INFO - Started process (PID=636) to work on /home/airflow/.local/lib/python3.7/site-packages/airflow/example_dags/example_subdag_operator.py
[2023-10-26 04:43:37,825] {processor.py:641} INFO - Processing file /home/airflow/.local/lib/python3.7/site-packages/airflow/example_dags/example_subdag_operator.py for tasks to queue
[2023-10-26 04:43:37,827] {logging_mixin.py:115} INFO - [2023-10-26 04:43:37,827] {dagbag.py:508} INFO - Filling up the DagBag from /home/airflow/.local/lib/python3.7/site-packages/airflow/example_dags/example_subdag_operator.py
[2023-10-26 04:43:37,876] {processor.py:651} INFO - DAG(s) dict_keys(['example_subdag_operator.section-1', 'example_subdag_operator.section-2', 'example_subdag_operator']) retrieved from /home/airflow/.local/lib/python3.7/site-packages/airflow/example_dags/example_subdag_operator.py
[2023-10-26 04:43:37,968] {logging_mixin.py:115} INFO - [2023-10-26 04:43:37,968] {dag.py:2420} INFO - Sync 3 DAGs
[2023-10-26 04:43:38,016] {logging_mixin.py:115} INFO - [2023-10-26 04:43:38,015] {dag.py:2972} INFO - Setting next_dagrun for example_subdag_operator to 2022-01-01T00:00:00+00:00, run_after=2022-01-01T00:00:00+00:00
[2023-10-26 04:43:38,017] {logging_mixin.py:115} INFO - [2023-10-26 04:43:38,017] {dag.py:2972} INFO - Setting next_dagrun for example_subdag_operator.section-1 to None, run_after=None
[2023-10-26 04:43:38,019] {logging_mixin.py:115} INFO - [2023-10-26 04:43:38,019] {dag.py:2972} INFO - Setting next_dagrun for example_subdag_operator.section-2 to None, run_after=None
[2023-10-26 04:43:38,038] {logging_mixin.py:115} INFO - [2023-10-26 04:43:38,038] {dag.py:2420} INFO - Sync 2 DAGs
[2023-10-26 04:43:38,055] {logging_mixin.py:115} INFO - [2023-10-26 04:43:38,055] {dag.py:2972} INFO - Setting next_dagrun for example_subdag_operator.section-1 to None, run_after=None
[2023-10-26 04:43:38,056] {logging_mixin.py:115} INFO - [2023-10-26 04:43:38,056] {dag.py:2972} INFO - Setting next_dagrun for example_subdag_operator.section-2 to None, run_after=None
[2023-10-26 04:43:38,086] {processor.py:161} INFO - Processing /home/airflow/.local/lib/python3.7/site-packages/airflow/example_dags/example_subdag_operator.py took 0.266 seconds
[2023-10-26 04:44:08,336] {processor.py:153} INFO - Started process (PID=702) to work on /home/airflow/.local/lib/python3.7/site-packages/airflow/example_dags/example_subdag_operator.py
[2023-10-26 04:44:08,337] {processor.py:641} INFO - Processing file /home/airflow/.local/lib/python3.7/site-packages/airflow/example_dags/example_subdag_operator.py for tasks to queue
[2023-10-26 04:44:08,339] {logging_mixin.py:115} INFO - [2023-10-26 04:44:08,339] {dagbag.py:508} INFO - Filling up the DagBag from /home/airflow/.local/lib/python3.7/site-packages/airflow/example_dags/example_subdag_operator.py
[2023-10-26 04:44:08,406] {processor.py:651} INFO - DAG(s) dict_keys(['example_subdag_operator.section-1', 'example_subdag_operator.section-2', 'example_subdag_operator']) retrieved from /home/airflow/.local/lib/python3.7/site-packages/airflow/example_dags/example_subdag_operator.py
[2023-10-26 04:44:08,493] {logging_mixin.py:115} INFO - [2023-10-26 04:44:08,493] {dag.py:2420} INFO - Sync 3 DAGs
[2023-10-26 04:44:08,561] {logging_mixin.py:115} INFO - [2023-10-26 04:44:08,561] {dag.py:2972} INFO - Setting next_dagrun for example_subdag_operator to 2022-01-01T00:00:00+00:00, run_after=2022-01-01T00:00:00+00:00
[2023-10-26 04:44:08,562] {logging_mixin.py:115} INFO - [2023-10-26 04:44:08,562] {dag.py:2972} INFO - Setting next_dagrun for example_subdag_operator.section-1 to None, run_after=None
[2023-10-26 04:44:08,564] {logging_mixin.py:115} INFO - [2023-10-26 04:44:08,564] {dag.py:2972} INFO - Setting next_dagrun for example_subdag_operator.section-2 to None, run_after=None
[2023-10-26 04:44:08,580] {logging_mixin.py:115} INFO - [2023-10-26 04:44:08,580] {dag.py:2420} INFO - Sync 2 DAGs
[2023-10-26 04:44:08,596] {logging_mixin.py:115} INFO - [2023-10-26 04:44:08,596] {dag.py:2972} INFO - Setting next_dagrun for example_subdag_operator.section-1 to None, run_after=None
[2023-10-26 04:44:08,598] {logging_mixin.py:115} INFO - [2023-10-26 04:44:08,597] {dag.py:2972} INFO - Setting next_dagrun for example_subdag_operator.section-2 to None, run_after=None
[2023-10-26 04:44:08,629] {processor.py:161} INFO - Processing /home/airflow/.local/lib/python3.7/site-packages/airflow/example_dags/example_subdag_operator.py took 0.299 seconds
[2023-10-26 04:44:39,647] {processor.py:153} INFO - Started process (PID=758) to work on /home/airflow/.local/lib/python3.7/site-packages/airflow/example_dags/example_subdag_operator.py
[2023-10-26 04:44:39,649] {processor.py:641} INFO - Processing file /home/airflow/.local/lib/python3.7/site-packages/airflow/example_dags/example_subdag_operator.py for tasks to queue
[2023-10-26 04:44:39,652] {logging_mixin.py:115} INFO - [2023-10-26 04:44:39,651] {dagbag.py:508} INFO - Filling up the DagBag from /home/airflow/.local/lib/python3.7/site-packages/airflow/example_dags/example_subdag_operator.py
[2023-10-26 04:44:39,707] {processor.py:651} INFO - DAG(s) dict_keys(['example_subdag_operator.section-1', 'example_subdag_operator.section-2', 'example_subdag_operator']) retrieved from /home/airflow/.local/lib/python3.7/site-packages/airflow/example_dags/example_subdag_operator.py
[2023-10-26 04:44:39,774] {logging_mixin.py:115} INFO - [2023-10-26 04:44:39,774] {dag.py:2420} INFO - Sync 3 DAGs
[2023-10-26 04:44:39,837] {logging_mixin.py:115} INFO - [2023-10-26 04:44:39,837] {dag.py:2972} INFO - Setting next_dagrun for example_subdag_operator to 2022-01-01T00:00:00+00:00, run_after=2022-01-01T00:00:00+00:00
[2023-10-26 04:44:39,838] {logging_mixin.py:115} INFO - [2023-10-26 04:44:39,838] {dag.py:2972} INFO - Setting next_dagrun for example_subdag_operator.section-1 to None, run_after=None
[2023-10-26 04:44:39,840] {logging_mixin.py:115} INFO - [2023-10-26 04:44:39,839] {dag.py:2972} INFO - Setting next_dagrun for example_subdag_operator.section-2 to None, run_after=None
[2023-10-26 04:44:39,854] {logging_mixin.py:115} INFO - [2023-10-26 04:44:39,854] {dag.py:2420} INFO - Sync 2 DAGs
[2023-10-26 04:44:39,867] {logging_mixin.py:115} INFO - [2023-10-26 04:44:39,867] {dag.py:2972} INFO - Setting next_dagrun for example_subdag_operator.section-1 to None, run_after=None
[2023-10-26 04:44:39,868] {logging_mixin.py:115} INFO - [2023-10-26 04:44:39,868] {dag.py:2972} INFO - Setting next_dagrun for example_subdag_operator.section-2 to None, run_after=None
[2023-10-26 04:44:39,903] {processor.py:161} INFO - Processing /home/airflow/.local/lib/python3.7/site-packages/airflow/example_dags/example_subdag_operator.py took 0.264 seconds
[2023-10-26 04:45:10,655] {processor.py:153} INFO - Started process (PID=815) to work on /home/airflow/.local/lib/python3.7/site-packages/airflow/example_dags/example_subdag_operator.py
[2023-10-26 04:45:10,657] {processor.py:641} INFO - Processing file /home/airflow/.local/lib/python3.7/site-packages/airflow/example_dags/example_subdag_operator.py for tasks to queue
[2023-10-26 04:45:10,659] {logging_mixin.py:115} INFO - [2023-10-26 04:45:10,658] {dagbag.py:508} INFO - Filling up the DagBag from /home/airflow/.local/lib/python3.7/site-packages/airflow/example_dags/example_subdag_operator.py
[2023-10-26 04:45:10,708] {processor.py:651} INFO - DAG(s) dict_keys(['example_subdag_operator.section-1', 'example_subdag_operator.section-2', 'example_subdag_operator']) retrieved from /home/airflow/.local/lib/python3.7/site-packages/airflow/example_dags/example_subdag_operator.py
[2023-10-26 04:45:10,788] {logging_mixin.py:115} INFO - [2023-10-26 04:45:10,787] {dag.py:2420} INFO - Sync 3 DAGs
[2023-10-26 04:45:10,846] {logging_mixin.py:115} INFO - [2023-10-26 04:45:10,846] {dag.py:2972} INFO - Setting next_dagrun for example_subdag_operator to 2022-01-01T00:00:00+00:00, run_after=2022-01-01T00:00:00+00:00
[2023-10-26 04:45:10,848] {logging_mixin.py:115} INFO - [2023-10-26 04:45:10,848] {dag.py:2972} INFO - Setting next_dagrun for example_subdag_operator.section-1 to None, run_after=None
[2023-10-26 04:45:10,849] {logging_mixin.py:115} INFO - [2023-10-26 04:45:10,849] {dag.py:2972} INFO - Setting next_dagrun for example_subdag_operator.section-2 to None, run_after=None
[2023-10-26 04:45:10,866] {logging_mixin.py:115} INFO - [2023-10-26 04:45:10,866] {dag.py:2420} INFO - Sync 2 DAGs
[2023-10-26 04:45:10,881] {logging_mixin.py:115} INFO - [2023-10-26 04:45:10,881] {dag.py:2972} INFO - Setting next_dagrun for example_subdag_operator.section-1 to None, run_after=None
[2023-10-26 04:45:10,882] {logging_mixin.py:115} INFO - [2023-10-26 04:45:10,882] {dag.py:2972} INFO - Setting next_dagrun for example_subdag_operator.section-2 to None, run_after=None
[2023-10-26 04:45:10,911] {processor.py:161} INFO - Processing /home/airflow/.local/lib/python3.7/site-packages/airflow/example_dags/example_subdag_operator.py took 0.263 seconds
[2023-10-26 04:45:41,562] {processor.py:153} INFO - Started process (PID=881) to work on /home/airflow/.local/lib/python3.7/site-packages/airflow/example_dags/example_subdag_operator.py
[2023-10-26 04:45:41,572] {processor.py:641} INFO - Processing file /home/airflow/.local/lib/python3.7/site-packages/airflow/example_dags/example_subdag_operator.py for tasks to queue
[2023-10-26 04:45:41,577] {logging_mixin.py:115} INFO - [2023-10-26 04:45:41,576] {dagbag.py:508} INFO - Filling up the DagBag from /home/airflow/.local/lib/python3.7/site-packages/airflow/example_dags/example_subdag_operator.py
[2023-10-26 04:45:41,679] {processor.py:651} INFO - DAG(s) dict_keys(['example_subdag_operator.section-1', 'example_subdag_operator.section-2', 'example_subdag_operator']) retrieved from /home/airflow/.local/lib/python3.7/site-packages/airflow/example_dags/example_subdag_operator.py
[2023-10-26 04:45:41,910] {logging_mixin.py:115} INFO - [2023-10-26 04:45:41,910] {dag.py:2420} INFO - Sync 3 DAGs
[2023-10-26 04:45:42,020] {logging_mixin.py:115} INFO - [2023-10-26 04:45:42,019] {dag.py:2972} INFO - Setting next_dagrun for example_subdag_operator to 2022-01-01T00:00:00+00:00, run_after=2022-01-01T00:00:00+00:00
[2023-10-26 04:45:42,022] {logging_mixin.py:115} INFO - [2023-10-26 04:45:42,022] {dag.py:2972} INFO - Setting next_dagrun for example_subdag_operator.section-1 to None, run_after=None
[2023-10-26 04:45:42,024] {logging_mixin.py:115} INFO - [2023-10-26 04:45:42,024] {dag.py:2972} INFO - Setting next_dagrun for example_subdag_operator.section-2 to None, run_after=None
[2023-10-26 04:45:42,063] {logging_mixin.py:115} INFO - [2023-10-26 04:45:42,063] {dag.py:2420} INFO - Sync 2 DAGs
[2023-10-26 04:45:42,103] {logging_mixin.py:115} INFO - [2023-10-26 04:45:42,102] {dag.py:2972} INFO - Setting next_dagrun for example_subdag_operator.section-1 to None, run_after=None
[2023-10-26 04:45:42,104] {logging_mixin.py:115} INFO - [2023-10-26 04:45:42,104] {dag.py:2972} INFO - Setting next_dagrun for example_subdag_operator.section-2 to None, run_after=None
[2023-10-26 04:45:42,153] {processor.py:161} INFO - Processing /home/airflow/.local/lib/python3.7/site-packages/airflow/example_dags/example_subdag_operator.py took 0.599 seconds
[2023-10-26 04:46:13,212] {processor.py:153} INFO - Started process (PID=937) to work on /home/airflow/.local/lib/python3.7/site-packages/airflow/example_dags/example_subdag_operator.py
[2023-10-26 04:46:13,213] {processor.py:641} INFO - Processing file /home/airflow/.local/lib/python3.7/site-packages/airflow/example_dags/example_subdag_operator.py for tasks to queue
[2023-10-26 04:46:13,215] {logging_mixin.py:115} INFO - [2023-10-26 04:46:13,215] {dagbag.py:508} INFO - Filling up the DagBag from /home/airflow/.local/lib/python3.7/site-packages/airflow/example_dags/example_subdag_operator.py
[2023-10-26 04:46:13,304] {processor.py:651} INFO - DAG(s) dict_keys(['example_subdag_operator.section-1', 'example_subdag_operator.section-2', 'example_subdag_operator']) retrieved from /home/airflow/.local/lib/python3.7/site-packages/airflow/example_dags/example_subdag_operator.py
[2023-10-26 04:46:13,375] {logging_mixin.py:115} INFO - [2023-10-26 04:46:13,375] {dag.py:2420} INFO - Sync 3 DAGs
[2023-10-26 04:46:13,425] {logging_mixin.py:115} INFO - [2023-10-26 04:46:13,425] {dag.py:2972} INFO - Setting next_dagrun for example_subdag_operator to 2022-01-01T00:00:00+00:00, run_after=2022-01-01T00:00:00+00:00
[2023-10-26 04:46:13,427] {logging_mixin.py:115} INFO - [2023-10-26 04:46:13,427] {dag.py:2972} INFO - Setting next_dagrun for example_subdag_operator.section-1 to None, run_after=None
[2023-10-26 04:46:13,428] {logging_mixin.py:115} INFO - [2023-10-26 04:46:13,428] {dag.py:2972} INFO - Setting next_dagrun for example_subdag_operator.section-2 to None, run_after=None
[2023-10-26 04:46:13,443] {logging_mixin.py:115} INFO - [2023-10-26 04:46:13,443] {dag.py:2420} INFO - Sync 2 DAGs
[2023-10-26 04:46:13,455] {logging_mixin.py:115} INFO - [2023-10-26 04:46:13,455] {dag.py:2972} INFO - Setting next_dagrun for example_subdag_operator.section-1 to None, run_after=None
[2023-10-26 04:46:13,457] {logging_mixin.py:115} INFO - [2023-10-26 04:46:13,457] {dag.py:2972} INFO - Setting next_dagrun for example_subdag_operator.section-2 to None, run_after=None
[2023-10-26 04:46:13,474] {processor.py:161} INFO - Processing /home/airflow/.local/lib/python3.7/site-packages/airflow/example_dags/example_subdag_operator.py took 0.268 seconds
[2023-10-26 04:46:43,746] {processor.py:153} INFO - Started process (PID=995) to work on /home/airflow/.local/lib/python3.7/site-packages/airflow/example_dags/example_subdag_operator.py
[2023-10-26 04:46:43,748] {processor.py:641} INFO - Processing file /home/airflow/.local/lib/python3.7/site-packages/airflow/example_dags/example_subdag_operator.py for tasks to queue
[2023-10-26 04:46:43,750] {logging_mixin.py:115} INFO - [2023-10-26 04:46:43,750] {dagbag.py:508} INFO - Filling up the DagBag from /home/airflow/.local/lib/python3.7/site-packages/airflow/example_dags/example_subdag_operator.py
[2023-10-26 04:46:43,806] {processor.py:651} INFO - DAG(s) dict_keys(['example_subdag_operator.section-1', 'example_subdag_operator.section-2', 'example_subdag_operator']) retrieved from /home/airflow/.local/lib/python3.7/site-packages/airflow/example_dags/example_subdag_operator.py
[2023-10-26 04:46:43,874] {logging_mixin.py:115} INFO - [2023-10-26 04:46:43,874] {dag.py:2420} INFO - Sync 3 DAGs
[2023-10-26 04:46:43,926] {logging_mixin.py:115} INFO - [2023-10-26 04:46:43,926] {dag.py:2972} INFO - Setting next_dagrun for example_subdag_operator to 2022-01-01T00:00:00+00:00, run_after=2022-01-01T00:00:00+00:00
[2023-10-26 04:46:43,928] {logging_mixin.py:115} INFO - [2023-10-26 04:46:43,928] {dag.py:2972} INFO - Setting next_dagrun for example_subdag_operator.section-1 to None, run_after=None
[2023-10-26 04:46:43,930] {logging_mixin.py:115} INFO - [2023-10-26 04:46:43,929] {dag.py:2972} INFO - Setting next_dagrun for example_subdag_operator.section-2 to None, run_after=None
[2023-10-26 04:46:43,948] {logging_mixin.py:115} INFO - [2023-10-26 04:46:43,948] {dag.py:2420} INFO - Sync 2 DAGs
[2023-10-26 04:46:43,962] {logging_mixin.py:115} INFO - [2023-10-26 04:46:43,962] {dag.py:2972} INFO - Setting next_dagrun for example_subdag_operator.section-1 to None, run_after=None
[2023-10-26 04:46:43,964] {logging_mixin.py:115} INFO - [2023-10-26 04:46:43,963] {dag.py:2972} INFO - Setting next_dagrun for example_subdag_operator.section-2 to None, run_after=None
[2023-10-26 04:46:43,980] {processor.py:161} INFO - Processing /home/airflow/.local/lib/python3.7/site-packages/airflow/example_dags/example_subdag_operator.py took 0.237 seconds
[2023-10-26 04:47:14,424] {processor.py:153} INFO - Started process (PID=1052) to work on /home/airflow/.local/lib/python3.7/site-packages/airflow/example_dags/example_subdag_operator.py
[2023-10-26 04:47:14,427] {processor.py:641} INFO - Processing file /home/airflow/.local/lib/python3.7/site-packages/airflow/example_dags/example_subdag_operator.py for tasks to queue
[2023-10-26 04:47:14,429] {logging_mixin.py:115} INFO - [2023-10-26 04:47:14,429] {dagbag.py:508} INFO - Filling up the DagBag from /home/airflow/.local/lib/python3.7/site-packages/airflow/example_dags/example_subdag_operator.py
[2023-10-26 04:47:14,509] {processor.py:651} INFO - DAG(s) dict_keys(['example_subdag_operator.section-1', 'example_subdag_operator.section-2', 'example_subdag_operator']) retrieved from /home/airflow/.local/lib/python3.7/site-packages/airflow/example_dags/example_subdag_operator.py
[2023-10-26 04:47:14,631] {logging_mixin.py:115} INFO - [2023-10-26 04:47:14,631] {dag.py:2420} INFO - Sync 3 DAGs
[2023-10-26 04:47:14,725] {logging_mixin.py:115} INFO - [2023-10-26 04:47:14,725] {dag.py:2972} INFO - Setting next_dagrun for example_subdag_operator to 2022-01-01T00:00:00+00:00, run_after=2022-01-01T00:00:00+00:00
[2023-10-26 04:47:14,727] {logging_mixin.py:115} INFO - [2023-10-26 04:47:14,727] {dag.py:2972} INFO - Setting next_dagrun for example_subdag_operator.section-1 to None, run_after=None
[2023-10-26 04:47:14,729] {logging_mixin.py:115} INFO - [2023-10-26 04:47:14,728] {dag.py:2972} INFO - Setting next_dagrun for example_subdag_operator.section-2 to None, run_after=None
[2023-10-26 04:47:14,749] {logging_mixin.py:115} INFO - [2023-10-26 04:47:14,748] {dag.py:2420} INFO - Sync 2 DAGs
[2023-10-26 04:47:14,770] {logging_mixin.py:115} INFO - [2023-10-26 04:47:14,769] {dag.py:2972} INFO - Setting next_dagrun for example_subdag_operator.section-1 to None, run_after=None
[2023-10-26 04:47:14,772] {logging_mixin.py:115} INFO - [2023-10-26 04:47:14,771] {dag.py:2972} INFO - Setting next_dagrun for example_subdag_operator.section-2 to None, run_after=None
[2023-10-26 04:47:14,806] {processor.py:161} INFO - Processing /home/airflow/.local/lib/python3.7/site-packages/airflow/example_dags/example_subdag_operator.py took 0.390 seconds
[2023-10-26 04:47:45,265] {processor.py:153} INFO - Started process (PID=1118) to work on /home/airflow/.local/lib/python3.7/site-packages/airflow/example_dags/example_subdag_operator.py
[2023-10-26 04:47:45,266] {processor.py:641} INFO - Processing file /home/airflow/.local/lib/python3.7/site-packages/airflow/example_dags/example_subdag_operator.py for tasks to queue
[2023-10-26 04:47:45,268] {logging_mixin.py:115} INFO - [2023-10-26 04:47:45,268] {dagbag.py:508} INFO - Filling up the DagBag from /home/airflow/.local/lib/python3.7/site-packages/airflow/example_dags/example_subdag_operator.py
[2023-10-26 04:47:45,330] {processor.py:651} INFO - DAG(s) dict_keys(['example_subdag_operator.section-1', 'example_subdag_operator.section-2', 'example_subdag_operator']) retrieved from /home/airflow/.local/lib/python3.7/site-packages/airflow/example_dags/example_subdag_operator.py
[2023-10-26 04:47:45,418] {logging_mixin.py:115} INFO - [2023-10-26 04:47:45,418] {dag.py:2420} INFO - Sync 3 DAGs
[2023-10-26 04:47:45,496] {logging_mixin.py:115} INFO - [2023-10-26 04:47:45,496] {dag.py:2972} INFO - Setting next_dagrun for example_subdag_operator to 2022-01-01T00:00:00+00:00, run_after=2022-01-01T00:00:00+00:00
[2023-10-26 04:47:45,498] {logging_mixin.py:115} INFO - [2023-10-26 04:47:45,497] {dag.py:2972} INFO - Setting next_dagrun for example_subdag_operator.section-1 to None, run_after=None
[2023-10-26 04:47:45,500] {logging_mixin.py:115} INFO - [2023-10-26 04:47:45,500] {dag.py:2972} INFO - Setting next_dagrun for example_subdag_operator.section-2 to None, run_after=None
[2023-10-26 04:47:45,526] {logging_mixin.py:115} INFO - [2023-10-26 04:47:45,526] {dag.py:2420} INFO - Sync 2 DAGs
[2023-10-26 04:47:45,550] {logging_mixin.py:115} INFO - [2023-10-26 04:47:45,550] {dag.py:2972} INFO - Setting next_dagrun for example_subdag_operator.section-1 to None, run_after=None
[2023-10-26 04:47:45,552] {logging_mixin.py:115} INFO - [2023-10-26 04:47:45,552] {dag.py:2972} INFO - Setting next_dagrun for example_subdag_operator.section-2 to None, run_after=None
[2023-10-26 04:47:45,578] {processor.py:161} INFO - Processing /home/airflow/.local/lib/python3.7/site-packages/airflow/example_dags/example_subdag_operator.py took 0.317 seconds
[2023-10-26 04:48:15,680] {processor.py:153} INFO - Started process (PID=1175) to work on /home/airflow/.local/lib/python3.7/site-packages/airflow/example_dags/example_subdag_operator.py
[2023-10-26 04:48:15,682] {processor.py:641} INFO - Processing file /home/airflow/.local/lib/python3.7/site-packages/airflow/example_dags/example_subdag_operator.py for tasks to queue
[2023-10-26 04:48:15,684] {logging_mixin.py:115} INFO - [2023-10-26 04:48:15,684] {dagbag.py:508} INFO - Filling up the DagBag from /home/airflow/.local/lib/python3.7/site-packages/airflow/example_dags/example_subdag_operator.py
[2023-10-26 04:48:15,736] {processor.py:651} INFO - DAG(s) dict_keys(['example_subdag_operator.section-1', 'example_subdag_operator.section-2', 'example_subdag_operator']) retrieved from /home/airflow/.local/lib/python3.7/site-packages/airflow/example_dags/example_subdag_operator.py
[2023-10-26 04:48:15,816] {logging_mixin.py:115} INFO - [2023-10-26 04:48:15,816] {dag.py:2420} INFO - Sync 3 DAGs
[2023-10-26 04:48:15,876] {logging_mixin.py:115} INFO - [2023-10-26 04:48:15,876] {dag.py:2972} INFO - Setting next_dagrun for example_subdag_operator to 2022-01-01T00:00:00+00:00, run_after=2022-01-01T00:00:00+00:00
[2023-10-26 04:48:15,878] {logging_mixin.py:115} INFO - [2023-10-26 04:48:15,878] {dag.py:2972} INFO - Setting next_dagrun for example_subdag_operator.section-1 to None, run_after=None
[2023-10-26 04:48:15,880] {logging_mixin.py:115} INFO - [2023-10-26 04:48:15,880] {dag.py:2972} INFO - Setting next_dagrun for example_subdag_operator.section-2 to None, run_after=None
[2023-10-26 04:48:15,901] {logging_mixin.py:115} INFO - [2023-10-26 04:48:15,901] {dag.py:2420} INFO - Sync 2 DAGs
[2023-10-26 04:48:15,919] {logging_mixin.py:115} INFO - [2023-10-26 04:48:15,919] {dag.py:2972} INFO - Setting next_dagrun for example_subdag_operator.section-1 to None, run_after=None
[2023-10-26 04:48:15,920] {logging_mixin.py:115} INFO - [2023-10-26 04:48:15,920] {dag.py:2972} INFO - Setting next_dagrun for example_subdag_operator.section-2 to None, run_after=None
[2023-10-26 04:48:15,939] {processor.py:161} INFO - Processing /home/airflow/.local/lib/python3.7/site-packages/airflow/example_dags/example_subdag_operator.py took 0.265 seconds
[2023-10-26 04:48:46,319] {processor.py:153} INFO - Started process (PID=1232) to work on /home/airflow/.local/lib/python3.7/site-packages/airflow/example_dags/example_subdag_operator.py
[2023-10-26 04:48:46,321] {processor.py:641} INFO - Processing file /home/airflow/.local/lib/python3.7/site-packages/airflow/example_dags/example_subdag_operator.py for tasks to queue
[2023-10-26 04:48:46,323] {logging_mixin.py:115} INFO - [2023-10-26 04:48:46,323] {dagbag.py:508} INFO - Filling up the DagBag from /home/airflow/.local/lib/python3.7/site-packages/airflow/example_dags/example_subdag_operator.py
[2023-10-26 04:48:46,397] {processor.py:651} INFO - DAG(s) dict_keys(['example_subdag_operator.section-1', 'example_subdag_operator.section-2', 'example_subdag_operator']) retrieved from /home/airflow/.local/lib/python3.7/site-packages/airflow/example_dags/example_subdag_operator.py
[2023-10-26 04:48:46,522] {logging_mixin.py:115} INFO - [2023-10-26 04:48:46,522] {dag.py:2420} INFO - Sync 3 DAGs
[2023-10-26 04:48:46,588] {logging_mixin.py:115} INFO - [2023-10-26 04:48:46,588] {dag.py:2972} INFO - Setting next_dagrun for example_subdag_operator to 2022-01-01T00:00:00+00:00, run_after=2022-01-01T00:00:00+00:00
[2023-10-26 04:48:46,589] {logging_mixin.py:115} INFO - [2023-10-26 04:48:46,589] {dag.py:2972} INFO - Setting next_dagrun for example_subdag_operator.section-1 to None, run_after=None
[2023-10-26 04:48:46,590] {logging_mixin.py:115} INFO - [2023-10-26 04:48:46,590] {dag.py:2972} INFO - Setting next_dagrun for example_subdag_operator.section-2 to None, run_after=None
[2023-10-26 04:48:46,603] {logging_mixin.py:115} INFO - [2023-10-26 04:48:46,603] {dag.py:2420} INFO - Sync 2 DAGs
[2023-10-26 04:48:46,615] {logging_mixin.py:115} INFO - [2023-10-26 04:48:46,615] {dag.py:2972} INFO - Setting next_dagrun for example_subdag_operator.section-1 to None, run_after=None
[2023-10-26 04:48:46,616] {logging_mixin.py:115} INFO - [2023-10-26 04:48:46,616] {dag.py:2972} INFO - Setting next_dagrun for example_subdag_operator.section-2 to None, run_after=None
[2023-10-26 04:48:46,631] {processor.py:161} INFO - Processing /home/airflow/.local/lib/python3.7/site-packages/airflow/example_dags/example_subdag_operator.py took 0.319 seconds
[2023-10-26 04:49:17,124] {processor.py:153} INFO - Started process (PID=1298) to work on /home/airflow/.local/lib/python3.7/site-packages/airflow/example_dags/example_subdag_operator.py
[2023-10-26 04:49:17,126] {processor.py:641} INFO - Processing file /home/airflow/.local/lib/python3.7/site-packages/airflow/example_dags/example_subdag_operator.py for tasks to queue
[2023-10-26 04:49:17,128] {logging_mixin.py:115} INFO - [2023-10-26 04:49:17,127] {dagbag.py:508} INFO - Filling up the DagBag from /home/airflow/.local/lib/python3.7/site-packages/airflow/example_dags/example_subdag_operator.py
[2023-10-26 04:49:17,194] {processor.py:651} INFO - DAG(s) dict_keys(['example_subdag_operator.section-1', 'example_subdag_operator.section-2', 'example_subdag_operator']) retrieved from /home/airflow/.local/lib/python3.7/site-packages/airflow/example_dags/example_subdag_operator.py
[2023-10-26 04:49:17,276] {logging_mixin.py:115} INFO - [2023-10-26 04:49:17,276] {dag.py:2420} INFO - Sync 3 DAGs
[2023-10-26 04:49:17,334] {logging_mixin.py:115} INFO - [2023-10-26 04:49:17,333] {dag.py:2972} INFO - Setting next_dagrun for example_subdag_operator to 2022-01-01T00:00:00+00:00, run_after=2022-01-01T00:00:00+00:00
[2023-10-26 04:49:17,336] {logging_mixin.py:115} INFO - [2023-10-26 04:49:17,336] {dag.py:2972} INFO - Setting next_dagrun for example_subdag_operator.section-1 to None, run_after=None
[2023-10-26 04:49:17,338] {logging_mixin.py:115} INFO - [2023-10-26 04:49:17,338] {dag.py:2972} INFO - Setting next_dagrun for example_subdag_operator.section-2 to None, run_after=None
[2023-10-26 04:49:17,359] {logging_mixin.py:115} INFO - [2023-10-26 04:49:17,359] {dag.py:2420} INFO - Sync 2 DAGs
[2023-10-26 04:49:17,376] {logging_mixin.py:115} INFO - [2023-10-26 04:49:17,376] {dag.py:2972} INFO - Setting next_dagrun for example_subdag_operator.section-1 to None, run_after=None
[2023-10-26 04:49:17,377] {logging_mixin.py:115} INFO - [2023-10-26 04:49:17,377] {dag.py:2972} INFO - Setting next_dagrun for example_subdag_operator.section-2 to None, run_after=None
[2023-10-26 04:49:17,398] {processor.py:161} INFO - Processing /home/airflow/.local/lib/python3.7/site-packages/airflow/example_dags/example_subdag_operator.py took 0.278 seconds
[2023-10-26 04:49:48,014] {processor.py:153} INFO - Started process (PID=1355) to work on /home/airflow/.local/lib/python3.7/site-packages/airflow/example_dags/example_subdag_operator.py
[2023-10-26 04:49:48,016] {processor.py:641} INFO - Processing file /home/airflow/.local/lib/python3.7/site-packages/airflow/example_dags/example_subdag_operator.py for tasks to queue
[2023-10-26 04:49:48,018] {logging_mixin.py:115} INFO - [2023-10-26 04:49:48,018] {dagbag.py:508} INFO - Filling up the DagBag from /home/airflow/.local/lib/python3.7/site-packages/airflow/example_dags/example_subdag_operator.py
[2023-10-26 04:49:48,088] {processor.py:651} INFO - DAG(s) dict_keys(['example_subdag_operator.section-1', 'example_subdag_operator.section-2', 'example_subdag_operator']) retrieved from /home/airflow/.local/lib/python3.7/site-packages/airflow/example_dags/example_subdag_operator.py
[2023-10-26 04:49:48,183] {logging_mixin.py:115} INFO - [2023-10-26 04:49:48,183] {dag.py:2420} INFO - Sync 3 DAGs
[2023-10-26 04:49:48,258] {logging_mixin.py:115} INFO - [2023-10-26 04:49:48,258] {dag.py:2972} INFO - Setting next_dagrun for example_subdag_operator to 2022-01-01T00:00:00+00:00, run_after=2022-01-01T00:00:00+00:00
[2023-10-26 04:49:48,260] {logging_mixin.py:115} INFO - [2023-10-26 04:49:48,260] {dag.py:2972} INFO - Setting next_dagrun for example_subdag_operator.section-1 to None, run_after=None
[2023-10-26 04:49:48,262] {logging_mixin.py:115} INFO - [2023-10-26 04:49:48,261] {dag.py:2972} INFO - Setting next_dagrun for example_subdag_operator.section-2 to None, run_after=None
[2023-10-26 04:49:48,294] {logging_mixin.py:115} INFO - [2023-10-26 04:49:48,294] {dag.py:2420} INFO - Sync 2 DAGs
[2023-10-26 04:49:48,319] {logging_mixin.py:115} INFO - [2023-10-26 04:49:48,319] {dag.py:2972} INFO - Setting next_dagrun for example_subdag_operator.section-1 to None, run_after=None
[2023-10-26 04:49:48,322] {logging_mixin.py:115} INFO - [2023-10-26 04:49:48,321] {dag.py:2972} INFO - Setting next_dagrun for example_subdag_operator.section-2 to None, run_after=None
[2023-10-26 04:49:48,347] {processor.py:161} INFO - Processing /home/airflow/.local/lib/python3.7/site-packages/airflow/example_dags/example_subdag_operator.py took 0.339 seconds
[2023-10-26 04:50:18,508] {processor.py:153} INFO - Started process (PID=1413) to work on /home/airflow/.local/lib/python3.7/site-packages/airflow/example_dags/example_subdag_operator.py
[2023-10-26 04:50:18,510] {processor.py:641} INFO - Processing file /home/airflow/.local/lib/python3.7/site-packages/airflow/example_dags/example_subdag_operator.py for tasks to queue
[2023-10-26 04:50:18,513] {logging_mixin.py:115} INFO - [2023-10-26 04:50:18,513] {dagbag.py:508} INFO - Filling up the DagBag from /home/airflow/.local/lib/python3.7/site-packages/airflow/example_dags/example_subdag_operator.py
[2023-10-26 04:50:18,609] {processor.py:651} INFO - DAG(s) dict_keys(['example_subdag_operator.section-1', 'example_subdag_operator.section-2', 'example_subdag_operator']) retrieved from /home/airflow/.local/lib/python3.7/site-packages/airflow/example_dags/example_subdag_operator.py
[2023-10-26 04:50:18,722] {logging_mixin.py:115} INFO - [2023-10-26 04:50:18,722] {dag.py:2420} INFO - Sync 3 DAGs
[2023-10-26 04:50:18,781] {logging_mixin.py:115} INFO - [2023-10-26 04:50:18,780] {dag.py:2972} INFO - Setting next_dagrun for example_subdag_operator to 2022-01-01T00:00:00+00:00, run_after=2022-01-01T00:00:00+00:00
[2023-10-26 04:50:18,782] {logging_mixin.py:115} INFO - [2023-10-26 04:50:18,782] {dag.py:2972} INFO - Setting next_dagrun for example_subdag_operator.section-1 to None, run_after=None
[2023-10-26 04:50:18,784] {logging_mixin.py:115} INFO - [2023-10-26 04:50:18,783] {dag.py:2972} INFO - Setting next_dagrun for example_subdag_operator.section-2 to None, run_after=None
[2023-10-26 04:50:18,799] {logging_mixin.py:115} INFO - [2023-10-26 04:50:18,799] {dag.py:2420} INFO - Sync 2 DAGs
[2023-10-26 04:50:18,819] {logging_mixin.py:115} INFO - [2023-10-26 04:50:18,819] {dag.py:2972} INFO - Setting next_dagrun for example_subdag_operator.section-1 to None, run_after=None
[2023-10-26 04:50:18,821] {logging_mixin.py:115} INFO - [2023-10-26 04:50:18,821] {dag.py:2972} INFO - Setting next_dagrun for example_subdag_operator.section-2 to None, run_after=None
[2023-10-26 04:50:18,842] {processor.py:161} INFO - Processing /home/airflow/.local/lib/python3.7/site-packages/airflow/example_dags/example_subdag_operator.py took 0.341 seconds
[2023-10-26 04:50:49,020] {processor.py:153} INFO - Started process (PID=1470) to work on /home/airflow/.local/lib/python3.7/site-packages/airflow/example_dags/example_subdag_operator.py
[2023-10-26 04:50:49,022] {processor.py:641} INFO - Processing file /home/airflow/.local/lib/python3.7/site-packages/airflow/example_dags/example_subdag_operator.py for tasks to queue
[2023-10-26 04:50:49,024] {logging_mixin.py:115} INFO - [2023-10-26 04:50:49,024] {dagbag.py:508} INFO - Filling up the DagBag from /home/airflow/.local/lib/python3.7/site-packages/airflow/example_dags/example_subdag_operator.py
[2023-10-26 04:50:49,120] {processor.py:651} INFO - DAG(s) dict_keys(['example_subdag_operator.section-1', 'example_subdag_operator.section-2', 'example_subdag_operator']) retrieved from /home/airflow/.local/lib/python3.7/site-packages/airflow/example_dags/example_subdag_operator.py
[2023-10-26 04:50:49,213] {logging_mixin.py:115} INFO - [2023-10-26 04:50:49,213] {dag.py:2420} INFO - Sync 3 DAGs
[2023-10-26 04:50:49,254] {logging_mixin.py:115} INFO - [2023-10-26 04:50:49,254] {dag.py:2972} INFO - Setting next_dagrun for example_subdag_operator to 2022-01-01T00:00:00+00:00, run_after=2022-01-01T00:00:00+00:00
[2023-10-26 04:50:49,256] {logging_mixin.py:115} INFO - [2023-10-26 04:50:49,256] {dag.py:2972} INFO - Setting next_dagrun for example_subdag_operator.section-1 to None, run_after=None
[2023-10-26 04:50:49,257] {logging_mixin.py:115} INFO - [2023-10-26 04:50:49,257] {dag.py:2972} INFO - Setting next_dagrun for example_subdag_operator.section-2 to None, run_after=None
[2023-10-26 04:50:49,274] {logging_mixin.py:115} INFO - [2023-10-26 04:50:49,273] {dag.py:2420} INFO - Sync 2 DAGs
[2023-10-26 04:50:49,287] {logging_mixin.py:115} INFO - [2023-10-26 04:50:49,287] {dag.py:2972} INFO - Setting next_dagrun for example_subdag_operator.section-1 to None, run_after=None
[2023-10-26 04:50:49,288] {logging_mixin.py:115} INFO - [2023-10-26 04:50:49,288] {dag.py:2972} INFO - Setting next_dagrun for example_subdag_operator.section-2 to None, run_after=None
[2023-10-26 04:50:49,304] {processor.py:161} INFO - Processing /home/airflow/.local/lib/python3.7/site-packages/airflow/example_dags/example_subdag_operator.py took 0.290 seconds
