[2023-10-26 04:38:57,515] {processor.py:153} INFO - Started process (PID=100) to work on /home/airflow/.local/lib/python3.7/site-packages/airflow/example_dags/example_bash_operator.py
[2023-10-26 04:38:57,517] {processor.py:641} INFO - Processing file /home/airflow/.local/lib/python3.7/site-packages/airflow/example_dags/example_bash_operator.py for tasks to queue
[2023-10-26 04:38:57,520] {logging_mixin.py:115} INFO - [2023-10-26 04:38:57,520] {dagbag.py:508} INFO - Filling up the DagBag from /home/airflow/.local/lib/python3.7/site-packages/airflow/example_dags/example_bash_operator.py
[2023-10-26 04:38:57,556] {processor.py:651} INFO - DAG(s) dict_keys(['example_bash_operator']) retrieved from /home/airflow/.local/lib/python3.7/site-packages/airflow/example_dags/example_bash_operator.py
[2023-10-26 04:38:57,661] {logging_mixin.py:115} INFO - [2023-10-26 04:38:57,661] {dag.py:2420} INFO - Sync 1 DAGs
[2023-10-26 04:38:57,766] {logging_mixin.py:115} INFO - [2023-10-26 04:38:57,766] {dag.py:2972} INFO - Setting next_dagrun for example_bash_operator to 2023-10-25T00:00:00+00:00, run_after=2023-10-26T00:00:00+00:00
[2023-10-26 04:38:57,818] {processor.py:161} INFO - Processing /home/airflow/.local/lib/python3.7/site-packages/airflow/example_dags/example_bash_operator.py took 0.313 seconds
[2023-10-26 04:39:29,063] {processor.py:153} INFO - Started process (PID=157) to work on /home/airflow/.local/lib/python3.7/site-packages/airflow/example_dags/example_bash_operator.py
[2023-10-26 04:39:29,065] {processor.py:641} INFO - Processing file /home/airflow/.local/lib/python3.7/site-packages/airflow/example_dags/example_bash_operator.py for tasks to queue
[2023-10-26 04:39:29,067] {logging_mixin.py:115} INFO - [2023-10-26 04:39:29,067] {dagbag.py:508} INFO - Filling up the DagBag from /home/airflow/.local/lib/python3.7/site-packages/airflow/example_dags/example_bash_operator.py
[2023-10-26 04:39:29,091] {processor.py:651} INFO - DAG(s) dict_keys(['example_bash_operator']) retrieved from /home/airflow/.local/lib/python3.7/site-packages/airflow/example_dags/example_bash_operator.py
[2023-10-26 04:39:29,183] {logging_mixin.py:115} INFO - [2023-10-26 04:39:29,183] {dag.py:2420} INFO - Sync 1 DAGs
[2023-10-26 04:39:29,266] {logging_mixin.py:115} INFO - [2023-10-26 04:39:29,266] {dag.py:2972} INFO - Setting next_dagrun for example_bash_operator to 2023-10-25T00:00:00+00:00, run_after=2023-10-26T00:00:00+00:00
[2023-10-26 04:39:29,310] {processor.py:161} INFO - Processing /home/airflow/.local/lib/python3.7/site-packages/airflow/example_dags/example_bash_operator.py took 0.253 seconds
[2023-10-26 04:39:59,375] {processor.py:153} INFO - Started process (PID=213) to work on /home/airflow/.local/lib/python3.7/site-packages/airflow/example_dags/example_bash_operator.py
[2023-10-26 04:39:59,376] {processor.py:641} INFO - Processing file /home/airflow/.local/lib/python3.7/site-packages/airflow/example_dags/example_bash_operator.py for tasks to queue
[2023-10-26 04:39:59,378] {logging_mixin.py:115} INFO - [2023-10-26 04:39:59,378] {dagbag.py:508} INFO - Filling up the DagBag from /home/airflow/.local/lib/python3.7/site-packages/airflow/example_dags/example_bash_operator.py
[2023-10-26 04:39:59,409] {processor.py:651} INFO - DAG(s) dict_keys(['example_bash_operator']) retrieved from /home/airflow/.local/lib/python3.7/site-packages/airflow/example_dags/example_bash_operator.py
[2023-10-26 04:39:59,463] {logging_mixin.py:115} INFO - [2023-10-26 04:39:59,462] {dag.py:2420} INFO - Sync 1 DAGs
[2023-10-26 04:39:59,519] {logging_mixin.py:115} INFO - [2023-10-26 04:39:59,519] {dag.py:2972} INFO - Setting next_dagrun for example_bash_operator to 2023-10-25T00:00:00+00:00, run_after=2023-10-26T00:00:00+00:00
[2023-10-26 04:39:59,560] {processor.py:161} INFO - Processing /home/airflow/.local/lib/python3.7/site-packages/airflow/example_dags/example_bash_operator.py took 0.190 seconds
[2023-10-26 04:40:30,555] {processor.py:153} INFO - Started process (PID=270) to work on /home/airflow/.local/lib/python3.7/site-packages/airflow/example_dags/example_bash_operator.py
[2023-10-26 04:40:30,556] {processor.py:641} INFO - Processing file /home/airflow/.local/lib/python3.7/site-packages/airflow/example_dags/example_bash_operator.py for tasks to queue
[2023-10-26 04:40:30,558] {logging_mixin.py:115} INFO - [2023-10-26 04:40:30,558] {dagbag.py:508} INFO - Filling up the DagBag from /home/airflow/.local/lib/python3.7/site-packages/airflow/example_dags/example_bash_operator.py
[2023-10-26 04:40:30,586] {processor.py:651} INFO - DAG(s) dict_keys(['example_bash_operator']) retrieved from /home/airflow/.local/lib/python3.7/site-packages/airflow/example_dags/example_bash_operator.py
[2023-10-26 04:40:30,629] {logging_mixin.py:115} INFO - [2023-10-26 04:40:30,629] {dag.py:2420} INFO - Sync 1 DAGs
[2023-10-26 04:40:30,680] {logging_mixin.py:115} INFO - [2023-10-26 04:40:30,679] {dag.py:2972} INFO - Setting next_dagrun for example_bash_operator to 2023-10-25T00:00:00+00:00, run_after=2023-10-26T00:00:00+00:00
[2023-10-26 04:40:30,711] {processor.py:161} INFO - Processing /home/airflow/.local/lib/python3.7/site-packages/airflow/example_dags/example_bash_operator.py took 0.161 seconds
[2023-10-26 04:41:01,869] {processor.py:153} INFO - Started process (PID=336) to work on /home/airflow/.local/lib/python3.7/site-packages/airflow/example_dags/example_bash_operator.py
[2023-10-26 04:41:01,871] {processor.py:641} INFO - Processing file /home/airflow/.local/lib/python3.7/site-packages/airflow/example_dags/example_bash_operator.py for tasks to queue
[2023-10-26 04:41:01,872] {logging_mixin.py:115} INFO - [2023-10-26 04:41:01,872] {dagbag.py:508} INFO - Filling up the DagBag from /home/airflow/.local/lib/python3.7/site-packages/airflow/example_dags/example_bash_operator.py
[2023-10-26 04:41:01,892] {processor.py:651} INFO - DAG(s) dict_keys(['example_bash_operator']) retrieved from /home/airflow/.local/lib/python3.7/site-packages/airflow/example_dags/example_bash_operator.py
[2023-10-26 04:41:01,937] {logging_mixin.py:115} INFO - [2023-10-26 04:41:01,936] {dag.py:2420} INFO - Sync 1 DAGs
[2023-10-26 04:41:01,994] {logging_mixin.py:115} INFO - [2023-10-26 04:41:01,993] {dag.py:2972} INFO - Setting next_dagrun for example_bash_operator to 2023-10-25T00:00:00+00:00, run_after=2023-10-26T00:00:00+00:00
[2023-10-26 04:41:02,022] {processor.py:161} INFO - Processing /home/airflow/.local/lib/python3.7/site-packages/airflow/example_dags/example_bash_operator.py took 0.158 seconds
[2023-10-26 04:41:33,002] {processor.py:153} INFO - Started process (PID=393) to work on /home/airflow/.local/lib/python3.7/site-packages/airflow/example_dags/example_bash_operator.py
[2023-10-26 04:41:33,004] {processor.py:641} INFO - Processing file /home/airflow/.local/lib/python3.7/site-packages/airflow/example_dags/example_bash_operator.py for tasks to queue
[2023-10-26 04:41:33,006] {logging_mixin.py:115} INFO - [2023-10-26 04:41:33,006] {dagbag.py:508} INFO - Filling up the DagBag from /home/airflow/.local/lib/python3.7/site-packages/airflow/example_dags/example_bash_operator.py
[2023-10-26 04:41:33,034] {processor.py:651} INFO - DAG(s) dict_keys(['example_bash_operator']) retrieved from /home/airflow/.local/lib/python3.7/site-packages/airflow/example_dags/example_bash_operator.py
[2023-10-26 04:41:33,082] {logging_mixin.py:115} INFO - [2023-10-26 04:41:33,082] {dag.py:2420} INFO - Sync 1 DAGs
[2023-10-26 04:41:33,132] {logging_mixin.py:115} INFO - [2023-10-26 04:41:33,132] {dag.py:2972} INFO - Setting next_dagrun for example_bash_operator to 2023-10-25T00:00:00+00:00, run_after=2023-10-26T00:00:00+00:00
[2023-10-26 04:41:33,163] {processor.py:161} INFO - Processing /home/airflow/.local/lib/python3.7/site-packages/airflow/example_dags/example_bash_operator.py took 0.164 seconds
[2023-10-26 04:42:03,559] {processor.py:153} INFO - Started process (PID=450) to work on /home/airflow/.local/lib/python3.7/site-packages/airflow/example_dags/example_bash_operator.py
[2023-10-26 04:42:03,560] {processor.py:641} INFO - Processing file /home/airflow/.local/lib/python3.7/site-packages/airflow/example_dags/example_bash_operator.py for tasks to queue
[2023-10-26 04:42:03,562] {logging_mixin.py:115} INFO - [2023-10-26 04:42:03,562] {dagbag.py:508} INFO - Filling up the DagBag from /home/airflow/.local/lib/python3.7/site-packages/airflow/example_dags/example_bash_operator.py
[2023-10-26 04:42:03,582] {processor.py:651} INFO - DAG(s) dict_keys(['example_bash_operator']) retrieved from /home/airflow/.local/lib/python3.7/site-packages/airflow/example_dags/example_bash_operator.py
[2023-10-26 04:42:03,623] {logging_mixin.py:115} INFO - [2023-10-26 04:42:03,623] {dag.py:2420} INFO - Sync 1 DAGs
[2023-10-26 04:42:03,692] {logging_mixin.py:115} INFO - [2023-10-26 04:42:03,692] {dag.py:2972} INFO - Setting next_dagrun for example_bash_operator to 2023-10-25T00:00:00+00:00, run_after=2023-10-26T00:00:00+00:00
[2023-10-26 04:42:03,717] {processor.py:161} INFO - Processing /home/airflow/.local/lib/python3.7/site-packages/airflow/example_dags/example_bash_operator.py took 0.162 seconds
[2023-10-26 04:42:34,307] {processor.py:153} INFO - Started process (PID=514) to work on /home/airflow/.local/lib/python3.7/site-packages/airflow/example_dags/example_bash_operator.py
[2023-10-26 04:42:34,308] {processor.py:641} INFO - Processing file /home/airflow/.local/lib/python3.7/site-packages/airflow/example_dags/example_bash_operator.py for tasks to queue
[2023-10-26 04:42:34,310] {logging_mixin.py:115} INFO - [2023-10-26 04:42:34,309] {dagbag.py:508} INFO - Filling up the DagBag from /home/airflow/.local/lib/python3.7/site-packages/airflow/example_dags/example_bash_operator.py
[2023-10-26 04:42:34,330] {processor.py:651} INFO - DAG(s) dict_keys(['example_bash_operator']) retrieved from /home/airflow/.local/lib/python3.7/site-packages/airflow/example_dags/example_bash_operator.py
[2023-10-26 04:42:34,386] {logging_mixin.py:115} INFO - [2023-10-26 04:42:34,386] {dag.py:2420} INFO - Sync 1 DAGs
[2023-10-26 04:42:34,447] {logging_mixin.py:115} INFO - [2023-10-26 04:42:34,447] {dag.py:2972} INFO - Setting next_dagrun for example_bash_operator to 2023-10-25T00:00:00+00:00, run_after=2023-10-26T00:00:00+00:00
[2023-10-26 04:42:34,482] {processor.py:161} INFO - Processing /home/airflow/.local/lib/python3.7/site-packages/airflow/example_dags/example_bash_operator.py took 0.180 seconds
[2023-10-26 04:43:05,503] {processor.py:153} INFO - Started process (PID=572) to work on /home/airflow/.local/lib/python3.7/site-packages/airflow/example_dags/example_bash_operator.py
[2023-10-26 04:43:05,505] {processor.py:641} INFO - Processing file /home/airflow/.local/lib/python3.7/site-packages/airflow/example_dags/example_bash_operator.py for tasks to queue
[2023-10-26 04:43:05,508] {logging_mixin.py:115} INFO - [2023-10-26 04:43:05,507] {dagbag.py:508} INFO - Filling up the DagBag from /home/airflow/.local/lib/python3.7/site-packages/airflow/example_dags/example_bash_operator.py
[2023-10-26 04:43:05,553] {processor.py:651} INFO - DAG(s) dict_keys(['example_bash_operator']) retrieved from /home/airflow/.local/lib/python3.7/site-packages/airflow/example_dags/example_bash_operator.py
[2023-10-26 04:43:05,614] {logging_mixin.py:115} INFO - [2023-10-26 04:43:05,613] {dag.py:2420} INFO - Sync 1 DAGs
[2023-10-26 04:43:05,672] {logging_mixin.py:115} INFO - [2023-10-26 04:43:05,672] {dag.py:2972} INFO - Setting next_dagrun for example_bash_operator to 2023-10-25T00:00:00+00:00, run_after=2023-10-26T00:00:00+00:00
[2023-10-26 04:43:05,712] {processor.py:161} INFO - Processing /home/airflow/.local/lib/python3.7/site-packages/airflow/example_dags/example_bash_operator.py took 0.218 seconds
[2023-10-26 04:43:36,243] {processor.py:153} INFO - Started process (PID=628) to work on /home/airflow/.local/lib/python3.7/site-packages/airflow/example_dags/example_bash_operator.py
[2023-10-26 04:43:36,245] {processor.py:641} INFO - Processing file /home/airflow/.local/lib/python3.7/site-packages/airflow/example_dags/example_bash_operator.py for tasks to queue
[2023-10-26 04:43:36,247] {logging_mixin.py:115} INFO - [2023-10-26 04:43:36,247] {dagbag.py:508} INFO - Filling up the DagBag from /home/airflow/.local/lib/python3.7/site-packages/airflow/example_dags/example_bash_operator.py
[2023-10-26 04:43:36,276] {processor.py:651} INFO - DAG(s) dict_keys(['example_bash_operator']) retrieved from /home/airflow/.local/lib/python3.7/site-packages/airflow/example_dags/example_bash_operator.py
[2023-10-26 04:43:36,400] {logging_mixin.py:115} INFO - [2023-10-26 04:43:36,399] {dag.py:2420} INFO - Sync 1 DAGs
[2023-10-26 04:43:36,483] {logging_mixin.py:115} INFO - [2023-10-26 04:43:36,483] {dag.py:2972} INFO - Setting next_dagrun for example_bash_operator to 2023-10-25T00:00:00+00:00, run_after=2023-10-26T00:00:00+00:00
[2023-10-26 04:43:36,553] {processor.py:161} INFO - Processing /home/airflow/.local/lib/python3.7/site-packages/airflow/example_dags/example_bash_operator.py took 0.315 seconds
[2023-10-26 04:44:07,111] {processor.py:153} INFO - Started process (PID=685) to work on /home/airflow/.local/lib/python3.7/site-packages/airflow/example_dags/example_bash_operator.py
[2023-10-26 04:44:07,112] {processor.py:641} INFO - Processing file /home/airflow/.local/lib/python3.7/site-packages/airflow/example_dags/example_bash_operator.py for tasks to queue
[2023-10-26 04:44:07,114] {logging_mixin.py:115} INFO - [2023-10-26 04:44:07,114] {dagbag.py:508} INFO - Filling up the DagBag from /home/airflow/.local/lib/python3.7/site-packages/airflow/example_dags/example_bash_operator.py
[2023-10-26 04:44:07,135] {processor.py:651} INFO - DAG(s) dict_keys(['example_bash_operator']) retrieved from /home/airflow/.local/lib/python3.7/site-packages/airflow/example_dags/example_bash_operator.py
[2023-10-26 04:44:07,181] {logging_mixin.py:115} INFO - [2023-10-26 04:44:07,181] {dag.py:2420} INFO - Sync 1 DAGs
[2023-10-26 04:44:07,248] {logging_mixin.py:115} INFO - [2023-10-26 04:44:07,248] {dag.py:2972} INFO - Setting next_dagrun for example_bash_operator to 2023-10-25T00:00:00+00:00, run_after=2023-10-26T00:00:00+00:00
[2023-10-26 04:44:07,271] {processor.py:161} INFO - Processing /home/airflow/.local/lib/python3.7/site-packages/airflow/example_dags/example_bash_operator.py took 0.165 seconds
[2023-10-26 04:44:37,596] {processor.py:153} INFO - Started process (PID=751) to work on /home/airflow/.local/lib/python3.7/site-packages/airflow/example_dags/example_bash_operator.py
[2023-10-26 04:44:37,598] {processor.py:641} INFO - Processing file /home/airflow/.local/lib/python3.7/site-packages/airflow/example_dags/example_bash_operator.py for tasks to queue
[2023-10-26 04:44:37,600] {logging_mixin.py:115} INFO - [2023-10-26 04:44:37,600] {dagbag.py:508} INFO - Filling up the DagBag from /home/airflow/.local/lib/python3.7/site-packages/airflow/example_dags/example_bash_operator.py
[2023-10-26 04:44:37,645] {processor.py:651} INFO - DAG(s) dict_keys(['example_bash_operator']) retrieved from /home/airflow/.local/lib/python3.7/site-packages/airflow/example_dags/example_bash_operator.py
[2023-10-26 04:44:37,720] {logging_mixin.py:115} INFO - [2023-10-26 04:44:37,720] {dag.py:2420} INFO - Sync 1 DAGs
[2023-10-26 04:44:37,788] {logging_mixin.py:115} INFO - [2023-10-26 04:44:37,787] {dag.py:2972} INFO - Setting next_dagrun for example_bash_operator to 2023-10-25T00:00:00+00:00, run_after=2023-10-26T00:00:00+00:00
[2023-10-26 04:44:37,819] {processor.py:161} INFO - Processing /home/airflow/.local/lib/python3.7/site-packages/airflow/example_dags/example_bash_operator.py took 0.232 seconds
[2023-10-26 04:45:08,030] {processor.py:153} INFO - Started process (PID=808) to work on /home/airflow/.local/lib/python3.7/site-packages/airflow/example_dags/example_bash_operator.py
[2023-10-26 04:45:08,032] {processor.py:641} INFO - Processing file /home/airflow/.local/lib/python3.7/site-packages/airflow/example_dags/example_bash_operator.py for tasks to queue
[2023-10-26 04:45:08,035] {logging_mixin.py:115} INFO - [2023-10-26 04:45:08,034] {dagbag.py:508} INFO - Filling up the DagBag from /home/airflow/.local/lib/python3.7/site-packages/airflow/example_dags/example_bash_operator.py
[2023-10-26 04:45:08,066] {processor.py:651} INFO - DAG(s) dict_keys(['example_bash_operator']) retrieved from /home/airflow/.local/lib/python3.7/site-packages/airflow/example_dags/example_bash_operator.py
[2023-10-26 04:45:08,158] {logging_mixin.py:115} INFO - [2023-10-26 04:45:08,158] {dag.py:2420} INFO - Sync 1 DAGs
[2023-10-26 04:45:08,224] {logging_mixin.py:115} INFO - [2023-10-26 04:45:08,224] {dag.py:2972} INFO - Setting next_dagrun for example_bash_operator to 2023-10-25T00:00:00+00:00, run_after=2023-10-26T00:00:00+00:00
[2023-10-26 04:45:08,254] {processor.py:161} INFO - Processing /home/airflow/.local/lib/python3.7/site-packages/airflow/example_dags/example_bash_operator.py took 0.231 seconds
[2023-10-26 04:45:38,735] {processor.py:153} INFO - Started process (PID=865) to work on /home/airflow/.local/lib/python3.7/site-packages/airflow/example_dags/example_bash_operator.py
[2023-10-26 04:45:38,737] {processor.py:641} INFO - Processing file /home/airflow/.local/lib/python3.7/site-packages/airflow/example_dags/example_bash_operator.py for tasks to queue
[2023-10-26 04:45:38,740] {logging_mixin.py:115} INFO - [2023-10-26 04:45:38,740] {dagbag.py:508} INFO - Filling up the DagBag from /home/airflow/.local/lib/python3.7/site-packages/airflow/example_dags/example_bash_operator.py
[2023-10-26 04:45:38,780] {processor.py:651} INFO - DAG(s) dict_keys(['example_bash_operator']) retrieved from /home/airflow/.local/lib/python3.7/site-packages/airflow/example_dags/example_bash_operator.py
[2023-10-26 04:45:38,855] {logging_mixin.py:115} INFO - [2023-10-26 04:45:38,855] {dag.py:2420} INFO - Sync 1 DAGs
[2023-10-26 04:45:38,958] {logging_mixin.py:115} INFO - [2023-10-26 04:45:38,958] {dag.py:2972} INFO - Setting next_dagrun for example_bash_operator to 2023-10-25T00:00:00+00:00, run_after=2023-10-26T00:00:00+00:00
[2023-10-26 04:45:39,028] {processor.py:161} INFO - Processing /home/airflow/.local/lib/python3.7/site-packages/airflow/example_dags/example_bash_operator.py took 0.299 seconds
[2023-10-26 04:46:09,326] {processor.py:153} INFO - Started process (PID=924) to work on /home/airflow/.local/lib/python3.7/site-packages/airflow/example_dags/example_bash_operator.py
[2023-10-26 04:46:09,328] {processor.py:641} INFO - Processing file /home/airflow/.local/lib/python3.7/site-packages/airflow/example_dags/example_bash_operator.py for tasks to queue
[2023-10-26 04:46:09,329] {logging_mixin.py:115} INFO - [2023-10-26 04:46:09,329] {dagbag.py:508} INFO - Filling up the DagBag from /home/airflow/.local/lib/python3.7/site-packages/airflow/example_dags/example_bash_operator.py
[2023-10-26 04:46:09,352] {processor.py:651} INFO - DAG(s) dict_keys(['example_bash_operator']) retrieved from /home/airflow/.local/lib/python3.7/site-packages/airflow/example_dags/example_bash_operator.py
[2023-10-26 04:46:09,406] {logging_mixin.py:115} INFO - [2023-10-26 04:46:09,406] {dag.py:2420} INFO - Sync 1 DAGs
[2023-10-26 04:46:09,455] {logging_mixin.py:115} INFO - [2023-10-26 04:46:09,455] {dag.py:2972} INFO - Setting next_dagrun for example_bash_operator to 2023-10-25T00:00:00+00:00, run_after=2023-10-26T00:00:00+00:00
[2023-10-26 04:46:09,485] {processor.py:161} INFO - Processing /home/airflow/.local/lib/python3.7/site-packages/airflow/example_dags/example_bash_operator.py took 0.163 seconds
[2023-10-26 04:46:39,833] {processor.py:153} INFO - Started process (PID=990) to work on /home/airflow/.local/lib/python3.7/site-packages/airflow/example_dags/example_bash_operator.py
[2023-10-26 04:46:39,834] {processor.py:641} INFO - Processing file /home/airflow/.local/lib/python3.7/site-packages/airflow/example_dags/example_bash_operator.py for tasks to queue
[2023-10-26 04:46:39,836] {logging_mixin.py:115} INFO - [2023-10-26 04:46:39,836] {dagbag.py:508} INFO - Filling up the DagBag from /home/airflow/.local/lib/python3.7/site-packages/airflow/example_dags/example_bash_operator.py
[2023-10-26 04:46:39,856] {processor.py:651} INFO - DAG(s) dict_keys(['example_bash_operator']) retrieved from /home/airflow/.local/lib/python3.7/site-packages/airflow/example_dags/example_bash_operator.py
[2023-10-26 04:46:39,915] {logging_mixin.py:115} INFO - [2023-10-26 04:46:39,915] {dag.py:2420} INFO - Sync 1 DAGs
[2023-10-26 04:46:39,976] {logging_mixin.py:115} INFO - [2023-10-26 04:46:39,975] {dag.py:2972} INFO - Setting next_dagrun for example_bash_operator to 2023-10-25T00:00:00+00:00, run_after=2023-10-26T00:00:00+00:00
[2023-10-26 04:46:40,002] {processor.py:161} INFO - Processing /home/airflow/.local/lib/python3.7/site-packages/airflow/example_dags/example_bash_operator.py took 0.174 seconds
[2023-10-26 04:47:10,596] {processor.py:153} INFO - Started process (PID=1046) to work on /home/airflow/.local/lib/python3.7/site-packages/airflow/example_dags/example_bash_operator.py
[2023-10-26 04:47:10,599] {processor.py:641} INFO - Processing file /home/airflow/.local/lib/python3.7/site-packages/airflow/example_dags/example_bash_operator.py for tasks to queue
[2023-10-26 04:47:10,601] {logging_mixin.py:115} INFO - [2023-10-26 04:47:10,601] {dagbag.py:508} INFO - Filling up the DagBag from /home/airflow/.local/lib/python3.7/site-packages/airflow/example_dags/example_bash_operator.py
[2023-10-26 04:47:10,641] {processor.py:651} INFO - DAG(s) dict_keys(['example_bash_operator']) retrieved from /home/airflow/.local/lib/python3.7/site-packages/airflow/example_dags/example_bash_operator.py
[2023-10-26 04:47:10,715] {logging_mixin.py:115} INFO - [2023-10-26 04:47:10,714] {dag.py:2420} INFO - Sync 1 DAGs
[2023-10-26 04:47:10,780] {logging_mixin.py:115} INFO - [2023-10-26 04:47:10,780] {dag.py:2972} INFO - Setting next_dagrun for example_bash_operator to 2023-10-25T00:00:00+00:00, run_after=2023-10-26T00:00:00+00:00
[2023-10-26 04:47:10,811] {processor.py:161} INFO - Processing /home/airflow/.local/lib/python3.7/site-packages/airflow/example_dags/example_bash_operator.py took 0.221 seconds
[2023-10-26 04:47:41,476] {processor.py:153} INFO - Started process (PID=1103) to work on /home/airflow/.local/lib/python3.7/site-packages/airflow/example_dags/example_bash_operator.py
[2023-10-26 04:47:41,479] {processor.py:641} INFO - Processing file /home/airflow/.local/lib/python3.7/site-packages/airflow/example_dags/example_bash_operator.py for tasks to queue
[2023-10-26 04:47:41,481] {logging_mixin.py:115} INFO - [2023-10-26 04:47:41,481] {dagbag.py:508} INFO - Filling up the DagBag from /home/airflow/.local/lib/python3.7/site-packages/airflow/example_dags/example_bash_operator.py
[2023-10-26 04:47:41,517] {processor.py:651} INFO - DAG(s) dict_keys(['example_bash_operator']) retrieved from /home/airflow/.local/lib/python3.7/site-packages/airflow/example_dags/example_bash_operator.py
[2023-10-26 04:47:41,568] {logging_mixin.py:115} INFO - [2023-10-26 04:47:41,568] {dag.py:2420} INFO - Sync 1 DAGs
[2023-10-26 04:47:41,617] {logging_mixin.py:115} INFO - [2023-10-26 04:47:41,617] {dag.py:2972} INFO - Setting next_dagrun for example_bash_operator to 2023-10-25T00:00:00+00:00, run_after=2023-10-26T00:00:00+00:00
[2023-10-26 04:47:41,646] {processor.py:161} INFO - Processing /home/airflow/.local/lib/python3.7/site-packages/airflow/example_dags/example_bash_operator.py took 0.179 seconds
[2023-10-26 04:48:11,883] {processor.py:153} INFO - Started process (PID=1169) to work on /home/airflow/.local/lib/python3.7/site-packages/airflow/example_dags/example_bash_operator.py
[2023-10-26 04:48:11,885] {processor.py:641} INFO - Processing file /home/airflow/.local/lib/python3.7/site-packages/airflow/example_dags/example_bash_operator.py for tasks to queue
[2023-10-26 04:48:11,887] {logging_mixin.py:115} INFO - [2023-10-26 04:48:11,887] {dagbag.py:508} INFO - Filling up the DagBag from /home/airflow/.local/lib/python3.7/site-packages/airflow/example_dags/example_bash_operator.py
[2023-10-26 04:48:11,909] {processor.py:651} INFO - DAG(s) dict_keys(['example_bash_operator']) retrieved from /home/airflow/.local/lib/python3.7/site-packages/airflow/example_dags/example_bash_operator.py
[2023-10-26 04:48:11,972] {logging_mixin.py:115} INFO - [2023-10-26 04:48:11,972] {dag.py:2420} INFO - Sync 1 DAGs
[2023-10-26 04:48:12,032] {logging_mixin.py:115} INFO - [2023-10-26 04:48:12,032] {dag.py:2972} INFO - Setting next_dagrun for example_bash_operator to 2023-10-25T00:00:00+00:00, run_after=2023-10-26T00:00:00+00:00
[2023-10-26 04:48:12,058] {processor.py:161} INFO - Processing /home/airflow/.local/lib/python3.7/site-packages/airflow/example_dags/example_bash_operator.py took 0.179 seconds
[2023-10-26 04:48:42,716] {processor.py:153} INFO - Started process (PID=1226) to work on /home/airflow/.local/lib/python3.7/site-packages/airflow/example_dags/example_bash_operator.py
[2023-10-26 04:48:42,717] {processor.py:641} INFO - Processing file /home/airflow/.local/lib/python3.7/site-packages/airflow/example_dags/example_bash_operator.py for tasks to queue
[2023-10-26 04:48:42,719] {logging_mixin.py:115} INFO - [2023-10-26 04:48:42,719] {dagbag.py:508} INFO - Filling up the DagBag from /home/airflow/.local/lib/python3.7/site-packages/airflow/example_dags/example_bash_operator.py
[2023-10-26 04:48:42,746] {processor.py:651} INFO - DAG(s) dict_keys(['example_bash_operator']) retrieved from /home/airflow/.local/lib/python3.7/site-packages/airflow/example_dags/example_bash_operator.py
[2023-10-26 04:48:42,794] {logging_mixin.py:115} INFO - [2023-10-26 04:48:42,794] {dag.py:2420} INFO - Sync 1 DAGs
[2023-10-26 04:48:42,856] {logging_mixin.py:115} INFO - [2023-10-26 04:48:42,856] {dag.py:2972} INFO - Setting next_dagrun for example_bash_operator to 2023-10-25T00:00:00+00:00, run_after=2023-10-26T00:00:00+00:00
[2023-10-26 04:48:42,886] {processor.py:161} INFO - Processing /home/airflow/.local/lib/python3.7/site-packages/airflow/example_dags/example_bash_operator.py took 0.175 seconds
[2023-10-26 04:49:13,273] {processor.py:153} INFO - Started process (PID=1283) to work on /home/airflow/.local/lib/python3.7/site-packages/airflow/example_dags/example_bash_operator.py
[2023-10-26 04:49:13,275] {processor.py:641} INFO - Processing file /home/airflow/.local/lib/python3.7/site-packages/airflow/example_dags/example_bash_operator.py for tasks to queue
[2023-10-26 04:49:13,278] {logging_mixin.py:115} INFO - [2023-10-26 04:49:13,277] {dagbag.py:508} INFO - Filling up the DagBag from /home/airflow/.local/lib/python3.7/site-packages/airflow/example_dags/example_bash_operator.py
[2023-10-26 04:49:13,309] {processor.py:651} INFO - DAG(s) dict_keys(['example_bash_operator']) retrieved from /home/airflow/.local/lib/python3.7/site-packages/airflow/example_dags/example_bash_operator.py
[2023-10-26 04:49:13,372] {logging_mixin.py:115} INFO - [2023-10-26 04:49:13,372] {dag.py:2420} INFO - Sync 1 DAGs
[2023-10-26 04:49:13,420] {logging_mixin.py:115} INFO - [2023-10-26 04:49:13,420] {dag.py:2972} INFO - Setting next_dagrun for example_bash_operator to 2023-10-25T00:00:00+00:00, run_after=2023-10-26T00:00:00+00:00
[2023-10-26 04:49:13,457] {processor.py:161} INFO - Processing /home/airflow/.local/lib/python3.7/site-packages/airflow/example_dags/example_bash_operator.py took 0.195 seconds
[2023-10-26 04:49:43,577] {processor.py:153} INFO - Started process (PID=1347) to work on /home/airflow/.local/lib/python3.7/site-packages/airflow/example_dags/example_bash_operator.py
[2023-10-26 04:49:43,579] {processor.py:641} INFO - Processing file /home/airflow/.local/lib/python3.7/site-packages/airflow/example_dags/example_bash_operator.py for tasks to queue
[2023-10-26 04:49:43,581] {logging_mixin.py:115} INFO - [2023-10-26 04:49:43,581] {dagbag.py:508} INFO - Filling up the DagBag from /home/airflow/.local/lib/python3.7/site-packages/airflow/example_dags/example_bash_operator.py
[2023-10-26 04:49:43,613] {processor.py:651} INFO - DAG(s) dict_keys(['example_bash_operator']) retrieved from /home/airflow/.local/lib/python3.7/site-packages/airflow/example_dags/example_bash_operator.py
[2023-10-26 04:49:43,701] {logging_mixin.py:115} INFO - [2023-10-26 04:49:43,701] {dag.py:2420} INFO - Sync 1 DAGs
[2023-10-26 04:49:43,826] {logging_mixin.py:115} INFO - [2023-10-26 04:49:43,825] {dag.py:2972} INFO - Setting next_dagrun for example_bash_operator to 2023-10-25T00:00:00+00:00, run_after=2023-10-26T00:00:00+00:00
[2023-10-26 04:49:43,879] {processor.py:161} INFO - Processing /home/airflow/.local/lib/python3.7/site-packages/airflow/example_dags/example_bash_operator.py took 0.307 seconds
[2023-10-26 04:50:14,118] {processor.py:153} INFO - Started process (PID=1406) to work on /home/airflow/.local/lib/python3.7/site-packages/airflow/example_dags/example_bash_operator.py
[2023-10-26 04:50:14,120] {processor.py:641} INFO - Processing file /home/airflow/.local/lib/python3.7/site-packages/airflow/example_dags/example_bash_operator.py for tasks to queue
[2023-10-26 04:50:14,122] {logging_mixin.py:115} INFO - [2023-10-26 04:50:14,122] {dagbag.py:508} INFO - Filling up the DagBag from /home/airflow/.local/lib/python3.7/site-packages/airflow/example_dags/example_bash_operator.py
[2023-10-26 04:50:14,151] {processor.py:651} INFO - DAG(s) dict_keys(['example_bash_operator']) retrieved from /home/airflow/.local/lib/python3.7/site-packages/airflow/example_dags/example_bash_operator.py
[2023-10-26 04:50:14,204] {logging_mixin.py:115} INFO - [2023-10-26 04:50:14,204] {dag.py:2420} INFO - Sync 1 DAGs
[2023-10-26 04:50:14,250] {logging_mixin.py:115} INFO - [2023-10-26 04:50:14,250] {dag.py:2972} INFO - Setting next_dagrun for example_bash_operator to 2023-10-25T00:00:00+00:00, run_after=2023-10-26T00:00:00+00:00
[2023-10-26 04:50:14,284] {processor.py:161} INFO - Processing /home/airflow/.local/lib/python3.7/site-packages/airflow/example_dags/example_bash_operator.py took 0.175 seconds
[2023-10-26 04:50:45,035] {processor.py:153} INFO - Started process (PID=1463) to work on /home/airflow/.local/lib/python3.7/site-packages/airflow/example_dags/example_bash_operator.py
[2023-10-26 04:50:45,037] {processor.py:641} INFO - Processing file /home/airflow/.local/lib/python3.7/site-packages/airflow/example_dags/example_bash_operator.py for tasks to queue
[2023-10-26 04:50:45,038] {logging_mixin.py:115} INFO - [2023-10-26 04:50:45,038] {dagbag.py:508} INFO - Filling up the DagBag from /home/airflow/.local/lib/python3.7/site-packages/airflow/example_dags/example_bash_operator.py
[2023-10-26 04:50:45,073] {processor.py:651} INFO - DAG(s) dict_keys(['example_bash_operator']) retrieved from /home/airflow/.local/lib/python3.7/site-packages/airflow/example_dags/example_bash_operator.py
[2023-10-26 04:50:45,142] {logging_mixin.py:115} INFO - [2023-10-26 04:50:45,141] {dag.py:2420} INFO - Sync 1 DAGs
[2023-10-26 04:50:45,204] {logging_mixin.py:115} INFO - [2023-10-26 04:50:45,204] {dag.py:2972} INFO - Setting next_dagrun for example_bash_operator to 2023-10-25T00:00:00+00:00, run_after=2023-10-26T00:00:00+00:00
[2023-10-26 04:50:45,244] {processor.py:161} INFO - Processing /home/airflow/.local/lib/python3.7/site-packages/airflow/example_dags/example_bash_operator.py took 0.213 seconds
