[2023-10-26 04:38:56,953] {processor.py:153} INFO - Started process (PID=99) to work on /home/airflow/.local/lib/python3.7/site-packages/airflow/example_dags/example_latest_only.py
[2023-10-26 04:38:56,955] {processor.py:641} INFO - Processing file /home/airflow/.local/lib/python3.7/site-packages/airflow/example_dags/example_latest_only.py for tasks to queue
[2023-10-26 04:38:56,960] {logging_mixin.py:115} INFO - [2023-10-26 04:38:56,960] {dagbag.py:508} INFO - Filling up the DagBag from /home/airflow/.local/lib/python3.7/site-packages/airflow/example_dags/example_latest_only.py
[2023-10-26 04:38:56,978] {processor.py:651} INFO - DAG(s) dict_keys(['latest_only']) retrieved from /home/airflow/.local/lib/python3.7/site-packages/airflow/example_dags/example_latest_only.py
[2023-10-26 04:38:57,104] {logging_mixin.py:115} INFO - [2023-10-26 04:38:57,103] {dag.py:2420} INFO - Sync 1 DAGs
[2023-10-26 04:38:57,234] {logging_mixin.py:115} INFO - [2023-10-26 04:38:57,233] {dag.py:2972} INFO - Setting next_dagrun for latest_only to 2023-10-26T00:38:57.233349+00:00, run_after=2023-10-26T04:38:57.233349+00:00
[2023-10-26 04:38:57,318] {processor.py:161} INFO - Processing /home/airflow/.local/lib/python3.7/site-packages/airflow/example_dags/example_latest_only.py took 0.371 seconds
[2023-10-26 04:39:28,480] {processor.py:153} INFO - Started process (PID=155) to work on /home/airflow/.local/lib/python3.7/site-packages/airflow/example_dags/example_latest_only.py
[2023-10-26 04:39:28,482] {processor.py:641} INFO - Processing file /home/airflow/.local/lib/python3.7/site-packages/airflow/example_dags/example_latest_only.py for tasks to queue
[2023-10-26 04:39:28,483] {logging_mixin.py:115} INFO - [2023-10-26 04:39:28,483] {dagbag.py:508} INFO - Filling up the DagBag from /home/airflow/.local/lib/python3.7/site-packages/airflow/example_dags/example_latest_only.py
[2023-10-26 04:39:28,495] {processor.py:651} INFO - DAG(s) dict_keys(['latest_only']) retrieved from /home/airflow/.local/lib/python3.7/site-packages/airflow/example_dags/example_latest_only.py
[2023-10-26 04:39:28,553] {logging_mixin.py:115} INFO - [2023-10-26 04:39:28,552] {dag.py:2420} INFO - Sync 1 DAGs
[2023-10-26 04:39:28,615] {logging_mixin.py:115} INFO - [2023-10-26 04:39:28,614] {dag.py:2972} INFO - Setting next_dagrun for latest_only to 2023-10-26T00:39:28.614516+00:00, run_after=2023-10-26T04:39:28.614516+00:00
[2023-10-26 04:39:28,658] {processor.py:161} INFO - Processing /home/airflow/.local/lib/python3.7/site-packages/airflow/example_dags/example_latest_only.py took 0.183 seconds
[2023-10-26 04:39:59,232] {processor.py:153} INFO - Started process (PID=212) to work on /home/airflow/.local/lib/python3.7/site-packages/airflow/example_dags/example_latest_only.py
[2023-10-26 04:39:59,233] {processor.py:641} INFO - Processing file /home/airflow/.local/lib/python3.7/site-packages/airflow/example_dags/example_latest_only.py for tasks to queue
[2023-10-26 04:39:59,236] {logging_mixin.py:115} INFO - [2023-10-26 04:39:59,235] {dagbag.py:508} INFO - Filling up the DagBag from /home/airflow/.local/lib/python3.7/site-packages/airflow/example_dags/example_latest_only.py
[2023-10-26 04:39:59,249] {processor.py:651} INFO - DAG(s) dict_keys(['latest_only']) retrieved from /home/airflow/.local/lib/python3.7/site-packages/airflow/example_dags/example_latest_only.py
[2023-10-26 04:39:59,294] {logging_mixin.py:115} INFO - [2023-10-26 04:39:59,294] {dag.py:2420} INFO - Sync 1 DAGs
[2023-10-26 04:39:59,354] {logging_mixin.py:115} INFO - [2023-10-26 04:39:59,353] {dag.py:2972} INFO - Setting next_dagrun for latest_only to 2023-10-26T00:39:59.353279+00:00, run_after=2023-10-26T04:39:59.353279+00:00
[2023-10-26 04:39:59,384] {processor.py:161} INFO - Processing /home/airflow/.local/lib/python3.7/site-packages/airflow/example_dags/example_latest_only.py took 0.156 seconds
[2023-10-26 04:40:30,415] {processor.py:153} INFO - Started process (PID=269) to work on /home/airflow/.local/lib/python3.7/site-packages/airflow/example_dags/example_latest_only.py
[2023-10-26 04:40:30,417] {processor.py:641} INFO - Processing file /home/airflow/.local/lib/python3.7/site-packages/airflow/example_dags/example_latest_only.py for tasks to queue
[2023-10-26 04:40:30,419] {logging_mixin.py:115} INFO - [2023-10-26 04:40:30,419] {dagbag.py:508} INFO - Filling up the DagBag from /home/airflow/.local/lib/python3.7/site-packages/airflow/example_dags/example_latest_only.py
[2023-10-26 04:40:30,428] {processor.py:651} INFO - DAG(s) dict_keys(['latest_only']) retrieved from /home/airflow/.local/lib/python3.7/site-packages/airflow/example_dags/example_latest_only.py
[2023-10-26 04:40:30,471] {logging_mixin.py:115} INFO - [2023-10-26 04:40:30,471] {dag.py:2420} INFO - Sync 1 DAGs
[2023-10-26 04:40:30,525] {logging_mixin.py:115} INFO - [2023-10-26 04:40:30,525] {dag.py:2972} INFO - Setting next_dagrun for latest_only to 2023-10-26T00:40:30.524700+00:00, run_after=2023-10-26T04:40:30.524700+00:00
[2023-10-26 04:40:30,555] {processor.py:161} INFO - Processing /home/airflow/.local/lib/python3.7/site-packages/airflow/example_dags/example_latest_only.py took 0.144 seconds
[2023-10-26 04:41:01,619] {processor.py:153} INFO - Started process (PID=333) to work on /home/airflow/.local/lib/python3.7/site-packages/airflow/example_dags/example_latest_only.py
[2023-10-26 04:41:01,621] {processor.py:641} INFO - Processing file /home/airflow/.local/lib/python3.7/site-packages/airflow/example_dags/example_latest_only.py for tasks to queue
[2023-10-26 04:41:01,623] {logging_mixin.py:115} INFO - [2023-10-26 04:41:01,622] {dagbag.py:508} INFO - Filling up the DagBag from /home/airflow/.local/lib/python3.7/site-packages/airflow/example_dags/example_latest_only.py
[2023-10-26 04:41:01,633] {processor.py:651} INFO - DAG(s) dict_keys(['latest_only']) retrieved from /home/airflow/.local/lib/python3.7/site-packages/airflow/example_dags/example_latest_only.py
[2023-10-26 04:41:01,683] {logging_mixin.py:115} INFO - [2023-10-26 04:41:01,683] {dag.py:2420} INFO - Sync 1 DAGs
[2023-10-26 04:41:01,753] {logging_mixin.py:115} INFO - [2023-10-26 04:41:01,753] {dag.py:2972} INFO - Setting next_dagrun for latest_only to 2023-10-26T00:41:01.753183+00:00, run_after=2023-10-26T04:41:01.753183+00:00
[2023-10-26 04:41:01,785] {processor.py:161} INFO - Processing /home/airflow/.local/lib/python3.7/site-packages/airflow/example_dags/example_latest_only.py took 0.170 seconds
[2023-10-26 04:41:32,790] {processor.py:153} INFO - Started process (PID=392) to work on /home/airflow/.local/lib/python3.7/site-packages/airflow/example_dags/example_latest_only.py
[2023-10-26 04:41:32,791] {processor.py:641} INFO - Processing file /home/airflow/.local/lib/python3.7/site-packages/airflow/example_dags/example_latest_only.py for tasks to queue
[2023-10-26 04:41:32,793] {logging_mixin.py:115} INFO - [2023-10-26 04:41:32,792] {dagbag.py:508} INFO - Filling up the DagBag from /home/airflow/.local/lib/python3.7/site-packages/airflow/example_dags/example_latest_only.py
[2023-10-26 04:41:32,800] {processor.py:651} INFO - DAG(s) dict_keys(['latest_only']) retrieved from /home/airflow/.local/lib/python3.7/site-packages/airflow/example_dags/example_latest_only.py
[2023-10-26 04:41:32,838] {logging_mixin.py:115} INFO - [2023-10-26 04:41:32,838] {dag.py:2420} INFO - Sync 1 DAGs
[2023-10-26 04:41:32,890] {logging_mixin.py:115} INFO - [2023-10-26 04:41:32,890] {dag.py:2972} INFO - Setting next_dagrun for latest_only to 2023-10-26T00:41:32.890359+00:00, run_after=2023-10-26T04:41:32.890359+00:00
[2023-10-26 04:41:32,933] {processor.py:161} INFO - Processing /home/airflow/.local/lib/python3.7/site-packages/airflow/example_dags/example_latest_only.py took 0.147 seconds
[2023-10-26 04:42:03,353] {processor.py:153} INFO - Started process (PID=449) to work on /home/airflow/.local/lib/python3.7/site-packages/airflow/example_dags/example_latest_only.py
[2023-10-26 04:42:03,355] {processor.py:641} INFO - Processing file /home/airflow/.local/lib/python3.7/site-packages/airflow/example_dags/example_latest_only.py for tasks to queue
[2023-10-26 04:42:03,356] {logging_mixin.py:115} INFO - [2023-10-26 04:42:03,356] {dagbag.py:508} INFO - Filling up the DagBag from /home/airflow/.local/lib/python3.7/site-packages/airflow/example_dags/example_latest_only.py
[2023-10-26 04:42:03,365] {processor.py:651} INFO - DAG(s) dict_keys(['latest_only']) retrieved from /home/airflow/.local/lib/python3.7/site-packages/airflow/example_dags/example_latest_only.py
[2023-10-26 04:42:03,411] {logging_mixin.py:115} INFO - [2023-10-26 04:42:03,411] {dag.py:2420} INFO - Sync 1 DAGs
[2023-10-26 04:42:03,469] {logging_mixin.py:115} INFO - [2023-10-26 04:42:03,469] {dag.py:2972} INFO - Setting next_dagrun for latest_only to 2023-10-26T00:42:03.469296+00:00, run_after=2023-10-26T04:42:03.469296+00:00
[2023-10-26 04:42:03,505] {processor.py:161} INFO - Processing /home/airflow/.local/lib/python3.7/site-packages/airflow/example_dags/example_latest_only.py took 0.157 seconds
[2023-10-26 04:42:34,074] {processor.py:153} INFO - Started process (PID=512) to work on /home/airflow/.local/lib/python3.7/site-packages/airflow/example_dags/example_latest_only.py
[2023-10-26 04:42:34,075] {processor.py:641} INFO - Processing file /home/airflow/.local/lib/python3.7/site-packages/airflow/example_dags/example_latest_only.py for tasks to queue
[2023-10-26 04:42:34,077] {logging_mixin.py:115} INFO - [2023-10-26 04:42:34,077] {dagbag.py:508} INFO - Filling up the DagBag from /home/airflow/.local/lib/python3.7/site-packages/airflow/example_dags/example_latest_only.py
[2023-10-26 04:42:34,086] {processor.py:651} INFO - DAG(s) dict_keys(['latest_only']) retrieved from /home/airflow/.local/lib/python3.7/site-packages/airflow/example_dags/example_latest_only.py
[2023-10-26 04:42:34,141] {logging_mixin.py:115} INFO - [2023-10-26 04:42:34,141] {dag.py:2420} INFO - Sync 1 DAGs
[2023-10-26 04:42:34,199] {logging_mixin.py:115} INFO - [2023-10-26 04:42:34,198] {dag.py:2972} INFO - Setting next_dagrun for latest_only to 2023-10-26T00:42:34.198376+00:00, run_after=2023-10-26T04:42:34.198376+00:00
[2023-10-26 04:42:34,242] {processor.py:161} INFO - Processing /home/airflow/.local/lib/python3.7/site-packages/airflow/example_dags/example_latest_only.py took 0.174 seconds
[2023-10-26 04:43:04,307] {processor.py:153} INFO - Started process (PID=570) to work on /home/airflow/.local/lib/python3.7/site-packages/airflow/example_dags/example_latest_only.py
[2023-10-26 04:43:04,309] {processor.py:641} INFO - Processing file /home/airflow/.local/lib/python3.7/site-packages/airflow/example_dags/example_latest_only.py for tasks to queue
[2023-10-26 04:43:04,310] {logging_mixin.py:115} INFO - [2023-10-26 04:43:04,310] {dagbag.py:508} INFO - Filling up the DagBag from /home/airflow/.local/lib/python3.7/site-packages/airflow/example_dags/example_latest_only.py
[2023-10-26 04:43:04,318] {processor.py:651} INFO - DAG(s) dict_keys(['latest_only']) retrieved from /home/airflow/.local/lib/python3.7/site-packages/airflow/example_dags/example_latest_only.py
[2023-10-26 04:43:04,358] {logging_mixin.py:115} INFO - [2023-10-26 04:43:04,357] {dag.py:2420} INFO - Sync 1 DAGs
[2023-10-26 04:43:04,411] {logging_mixin.py:115} INFO - [2023-10-26 04:43:04,410] {dag.py:2972} INFO - Setting next_dagrun for latest_only to 2023-10-26T00:43:04.410268+00:00, run_after=2023-10-26T04:43:04.410268+00:00
[2023-10-26 04:43:04,437] {processor.py:161} INFO - Processing /home/airflow/.local/lib/python3.7/site-packages/airflow/example_dags/example_latest_only.py took 0.135 seconds
[2023-10-26 04:43:35,181] {processor.py:153} INFO - Started process (PID=627) to work on /home/airflow/.local/lib/python3.7/site-packages/airflow/example_dags/example_latest_only.py
[2023-10-26 04:43:35,182] {processor.py:641} INFO - Processing file /home/airflow/.local/lib/python3.7/site-packages/airflow/example_dags/example_latest_only.py for tasks to queue
[2023-10-26 04:43:35,184] {logging_mixin.py:115} INFO - [2023-10-26 04:43:35,184] {dagbag.py:508} INFO - Filling up the DagBag from /home/airflow/.local/lib/python3.7/site-packages/airflow/example_dags/example_latest_only.py
[2023-10-26 04:43:35,194] {processor.py:651} INFO - DAG(s) dict_keys(['latest_only']) retrieved from /home/airflow/.local/lib/python3.7/site-packages/airflow/example_dags/example_latest_only.py
[2023-10-26 04:43:35,239] {logging_mixin.py:115} INFO - [2023-10-26 04:43:35,238] {dag.py:2420} INFO - Sync 1 DAGs
[2023-10-26 04:43:35,295] {logging_mixin.py:115} INFO - [2023-10-26 04:43:35,295] {dag.py:2972} INFO - Setting next_dagrun for latest_only to 2023-10-26T00:43:35.294479+00:00, run_after=2023-10-26T04:43:35.294479+00:00
[2023-10-26 04:43:35,337] {processor.py:161} INFO - Processing /home/airflow/.local/lib/python3.7/site-packages/airflow/example_dags/example_latest_only.py took 0.161 seconds
[2023-10-26 04:44:05,900] {processor.py:153} INFO - Started process (PID=684) to work on /home/airflow/.local/lib/python3.7/site-packages/airflow/example_dags/example_latest_only.py
[2023-10-26 04:44:05,902] {processor.py:641} INFO - Processing file /home/airflow/.local/lib/python3.7/site-packages/airflow/example_dags/example_latest_only.py for tasks to queue
[2023-10-26 04:44:05,904] {logging_mixin.py:115} INFO - [2023-10-26 04:44:05,904] {dagbag.py:508} INFO - Filling up the DagBag from /home/airflow/.local/lib/python3.7/site-packages/airflow/example_dags/example_latest_only.py
[2023-10-26 04:44:05,920] {processor.py:651} INFO - DAG(s) dict_keys(['latest_only']) retrieved from /home/airflow/.local/lib/python3.7/site-packages/airflow/example_dags/example_latest_only.py
[2023-10-26 04:44:05,982] {logging_mixin.py:115} INFO - [2023-10-26 04:44:05,982] {dag.py:2420} INFO - Sync 1 DAGs
[2023-10-26 04:44:06,040] {logging_mixin.py:115} INFO - [2023-10-26 04:44:06,040] {dag.py:2972} INFO - Setting next_dagrun for latest_only to 2023-10-26T00:44:06.039622+00:00, run_after=2023-10-26T04:44:06.039622+00:00
[2023-10-26 04:44:06,065] {processor.py:161} INFO - Processing /home/airflow/.local/lib/python3.7/site-packages/airflow/example_dags/example_latest_only.py took 0.171 seconds
[2023-10-26 04:44:36,394] {processor.py:153} INFO - Started process (PID=750) to work on /home/airflow/.local/lib/python3.7/site-packages/airflow/example_dags/example_latest_only.py
[2023-10-26 04:44:36,396] {processor.py:641} INFO - Processing file /home/airflow/.local/lib/python3.7/site-packages/airflow/example_dags/example_latest_only.py for tasks to queue
[2023-10-26 04:44:36,398] {logging_mixin.py:115} INFO - [2023-10-26 04:44:36,398] {dagbag.py:508} INFO - Filling up the DagBag from /home/airflow/.local/lib/python3.7/site-packages/airflow/example_dags/example_latest_only.py
[2023-10-26 04:44:36,408] {processor.py:651} INFO - DAG(s) dict_keys(['latest_only']) retrieved from /home/airflow/.local/lib/python3.7/site-packages/airflow/example_dags/example_latest_only.py
[2023-10-26 04:44:36,460] {logging_mixin.py:115} INFO - [2023-10-26 04:44:36,460] {dag.py:2420} INFO - Sync 1 DAGs
[2023-10-26 04:44:36,534] {logging_mixin.py:115} INFO - [2023-10-26 04:44:36,534] {dag.py:2972} INFO - Setting next_dagrun for latest_only to 2023-10-26T00:44:36.533569+00:00, run_after=2023-10-26T04:44:36.533569+00:00
[2023-10-26 04:44:36,563] {processor.py:161} INFO - Processing /home/airflow/.local/lib/python3.7/site-packages/airflow/example_dags/example_latest_only.py took 0.179 seconds
[2023-10-26 04:45:07,021] {processor.py:153} INFO - Started process (PID=807) to work on /home/airflow/.local/lib/python3.7/site-packages/airflow/example_dags/example_latest_only.py
[2023-10-26 04:45:07,023] {processor.py:641} INFO - Processing file /home/airflow/.local/lib/python3.7/site-packages/airflow/example_dags/example_latest_only.py for tasks to queue
[2023-10-26 04:45:07,025] {logging_mixin.py:115} INFO - [2023-10-26 04:45:07,025] {dagbag.py:508} INFO - Filling up the DagBag from /home/airflow/.local/lib/python3.7/site-packages/airflow/example_dags/example_latest_only.py
[2023-10-26 04:45:07,037] {processor.py:651} INFO - DAG(s) dict_keys(['latest_only']) retrieved from /home/airflow/.local/lib/python3.7/site-packages/airflow/example_dags/example_latest_only.py
[2023-10-26 04:45:07,125] {logging_mixin.py:115} INFO - [2023-10-26 04:45:07,124] {dag.py:2420} INFO - Sync 1 DAGs
[2023-10-26 04:45:07,173] {logging_mixin.py:115} INFO - [2023-10-26 04:45:07,172] {dag.py:2972} INFO - Setting next_dagrun for latest_only to 2023-10-26T00:45:07.172496+00:00, run_after=2023-10-26T04:45:07.172496+00:00
[2023-10-26 04:45:07,207] {processor.py:161} INFO - Processing /home/airflow/.local/lib/python3.7/site-packages/airflow/example_dags/example_latest_only.py took 0.193 seconds
[2023-10-26 04:45:37,444] {processor.py:153} INFO - Started process (PID=864) to work on /home/airflow/.local/lib/python3.7/site-packages/airflow/example_dags/example_latest_only.py
[2023-10-26 04:45:37,446] {processor.py:641} INFO - Processing file /home/airflow/.local/lib/python3.7/site-packages/airflow/example_dags/example_latest_only.py for tasks to queue
[2023-10-26 04:45:37,448] {logging_mixin.py:115} INFO - [2023-10-26 04:45:37,447] {dagbag.py:508} INFO - Filling up the DagBag from /home/airflow/.local/lib/python3.7/site-packages/airflow/example_dags/example_latest_only.py
[2023-10-26 04:45:37,465] {processor.py:651} INFO - DAG(s) dict_keys(['latest_only']) retrieved from /home/airflow/.local/lib/python3.7/site-packages/airflow/example_dags/example_latest_only.py
[2023-10-26 04:45:37,541] {logging_mixin.py:115} INFO - [2023-10-26 04:45:37,541] {dag.py:2420} INFO - Sync 1 DAGs
[2023-10-26 04:45:37,646] {logging_mixin.py:115} INFO - [2023-10-26 04:45:37,646] {dag.py:2972} INFO - Setting next_dagrun for latest_only to 2023-10-26T00:45:37.646182+00:00, run_after=2023-10-26T04:45:37.646182+00:00
[2023-10-26 04:45:37,695] {processor.py:161} INFO - Processing /home/airflow/.local/lib/python3.7/site-packages/airflow/example_dags/example_latest_only.py took 0.256 seconds
[2023-10-26 04:46:08,048] {processor.py:153} INFO - Started process (PID=921) to work on /home/airflow/.local/lib/python3.7/site-packages/airflow/example_dags/example_latest_only.py
[2023-10-26 04:46:08,050] {processor.py:641} INFO - Processing file /home/airflow/.local/lib/python3.7/site-packages/airflow/example_dags/example_latest_only.py for tasks to queue
[2023-10-26 04:46:08,052] {logging_mixin.py:115} INFO - [2023-10-26 04:46:08,052] {dagbag.py:508} INFO - Filling up the DagBag from /home/airflow/.local/lib/python3.7/site-packages/airflow/example_dags/example_latest_only.py
[2023-10-26 04:46:08,061] {processor.py:651} INFO - DAG(s) dict_keys(['latest_only']) retrieved from /home/airflow/.local/lib/python3.7/site-packages/airflow/example_dags/example_latest_only.py
[2023-10-26 04:46:08,178] {logging_mixin.py:115} INFO - [2023-10-26 04:46:08,178] {dag.py:2420} INFO - Sync 1 DAGs
[2023-10-26 04:46:08,225] {logging_mixin.py:115} INFO - [2023-10-26 04:46:08,225] {dag.py:2972} INFO - Setting next_dagrun for latest_only to 2023-10-26T00:46:08.225027+00:00, run_after=2023-10-26T04:46:08.225027+00:00
[2023-10-26 04:46:08,248] {processor.py:161} INFO - Processing /home/airflow/.local/lib/python3.7/site-packages/airflow/example_dags/example_latest_only.py took 0.206 seconds
[2023-10-26 04:46:38,534] {processor.py:153} INFO - Started process (PID=988) to work on /home/airflow/.local/lib/python3.7/site-packages/airflow/example_dags/example_latest_only.py
[2023-10-26 04:46:38,536] {processor.py:641} INFO - Processing file /home/airflow/.local/lib/python3.7/site-packages/airflow/example_dags/example_latest_only.py for tasks to queue
[2023-10-26 04:46:38,538] {logging_mixin.py:115} INFO - [2023-10-26 04:46:38,538] {dagbag.py:508} INFO - Filling up the DagBag from /home/airflow/.local/lib/python3.7/site-packages/airflow/example_dags/example_latest_only.py
[2023-10-26 04:46:38,549] {processor.py:651} INFO - DAG(s) dict_keys(['latest_only']) retrieved from /home/airflow/.local/lib/python3.7/site-packages/airflow/example_dags/example_latest_only.py
[2023-10-26 04:46:38,612] {logging_mixin.py:115} INFO - [2023-10-26 04:46:38,612] {dag.py:2420} INFO - Sync 1 DAGs
[2023-10-26 04:46:38,688] {logging_mixin.py:115} INFO - [2023-10-26 04:46:38,687] {dag.py:2972} INFO - Setting next_dagrun for latest_only to 2023-10-26T00:46:38.686924+00:00, run_after=2023-10-26T04:46:38.686924+00:00
[2023-10-26 04:46:38,723] {processor.py:161} INFO - Processing /home/airflow/.local/lib/python3.7/site-packages/airflow/example_dags/example_latest_only.py took 0.206 seconds
[2023-10-26 04:47:09,390] {processor.py:153} INFO - Started process (PID=1045) to work on /home/airflow/.local/lib/python3.7/site-packages/airflow/example_dags/example_latest_only.py
[2023-10-26 04:47:09,392] {processor.py:641} INFO - Processing file /home/airflow/.local/lib/python3.7/site-packages/airflow/example_dags/example_latest_only.py for tasks to queue
[2023-10-26 04:47:09,394] {logging_mixin.py:115} INFO - [2023-10-26 04:47:09,394] {dagbag.py:508} INFO - Filling up the DagBag from /home/airflow/.local/lib/python3.7/site-packages/airflow/example_dags/example_latest_only.py
[2023-10-26 04:47:09,405] {processor.py:651} INFO - DAG(s) dict_keys(['latest_only']) retrieved from /home/airflow/.local/lib/python3.7/site-packages/airflow/example_dags/example_latest_only.py
[2023-10-26 04:47:09,453] {logging_mixin.py:115} INFO - [2023-10-26 04:47:09,453] {dag.py:2420} INFO - Sync 1 DAGs
[2023-10-26 04:47:09,510] {logging_mixin.py:115} INFO - [2023-10-26 04:47:09,510] {dag.py:2972} INFO - Setting next_dagrun for latest_only to 2023-10-26T00:47:09.510107+00:00, run_after=2023-10-26T04:47:09.510107+00:00
[2023-10-26 04:47:09,542] {processor.py:161} INFO - Processing /home/airflow/.local/lib/python3.7/site-packages/airflow/example_dags/example_latest_only.py took 0.158 seconds
[2023-10-26 04:47:40,265] {processor.py:153} INFO - Started process (PID=1102) to work on /home/airflow/.local/lib/python3.7/site-packages/airflow/example_dags/example_latest_only.py
[2023-10-26 04:47:40,266] {processor.py:641} INFO - Processing file /home/airflow/.local/lib/python3.7/site-packages/airflow/example_dags/example_latest_only.py for tasks to queue
[2023-10-26 04:47:40,268] {logging_mixin.py:115} INFO - [2023-10-26 04:47:40,267] {dagbag.py:508} INFO - Filling up the DagBag from /home/airflow/.local/lib/python3.7/site-packages/airflow/example_dags/example_latest_only.py
[2023-10-26 04:47:40,276] {processor.py:651} INFO - DAG(s) dict_keys(['latest_only']) retrieved from /home/airflow/.local/lib/python3.7/site-packages/airflow/example_dags/example_latest_only.py
[2023-10-26 04:47:40,323] {logging_mixin.py:115} INFO - [2023-10-26 04:47:40,323] {dag.py:2420} INFO - Sync 1 DAGs
[2023-10-26 04:47:40,365] {logging_mixin.py:115} INFO - [2023-10-26 04:47:40,365] {dag.py:2972} INFO - Setting next_dagrun for latest_only to 2023-10-26T00:47:40.365339+00:00, run_after=2023-10-26T04:47:40.365339+00:00
[2023-10-26 04:47:40,396] {processor.py:161} INFO - Processing /home/airflow/.local/lib/python3.7/site-packages/airflow/example_dags/example_latest_only.py took 0.136 seconds
[2023-10-26 04:48:10,768] {processor.py:153} INFO - Started process (PID=1168) to work on /home/airflow/.local/lib/python3.7/site-packages/airflow/example_dags/example_latest_only.py
[2023-10-26 04:48:10,769] {processor.py:641} INFO - Processing file /home/airflow/.local/lib/python3.7/site-packages/airflow/example_dags/example_latest_only.py for tasks to queue
[2023-10-26 04:48:10,771] {logging_mixin.py:115} INFO - [2023-10-26 04:48:10,771] {dagbag.py:508} INFO - Filling up the DagBag from /home/airflow/.local/lib/python3.7/site-packages/airflow/example_dags/example_latest_only.py
[2023-10-26 04:48:10,782] {processor.py:651} INFO - DAG(s) dict_keys(['latest_only']) retrieved from /home/airflow/.local/lib/python3.7/site-packages/airflow/example_dags/example_latest_only.py
[2023-10-26 04:48:10,829] {logging_mixin.py:115} INFO - [2023-10-26 04:48:10,829] {dag.py:2420} INFO - Sync 1 DAGs
[2023-10-26 04:48:10,878] {logging_mixin.py:115} INFO - [2023-10-26 04:48:10,878] {dag.py:2972} INFO - Setting next_dagrun for latest_only to 2023-10-26T00:48:10.877937+00:00, run_after=2023-10-26T04:48:10.877937+00:00
[2023-10-26 04:48:10,915] {processor.py:161} INFO - Processing /home/airflow/.local/lib/python3.7/site-packages/airflow/example_dags/example_latest_only.py took 0.154 seconds
[2023-10-26 04:48:41,643] {processor.py:153} INFO - Started process (PID=1225) to work on /home/airflow/.local/lib/python3.7/site-packages/airflow/example_dags/example_latest_only.py
[2023-10-26 04:48:41,644] {processor.py:641} INFO - Processing file /home/airflow/.local/lib/python3.7/site-packages/airflow/example_dags/example_latest_only.py for tasks to queue
[2023-10-26 04:48:41,646] {logging_mixin.py:115} INFO - [2023-10-26 04:48:41,646] {dagbag.py:508} INFO - Filling up the DagBag from /home/airflow/.local/lib/python3.7/site-packages/airflow/example_dags/example_latest_only.py
[2023-10-26 04:48:41,654] {processor.py:651} INFO - DAG(s) dict_keys(['latest_only']) retrieved from /home/airflow/.local/lib/python3.7/site-packages/airflow/example_dags/example_latest_only.py
[2023-10-26 04:48:41,697] {logging_mixin.py:115} INFO - [2023-10-26 04:48:41,697] {dag.py:2420} INFO - Sync 1 DAGs
[2023-10-26 04:48:41,745] {logging_mixin.py:115} INFO - [2023-10-26 04:48:41,745] {dag.py:2972} INFO - Setting next_dagrun for latest_only to 2023-10-26T00:48:41.744901+00:00, run_after=2023-10-26T04:48:41.744901+00:00
[2023-10-26 04:48:41,783] {processor.py:161} INFO - Processing /home/airflow/.local/lib/python3.7/site-packages/airflow/example_dags/example_latest_only.py took 0.144 seconds
[2023-10-26 04:49:12,091] {processor.py:153} INFO - Started process (PID=1282) to work on /home/airflow/.local/lib/python3.7/site-packages/airflow/example_dags/example_latest_only.py
[2023-10-26 04:49:12,093] {processor.py:641} INFO - Processing file /home/airflow/.local/lib/python3.7/site-packages/airflow/example_dags/example_latest_only.py for tasks to queue
[2023-10-26 04:49:12,094] {logging_mixin.py:115} INFO - [2023-10-26 04:49:12,094] {dagbag.py:508} INFO - Filling up the DagBag from /home/airflow/.local/lib/python3.7/site-packages/airflow/example_dags/example_latest_only.py
[2023-10-26 04:49:12,102] {processor.py:651} INFO - DAG(s) dict_keys(['latest_only']) retrieved from /home/airflow/.local/lib/python3.7/site-packages/airflow/example_dags/example_latest_only.py
[2023-10-26 04:49:12,147] {logging_mixin.py:115} INFO - [2023-10-26 04:49:12,147] {dag.py:2420} INFO - Sync 1 DAGs
[2023-10-26 04:49:12,203] {logging_mixin.py:115} INFO - [2023-10-26 04:49:12,203] {dag.py:2972} INFO - Setting next_dagrun for latest_only to 2023-10-26T00:49:12.202883+00:00, run_after=2023-10-26T04:49:12.202883+00:00
[2023-10-26 04:49:12,234] {processor.py:161} INFO - Processing /home/airflow/.local/lib/python3.7/site-packages/airflow/example_dags/example_latest_only.py took 0.148 seconds
[2023-10-26 04:49:43,386] {processor.py:153} INFO - Started process (PID=1341) to work on /home/airflow/.local/lib/python3.7/site-packages/airflow/example_dags/example_latest_only.py
[2023-10-26 04:49:43,388] {processor.py:641} INFO - Processing file /home/airflow/.local/lib/python3.7/site-packages/airflow/example_dags/example_latest_only.py for tasks to queue
[2023-10-26 04:49:43,391] {logging_mixin.py:115} INFO - [2023-10-26 04:49:43,390] {dagbag.py:508} INFO - Filling up the DagBag from /home/airflow/.local/lib/python3.7/site-packages/airflow/example_dags/example_latest_only.py
[2023-10-26 04:49:43,406] {processor.py:651} INFO - DAG(s) dict_keys(['latest_only']) retrieved from /home/airflow/.local/lib/python3.7/site-packages/airflow/example_dags/example_latest_only.py
[2023-10-26 04:49:43,486] {logging_mixin.py:115} INFO - [2023-10-26 04:49:43,486] {dag.py:2420} INFO - Sync 1 DAGs
[2023-10-26 04:49:43,595] {logging_mixin.py:115} INFO - [2023-10-26 04:49:43,595] {dag.py:2972} INFO - Setting next_dagrun for latest_only to 2023-10-26T00:49:43.594992+00:00, run_after=2023-10-26T04:49:43.594992+00:00
[2023-10-26 04:49:43,657] {processor.py:161} INFO - Processing /home/airflow/.local/lib/python3.7/site-packages/airflow/example_dags/example_latest_only.py took 0.278 seconds
[2023-10-26 04:50:14,118] {processor.py:153} INFO - Started process (PID=1405) to work on /home/airflow/.local/lib/python3.7/site-packages/airflow/example_dags/example_latest_only.py
[2023-10-26 04:50:14,120] {processor.py:641} INFO - Processing file /home/airflow/.local/lib/python3.7/site-packages/airflow/example_dags/example_latest_only.py for tasks to queue
[2023-10-26 04:50:14,122] {logging_mixin.py:115} INFO - [2023-10-26 04:50:14,122] {dagbag.py:508} INFO - Filling up the DagBag from /home/airflow/.local/lib/python3.7/site-packages/airflow/example_dags/example_latest_only.py
[2023-10-26 04:50:14,133] {processor.py:651} INFO - DAG(s) dict_keys(['latest_only']) retrieved from /home/airflow/.local/lib/python3.7/site-packages/airflow/example_dags/example_latest_only.py
[2023-10-26 04:50:14,179] {logging_mixin.py:115} INFO - [2023-10-26 04:50:14,179] {dag.py:2420} INFO - Sync 1 DAGs
[2023-10-26 04:50:14,240] {logging_mixin.py:115} INFO - [2023-10-26 04:50:14,240] {dag.py:2972} INFO - Setting next_dagrun for latest_only to 2023-10-26T00:50:14.239611+00:00, run_after=2023-10-26T04:50:14.239611+00:00
[2023-10-26 04:50:14,284] {processor.py:161} INFO - Processing /home/airflow/.local/lib/python3.7/site-packages/airflow/example_dags/example_latest_only.py took 0.176 seconds
[2023-10-26 04:50:44,821] {processor.py:153} INFO - Started process (PID=1462) to work on /home/airflow/.local/lib/python3.7/site-packages/airflow/example_dags/example_latest_only.py
[2023-10-26 04:50:44,823] {processor.py:641} INFO - Processing file /home/airflow/.local/lib/python3.7/site-packages/airflow/example_dags/example_latest_only.py for tasks to queue
[2023-10-26 04:50:44,825] {logging_mixin.py:115} INFO - [2023-10-26 04:50:44,824] {dagbag.py:508} INFO - Filling up the DagBag from /home/airflow/.local/lib/python3.7/site-packages/airflow/example_dags/example_latest_only.py
[2023-10-26 04:50:44,832] {processor.py:651} INFO - DAG(s) dict_keys(['latest_only']) retrieved from /home/airflow/.local/lib/python3.7/site-packages/airflow/example_dags/example_latest_only.py
[2023-10-26 04:50:44,875] {logging_mixin.py:115} INFO - [2023-10-26 04:50:44,875] {dag.py:2420} INFO - Sync 1 DAGs
[2023-10-26 04:50:44,938] {logging_mixin.py:115} INFO - [2023-10-26 04:50:44,938] {dag.py:2972} INFO - Setting next_dagrun for latest_only to 2023-10-26T00:50:44.937610+00:00, run_after=2023-10-26T04:50:44.937610+00:00
[2023-10-26 04:50:44,974] {processor.py:161} INFO - Processing /home/airflow/.local/lib/python3.7/site-packages/airflow/example_dags/example_latest_only.py took 0.157 seconds
