[2023-10-26 04:38:56,289] {processor.py:153} INFO - Started process (PID=96) to work on /home/airflow/.local/lib/python3.7/site-packages/airflow/example_dags/example_xcomargs.py
[2023-10-26 04:38:56,291] {processor.py:641} INFO - Processing file /home/airflow/.local/lib/python3.7/site-packages/airflow/example_dags/example_xcomargs.py for tasks to queue
[2023-10-26 04:38:56,294] {logging_mixin.py:115} INFO - [2023-10-26 04:38:56,294] {dagbag.py:508} INFO - Filling up the DagBag from /home/airflow/.local/lib/python3.7/site-packages/airflow/example_dags/example_xcomargs.py
[2023-10-26 04:38:56,356] {processor.py:651} INFO - DAG(s) dict_keys(['example_xcom_args', 'example_xcom_args_with_operators']) retrieved from /home/airflow/.local/lib/python3.7/site-packages/airflow/example_dags/example_xcomargs.py
[2023-10-26 04:38:56,644] {logging_mixin.py:115} INFO - [2023-10-26 04:38:56,644] {dag.py:2420} INFO - Sync 2 DAGs
[2023-10-26 04:38:56,706] {logging_mixin.py:115} INFO - [2023-10-26 04:38:56,706] {dag.py:2972} INFO - Setting next_dagrun for example_xcom_args to None, run_after=None
[2023-10-26 04:38:56,708] {logging_mixin.py:115} INFO - [2023-10-26 04:38:56,708] {dag.py:2972} INFO - Setting next_dagrun for example_xcom_args_with_operators to None, run_after=None
[2023-10-26 04:38:56,780] {processor.py:161} INFO - Processing /home/airflow/.local/lib/python3.7/site-packages/airflow/example_dags/example_xcomargs.py took 0.502 seconds
[2023-10-26 04:39:27,909] {processor.py:153} INFO - Started process (PID=152) to work on /home/airflow/.local/lib/python3.7/site-packages/airflow/example_dags/example_xcomargs.py
[2023-10-26 04:39:27,911] {processor.py:641} INFO - Processing file /home/airflow/.local/lib/python3.7/site-packages/airflow/example_dags/example_xcomargs.py for tasks to queue
[2023-10-26 04:39:27,914] {logging_mixin.py:115} INFO - [2023-10-26 04:39:27,914] {dagbag.py:508} INFO - Filling up the DagBag from /home/airflow/.local/lib/python3.7/site-packages/airflow/example_dags/example_xcomargs.py
[2023-10-26 04:39:28,005] {processor.py:651} INFO - DAG(s) dict_keys(['example_xcom_args', 'example_xcom_args_with_operators']) retrieved from /home/airflow/.local/lib/python3.7/site-packages/airflow/example_dags/example_xcomargs.py
[2023-10-26 04:39:28,254] {logging_mixin.py:115} INFO - [2023-10-26 04:39:28,250] {dag.py:2420} INFO - Sync 2 DAGs
[2023-10-26 04:39:28,323] {logging_mixin.py:115} INFO - [2023-10-26 04:39:28,322] {dag.py:2972} INFO - Setting next_dagrun for example_xcom_args to None, run_after=None
[2023-10-26 04:39:28,325] {logging_mixin.py:115} INFO - [2023-10-26 04:39:28,324] {dag.py:2972} INFO - Setting next_dagrun for example_xcom_args_with_operators to None, run_after=None
[2023-10-26 04:39:28,370] {processor.py:161} INFO - Processing /home/airflow/.local/lib/python3.7/site-packages/airflow/example_dags/example_xcomargs.py took 0.469 seconds
[2023-10-26 04:39:58,929] {processor.py:153} INFO - Started process (PID=209) to work on /home/airflow/.local/lib/python3.7/site-packages/airflow/example_dags/example_xcomargs.py
[2023-10-26 04:39:58,930] {processor.py:641} INFO - Processing file /home/airflow/.local/lib/python3.7/site-packages/airflow/example_dags/example_xcomargs.py for tasks to queue
[2023-10-26 04:39:58,932] {logging_mixin.py:115} INFO - [2023-10-26 04:39:58,932] {dagbag.py:508} INFO - Filling up the DagBag from /home/airflow/.local/lib/python3.7/site-packages/airflow/example_dags/example_xcomargs.py
[2023-10-26 04:39:58,961] {processor.py:651} INFO - DAG(s) dict_keys(['example_xcom_args', 'example_xcom_args_with_operators']) retrieved from /home/airflow/.local/lib/python3.7/site-packages/airflow/example_dags/example_xcomargs.py
[2023-10-26 04:39:59,104] {logging_mixin.py:115} INFO - [2023-10-26 04:39:59,104] {dag.py:2420} INFO - Sync 2 DAGs
[2023-10-26 04:39:59,158] {logging_mixin.py:115} INFO - [2023-10-26 04:39:59,158] {dag.py:2972} INFO - Setting next_dagrun for example_xcom_args to None, run_after=None
[2023-10-26 04:39:59,160] {logging_mixin.py:115} INFO - [2023-10-26 04:39:59,159] {dag.py:2972} INFO - Setting next_dagrun for example_xcom_args_with_operators to None, run_after=None
[2023-10-26 04:39:59,188] {processor.py:161} INFO - Processing /home/airflow/.local/lib/python3.7/site-packages/airflow/example_dags/example_xcomargs.py took 0.263 seconds
[2023-10-26 04:40:30,117] {processor.py:153} INFO - Started process (PID=266) to work on /home/airflow/.local/lib/python3.7/site-packages/airflow/example_dags/example_xcomargs.py
[2023-10-26 04:40:30,119] {processor.py:641} INFO - Processing file /home/airflow/.local/lib/python3.7/site-packages/airflow/example_dags/example_xcomargs.py for tasks to queue
[2023-10-26 04:40:30,120] {logging_mixin.py:115} INFO - [2023-10-26 04:40:30,120] {dagbag.py:508} INFO - Filling up the DagBag from /home/airflow/.local/lib/python3.7/site-packages/airflow/example_dags/example_xcomargs.py
[2023-10-26 04:40:30,152] {processor.py:651} INFO - DAG(s) dict_keys(['example_xcom_args', 'example_xcom_args_with_operators']) retrieved from /home/airflow/.local/lib/python3.7/site-packages/airflow/example_dags/example_xcomargs.py
[2023-10-26 04:40:30,297] {logging_mixin.py:115} INFO - [2023-10-26 04:40:30,297] {dag.py:2420} INFO - Sync 2 DAGs
[2023-10-26 04:40:30,343] {logging_mixin.py:115} INFO - [2023-10-26 04:40:30,342] {dag.py:2972} INFO - Setting next_dagrun for example_xcom_args to None, run_after=None
[2023-10-26 04:40:30,344] {logging_mixin.py:115} INFO - [2023-10-26 04:40:30,344] {dag.py:2972} INFO - Setting next_dagrun for example_xcom_args_with_operators to None, run_after=None
[2023-10-26 04:40:30,371] {processor.py:161} INFO - Processing /home/airflow/.local/lib/python3.7/site-packages/airflow/example_dags/example_xcomargs.py took 0.258 seconds
[2023-10-26 04:41:00,693] {processor.py:153} INFO - Started process (PID=323) to work on /home/airflow/.local/lib/python3.7/site-packages/airflow/example_dags/example_xcomargs.py
[2023-10-26 04:41:00,695] {processor.py:641} INFO - Processing file /home/airflow/.local/lib/python3.7/site-packages/airflow/example_dags/example_xcomargs.py for tasks to queue
[2023-10-26 04:41:00,697] {logging_mixin.py:115} INFO - [2023-10-26 04:41:00,696] {dagbag.py:508} INFO - Filling up the DagBag from /home/airflow/.local/lib/python3.7/site-packages/airflow/example_dags/example_xcomargs.py
[2023-10-26 04:41:00,737] {processor.py:651} INFO - DAG(s) dict_keys(['example_xcom_args', 'example_xcom_args_with_operators']) retrieved from /home/airflow/.local/lib/python3.7/site-packages/airflow/example_dags/example_xcomargs.py
[2023-10-26 04:41:00,940] {logging_mixin.py:115} INFO - [2023-10-26 04:41:00,940] {dag.py:2420} INFO - Sync 2 DAGs
[2023-10-26 04:41:01,007] {logging_mixin.py:115} INFO - [2023-10-26 04:41:01,005] {dag.py:2972} INFO - Setting next_dagrun for example_xcom_args to None, run_after=None
[2023-10-26 04:41:01,009] {logging_mixin.py:115} INFO - [2023-10-26 04:41:01,009] {dag.py:2972} INFO - Setting next_dagrun for example_xcom_args_with_operators to None, run_after=None
[2023-10-26 04:41:01,093] {processor.py:161} INFO - Processing /home/airflow/.local/lib/python3.7/site-packages/airflow/example_dags/example_xcomargs.py took 0.405 seconds
[2023-10-26 04:41:31,944] {processor.py:153} INFO - Started process (PID=388) to work on /home/airflow/.local/lib/python3.7/site-packages/airflow/example_dags/example_xcomargs.py
[2023-10-26 04:41:31,946] {processor.py:641} INFO - Processing file /home/airflow/.local/lib/python3.7/site-packages/airflow/example_dags/example_xcomargs.py for tasks to queue
[2023-10-26 04:41:31,950] {logging_mixin.py:115} INFO - [2023-10-26 04:41:31,949] {dagbag.py:508} INFO - Filling up the DagBag from /home/airflow/.local/lib/python3.7/site-packages/airflow/example_dags/example_xcomargs.py
[2023-10-26 04:41:32,014] {processor.py:651} INFO - DAG(s) dict_keys(['example_xcom_args', 'example_xcom_args_with_operators']) retrieved from /home/airflow/.local/lib/python3.7/site-packages/airflow/example_dags/example_xcomargs.py
[2023-10-26 04:41:32,183] {logging_mixin.py:115} INFO - [2023-10-26 04:41:32,183] {dag.py:2420} INFO - Sync 2 DAGs
[2023-10-26 04:41:32,231] {logging_mixin.py:115} INFO - [2023-10-26 04:41:32,231] {dag.py:2972} INFO - Setting next_dagrun for example_xcom_args to None, run_after=None
[2023-10-26 04:41:32,232] {logging_mixin.py:115} INFO - [2023-10-26 04:41:32,232] {dag.py:2972} INFO - Setting next_dagrun for example_xcom_args_with_operators to None, run_after=None
[2023-10-26 04:41:32,268] {processor.py:161} INFO - Processing /home/airflow/.local/lib/python3.7/site-packages/airflow/example_dags/example_xcomargs.py took 0.332 seconds
[2023-10-26 04:42:02,514] {processor.py:153} INFO - Started process (PID=444) to work on /home/airflow/.local/lib/python3.7/site-packages/airflow/example_dags/example_xcomargs.py
[2023-10-26 04:42:02,515] {processor.py:641} INFO - Processing file /home/airflow/.local/lib/python3.7/site-packages/airflow/example_dags/example_xcomargs.py for tasks to queue
[2023-10-26 04:42:02,517] {logging_mixin.py:115} INFO - [2023-10-26 04:42:02,516] {dagbag.py:508} INFO - Filling up the DagBag from /home/airflow/.local/lib/python3.7/site-packages/airflow/example_dags/example_xcomargs.py
[2023-10-26 04:42:02,546] {processor.py:651} INFO - DAG(s) dict_keys(['example_xcom_args', 'example_xcom_args_with_operators']) retrieved from /home/airflow/.local/lib/python3.7/site-packages/airflow/example_dags/example_xcomargs.py
[2023-10-26 04:42:02,683] {logging_mixin.py:115} INFO - [2023-10-26 04:42:02,683] {dag.py:2420} INFO - Sync 2 DAGs
[2023-10-26 04:42:02,733] {logging_mixin.py:115} INFO - [2023-10-26 04:42:02,732] {dag.py:2972} INFO - Setting next_dagrun for example_xcom_args to None, run_after=None
[2023-10-26 04:42:02,734] {logging_mixin.py:115} INFO - [2023-10-26 04:42:02,734] {dag.py:2972} INFO - Setting next_dagrun for example_xcom_args_with_operators to None, run_after=None
[2023-10-26 04:42:02,764] {processor.py:161} INFO - Processing /home/airflow/.local/lib/python3.7/site-packages/airflow/example_dags/example_xcomargs.py took 0.254 seconds
[2023-10-26 04:42:33,524] {processor.py:153} INFO - Started process (PID=501) to work on /home/airflow/.local/lib/python3.7/site-packages/airflow/example_dags/example_xcomargs.py
[2023-10-26 04:42:33,527] {processor.py:641} INFO - Processing file /home/airflow/.local/lib/python3.7/site-packages/airflow/example_dags/example_xcomargs.py for tasks to queue
[2023-10-26 04:42:33,529] {logging_mixin.py:115} INFO - [2023-10-26 04:42:33,529] {dagbag.py:508} INFO - Filling up the DagBag from /home/airflow/.local/lib/python3.7/site-packages/airflow/example_dags/example_xcomargs.py
[2023-10-26 04:42:33,587] {processor.py:651} INFO - DAG(s) dict_keys(['example_xcom_args', 'example_xcom_args_with_operators']) retrieved from /home/airflow/.local/lib/python3.7/site-packages/airflow/example_dags/example_xcomargs.py
[2023-10-26 04:42:33,752] {logging_mixin.py:115} INFO - [2023-10-26 04:42:33,751] {dag.py:2420} INFO - Sync 2 DAGs
[2023-10-26 04:42:33,802] {logging_mixin.py:115} INFO - [2023-10-26 04:42:33,802] {dag.py:2972} INFO - Setting next_dagrun for example_xcom_args to None, run_after=None
[2023-10-26 04:42:33,804] {logging_mixin.py:115} INFO - [2023-10-26 04:42:33,804] {dag.py:2972} INFO - Setting next_dagrun for example_xcom_args_with_operators to None, run_after=None
[2023-10-26 04:42:33,832] {processor.py:161} INFO - Processing /home/airflow/.local/lib/python3.7/site-packages/airflow/example_dags/example_xcomargs.py took 0.315 seconds
[2023-10-26 04:43:03,993] {processor.py:153} INFO - Started process (PID=567) to work on /home/airflow/.local/lib/python3.7/site-packages/airflow/example_dags/example_xcomargs.py
[2023-10-26 04:43:03,995] {processor.py:641} INFO - Processing file /home/airflow/.local/lib/python3.7/site-packages/airflow/example_dags/example_xcomargs.py for tasks to queue
[2023-10-26 04:43:03,997] {logging_mixin.py:115} INFO - [2023-10-26 04:43:03,997] {dagbag.py:508} INFO - Filling up the DagBag from /home/airflow/.local/lib/python3.7/site-packages/airflow/example_dags/example_xcomargs.py
[2023-10-26 04:43:04,023] {processor.py:651} INFO - DAG(s) dict_keys(['example_xcom_args', 'example_xcom_args_with_operators']) retrieved from /home/airflow/.local/lib/python3.7/site-packages/airflow/example_dags/example_xcomargs.py
[2023-10-26 04:43:04,167] {logging_mixin.py:115} INFO - [2023-10-26 04:43:04,167] {dag.py:2420} INFO - Sync 2 DAGs
[2023-10-26 04:43:04,208] {logging_mixin.py:115} INFO - [2023-10-26 04:43:04,207] {dag.py:2972} INFO - Setting next_dagrun for example_xcom_args to None, run_after=None
[2023-10-26 04:43:04,209] {logging_mixin.py:115} INFO - [2023-10-26 04:43:04,209] {dag.py:2972} INFO - Setting next_dagrun for example_xcom_args_with_operators to None, run_after=None
[2023-10-26 04:43:04,240] {processor.py:161} INFO - Processing /home/airflow/.local/lib/python3.7/site-packages/airflow/example_dags/example_xcomargs.py took 0.251 seconds
[2023-10-26 04:43:34,898] {processor.py:153} INFO - Started process (PID=624) to work on /home/airflow/.local/lib/python3.7/site-packages/airflow/example_dags/example_xcomargs.py
[2023-10-26 04:43:34,900] {processor.py:641} INFO - Processing file /home/airflow/.local/lib/python3.7/site-packages/airflow/example_dags/example_xcomargs.py for tasks to queue
[2023-10-26 04:43:34,902] {logging_mixin.py:115} INFO - [2023-10-26 04:43:34,902] {dagbag.py:508} INFO - Filling up the DagBag from /home/airflow/.local/lib/python3.7/site-packages/airflow/example_dags/example_xcomargs.py
[2023-10-26 04:43:34,962] {processor.py:651} INFO - DAG(s) dict_keys(['example_xcom_args', 'example_xcom_args_with_operators']) retrieved from /home/airflow/.local/lib/python3.7/site-packages/airflow/example_dags/example_xcomargs.py
[2023-10-26 04:43:35,036] {logging_mixin.py:115} INFO - [2023-10-26 04:43:35,036] {dag.py:2420} INFO - Sync 2 DAGs
[2023-10-26 04:43:35,078] {logging_mixin.py:115} INFO - [2023-10-26 04:43:35,078] {dag.py:2972} INFO - Setting next_dagrun for example_xcom_args to None, run_after=None
[2023-10-26 04:43:35,079] {logging_mixin.py:115} INFO - [2023-10-26 04:43:35,079] {dag.py:2972} INFO - Setting next_dagrun for example_xcom_args_with_operators to None, run_after=None
[2023-10-26 04:43:35,107] {processor.py:161} INFO - Processing /home/airflow/.local/lib/python3.7/site-packages/airflow/example_dags/example_xcomargs.py took 0.220 seconds
[2023-10-26 04:44:05,525] {processor.py:153} INFO - Started process (PID=681) to work on /home/airflow/.local/lib/python3.7/site-packages/airflow/example_dags/example_xcomargs.py
[2023-10-26 04:44:05,527] {processor.py:641} INFO - Processing file /home/airflow/.local/lib/python3.7/site-packages/airflow/example_dags/example_xcomargs.py for tasks to queue
[2023-10-26 04:44:05,529] {logging_mixin.py:115} INFO - [2023-10-26 04:44:05,529] {dagbag.py:508} INFO - Filling up the DagBag from /home/airflow/.local/lib/python3.7/site-packages/airflow/example_dags/example_xcomargs.py
[2023-10-26 04:44:05,562] {processor.py:651} INFO - DAG(s) dict_keys(['example_xcom_args', 'example_xcom_args_with_operators']) retrieved from /home/airflow/.local/lib/python3.7/site-packages/airflow/example_dags/example_xcomargs.py
[2023-10-26 04:44:05,753] {logging_mixin.py:115} INFO - [2023-10-26 04:44:05,753] {dag.py:2420} INFO - Sync 2 DAGs
[2023-10-26 04:44:05,808] {logging_mixin.py:115} INFO - [2023-10-26 04:44:05,808] {dag.py:2972} INFO - Setting next_dagrun for example_xcom_args to None, run_after=None
[2023-10-26 04:44:05,809] {logging_mixin.py:115} INFO - [2023-10-26 04:44:05,809] {dag.py:2972} INFO - Setting next_dagrun for example_xcom_args_with_operators to None, run_after=None
[2023-10-26 04:44:05,844] {processor.py:161} INFO - Processing /home/airflow/.local/lib/python3.7/site-packages/airflow/example_dags/example_xcomargs.py took 0.324 seconds
[2023-10-26 04:44:36,046] {processor.py:153} INFO - Started process (PID=747) to work on /home/airflow/.local/lib/python3.7/site-packages/airflow/example_dags/example_xcomargs.py
[2023-10-26 04:44:36,049] {processor.py:641} INFO - Processing file /home/airflow/.local/lib/python3.7/site-packages/airflow/example_dags/example_xcomargs.py for tasks to queue
[2023-10-26 04:44:36,052] {logging_mixin.py:115} INFO - [2023-10-26 04:44:36,052] {dagbag.py:508} INFO - Filling up the DagBag from /home/airflow/.local/lib/python3.7/site-packages/airflow/example_dags/example_xcomargs.py
[2023-10-26 04:44:36,092] {processor.py:651} INFO - DAG(s) dict_keys(['example_xcom_args', 'example_xcom_args_with_operators']) retrieved from /home/airflow/.local/lib/python3.7/site-packages/airflow/example_dags/example_xcomargs.py
[2023-10-26 04:44:36,265] {logging_mixin.py:115} INFO - [2023-10-26 04:44:36,265] {dag.py:2420} INFO - Sync 2 DAGs
[2023-10-26 04:44:36,310] {logging_mixin.py:115} INFO - [2023-10-26 04:44:36,309] {dag.py:2972} INFO - Setting next_dagrun for example_xcom_args to None, run_after=None
[2023-10-26 04:44:36,311] {logging_mixin.py:115} INFO - [2023-10-26 04:44:36,311] {dag.py:2972} INFO - Setting next_dagrun for example_xcom_args_with_operators to None, run_after=None
[2023-10-26 04:44:36,343] {processor.py:161} INFO - Processing /home/airflow/.local/lib/python3.7/site-packages/airflow/example_dags/example_xcomargs.py took 0.303 seconds
[2023-10-26 04:45:06,523] {processor.py:153} INFO - Started process (PID=804) to work on /home/airflow/.local/lib/python3.7/site-packages/airflow/example_dags/example_xcomargs.py
[2023-10-26 04:45:06,526] {processor.py:641} INFO - Processing file /home/airflow/.local/lib/python3.7/site-packages/airflow/example_dags/example_xcomargs.py for tasks to queue
[2023-10-26 04:45:06,531] {logging_mixin.py:115} INFO - [2023-10-26 04:45:06,530] {dagbag.py:508} INFO - Filling up the DagBag from /home/airflow/.local/lib/python3.7/site-packages/airflow/example_dags/example_xcomargs.py
[2023-10-26 04:45:06,574] {processor.py:651} INFO - DAG(s) dict_keys(['example_xcom_args', 'example_xcom_args_with_operators']) retrieved from /home/airflow/.local/lib/python3.7/site-packages/airflow/example_dags/example_xcomargs.py
[2023-10-26 04:45:06,625] {logging_mixin.py:115} INFO - [2023-10-26 04:45:06,625] {dag.py:2420} INFO - Sync 2 DAGs
[2023-10-26 04:45:06,662] {logging_mixin.py:115} INFO - [2023-10-26 04:45:06,662] {dag.py:2972} INFO - Setting next_dagrun for example_xcom_args to None, run_after=None
[2023-10-26 04:45:06,663] {logging_mixin.py:115} INFO - [2023-10-26 04:45:06,663] {dag.py:2972} INFO - Setting next_dagrun for example_xcom_args_with_operators to None, run_after=None
[2023-10-26 04:45:06,684] {processor.py:161} INFO - Processing /home/airflow/.local/lib/python3.7/site-packages/airflow/example_dags/example_xcomargs.py took 0.169 seconds
[2023-10-26 04:45:36,960] {processor.py:153} INFO - Started process (PID=861) to work on /home/airflow/.local/lib/python3.7/site-packages/airflow/example_dags/example_xcomargs.py
[2023-10-26 04:45:36,963] {processor.py:641} INFO - Processing file /home/airflow/.local/lib/python3.7/site-packages/airflow/example_dags/example_xcomargs.py for tasks to queue
[2023-10-26 04:45:36,966] {logging_mixin.py:115} INFO - [2023-10-26 04:45:36,966] {dagbag.py:508} INFO - Filling up the DagBag from /home/airflow/.local/lib/python3.7/site-packages/airflow/example_dags/example_xcomargs.py
[2023-10-26 04:45:37,025] {processor.py:651} INFO - DAG(s) dict_keys(['example_xcom_args', 'example_xcom_args_with_operators']) retrieved from /home/airflow/.local/lib/python3.7/site-packages/airflow/example_dags/example_xcomargs.py
[2023-10-26 04:45:37,253] {logging_mixin.py:115} INFO - [2023-10-26 04:45:37,252] {dag.py:2420} INFO - Sync 2 DAGs
[2023-10-26 04:45:37,315] {logging_mixin.py:115} INFO - [2023-10-26 04:45:37,314] {dag.py:2972} INFO - Setting next_dagrun for example_xcom_args to None, run_after=None
[2023-10-26 04:45:37,316] {logging_mixin.py:115} INFO - [2023-10-26 04:45:37,316] {dag.py:2972} INFO - Setting next_dagrun for example_xcom_args_with_operators to None, run_after=None
[2023-10-26 04:45:37,381] {processor.py:161} INFO - Processing /home/airflow/.local/lib/python3.7/site-packages/airflow/example_dags/example_xcomargs.py took 0.428 seconds
[2023-10-26 04:46:07,831] {processor.py:153} INFO - Started process (PID=919) to work on /home/airflow/.local/lib/python3.7/site-packages/airflow/example_dags/example_xcomargs.py
[2023-10-26 04:46:07,833] {processor.py:641} INFO - Processing file /home/airflow/.local/lib/python3.7/site-packages/airflow/example_dags/example_xcomargs.py for tasks to queue
[2023-10-26 04:46:07,835] {logging_mixin.py:115} INFO - [2023-10-26 04:46:07,835] {dagbag.py:508} INFO - Filling up the DagBag from /home/airflow/.local/lib/python3.7/site-packages/airflow/example_dags/example_xcomargs.py
[2023-10-26 04:46:07,874] {processor.py:651} INFO - DAG(s) dict_keys(['example_xcom_args', 'example_xcom_args_with_operators']) retrieved from /home/airflow/.local/lib/python3.7/site-packages/airflow/example_dags/example_xcomargs.py
[2023-10-26 04:46:08,005] {logging_mixin.py:115} INFO - [2023-10-26 04:46:08,004] {dag.py:2420} INFO - Sync 2 DAGs
[2023-10-26 04:46:08,060] {logging_mixin.py:115} INFO - [2023-10-26 04:46:08,060] {dag.py:2972} INFO - Setting next_dagrun for example_xcom_args to None, run_after=None
[2023-10-26 04:46:08,062] {logging_mixin.py:115} INFO - [2023-10-26 04:46:08,061] {dag.py:2972} INFO - Setting next_dagrun for example_xcom_args_with_operators to None, run_after=None
[2023-10-26 04:46:08,107] {processor.py:161} INFO - Processing /home/airflow/.local/lib/python3.7/site-packages/airflow/example_dags/example_xcomargs.py took 0.281 seconds
[2023-10-26 04:46:38,234] {processor.py:153} INFO - Started process (PID=985) to work on /home/airflow/.local/lib/python3.7/site-packages/airflow/example_dags/example_xcomargs.py
[2023-10-26 04:46:38,236] {processor.py:641} INFO - Processing file /home/airflow/.local/lib/python3.7/site-packages/airflow/example_dags/example_xcomargs.py for tasks to queue
[2023-10-26 04:46:38,238] {logging_mixin.py:115} INFO - [2023-10-26 04:46:38,237] {dagbag.py:508} INFO - Filling up the DagBag from /home/airflow/.local/lib/python3.7/site-packages/airflow/example_dags/example_xcomargs.py
[2023-10-26 04:46:38,272] {processor.py:651} INFO - DAG(s) dict_keys(['example_xcom_args', 'example_xcom_args_with_operators']) retrieved from /home/airflow/.local/lib/python3.7/site-packages/airflow/example_dags/example_xcomargs.py
[2023-10-26 04:46:38,345] {logging_mixin.py:115} INFO - [2023-10-26 04:46:38,345] {dag.py:2420} INFO - Sync 2 DAGs
[2023-10-26 04:46:38,401] {logging_mixin.py:115} INFO - [2023-10-26 04:46:38,400] {dag.py:2972} INFO - Setting next_dagrun for example_xcom_args to None, run_after=None
[2023-10-26 04:46:38,403] {logging_mixin.py:115} INFO - [2023-10-26 04:46:38,402] {dag.py:2972} INFO - Setting next_dagrun for example_xcom_args_with_operators to None, run_after=None
[2023-10-26 04:46:38,432] {processor.py:161} INFO - Processing /home/airflow/.local/lib/python3.7/site-packages/airflow/example_dags/example_xcomargs.py took 0.203 seconds
[2023-10-26 04:47:09,009] {processor.py:153} INFO - Started process (PID=1042) to work on /home/airflow/.local/lib/python3.7/site-packages/airflow/example_dags/example_xcomargs.py
[2023-10-26 04:47:09,010] {processor.py:641} INFO - Processing file /home/airflow/.local/lib/python3.7/site-packages/airflow/example_dags/example_xcomargs.py for tasks to queue
[2023-10-26 04:47:09,012] {logging_mixin.py:115} INFO - [2023-10-26 04:47:09,012] {dagbag.py:508} INFO - Filling up the DagBag from /home/airflow/.local/lib/python3.7/site-packages/airflow/example_dags/example_xcomargs.py
[2023-10-26 04:47:09,054] {processor.py:651} INFO - DAG(s) dict_keys(['example_xcom_args', 'example_xcom_args_with_operators']) retrieved from /home/airflow/.local/lib/python3.7/site-packages/airflow/example_dags/example_xcomargs.py
[2023-10-26 04:47:09,230] {logging_mixin.py:115} INFO - [2023-10-26 04:47:09,230] {dag.py:2420} INFO - Sync 2 DAGs
[2023-10-26 04:47:09,295] {logging_mixin.py:115} INFO - [2023-10-26 04:47:09,295] {dag.py:2972} INFO - Setting next_dagrun for example_xcom_args to None, run_after=None
[2023-10-26 04:47:09,296] {logging_mixin.py:115} INFO - [2023-10-26 04:47:09,296] {dag.py:2972} INFO - Setting next_dagrun for example_xcom_args_with_operators to None, run_after=None
[2023-10-26 04:47:09,338] {processor.py:161} INFO - Processing /home/airflow/.local/lib/python3.7/site-packages/airflow/example_dags/example_xcomargs.py took 0.334 seconds
[2023-10-26 04:47:39,958] {processor.py:153} INFO - Started process (PID=1099) to work on /home/airflow/.local/lib/python3.7/site-packages/airflow/example_dags/example_xcomargs.py
[2023-10-26 04:47:39,959] {processor.py:641} INFO - Processing file /home/airflow/.local/lib/python3.7/site-packages/airflow/example_dags/example_xcomargs.py for tasks to queue
[2023-10-26 04:47:39,961] {logging_mixin.py:115} INFO - [2023-10-26 04:47:39,961] {dagbag.py:508} INFO - Filling up the DagBag from /home/airflow/.local/lib/python3.7/site-packages/airflow/example_dags/example_xcomargs.py
[2023-10-26 04:47:39,991] {processor.py:651} INFO - DAG(s) dict_keys(['example_xcom_args', 'example_xcom_args_with_operators']) retrieved from /home/airflow/.local/lib/python3.7/site-packages/airflow/example_dags/example_xcomargs.py
[2023-10-26 04:47:40,127] {logging_mixin.py:115} INFO - [2023-10-26 04:47:40,127] {dag.py:2420} INFO - Sync 2 DAGs
[2023-10-26 04:47:40,183] {logging_mixin.py:115} INFO - [2023-10-26 04:47:40,183] {dag.py:2972} INFO - Setting next_dagrun for example_xcom_args to None, run_after=None
[2023-10-26 04:47:40,185] {logging_mixin.py:115} INFO - [2023-10-26 04:47:40,185] {dag.py:2972} INFO - Setting next_dagrun for example_xcom_args_with_operators to None, run_after=None
[2023-10-26 04:47:40,222] {processor.py:161} INFO - Processing /home/airflow/.local/lib/python3.7/site-packages/airflow/example_dags/example_xcomargs.py took 0.269 seconds
[2023-10-26 04:48:10,471] {processor.py:153} INFO - Started process (PID=1166) to work on /home/airflow/.local/lib/python3.7/site-packages/airflow/example_dags/example_xcomargs.py
[2023-10-26 04:48:10,473] {processor.py:641} INFO - Processing file /home/airflow/.local/lib/python3.7/site-packages/airflow/example_dags/example_xcomargs.py for tasks to queue
[2023-10-26 04:48:10,475] {logging_mixin.py:115} INFO - [2023-10-26 04:48:10,475] {dagbag.py:508} INFO - Filling up the DagBag from /home/airflow/.local/lib/python3.7/site-packages/airflow/example_dags/example_xcomargs.py
[2023-10-26 04:48:10,509] {processor.py:651} INFO - DAG(s) dict_keys(['example_xcom_args', 'example_xcom_args_with_operators']) retrieved from /home/airflow/.local/lib/python3.7/site-packages/airflow/example_dags/example_xcomargs.py
[2023-10-26 04:48:10,686] {logging_mixin.py:115} INFO - [2023-10-26 04:48:10,685] {dag.py:2420} INFO - Sync 2 DAGs
[2023-10-26 04:48:10,741] {logging_mixin.py:115} INFO - [2023-10-26 04:48:10,741] {dag.py:2972} INFO - Setting next_dagrun for example_xcom_args to None, run_after=None
[2023-10-26 04:48:10,743] {logging_mixin.py:115} INFO - [2023-10-26 04:48:10,743] {dag.py:2972} INFO - Setting next_dagrun for example_xcom_args_with_operators to None, run_after=None
[2023-10-26 04:48:10,782] {processor.py:161} INFO - Processing /home/airflow/.local/lib/python3.7/site-packages/airflow/example_dags/example_xcomargs.py took 0.317 seconds
[2023-10-26 04:48:41,215] {processor.py:153} INFO - Started process (PID=1222) to work on /home/airflow/.local/lib/python3.7/site-packages/airflow/example_dags/example_xcomargs.py
[2023-10-26 04:48:41,217] {processor.py:641} INFO - Processing file /home/airflow/.local/lib/python3.7/site-packages/airflow/example_dags/example_xcomargs.py for tasks to queue
[2023-10-26 04:48:41,219] {logging_mixin.py:115} INFO - [2023-10-26 04:48:41,219] {dagbag.py:508} INFO - Filling up the DagBag from /home/airflow/.local/lib/python3.7/site-packages/airflow/example_dags/example_xcomargs.py
[2023-10-26 04:48:41,271] {processor.py:651} INFO - DAG(s) dict_keys(['example_xcom_args', 'example_xcom_args_with_operators']) retrieved from /home/airflow/.local/lib/python3.7/site-packages/airflow/example_dags/example_xcomargs.py
[2023-10-26 04:48:41,444] {logging_mixin.py:115} INFO - [2023-10-26 04:48:41,444] {dag.py:2420} INFO - Sync 2 DAGs
[2023-10-26 04:48:41,492] {logging_mixin.py:115} INFO - [2023-10-26 04:48:41,492] {dag.py:2972} INFO - Setting next_dagrun for example_xcom_args to None, run_after=None
[2023-10-26 04:48:41,493] {logging_mixin.py:115} INFO - [2023-10-26 04:48:41,493] {dag.py:2972} INFO - Setting next_dagrun for example_xcom_args_with_operators to None, run_after=None
[2023-10-26 04:48:41,539] {processor.py:161} INFO - Processing /home/airflow/.local/lib/python3.7/site-packages/airflow/example_dags/example_xcomargs.py took 0.330 seconds
[2023-10-26 04:49:11,873] {processor.py:153} INFO - Started process (PID=1280) to work on /home/airflow/.local/lib/python3.7/site-packages/airflow/example_dags/example_xcomargs.py
[2023-10-26 04:49:11,874] {processor.py:641} INFO - Processing file /home/airflow/.local/lib/python3.7/site-packages/airflow/example_dags/example_xcomargs.py for tasks to queue
[2023-10-26 04:49:11,876] {logging_mixin.py:115} INFO - [2023-10-26 04:49:11,875] {dagbag.py:508} INFO - Filling up the DagBag from /home/airflow/.local/lib/python3.7/site-packages/airflow/example_dags/example_xcomargs.py
[2023-10-26 04:49:11,905] {processor.py:651} INFO - DAG(s) dict_keys(['example_xcom_args', 'example_xcom_args_with_operators']) retrieved from /home/airflow/.local/lib/python3.7/site-packages/airflow/example_dags/example_xcomargs.py
[2023-10-26 04:49:12,074] {logging_mixin.py:115} INFO - [2023-10-26 04:49:12,074] {dag.py:2420} INFO - Sync 2 DAGs
[2023-10-26 04:49:12,120] {logging_mixin.py:115} INFO - [2023-10-26 04:49:12,120] {dag.py:2972} INFO - Setting next_dagrun for example_xcom_args to None, run_after=None
[2023-10-26 04:49:12,121] {logging_mixin.py:115} INFO - [2023-10-26 04:49:12,121] {dag.py:2972} INFO - Setting next_dagrun for example_xcom_args_with_operators to None, run_after=None
[2023-10-26 04:49:12,154] {processor.py:161} INFO - Processing /home/airflow/.local/lib/python3.7/site-packages/airflow/example_dags/example_xcomargs.py took 0.285 seconds
[2023-10-26 04:49:42,785] {processor.py:153} INFO - Started process (PID=1336) to work on /home/airflow/.local/lib/python3.7/site-packages/airflow/example_dags/example_xcomargs.py
[2023-10-26 04:49:42,787] {processor.py:641} INFO - Processing file /home/airflow/.local/lib/python3.7/site-packages/airflow/example_dags/example_xcomargs.py for tasks to queue
[2023-10-26 04:49:42,789] {logging_mixin.py:115} INFO - [2023-10-26 04:49:42,789] {dagbag.py:508} INFO - Filling up the DagBag from /home/airflow/.local/lib/python3.7/site-packages/airflow/example_dags/example_xcomargs.py
[2023-10-26 04:49:42,870] {processor.py:651} INFO - DAG(s) dict_keys(['example_xcom_args', 'example_xcom_args_with_operators']) retrieved from /home/airflow/.local/lib/python3.7/site-packages/airflow/example_dags/example_xcomargs.py
[2023-10-26 04:49:43,159] {logging_mixin.py:115} INFO - [2023-10-26 04:49:43,159] {dag.py:2420} INFO - Sync 2 DAGs
[2023-10-26 04:49:43,243] {logging_mixin.py:115} INFO - [2023-10-26 04:49:43,243] {dag.py:2972} INFO - Setting next_dagrun for example_xcom_args to None, run_after=None
[2023-10-26 04:49:43,245] {logging_mixin.py:115} INFO - [2023-10-26 04:49:43,245] {dag.py:2972} INFO - Setting next_dagrun for example_xcom_args_with_operators to None, run_after=None
[2023-10-26 04:49:43,303] {processor.py:161} INFO - Processing /home/airflow/.local/lib/python3.7/site-packages/airflow/example_dags/example_xcomargs.py took 0.523 seconds
[2023-10-26 04:50:13,570] {processor.py:153} INFO - Started process (PID=1402) to work on /home/airflow/.local/lib/python3.7/site-packages/airflow/example_dags/example_xcomargs.py
[2023-10-26 04:50:13,572] {processor.py:641} INFO - Processing file /home/airflow/.local/lib/python3.7/site-packages/airflow/example_dags/example_xcomargs.py for tasks to queue
[2023-10-26 04:50:13,574] {logging_mixin.py:115} INFO - [2023-10-26 04:50:13,574] {dagbag.py:508} INFO - Filling up the DagBag from /home/airflow/.local/lib/python3.7/site-packages/airflow/example_dags/example_xcomargs.py
[2023-10-26 04:50:13,618] {processor.py:651} INFO - DAG(s) dict_keys(['example_xcom_args', 'example_xcom_args_with_operators']) retrieved from /home/airflow/.local/lib/python3.7/site-packages/airflow/example_dags/example_xcomargs.py
[2023-10-26 04:50:13,686] {logging_mixin.py:115} INFO - [2023-10-26 04:50:13,686] {dag.py:2420} INFO - Sync 2 DAGs
[2023-10-26 04:50:13,741] {logging_mixin.py:115} INFO - [2023-10-26 04:50:13,741] {dag.py:2972} INFO - Setting next_dagrun for example_xcom_args to None, run_after=None
[2023-10-26 04:50:13,743] {logging_mixin.py:115} INFO - [2023-10-26 04:50:13,742] {dag.py:2972} INFO - Setting next_dagrun for example_xcom_args_with_operators to None, run_after=None
[2023-10-26 04:50:13,772] {processor.py:161} INFO - Processing /home/airflow/.local/lib/python3.7/site-packages/airflow/example_dags/example_xcomargs.py took 0.209 seconds
[2023-10-26 04:50:44,536] {processor.py:153} INFO - Started process (PID=1459) to work on /home/airflow/.local/lib/python3.7/site-packages/airflow/example_dags/example_xcomargs.py
[2023-10-26 04:50:44,538] {processor.py:641} INFO - Processing file /home/airflow/.local/lib/python3.7/site-packages/airflow/example_dags/example_xcomargs.py for tasks to queue
[2023-10-26 04:50:44,541] {logging_mixin.py:115} INFO - [2023-10-26 04:50:44,540] {dagbag.py:508} INFO - Filling up the DagBag from /home/airflow/.local/lib/python3.7/site-packages/airflow/example_dags/example_xcomargs.py
[2023-10-26 04:50:44,584] {processor.py:651} INFO - DAG(s) dict_keys(['example_xcom_args', 'example_xcom_args_with_operators']) retrieved from /home/airflow/.local/lib/python3.7/site-packages/airflow/example_dags/example_xcomargs.py
[2023-10-26 04:50:44,650] {logging_mixin.py:115} INFO - [2023-10-26 04:50:44,649] {dag.py:2420} INFO - Sync 2 DAGs
[2023-10-26 04:50:44,716] {logging_mixin.py:115} INFO - [2023-10-26 04:50:44,716] {dag.py:2972} INFO - Setting next_dagrun for example_xcom_args to None, run_after=None
[2023-10-26 04:50:44,718] {logging_mixin.py:115} INFO - [2023-10-26 04:50:44,717] {dag.py:2972} INFO - Setting next_dagrun for example_xcom_args_with_operators to None, run_after=None
[2023-10-26 04:50:44,758] {processor.py:161} INFO - Processing /home/airflow/.local/lib/python3.7/site-packages/airflow/example_dags/example_xcomargs.py took 0.230 seconds
