[2023-10-26 04:38:58,353] {processor.py:153} INFO - Started process (PID=104) to work on /home/airflow/.local/lib/python3.7/site-packages/airflow/example_dags/example_external_task_marker_dag.py
[2023-10-26 04:38:58,358] {processor.py:641} INFO - Processing file /home/airflow/.local/lib/python3.7/site-packages/airflow/example_dags/example_external_task_marker_dag.py for tasks to queue
[2023-10-26 04:38:58,360] {logging_mixin.py:115} INFO - [2023-10-26 04:38:58,360] {dagbag.py:508} INFO - Filling up the DagBag from /home/airflow/.local/lib/python3.7/site-packages/airflow/example_dags/example_external_task_marker_dag.py
[2023-10-26 04:38:58,384] {processor.py:651} INFO - DAG(s) dict_keys(['example_external_task_marker_parent', 'example_external_task_marker_child']) retrieved from /home/airflow/.local/lib/python3.7/site-packages/airflow/example_dags/example_external_task_marker_dag.py
[2023-10-26 04:38:58,560] {logging_mixin.py:115} INFO - [2023-10-26 04:38:58,560] {dag.py:2420} INFO - Sync 2 DAGs
[2023-10-26 04:38:58,694] {logging_mixin.py:115} INFO - [2023-10-26 04:38:58,694] {dag.py:2972} INFO - Setting next_dagrun for example_external_task_marker_child to None, run_after=None
[2023-10-26 04:38:58,698] {logging_mixin.py:115} INFO - [2023-10-26 04:38:58,698] {dag.py:2972} INFO - Setting next_dagrun for example_external_task_marker_parent to None, run_after=None
[2023-10-26 04:38:58,808] {processor.py:161} INFO - Processing /home/airflow/.local/lib/python3.7/site-packages/airflow/example_dags/example_external_task_marker_dag.py took 0.463 seconds
[2023-10-26 04:39:29,515] {processor.py:153} INFO - Started process (PID=160) to work on /home/airflow/.local/lib/python3.7/site-packages/airflow/example_dags/example_external_task_marker_dag.py
[2023-10-26 04:39:29,517] {processor.py:641} INFO - Processing file /home/airflow/.local/lib/python3.7/site-packages/airflow/example_dags/example_external_task_marker_dag.py for tasks to queue
[2023-10-26 04:39:29,519] {logging_mixin.py:115} INFO - [2023-10-26 04:39:29,519] {dagbag.py:508} INFO - Filling up the DagBag from /home/airflow/.local/lib/python3.7/site-packages/airflow/example_dags/example_external_task_marker_dag.py
[2023-10-26 04:39:29,530] {processor.py:651} INFO - DAG(s) dict_keys(['example_external_task_marker_parent', 'example_external_task_marker_child']) retrieved from /home/airflow/.local/lib/python3.7/site-packages/airflow/example_dags/example_external_task_marker_dag.py
[2023-10-26 04:39:29,658] {logging_mixin.py:115} INFO - [2023-10-26 04:39:29,657] {dag.py:2420} INFO - Sync 2 DAGs
[2023-10-26 04:39:29,713] {logging_mixin.py:115} INFO - [2023-10-26 04:39:29,713] {dag.py:2972} INFO - Setting next_dagrun for example_external_task_marker_child to None, run_after=None
[2023-10-26 04:39:29,715] {logging_mixin.py:115} INFO - [2023-10-26 04:39:29,714] {dag.py:2972} INFO - Setting next_dagrun for example_external_task_marker_parent to None, run_after=None
[2023-10-26 04:39:29,760] {processor.py:161} INFO - Processing /home/airflow/.local/lib/python3.7/site-packages/airflow/example_dags/example_external_task_marker_dag.py took 0.250 seconds
[2023-10-26 04:40:00,059] {processor.py:153} INFO - Started process (PID=217) to work on /home/airflow/.local/lib/python3.7/site-packages/airflow/example_dags/example_external_task_marker_dag.py
[2023-10-26 04:40:00,061] {processor.py:641} INFO - Processing file /home/airflow/.local/lib/python3.7/site-packages/airflow/example_dags/example_external_task_marker_dag.py for tasks to queue
[2023-10-26 04:40:00,063] {logging_mixin.py:115} INFO - [2023-10-26 04:40:00,063] {dagbag.py:508} INFO - Filling up the DagBag from /home/airflow/.local/lib/python3.7/site-packages/airflow/example_dags/example_external_task_marker_dag.py
[2023-10-26 04:40:00,071] {processor.py:651} INFO - DAG(s) dict_keys(['example_external_task_marker_parent', 'example_external_task_marker_child']) retrieved from /home/airflow/.local/lib/python3.7/site-packages/airflow/example_dags/example_external_task_marker_dag.py
[2023-10-26 04:40:00,158] {logging_mixin.py:115} INFO - [2023-10-26 04:40:00,158] {dag.py:2420} INFO - Sync 2 DAGs
[2023-10-26 04:40:00,204] {logging_mixin.py:115} INFO - [2023-10-26 04:40:00,204] {dag.py:2972} INFO - Setting next_dagrun for example_external_task_marker_child to None, run_after=None
[2023-10-26 04:40:00,205] {logging_mixin.py:115} INFO - [2023-10-26 04:40:00,205] {dag.py:2972} INFO - Setting next_dagrun for example_external_task_marker_parent to None, run_after=None
[2023-10-26 04:40:00,239] {processor.py:161} INFO - Processing /home/airflow/.local/lib/python3.7/site-packages/airflow/example_dags/example_external_task_marker_dag.py took 0.187 seconds
[2023-10-26 04:40:31,063] {processor.py:153} INFO - Started process (PID=274) to work on /home/airflow/.local/lib/python3.7/site-packages/airflow/example_dags/example_external_task_marker_dag.py
[2023-10-26 04:40:31,065] {processor.py:641} INFO - Processing file /home/airflow/.local/lib/python3.7/site-packages/airflow/example_dags/example_external_task_marker_dag.py for tasks to queue
[2023-10-26 04:40:31,068] {logging_mixin.py:115} INFO - [2023-10-26 04:40:31,068] {dagbag.py:508} INFO - Filling up the DagBag from /home/airflow/.local/lib/python3.7/site-packages/airflow/example_dags/example_external_task_marker_dag.py
[2023-10-26 04:40:31,080] {processor.py:651} INFO - DAG(s) dict_keys(['example_external_task_marker_parent', 'example_external_task_marker_child']) retrieved from /home/airflow/.local/lib/python3.7/site-packages/airflow/example_dags/example_external_task_marker_dag.py
[2023-10-26 04:40:31,188] {logging_mixin.py:115} INFO - [2023-10-26 04:40:31,188] {dag.py:2420} INFO - Sync 2 DAGs
[2023-10-26 04:40:31,237] {logging_mixin.py:115} INFO - [2023-10-26 04:40:31,236] {dag.py:2972} INFO - Setting next_dagrun for example_external_task_marker_child to None, run_after=None
[2023-10-26 04:40:31,239] {logging_mixin.py:115} INFO - [2023-10-26 04:40:31,239] {dag.py:2972} INFO - Setting next_dagrun for example_external_task_marker_parent to None, run_after=None
[2023-10-26 04:40:31,276] {processor.py:161} INFO - Processing /home/airflow/.local/lib/python3.7/site-packages/airflow/example_dags/example_external_task_marker_dag.py took 0.217 seconds
[2023-10-26 04:41:02,479] {processor.py:153} INFO - Started process (PID=340) to work on /home/airflow/.local/lib/python3.7/site-packages/airflow/example_dags/example_external_task_marker_dag.py
[2023-10-26 04:41:02,481] {processor.py:641} INFO - Processing file /home/airflow/.local/lib/python3.7/site-packages/airflow/example_dags/example_external_task_marker_dag.py for tasks to queue
[2023-10-26 04:41:02,483] {logging_mixin.py:115} INFO - [2023-10-26 04:41:02,483] {dagbag.py:508} INFO - Filling up the DagBag from /home/airflow/.local/lib/python3.7/site-packages/airflow/example_dags/example_external_task_marker_dag.py
[2023-10-26 04:41:02,493] {processor.py:651} INFO - DAG(s) dict_keys(['example_external_task_marker_parent', 'example_external_task_marker_child']) retrieved from /home/airflow/.local/lib/python3.7/site-packages/airflow/example_dags/example_external_task_marker_dag.py
[2023-10-26 04:41:02,602] {logging_mixin.py:115} INFO - [2023-10-26 04:41:02,601] {dag.py:2420} INFO - Sync 2 DAGs
[2023-10-26 04:41:02,663] {logging_mixin.py:115} INFO - [2023-10-26 04:41:02,663] {dag.py:2972} INFO - Setting next_dagrun for example_external_task_marker_child to None, run_after=None
[2023-10-26 04:41:02,665] {logging_mixin.py:115} INFO - [2023-10-26 04:41:02,665] {dag.py:2972} INFO - Setting next_dagrun for example_external_task_marker_parent to None, run_after=None
[2023-10-26 04:41:02,703] {processor.py:161} INFO - Processing /home/airflow/.local/lib/python3.7/site-packages/airflow/example_dags/example_external_task_marker_dag.py took 0.231 seconds
[2023-10-26 04:41:33,433] {processor.py:153} INFO - Started process (PID=397) to work on /home/airflow/.local/lib/python3.7/site-packages/airflow/example_dags/example_external_task_marker_dag.py
[2023-10-26 04:41:33,435] {processor.py:641} INFO - Processing file /home/airflow/.local/lib/python3.7/site-packages/airflow/example_dags/example_external_task_marker_dag.py for tasks to queue
[2023-10-26 04:41:33,437] {logging_mixin.py:115} INFO - [2023-10-26 04:41:33,436] {dagbag.py:508} INFO - Filling up the DagBag from /home/airflow/.local/lib/python3.7/site-packages/airflow/example_dags/example_external_task_marker_dag.py
[2023-10-26 04:41:33,444] {processor.py:651} INFO - DAG(s) dict_keys(['example_external_task_marker_parent', 'example_external_task_marker_child']) retrieved from /home/airflow/.local/lib/python3.7/site-packages/airflow/example_dags/example_external_task_marker_dag.py
[2023-10-26 04:41:33,553] {logging_mixin.py:115} INFO - [2023-10-26 04:41:33,552] {dag.py:2420} INFO - Sync 2 DAGs
[2023-10-26 04:41:33,616] {logging_mixin.py:115} INFO - [2023-10-26 04:41:33,616] {dag.py:2972} INFO - Setting next_dagrun for example_external_task_marker_child to None, run_after=None
[2023-10-26 04:41:33,618] {logging_mixin.py:115} INFO - [2023-10-26 04:41:33,617] {dag.py:2972} INFO - Setting next_dagrun for example_external_task_marker_parent to None, run_after=None
[2023-10-26 04:41:33,644] {processor.py:161} INFO - Processing /home/airflow/.local/lib/python3.7/site-packages/airflow/example_dags/example_external_task_marker_dag.py took 0.216 seconds
[2023-10-26 04:42:04,080] {processor.py:153} INFO - Started process (PID=454) to work on /home/airflow/.local/lib/python3.7/site-packages/airflow/example_dags/example_external_task_marker_dag.py
[2023-10-26 04:42:04,082] {processor.py:641} INFO - Processing file /home/airflow/.local/lib/python3.7/site-packages/airflow/example_dags/example_external_task_marker_dag.py for tasks to queue
[2023-10-26 04:42:04,083] {logging_mixin.py:115} INFO - [2023-10-26 04:42:04,083] {dagbag.py:508} INFO - Filling up the DagBag from /home/airflow/.local/lib/python3.7/site-packages/airflow/example_dags/example_external_task_marker_dag.py
[2023-10-26 04:42:04,092] {processor.py:651} INFO - DAG(s) dict_keys(['example_external_task_marker_parent', 'example_external_task_marker_child']) retrieved from /home/airflow/.local/lib/python3.7/site-packages/airflow/example_dags/example_external_task_marker_dag.py
[2023-10-26 04:42:04,181] {logging_mixin.py:115} INFO - [2023-10-26 04:42:04,181] {dag.py:2420} INFO - Sync 2 DAGs
[2023-10-26 04:42:04,239] {logging_mixin.py:115} INFO - [2023-10-26 04:42:04,239] {dag.py:2972} INFO - Setting next_dagrun for example_external_task_marker_child to None, run_after=None
[2023-10-26 04:42:04,241] {logging_mixin.py:115} INFO - [2023-10-26 04:42:04,240] {dag.py:2972} INFO - Setting next_dagrun for example_external_task_marker_parent to None, run_after=None
[2023-10-26 04:42:04,279] {processor.py:161} INFO - Processing /home/airflow/.local/lib/python3.7/site-packages/airflow/example_dags/example_external_task_marker_dag.py took 0.203 seconds
[2023-10-26 04:42:35,153] {processor.py:153} INFO - Started process (PID=520) to work on /home/airflow/.local/lib/python3.7/site-packages/airflow/example_dags/example_external_task_marker_dag.py
[2023-10-26 04:42:35,155] {processor.py:641} INFO - Processing file /home/airflow/.local/lib/python3.7/site-packages/airflow/example_dags/example_external_task_marker_dag.py for tasks to queue
[2023-10-26 04:42:35,157] {logging_mixin.py:115} INFO - [2023-10-26 04:42:35,157] {dagbag.py:508} INFO - Filling up the DagBag from /home/airflow/.local/lib/python3.7/site-packages/airflow/example_dags/example_external_task_marker_dag.py
[2023-10-26 04:42:35,166] {processor.py:651} INFO - DAG(s) dict_keys(['example_external_task_marker_parent', 'example_external_task_marker_child']) retrieved from /home/airflow/.local/lib/python3.7/site-packages/airflow/example_dags/example_external_task_marker_dag.py
[2023-10-26 04:42:35,274] {logging_mixin.py:115} INFO - [2023-10-26 04:42:35,274] {dag.py:2420} INFO - Sync 2 DAGs
[2023-10-26 04:42:35,331] {logging_mixin.py:115} INFO - [2023-10-26 04:42:35,330] {dag.py:2972} INFO - Setting next_dagrun for example_external_task_marker_child to None, run_after=None
[2023-10-26 04:42:35,332] {logging_mixin.py:115} INFO - [2023-10-26 04:42:35,332] {dag.py:2972} INFO - Setting next_dagrun for example_external_task_marker_parent to None, run_after=None
[2023-10-26 04:42:35,359] {processor.py:161} INFO - Processing /home/airflow/.local/lib/python3.7/site-packages/airflow/example_dags/example_external_task_marker_dag.py took 0.212 seconds
[2023-10-26 04:43:06,420] {processor.py:153} INFO - Started process (PID=577) to work on /home/airflow/.local/lib/python3.7/site-packages/airflow/example_dags/example_external_task_marker_dag.py
[2023-10-26 04:43:06,422] {processor.py:641} INFO - Processing file /home/airflow/.local/lib/python3.7/site-packages/airflow/example_dags/example_external_task_marker_dag.py for tasks to queue
[2023-10-26 04:43:06,423] {logging_mixin.py:115} INFO - [2023-10-26 04:43:06,423] {dagbag.py:508} INFO - Filling up the DagBag from /home/airflow/.local/lib/python3.7/site-packages/airflow/example_dags/example_external_task_marker_dag.py
[2023-10-26 04:43:06,431] {processor.py:651} INFO - DAG(s) dict_keys(['example_external_task_marker_parent', 'example_external_task_marker_child']) retrieved from /home/airflow/.local/lib/python3.7/site-packages/airflow/example_dags/example_external_task_marker_dag.py
[2023-10-26 04:43:06,521] {logging_mixin.py:115} INFO - [2023-10-26 04:43:06,520] {dag.py:2420} INFO - Sync 2 DAGs
[2023-10-26 04:43:06,588] {logging_mixin.py:115} INFO - [2023-10-26 04:43:06,588] {dag.py:2972} INFO - Setting next_dagrun for example_external_task_marker_child to None, run_after=None
[2023-10-26 04:43:06,589] {logging_mixin.py:115} INFO - [2023-10-26 04:43:06,589] {dag.py:2972} INFO - Setting next_dagrun for example_external_task_marker_parent to None, run_after=None
[2023-10-26 04:43:06,620] {processor.py:161} INFO - Processing /home/airflow/.local/lib/python3.7/site-packages/airflow/example_dags/example_external_task_marker_dag.py took 0.204 seconds
[2023-10-26 04:43:37,409] {processor.py:153} INFO - Started process (PID=634) to work on /home/airflow/.local/lib/python3.7/site-packages/airflow/example_dags/example_external_task_marker_dag.py
[2023-10-26 04:43:37,412] {processor.py:641} INFO - Processing file /home/airflow/.local/lib/python3.7/site-packages/airflow/example_dags/example_external_task_marker_dag.py for tasks to queue
[2023-10-26 04:43:37,415] {logging_mixin.py:115} INFO - [2023-10-26 04:43:37,414] {dagbag.py:508} INFO - Filling up the DagBag from /home/airflow/.local/lib/python3.7/site-packages/airflow/example_dags/example_external_task_marker_dag.py
[2023-10-26 04:43:37,436] {processor.py:651} INFO - DAG(s) dict_keys(['example_external_task_marker_parent', 'example_external_task_marker_child']) retrieved from /home/airflow/.local/lib/python3.7/site-packages/airflow/example_dags/example_external_task_marker_dag.py
[2023-10-26 04:43:37,563] {logging_mixin.py:115} INFO - [2023-10-26 04:43:37,562] {dag.py:2420} INFO - Sync 2 DAGs
[2023-10-26 04:43:37,632] {logging_mixin.py:115} INFO - [2023-10-26 04:43:37,632] {dag.py:2972} INFO - Setting next_dagrun for example_external_task_marker_child to None, run_after=None
[2023-10-26 04:43:37,634] {logging_mixin.py:115} INFO - [2023-10-26 04:43:37,634] {dag.py:2972} INFO - Setting next_dagrun for example_external_task_marker_parent to None, run_after=None
[2023-10-26 04:43:37,662] {processor.py:161} INFO - Processing /home/airflow/.local/lib/python3.7/site-packages/airflow/example_dags/example_external_task_marker_dag.py took 0.259 seconds
[2023-10-26 04:44:07,749] {processor.py:153} INFO - Started process (PID=696) to work on /home/airflow/.local/lib/python3.7/site-packages/airflow/example_dags/example_external_task_marker_dag.py
[2023-10-26 04:44:07,751] {processor.py:641} INFO - Processing file /home/airflow/.local/lib/python3.7/site-packages/airflow/example_dags/example_external_task_marker_dag.py for tasks to queue
[2023-10-26 04:44:07,753] {logging_mixin.py:115} INFO - [2023-10-26 04:44:07,753] {dagbag.py:508} INFO - Filling up the DagBag from /home/airflow/.local/lib/python3.7/site-packages/airflow/example_dags/example_external_task_marker_dag.py
[2023-10-26 04:44:07,763] {processor.py:651} INFO - DAG(s) dict_keys(['example_external_task_marker_parent', 'example_external_task_marker_child']) retrieved from /home/airflow/.local/lib/python3.7/site-packages/airflow/example_dags/example_external_task_marker_dag.py
[2023-10-26 04:44:07,872] {logging_mixin.py:115} INFO - [2023-10-26 04:44:07,872] {dag.py:2420} INFO - Sync 2 DAGs
[2023-10-26 04:44:07,930] {logging_mixin.py:115} INFO - [2023-10-26 04:44:07,929] {dag.py:2972} INFO - Setting next_dagrun for example_external_task_marker_child to None, run_after=None
[2023-10-26 04:44:07,931] {logging_mixin.py:115} INFO - [2023-10-26 04:44:07,931] {dag.py:2972} INFO - Setting next_dagrun for example_external_task_marker_parent to None, run_after=None
[2023-10-26 04:44:07,987] {processor.py:161} INFO - Processing /home/airflow/.local/lib/python3.7/site-packages/airflow/example_dags/example_external_task_marker_dag.py took 0.244 seconds
[2023-10-26 04:44:38,323] {processor.py:153} INFO - Started process (PID=755) to work on /home/airflow/.local/lib/python3.7/site-packages/airflow/example_dags/example_external_task_marker_dag.py
[2023-10-26 04:44:38,325] {processor.py:641} INFO - Processing file /home/airflow/.local/lib/python3.7/site-packages/airflow/example_dags/example_external_task_marker_dag.py for tasks to queue
[2023-10-26 04:44:38,328] {logging_mixin.py:115} INFO - [2023-10-26 04:44:38,327] {dagbag.py:508} INFO - Filling up the DagBag from /home/airflow/.local/lib/python3.7/site-packages/airflow/example_dags/example_external_task_marker_dag.py
[2023-10-26 04:44:38,338] {processor.py:651} INFO - DAG(s) dict_keys(['example_external_task_marker_parent', 'example_external_task_marker_child']) retrieved from /home/airflow/.local/lib/python3.7/site-packages/airflow/example_dags/example_external_task_marker_dag.py
[2023-10-26 04:44:38,459] {logging_mixin.py:115} INFO - [2023-10-26 04:44:38,459] {dag.py:2420} INFO - Sync 2 DAGs
[2023-10-26 04:44:38,515] {logging_mixin.py:115} INFO - [2023-10-26 04:44:38,515] {dag.py:2972} INFO - Setting next_dagrun for example_external_task_marker_child to None, run_after=None
[2023-10-26 04:44:38,518] {logging_mixin.py:115} INFO - [2023-10-26 04:44:38,517] {dag.py:2972} INFO - Setting next_dagrun for example_external_task_marker_parent to None, run_after=None
[2023-10-26 04:44:38,558] {processor.py:161} INFO - Processing /home/airflow/.local/lib/python3.7/site-packages/airflow/example_dags/example_external_task_marker_dag.py took 0.242 seconds
[2023-10-26 04:45:09,368] {processor.py:153} INFO - Started process (PID=812) to work on /home/airflow/.local/lib/python3.7/site-packages/airflow/example_dags/example_external_task_marker_dag.py
[2023-10-26 04:45:09,370] {processor.py:641} INFO - Processing file /home/airflow/.local/lib/python3.7/site-packages/airflow/example_dags/example_external_task_marker_dag.py for tasks to queue
[2023-10-26 04:45:09,371] {logging_mixin.py:115} INFO - [2023-10-26 04:45:09,371] {dagbag.py:508} INFO - Filling up the DagBag from /home/airflow/.local/lib/python3.7/site-packages/airflow/example_dags/example_external_task_marker_dag.py
[2023-10-26 04:45:09,380] {processor.py:651} INFO - DAG(s) dict_keys(['example_external_task_marker_parent', 'example_external_task_marker_child']) retrieved from /home/airflow/.local/lib/python3.7/site-packages/airflow/example_dags/example_external_task_marker_dag.py
[2023-10-26 04:45:09,475] {logging_mixin.py:115} INFO - [2023-10-26 04:45:09,475] {dag.py:2420} INFO - Sync 2 DAGs
[2023-10-26 04:45:09,532] {logging_mixin.py:115} INFO - [2023-10-26 04:45:09,531] {dag.py:2972} INFO - Setting next_dagrun for example_external_task_marker_child to None, run_after=None
[2023-10-26 04:45:09,533] {logging_mixin.py:115} INFO - [2023-10-26 04:45:09,533] {dag.py:2972} INFO - Setting next_dagrun for example_external_task_marker_parent to None, run_after=None
[2023-10-26 04:45:09,567] {processor.py:161} INFO - Processing /home/airflow/.local/lib/python3.7/site-packages/airflow/example_dags/example_external_task_marker_dag.py took 0.205 seconds
[2023-10-26 04:45:40,189] {processor.py:153} INFO - Started process (PID=869) to work on /home/airflow/.local/lib/python3.7/site-packages/airflow/example_dags/example_external_task_marker_dag.py
[2023-10-26 04:45:40,191] {processor.py:641} INFO - Processing file /home/airflow/.local/lib/python3.7/site-packages/airflow/example_dags/example_external_task_marker_dag.py for tasks to queue
[2023-10-26 04:45:40,194] {logging_mixin.py:115} INFO - [2023-10-26 04:45:40,194] {dagbag.py:508} INFO - Filling up the DagBag from /home/airflow/.local/lib/python3.7/site-packages/airflow/example_dags/example_external_task_marker_dag.py
[2023-10-26 04:45:40,205] {processor.py:651} INFO - DAG(s) dict_keys(['example_external_task_marker_parent', 'example_external_task_marker_child']) retrieved from /home/airflow/.local/lib/python3.7/site-packages/airflow/example_dags/example_external_task_marker_dag.py
[2023-10-26 04:45:40,352] {logging_mixin.py:115} INFO - [2023-10-26 04:45:40,352] {dag.py:2420} INFO - Sync 2 DAGs
[2023-10-26 04:45:40,417] {logging_mixin.py:115} INFO - [2023-10-26 04:45:40,416] {dag.py:2972} INFO - Setting next_dagrun for example_external_task_marker_child to None, run_after=None
[2023-10-26 04:45:40,418] {logging_mixin.py:115} INFO - [2023-10-26 04:45:40,418] {dag.py:2972} INFO - Setting next_dagrun for example_external_task_marker_parent to None, run_after=None
[2023-10-26 04:45:40,450] {processor.py:161} INFO - Processing /home/airflow/.local/lib/python3.7/site-packages/airflow/example_dags/example_external_task_marker_dag.py took 0.267 seconds
[2023-10-26 04:46:10,904] {processor.py:153} INFO - Started process (PID=935) to work on /home/airflow/.local/lib/python3.7/site-packages/airflow/example_dags/example_external_task_marker_dag.py
[2023-10-26 04:46:10,906] {processor.py:641} INFO - Processing file /home/airflow/.local/lib/python3.7/site-packages/airflow/example_dags/example_external_task_marker_dag.py for tasks to queue
[2023-10-26 04:46:10,909] {logging_mixin.py:115} INFO - [2023-10-26 04:46:10,908] {dagbag.py:508} INFO - Filling up the DagBag from /home/airflow/.local/lib/python3.7/site-packages/airflow/example_dags/example_external_task_marker_dag.py
[2023-10-26 04:46:10,917] {processor.py:651} INFO - DAG(s) dict_keys(['example_external_task_marker_parent', 'example_external_task_marker_child']) retrieved from /home/airflow/.local/lib/python3.7/site-packages/airflow/example_dags/example_external_task_marker_dag.py
[2023-10-26 04:46:11,019] {logging_mixin.py:115} INFO - [2023-10-26 04:46:11,019] {dag.py:2420} INFO - Sync 2 DAGs
[2023-10-26 04:46:11,084] {logging_mixin.py:115} INFO - [2023-10-26 04:46:11,084] {dag.py:2972} INFO - Setting next_dagrun for example_external_task_marker_child to None, run_after=None
[2023-10-26 04:46:11,085] {logging_mixin.py:115} INFO - [2023-10-26 04:46:11,085] {dag.py:2972} INFO - Setting next_dagrun for example_external_task_marker_parent to None, run_after=None
[2023-10-26 04:46:11,113] {processor.py:161} INFO - Processing /home/airflow/.local/lib/python3.7/site-packages/airflow/example_dags/example_external_task_marker_dag.py took 0.214 seconds
[2023-10-26 04:46:41,456] {processor.py:153} INFO - Started process (PID=993) to work on /home/airflow/.local/lib/python3.7/site-packages/airflow/example_dags/example_external_task_marker_dag.py
[2023-10-26 04:46:41,458] {processor.py:641} INFO - Processing file /home/airflow/.local/lib/python3.7/site-packages/airflow/example_dags/example_external_task_marker_dag.py for tasks to queue
[2023-10-26 04:46:41,459] {logging_mixin.py:115} INFO - [2023-10-26 04:46:41,459] {dagbag.py:508} INFO - Filling up the DagBag from /home/airflow/.local/lib/python3.7/site-packages/airflow/example_dags/example_external_task_marker_dag.py
[2023-10-26 04:46:41,468] {processor.py:651} INFO - DAG(s) dict_keys(['example_external_task_marker_parent', 'example_external_task_marker_child']) retrieved from /home/airflow/.local/lib/python3.7/site-packages/airflow/example_dags/example_external_task_marker_dag.py
[2023-10-26 04:46:41,576] {logging_mixin.py:115} INFO - [2023-10-26 04:46:41,576] {dag.py:2420} INFO - Sync 2 DAGs
[2023-10-26 04:46:41,635] {logging_mixin.py:115} INFO - [2023-10-26 04:46:41,635] {dag.py:2972} INFO - Setting next_dagrun for example_external_task_marker_child to None, run_after=None
[2023-10-26 04:46:41,637] {logging_mixin.py:115} INFO - [2023-10-26 04:46:41,637] {dag.py:2972} INFO - Setting next_dagrun for example_external_task_marker_parent to None, run_after=None
[2023-10-26 04:46:41,676] {processor.py:161} INFO - Processing /home/airflow/.local/lib/python3.7/site-packages/airflow/example_dags/example_external_task_marker_dag.py took 0.224 seconds
[2023-10-26 04:47:12,096] {processor.py:153} INFO - Started process (PID=1050) to work on /home/airflow/.local/lib/python3.7/site-packages/airflow/example_dags/example_external_task_marker_dag.py
[2023-10-26 04:47:12,099] {processor.py:641} INFO - Processing file /home/airflow/.local/lib/python3.7/site-packages/airflow/example_dags/example_external_task_marker_dag.py for tasks to queue
[2023-10-26 04:47:12,101] {logging_mixin.py:115} INFO - [2023-10-26 04:47:12,101] {dagbag.py:508} INFO - Filling up the DagBag from /home/airflow/.local/lib/python3.7/site-packages/airflow/example_dags/example_external_task_marker_dag.py
[2023-10-26 04:47:12,112] {processor.py:651} INFO - DAG(s) dict_keys(['example_external_task_marker_parent', 'example_external_task_marker_child']) retrieved from /home/airflow/.local/lib/python3.7/site-packages/airflow/example_dags/example_external_task_marker_dag.py
[2023-10-26 04:47:12,269] {logging_mixin.py:115} INFO - [2023-10-26 04:47:12,269] {dag.py:2420} INFO - Sync 2 DAGs
[2023-10-26 04:47:12,347] {logging_mixin.py:115} INFO - [2023-10-26 04:47:12,347] {dag.py:2972} INFO - Setting next_dagrun for example_external_task_marker_child to None, run_after=None
[2023-10-26 04:47:12,349] {logging_mixin.py:115} INFO - [2023-10-26 04:47:12,349] {dag.py:2972} INFO - Setting next_dagrun for example_external_task_marker_parent to None, run_after=None
[2023-10-26 04:47:12,380] {processor.py:161} INFO - Processing /home/airflow/.local/lib/python3.7/site-packages/airflow/example_dags/example_external_task_marker_dag.py took 0.290 seconds
[2023-10-26 04:47:42,943] {processor.py:153} INFO - Started process (PID=1114) to work on /home/airflow/.local/lib/python3.7/site-packages/airflow/example_dags/example_external_task_marker_dag.py
[2023-10-26 04:47:42,945] {processor.py:641} INFO - Processing file /home/airflow/.local/lib/python3.7/site-packages/airflow/example_dags/example_external_task_marker_dag.py for tasks to queue
[2023-10-26 04:47:42,947] {logging_mixin.py:115} INFO - [2023-10-26 04:47:42,947] {dagbag.py:508} INFO - Filling up the DagBag from /home/airflow/.local/lib/python3.7/site-packages/airflow/example_dags/example_external_task_marker_dag.py
[2023-10-26 04:47:42,958] {processor.py:651} INFO - DAG(s) dict_keys(['example_external_task_marker_parent', 'example_external_task_marker_child']) retrieved from /home/airflow/.local/lib/python3.7/site-packages/airflow/example_dags/example_external_task_marker_dag.py
[2023-10-26 04:47:43,103] {logging_mixin.py:115} INFO - [2023-10-26 04:47:43,102] {dag.py:2420} INFO - Sync 2 DAGs
[2023-10-26 04:47:43,162] {logging_mixin.py:115} INFO - [2023-10-26 04:47:43,162] {dag.py:2972} INFO - Setting next_dagrun for example_external_task_marker_child to None, run_after=None
[2023-10-26 04:47:43,164] {logging_mixin.py:115} INFO - [2023-10-26 04:47:43,163] {dag.py:2972} INFO - Setting next_dagrun for example_external_task_marker_parent to None, run_after=None
[2023-10-26 04:47:43,200] {processor.py:161} INFO - Processing /home/airflow/.local/lib/python3.7/site-packages/airflow/example_dags/example_external_task_marker_dag.py took 0.264 seconds
[2023-10-26 04:48:13,386] {processor.py:153} INFO - Started process (PID=1173) to work on /home/airflow/.local/lib/python3.7/site-packages/airflow/example_dags/example_external_task_marker_dag.py
[2023-10-26 04:48:13,388] {processor.py:641} INFO - Processing file /home/airflow/.local/lib/python3.7/site-packages/airflow/example_dags/example_external_task_marker_dag.py for tasks to queue
[2023-10-26 04:48:13,390] {logging_mixin.py:115} INFO - [2023-10-26 04:48:13,390] {dagbag.py:508} INFO - Filling up the DagBag from /home/airflow/.local/lib/python3.7/site-packages/airflow/example_dags/example_external_task_marker_dag.py
[2023-10-26 04:48:13,401] {processor.py:651} INFO - DAG(s) dict_keys(['example_external_task_marker_parent', 'example_external_task_marker_child']) retrieved from /home/airflow/.local/lib/python3.7/site-packages/airflow/example_dags/example_external_task_marker_dag.py
[2023-10-26 04:48:13,523] {logging_mixin.py:115} INFO - [2023-10-26 04:48:13,523] {dag.py:2420} INFO - Sync 2 DAGs
[2023-10-26 04:48:13,571] {logging_mixin.py:115} INFO - [2023-10-26 04:48:13,571] {dag.py:2972} INFO - Setting next_dagrun for example_external_task_marker_child to None, run_after=None
[2023-10-26 04:48:13,572] {logging_mixin.py:115} INFO - [2023-10-26 04:48:13,572] {dag.py:2972} INFO - Setting next_dagrun for example_external_task_marker_parent to None, run_after=None
[2023-10-26 04:48:13,610] {processor.py:161} INFO - Processing /home/airflow/.local/lib/python3.7/site-packages/airflow/example_dags/example_external_task_marker_dag.py took 0.230 seconds
[2023-10-26 04:48:44,155] {processor.py:153} INFO - Started process (PID=1230) to work on /home/airflow/.local/lib/python3.7/site-packages/airflow/example_dags/example_external_task_marker_dag.py
[2023-10-26 04:48:44,158] {processor.py:641} INFO - Processing file /home/airflow/.local/lib/python3.7/site-packages/airflow/example_dags/example_external_task_marker_dag.py for tasks to queue
[2023-10-26 04:48:44,160] {logging_mixin.py:115} INFO - [2023-10-26 04:48:44,160] {dagbag.py:508} INFO - Filling up the DagBag from /home/airflow/.local/lib/python3.7/site-packages/airflow/example_dags/example_external_task_marker_dag.py
[2023-10-26 04:48:44,171] {processor.py:651} INFO - DAG(s) dict_keys(['example_external_task_marker_parent', 'example_external_task_marker_child']) retrieved from /home/airflow/.local/lib/python3.7/site-packages/airflow/example_dags/example_external_task_marker_dag.py
[2023-10-26 04:48:44,270] {logging_mixin.py:115} INFO - [2023-10-26 04:48:44,270] {dag.py:2420} INFO - Sync 2 DAGs
[2023-10-26 04:48:44,317] {logging_mixin.py:115} INFO - [2023-10-26 04:48:44,317] {dag.py:2972} INFO - Setting next_dagrun for example_external_task_marker_child to None, run_after=None
[2023-10-26 04:48:44,319] {logging_mixin.py:115} INFO - [2023-10-26 04:48:44,319] {dag.py:2972} INFO - Setting next_dagrun for example_external_task_marker_parent to None, run_after=None
[2023-10-26 04:48:44,342] {processor.py:161} INFO - Processing /home/airflow/.local/lib/python3.7/site-packages/airflow/example_dags/example_external_task_marker_dag.py took 0.193 seconds
[2023-10-26 04:49:14,750] {processor.py:153} INFO - Started process (PID=1287) to work on /home/airflow/.local/lib/python3.7/site-packages/airflow/example_dags/example_external_task_marker_dag.py
[2023-10-26 04:49:14,752] {processor.py:641} INFO - Processing file /home/airflow/.local/lib/python3.7/site-packages/airflow/example_dags/example_external_task_marker_dag.py for tasks to queue
[2023-10-26 04:49:14,755] {logging_mixin.py:115} INFO - [2023-10-26 04:49:14,755] {dagbag.py:508} INFO - Filling up the DagBag from /home/airflow/.local/lib/python3.7/site-packages/airflow/example_dags/example_external_task_marker_dag.py
[2023-10-26 04:49:14,766] {processor.py:651} INFO - DAG(s) dict_keys(['example_external_task_marker_parent', 'example_external_task_marker_child']) retrieved from /home/airflow/.local/lib/python3.7/site-packages/airflow/example_dags/example_external_task_marker_dag.py
[2023-10-26 04:49:14,896] {logging_mixin.py:115} INFO - [2023-10-26 04:49:14,896] {dag.py:2420} INFO - Sync 2 DAGs
[2023-10-26 04:49:14,970] {logging_mixin.py:115} INFO - [2023-10-26 04:49:14,970] {dag.py:2972} INFO - Setting next_dagrun for example_external_task_marker_child to None, run_after=None
[2023-10-26 04:49:14,972] {logging_mixin.py:115} INFO - [2023-10-26 04:49:14,972] {dag.py:2972} INFO - Setting next_dagrun for example_external_task_marker_parent to None, run_after=None
[2023-10-26 04:49:15,009] {processor.py:161} INFO - Processing /home/airflow/.local/lib/python3.7/site-packages/airflow/example_dags/example_external_task_marker_dag.py took 0.265 seconds
[2023-10-26 04:49:45,411] {processor.py:153} INFO - Started process (PID=1353) to work on /home/airflow/.local/lib/python3.7/site-packages/airflow/example_dags/example_external_task_marker_dag.py
[2023-10-26 04:49:45,415] {processor.py:641} INFO - Processing file /home/airflow/.local/lib/python3.7/site-packages/airflow/example_dags/example_external_task_marker_dag.py for tasks to queue
[2023-10-26 04:49:45,417] {logging_mixin.py:115} INFO - [2023-10-26 04:49:45,417] {dagbag.py:508} INFO - Filling up the DagBag from /home/airflow/.local/lib/python3.7/site-packages/airflow/example_dags/example_external_task_marker_dag.py
[2023-10-26 04:49:45,428] {processor.py:651} INFO - DAG(s) dict_keys(['example_external_task_marker_parent', 'example_external_task_marker_child']) retrieved from /home/airflow/.local/lib/python3.7/site-packages/airflow/example_dags/example_external_task_marker_dag.py
[2023-10-26 04:49:45,708] {logging_mixin.py:115} INFO - [2023-10-26 04:49:45,708] {dag.py:2420} INFO - Sync 2 DAGs
[2023-10-26 04:49:45,879] {logging_mixin.py:115} INFO - [2023-10-26 04:49:45,879] {dag.py:2972} INFO - Setting next_dagrun for example_external_task_marker_child to None, run_after=None
[2023-10-26 04:49:45,886] {logging_mixin.py:115} INFO - [2023-10-26 04:49:45,885] {dag.py:2972} INFO - Setting next_dagrun for example_external_task_marker_parent to None, run_after=None
[2023-10-26 04:49:45,979] {processor.py:161} INFO - Processing /home/airflow/.local/lib/python3.7/site-packages/airflow/example_dags/example_external_task_marker_dag.py took 0.576 seconds
[2023-10-26 04:50:16,231] {processor.py:153} INFO - Started process (PID=1411) to work on /home/airflow/.local/lib/python3.7/site-packages/airflow/example_dags/example_external_task_marker_dag.py
[2023-10-26 04:50:16,233] {processor.py:641} INFO - Processing file /home/airflow/.local/lib/python3.7/site-packages/airflow/example_dags/example_external_task_marker_dag.py for tasks to queue
[2023-10-26 04:50:16,235] {logging_mixin.py:115} INFO - [2023-10-26 04:50:16,235] {dagbag.py:508} INFO - Filling up the DagBag from /home/airflow/.local/lib/python3.7/site-packages/airflow/example_dags/example_external_task_marker_dag.py
[2023-10-26 04:50:16,242] {processor.py:651} INFO - DAG(s) dict_keys(['example_external_task_marker_parent', 'example_external_task_marker_child']) retrieved from /home/airflow/.local/lib/python3.7/site-packages/airflow/example_dags/example_external_task_marker_dag.py
[2023-10-26 04:50:16,329] {logging_mixin.py:115} INFO - [2023-10-26 04:50:16,329] {dag.py:2420} INFO - Sync 2 DAGs
[2023-10-26 04:50:16,371] {logging_mixin.py:115} INFO - [2023-10-26 04:50:16,371] {dag.py:2972} INFO - Setting next_dagrun for example_external_task_marker_child to None, run_after=None
[2023-10-26 04:50:16,373] {logging_mixin.py:115} INFO - [2023-10-26 04:50:16,373] {dag.py:2972} INFO - Setting next_dagrun for example_external_task_marker_parent to None, run_after=None
[2023-10-26 04:50:16,399] {processor.py:161} INFO - Processing /home/airflow/.local/lib/python3.7/site-packages/airflow/example_dags/example_external_task_marker_dag.py took 0.172 seconds
[2023-10-26 04:50:46,702] {processor.py:153} INFO - Started process (PID=1467) to work on /home/airflow/.local/lib/python3.7/site-packages/airflow/example_dags/example_external_task_marker_dag.py
[2023-10-26 04:50:46,703] {processor.py:641} INFO - Processing file /home/airflow/.local/lib/python3.7/site-packages/airflow/example_dags/example_external_task_marker_dag.py for tasks to queue
[2023-10-26 04:50:46,705] {logging_mixin.py:115} INFO - [2023-10-26 04:50:46,705] {dagbag.py:508} INFO - Filling up the DagBag from /home/airflow/.local/lib/python3.7/site-packages/airflow/example_dags/example_external_task_marker_dag.py
[2023-10-26 04:50:46,713] {processor.py:651} INFO - DAG(s) dict_keys(['example_external_task_marker_parent', 'example_external_task_marker_child']) retrieved from /home/airflow/.local/lib/python3.7/site-packages/airflow/example_dags/example_external_task_marker_dag.py
[2023-10-26 04:50:46,825] {logging_mixin.py:115} INFO - [2023-10-26 04:50:46,825] {dag.py:2420} INFO - Sync 2 DAGs
[2023-10-26 04:50:46,883] {logging_mixin.py:115} INFO - [2023-10-26 04:50:46,883] {dag.py:2972} INFO - Setting next_dagrun for example_external_task_marker_child to None, run_after=None
[2023-10-26 04:50:46,885] {logging_mixin.py:115} INFO - [2023-10-26 04:50:46,884] {dag.py:2972} INFO - Setting next_dagrun for example_external_task_marker_parent to None, run_after=None
[2023-10-26 04:50:46,918] {processor.py:161} INFO - Processing /home/airflow/.local/lib/python3.7/site-packages/airflow/example_dags/example_external_task_marker_dag.py took 0.222 seconds
