[2023-11-22 19:07:24,404] {taskinstance.py:1179} INFO - Dependencies all met for <TaskInstance: etl_hh.load_staging manual__2023-11-22T19:07:18.711365+00:00 [queued]>
[2023-11-22 19:07:24,434] {taskinstance.py:1179} INFO - Dependencies all met for <TaskInstance: etl_hh.load_staging manual__2023-11-22T19:07:18.711365+00:00 [queued]>
[2023-11-22 19:07:24,435] {taskinstance.py:1376} INFO - 
--------------------------------------------------------------------------------
[2023-11-22 19:07:24,437] {taskinstance.py:1377} INFO - Starting attempt 1 of 2
[2023-11-22 19:07:24,448] {taskinstance.py:1378} INFO - 
--------------------------------------------------------------------------------
[2023-11-22 19:07:24,481] {taskinstance.py:1397} INFO - Executing <Task(PythonOperator): load_staging> on 2023-11-22 19:07:18.711365+00:00
[2023-11-22 19:07:24,489] {standard_task_runner.py:52} INFO - Started process 196 to run task
[2023-11-22 19:07:24,495] {standard_task_runner.py:79} INFO - Running: ['***', 'tasks', 'run', 'etl_hh', 'load_staging', 'manual__2023-11-22T19:07:18.711365+00:00', '--job-id', '30', '--raw', '--subdir', 'DAGS_FOLDER/pipeline.py', '--cfg-path', '/tmp/tmplptoa2f2', '--error-file', '/tmp/tmpnsyxyh9m']
[2023-11-22 19:07:24,497] {standard_task_runner.py:80} INFO - Job 30: Subtask load_staging
[2023-11-22 19:07:24,665] {task_command.py:371} INFO - Running <TaskInstance: etl_hh.load_staging manual__2023-11-22T19:07:18.711365+00:00 [running]> on host 9ac5eb002233
[2023-11-22 19:07:24,917] {taskinstance.py:1591} INFO - Exporting the following env vars:
AIRFLOW_CTX_DAG_OWNER=***
AIRFLOW_CTX_DAG_ID=etl_hh
AIRFLOW_CTX_TASK_ID=load_staging
AIRFLOW_CTX_EXECUTION_DATE=2023-11-22T19:07:18.711365+00:00
AIRFLOW_CTX_TRY_NUMBER=1
AIRFLOW_CTX_DAG_RUN_ID=manual__2023-11-22T19:07:18.711365+00:00
[2023-11-22 19:07:26,406] {python.py:173} INFO - Done. Returned value was: None
[2023-11-22 19:07:26,452] {taskinstance.py:1420} INFO - Marking task as SUCCESS. dag_id=etl_hh, task_id=load_staging, execution_date=20231122T190718, start_date=20231122T190724, end_date=20231122T190726
[2023-11-22 19:07:26,519] {local_task_job.py:156} INFO - Task exited with return code 0
[2023-11-22 19:07:26,739] {local_task_job.py:273} INFO - 1 downstream tasks scheduled from follow-on schedule check
