[2023-10-23 18:09:40,731] {taskinstance.py:1179} INFO - Dependencies all met for <TaskInstance: mydag.echo_hi scheduled__2018-11-01T00:00:00+00:00 [queued]>
[2023-10-23 18:09:40,749] {taskinstance.py:1179} INFO - Dependencies all met for <TaskInstance: mydag.echo_hi scheduled__2018-11-01T00:00:00+00:00 [queued]>
[2023-10-23 18:09:40,750] {taskinstance.py:1376} INFO - 
--------------------------------------------------------------------------------
[2023-10-23 18:09:40,751] {taskinstance.py:1377} INFO - Starting attempt 1 of 1
[2023-10-23 18:09:40,751] {taskinstance.py:1378} INFO - 
--------------------------------------------------------------------------------
[2023-10-23 18:09:40,773] {taskinstance.py:1397} INFO - Executing <Task(BashOperator): echo_hi> on 2018-11-01 00:00:00+00:00
[2023-10-23 18:09:40,781] {standard_task_runner.py:52} INFO - Started process 116 to run task
[2023-10-23 18:09:40,785] {standard_task_runner.py:79} INFO - Running: ['***', 'tasks', 'run', 'mydag', 'echo_hi', 'scheduled__2018-11-01T00:00:00+00:00', '--job-id', '31', '--raw', '--subdir', 'DAGS_FOLDER/first_dag.py', '--cfg-path', '/tmp/tmpsb9p9ufy', '--error-file', '/tmp/tmpgi6eh462']
[2023-10-23 18:09:40,787] {standard_task_runner.py:80} INFO - Job 31: Subtask echo_hi
[2023-10-23 18:09:40,887] {task_command.py:371} INFO - Running <TaskInstance: mydag.echo_hi scheduled__2018-11-01T00:00:00+00:00 [running]> on host d14eca7535dc
[2023-10-23 18:09:41,016] {taskinstance.py:1591} INFO - Exporting the following env vars:
AIRFLOW_CTX_DAG_OWNER=romank
AIRFLOW_CTX_DAG_ID=mydag
AIRFLOW_CTX_TASK_ID=echo_hi
AIRFLOW_CTX_EXECUTION_DATE=2018-11-01T00:00:00+00:00
AIRFLOW_CTX_TRY_NUMBER=1
AIRFLOW_CTX_DAG_RUN_ID=scheduled__2018-11-01T00:00:00+00:00
[2023-10-23 18:09:41,019] {subprocess.py:62} INFO - Tmp dir root location: 
 /tmp
[2023-10-23 18:09:41,020] {subprocess.py:74} INFO - Running command: ['bash', '-c', 'echo "Hello"']
[2023-10-23 18:09:41,036] {subprocess.py:85} INFO - Output:
[2023-10-23 18:09:41,041] {subprocess.py:92} INFO - Hello
[2023-10-23 18:09:41,042] {subprocess.py:96} INFO - Command exited with return code 0
[2023-10-23 18:09:41,105] {taskinstance.py:1420} INFO - Marking task as SUCCESS. dag_id=mydag, task_id=echo_hi, execution_date=20181101T000000, start_date=20231023T180940, end_date=20231023T180941
[2023-10-23 18:09:41,160] {local_task_job.py:156} INFO - Task exited with return code 0
[2023-10-23 18:09:41,280] {local_task_job.py:273} INFO - 1 downstream tasks scheduled from follow-on schedule check
