[2023-11-21 15:09:22,184] {taskinstance.py:1179} INFO - Dependencies all met for <TaskInstance: etl_hh.load_core_dim_currency scheduled__2023-11-20T00:00:00+00:00 [queued]>
[2023-11-21 15:09:22,210] {taskinstance.py:1179} INFO - Dependencies all met for <TaskInstance: etl_hh.load_core_dim_currency scheduled__2023-11-20T00:00:00+00:00 [queued]>
[2023-11-21 15:09:22,211] {taskinstance.py:1376} INFO - 
--------------------------------------------------------------------------------
[2023-11-21 15:09:22,212] {taskinstance.py:1377} INFO - Starting attempt 1 of 2
[2023-11-21 15:09:22,213] {taskinstance.py:1378} INFO - 
--------------------------------------------------------------------------------
[2023-11-21 15:09:22,241] {taskinstance.py:1397} INFO - Executing <Task(PostgresOperator): load_core_dim_currency> on 2023-11-20 00:00:00+00:00
[2023-11-21 15:09:22,249] {standard_task_runner.py:52} INFO - Started process 1190 to run task
[2023-11-21 15:09:22,253] {standard_task_runner.py:79} INFO - Running: ['***', 'tasks', 'run', 'etl_hh', 'load_core_dim_currency', 'scheduled__2023-11-20T00:00:00+00:00', '--job-id', '259', '--raw', '--subdir', 'DAGS_FOLDER/pipeline.py', '--cfg-path', '/tmp/tmpxl38oske', '--error-file', '/tmp/tmpvbce_jsl']
[2023-11-21 15:09:22,254] {standard_task_runner.py:80} INFO - Job 259: Subtask load_core_dim_currency
[2023-11-21 15:09:22,370] {task_command.py:371} INFO - Running <TaskInstance: etl_hh.load_core_dim_currency scheduled__2023-11-20T00:00:00+00:00 [running]> on host f44f09cebae7
[2023-11-21 15:09:22,535] {taskinstance.py:1591} INFO - Exporting the following env vars:
AIRFLOW_CTX_DAG_OWNER=***
AIRFLOW_CTX_DAG_ID=etl_hh
AIRFLOW_CTX_TASK_ID=load_core_dim_currency
AIRFLOW_CTX_EXECUTION_DATE=2023-11-20T00:00:00+00:00
AIRFLOW_CTX_TRY_NUMBER=1
AIRFLOW_CTX_DAG_RUN_ID=scheduled__2023-11-20T00:00:00+00:00
[2023-11-21 15:09:22,550] {base.py:68} INFO - Using connection ID 'my_db_conn' for task execution.
[2023-11-21 15:09:22,584] {dbapi.py:231} INFO - Running statement: 
        MERGE INTO core.dim_currency AS trg
        USING(
            SELECT DISTINCT 
                salary_currency,
                CASE
                    WHEN salary_currency = 'RUR'
                    THEN 1
                    WHEN salary_currency = 'USD'
                    THEN 90
                    WHEN salary_currency = 'KZT'
                    THEN 0.2
                    WHEN salary_currency = 'BYR'
                    THEN 28.7
                END AS to_rub
            FROM staging.vacancy) AS src
        ON trg.currency_id = src.salary_currency
        WHEN NOT MATCHED
        THEN INSERT(
            currency_id, 
            to_rub
            )
        VALUES(
            src.salary_currency,
            src.to_rub
            )
        WHEN MATCHED AND COALESCE(trg.to_rub, '') <> COALESCE(src.to_rub, '')
        THEN UPDATE
        SET 
            currency_id = src.salary_currency, 
            to_rub = src.to_rub, parameters: None
[2023-11-21 15:09:22,596] {taskinstance.py:1909} ERROR - Task failed with exception
Traceback (most recent call last):
  File "/home/airflow/.local/lib/python3.7/site-packages/airflow/providers/postgres/operators/postgres.py", line 92, in execute
    self.hook.run(self.sql, self.autocommit, parameters=self.parameters)
  File "/home/airflow/.local/lib/python3.7/site-packages/airflow/hooks/dbapi.py", line 211, in run
    self._run_command(cur, sql_statement, parameters)
  File "/home/airflow/.local/lib/python3.7/site-packages/airflow/hooks/dbapi.py", line 235, in _run_command
    cur.execute(sql_statement)
psycopg2.errors.InvalidTextRepresentation: invalid input syntax for type numeric: ""
LINE 27:         WHEN MATCHED AND COALESCE(trg.to_rub, '') <> COALESC...
                                                       ^

[2023-11-21 15:09:22,620] {taskinstance.py:1420} INFO - Marking task as UP_FOR_RETRY. dag_id=etl_hh, task_id=load_core_dim_currency, execution_date=20231120T000000, start_date=20231121T150922, end_date=20231121T150922
[2023-11-21 15:09:22,651] {standard_task_runner.py:97} ERROR - Failed to execute job 259 for task load_core_dim_currency (invalid input syntax for type numeric: ""
LINE 27:         WHEN MATCHED AND COALESCE(trg.to_rub, '') <> COALESC...
                                                       ^
; 1190)
[2023-11-21 15:09:22,706] {local_task_job.py:156} INFO - Task exited with return code 1
[2023-11-21 15:09:22,806] {local_task_job.py:273} INFO - 0 downstream tasks scheduled from follow-on schedule check
[2023-11-21 15:27:10,002] {taskinstance.py:1179} INFO - Dependencies all met for <TaskInstance: etl_hh.load_core_dim_currency scheduled__2023-11-20T00:00:00+00:00 [queued]>
[2023-11-21 15:27:10,028] {taskinstance.py:1179} INFO - Dependencies all met for <TaskInstance: etl_hh.load_core_dim_currency scheduled__2023-11-20T00:00:00+00:00 [queued]>
[2023-11-21 15:27:10,029] {taskinstance.py:1376} INFO - 
--------------------------------------------------------------------------------
[2023-11-21 15:27:10,030] {taskinstance.py:1377} INFO - Starting attempt 1 of 2
[2023-11-21 15:27:10,030] {taskinstance.py:1378} INFO - 
--------------------------------------------------------------------------------
[2023-11-21 15:27:10,061] {taskinstance.py:1397} INFO - Executing <Task(PostgresOperator): load_core_dim_currency> on 2023-11-20 00:00:00+00:00
[2023-11-21 15:27:10,070] {standard_task_runner.py:52} INFO - Started process 302 to run task
[2023-11-21 15:27:10,074] {standard_task_runner.py:79} INFO - Running: ['***', 'tasks', 'run', 'etl_hh', 'load_core_dim_currency', 'scheduled__2023-11-20T00:00:00+00:00', '--job-id', '274', '--raw', '--subdir', 'DAGS_FOLDER/pipeline.py', '--cfg-path', '/tmp/tmp4ww6_11k', '--error-file', '/tmp/tmp_wgidu18']
[2023-11-21 15:27:10,076] {standard_task_runner.py:80} INFO - Job 274: Subtask load_core_dim_currency
[2023-11-21 15:27:10,189] {task_command.py:371} INFO - Running <TaskInstance: etl_hh.load_core_dim_currency scheduled__2023-11-20T00:00:00+00:00 [running]> on host b47ed23e9d21
[2023-11-21 15:27:10,345] {taskinstance.py:1591} INFO - Exporting the following env vars:
AIRFLOW_CTX_DAG_OWNER=***
AIRFLOW_CTX_DAG_ID=etl_hh
AIRFLOW_CTX_TASK_ID=load_core_dim_currency
AIRFLOW_CTX_EXECUTION_DATE=2023-11-20T00:00:00+00:00
AIRFLOW_CTX_TRY_NUMBER=1
AIRFLOW_CTX_DAG_RUN_ID=scheduled__2023-11-20T00:00:00+00:00
[2023-11-21 15:27:10,361] {base.py:68} INFO - Using connection ID 'my_db_conn' for task execution.
[2023-11-21 15:27:10,393] {dbapi.py:231} INFO - Running statement: 
        MERGE INTO core.dim_currency AS trg
        USING(
            SELECT DISTINCT 
                salary_currency,
                CASE
                    WHEN salary_currency = 'RUR'
                    THEN 1
                    WHEN salary_currency = 'USD'
                    THEN 90
                    WHEN salary_currency = 'KZT'
                    THEN 0.2
                    WHEN salary_currency = 'BYR'
                    THEN 28.7
                END AS to_rub
            FROM staging.vacancy) AS src
        ON trg.currency_id = src.salary_currency
        WHEN NOT MATCHED
        THEN INSERT(
            currency_id, 
            to_rub
            )
        VALUES(
            src.salary_currency,
            src.to_rub
            )
        WHEN MATCHED AND trg.to_rub <> src.to_rub
        THEN UPDATE
        SET 
            currency_id = src.salary_currency, 
            to_rub = src.to_rub, parameters: None
[2023-11-21 15:27:10,444] {taskinstance.py:1420} INFO - Marking task as SUCCESS. dag_id=etl_hh, task_id=load_core_dim_currency, execution_date=20231120T000000, start_date=20231121T152710, end_date=20231121T152710
[2023-11-21 15:27:10,528] {local_task_job.py:156} INFO - Task exited with return code 0
[2023-11-21 15:27:10,611] {local_task_job.py:273} INFO - 1 downstream tasks scheduled from follow-on schedule check
[2023-11-21 15:44:12,749] {taskinstance.py:1179} INFO - Dependencies all met for <TaskInstance: etl_hh.load_core_dim_currency scheduled__2023-11-20T00:00:00+00:00 [queued]>
[2023-11-21 15:44:12,765] {taskinstance.py:1179} INFO - Dependencies all met for <TaskInstance: etl_hh.load_core_dim_currency scheduled__2023-11-20T00:00:00+00:00 [queued]>
[2023-11-21 15:44:12,765] {taskinstance.py:1376} INFO - 
--------------------------------------------------------------------------------
[2023-11-21 15:44:12,766] {taskinstance.py:1377} INFO - Starting attempt 1 of 2
[2023-11-21 15:44:12,766] {taskinstance.py:1378} INFO - 
--------------------------------------------------------------------------------
[2023-11-21 15:44:12,786] {taskinstance.py:1397} INFO - Executing <Task(PostgresOperator): load_core_dim_currency> on 2023-11-20 00:00:00+00:00
[2023-11-21 15:44:12,792] {standard_task_runner.py:52} INFO - Started process 1054 to run task
[2023-11-21 15:44:12,796] {standard_task_runner.py:79} INFO - Running: ['***', 'tasks', 'run', 'etl_hh', 'load_core_dim_currency', 'scheduled__2023-11-20T00:00:00+00:00', '--job-id', '288', '--raw', '--subdir', 'DAGS_FOLDER/pipeline.py', '--cfg-path', '/tmp/tmpdiy46qt8', '--error-file', '/tmp/tmp8k4lyci9']
[2023-11-21 15:44:12,797] {standard_task_runner.py:80} INFO - Job 288: Subtask load_core_dim_currency
[2023-11-21 15:44:12,877] {task_command.py:371} INFO - Running <TaskInstance: etl_hh.load_core_dim_currency scheduled__2023-11-20T00:00:00+00:00 [running]> on host b47ed23e9d21
[2023-11-21 15:44:12,974] {taskinstance.py:1591} INFO - Exporting the following env vars:
AIRFLOW_CTX_DAG_OWNER=***
AIRFLOW_CTX_DAG_ID=etl_hh
AIRFLOW_CTX_TASK_ID=load_core_dim_currency
AIRFLOW_CTX_EXECUTION_DATE=2023-11-20T00:00:00+00:00
AIRFLOW_CTX_TRY_NUMBER=1
AIRFLOW_CTX_DAG_RUN_ID=scheduled__2023-11-20T00:00:00+00:00
[2023-11-21 15:44:12,985] {base.py:68} INFO - Using connection ID 'my_db_conn' for task execution.
[2023-11-21 15:44:13,008] {dbapi.py:231} INFO - Running statement: 
        MERGE INTO core.dim_currency AS trg
        USING(
            SELECT DISTINCT 
                salary_currency,
                CASE
                    WHEN salary_currency = 'RUR'
                    THEN 1
                    WHEN salary_currency = 'USD'
                    THEN 90
                    WHEN salary_currency = 'KZT'
                    THEN 0.2
                    WHEN salary_currency = 'BYR'
                    THEN 28.7
                END AS to_rub
            FROM staging.vacancy) AS src
        ON trg.currency_id = src.salary_currency
        WHEN NOT MATCHED
        THEN INSERT(
            currency_id, 
            to_rub
            )
        VALUES(
            src.salary_currency,
            src.to_rub
            )
        WHEN MATCHED AND trg.to_rub <> src.to_rub
        THEN UPDATE
        SET 
            currency_id = src.salary_currency, 
            to_rub = src.to_rub, parameters: None
[2023-11-21 15:44:13,049] {taskinstance.py:1420} INFO - Marking task as SUCCESS. dag_id=etl_hh, task_id=load_core_dim_currency, execution_date=20231120T000000, start_date=20231121T154412, end_date=20231121T154413
[2023-11-21 15:44:13,088] {local_task_job.py:156} INFO - Task exited with return code 0
[2023-11-21 15:44:13,141] {local_task_job.py:273} INFO - 1 downstream tasks scheduled from follow-on schedule check
[2023-11-21 16:02:58,737] {taskinstance.py:1179} INFO - Dependencies all met for <TaskInstance: etl_hh.load_core_dim_currency scheduled__2023-11-20T00:00:00+00:00 [queued]>
[2023-11-21 16:02:58,774] {taskinstance.py:1179} INFO - Dependencies all met for <TaskInstance: etl_hh.load_core_dim_currency scheduled__2023-11-20T00:00:00+00:00 [queued]>
[2023-11-21 16:02:58,775] {taskinstance.py:1376} INFO - 
--------------------------------------------------------------------------------
[2023-11-21 16:02:58,776] {taskinstance.py:1377} INFO - Starting attempt 1 of 2
[2023-11-21 16:02:58,776] {taskinstance.py:1378} INFO - 
--------------------------------------------------------------------------------
[2023-11-21 16:02:58,822] {taskinstance.py:1397} INFO - Executing <Task(PostgresOperator): load_core_dim_currency> on 2023-11-20 00:00:00+00:00
[2023-11-21 16:02:58,838] {standard_task_runner.py:52} INFO - Started process 1912 to run task
[2023-11-21 16:02:58,843] {standard_task_runner.py:79} INFO - Running: ['***', 'tasks', 'run', 'etl_hh', 'load_core_dim_currency', 'scheduled__2023-11-20T00:00:00+00:00', '--job-id', '302', '--raw', '--subdir', 'DAGS_FOLDER/pipeline.py', '--cfg-path', '/tmp/tmprzgo8__g', '--error-file', '/tmp/tmpbot9xlj2']
[2023-11-21 16:02:58,845] {standard_task_runner.py:80} INFO - Job 302: Subtask load_core_dim_currency
[2023-11-21 16:02:59,022] {task_command.py:371} INFO - Running <TaskInstance: etl_hh.load_core_dim_currency scheduled__2023-11-20T00:00:00+00:00 [running]> on host b47ed23e9d21
[2023-11-21 16:02:59,186] {taskinstance.py:1591} INFO - Exporting the following env vars:
AIRFLOW_CTX_DAG_OWNER=***
AIRFLOW_CTX_DAG_ID=etl_hh
AIRFLOW_CTX_TASK_ID=load_core_dim_currency
AIRFLOW_CTX_EXECUTION_DATE=2023-11-20T00:00:00+00:00
AIRFLOW_CTX_TRY_NUMBER=1
AIRFLOW_CTX_DAG_RUN_ID=scheduled__2023-11-20T00:00:00+00:00
[2023-11-21 16:02:59,203] {base.py:68} INFO - Using connection ID 'my_db_conn' for task execution.
[2023-11-21 16:02:59,231] {dbapi.py:231} INFO - Running statement: 
        MERGE INTO core.dim_currency AS trg
        USING(
            SELECT DISTINCT 
                salary_currency,
                CASE
                    WHEN salary_currency = 'RUR'
                    THEN 1
                    WHEN salary_currency = 'USD'
                    THEN 90
                    WHEN salary_currency = 'KZT'
                    THEN 0.2
                    WHEN salary_currency = 'BYR'
                    THEN 28.7
                END AS to_rub
            FROM staging.vacancy) AS src
        ON trg.currency_id = src.salary_currency
        WHEN NOT MATCHED
        THEN INSERT(
            currency_id, 
            to_rub
            )
        VALUES(
            src.salary_currency,
            src.to_rub
            )
        WHEN MATCHED AND trg.to_rub <> src.to_rub
        THEN UPDATE
        SET 
            currency_id = src.salary_currency, 
            to_rub = src.to_rub, parameters: None
[2023-11-21 16:02:59,280] {taskinstance.py:1420} INFO - Marking task as SUCCESS. dag_id=etl_hh, task_id=load_core_dim_currency, execution_date=20231120T000000, start_date=20231121T160258, end_date=20231121T160259
[2023-11-21 16:02:59,338] {local_task_job.py:156} INFO - Task exited with return code 0
[2023-11-21 16:02:59,400] {local_task_job.py:273} INFO - 0 downstream tasks scheduled from follow-on schedule check
[2023-11-21 16:05:04,976] {taskinstance.py:1179} INFO - Dependencies all met for <TaskInstance: etl_hh.load_core_dim_currency scheduled__2023-11-20T00:00:00+00:00 [queued]>
[2023-11-21 16:05:04,992] {taskinstance.py:1179} INFO - Dependencies all met for <TaskInstance: etl_hh.load_core_dim_currency scheduled__2023-11-20T00:00:00+00:00 [queued]>
[2023-11-21 16:05:04,993] {taskinstance.py:1376} INFO - 
--------------------------------------------------------------------------------
[2023-11-21 16:05:04,994] {taskinstance.py:1377} INFO - Starting attempt 1 of 2
[2023-11-21 16:05:04,994] {taskinstance.py:1378} INFO - 
--------------------------------------------------------------------------------
[2023-11-21 16:05:05,017] {taskinstance.py:1397} INFO - Executing <Task(PostgresOperator): load_core_dim_currency> on 2023-11-20 00:00:00+00:00
[2023-11-21 16:05:05,023] {standard_task_runner.py:52} INFO - Started process 2019 to run task
[2023-11-21 16:05:05,027] {standard_task_runner.py:79} INFO - Running: ['***', 'tasks', 'run', 'etl_hh', 'load_core_dim_currency', 'scheduled__2023-11-20T00:00:00+00:00', '--job-id', '311', '--raw', '--subdir', 'DAGS_FOLDER/pipeline.py', '--cfg-path', '/tmp/tmpepdx88zg', '--error-file', '/tmp/tmp7oxwt102']
[2023-11-21 16:05:05,027] {standard_task_runner.py:80} INFO - Job 311: Subtask load_core_dim_currency
[2023-11-21 16:05:05,128] {task_command.py:371} INFO - Running <TaskInstance: etl_hh.load_core_dim_currency scheduled__2023-11-20T00:00:00+00:00 [running]> on host b47ed23e9d21
[2023-11-21 16:05:05,251] {taskinstance.py:1591} INFO - Exporting the following env vars:
AIRFLOW_CTX_DAG_OWNER=***
AIRFLOW_CTX_DAG_ID=etl_hh
AIRFLOW_CTX_TASK_ID=load_core_dim_currency
AIRFLOW_CTX_EXECUTION_DATE=2023-11-20T00:00:00+00:00
AIRFLOW_CTX_TRY_NUMBER=1
AIRFLOW_CTX_DAG_RUN_ID=scheduled__2023-11-20T00:00:00+00:00
[2023-11-21 16:05:05,266] {base.py:68} INFO - Using connection ID 'my_db_conn' for task execution.
[2023-11-21 16:05:05,290] {dbapi.py:231} INFO - Running statement: 
        MERGE INTO core.dim_currency AS trg
        USING(
            SELECT DISTINCT 
                salary_currency,
                CASE
                    WHEN salary_currency = 'RUR'
                    THEN 1
                    WHEN salary_currency = 'USD'
                    THEN 90
                    WHEN salary_currency = 'KZT'
                    THEN 0.2
                    WHEN salary_currency = 'BYR'
                    THEN 28.7
                END AS to_rub
            FROM staging.vacancy) AS src
        ON trg.currency_id = src.salary_currency
        WHEN NOT MATCHED
        THEN INSERT(
            currency_id, 
            to_rub
            )
        VALUES(
            src.salary_currency,
            src.to_rub
            )
        WHEN MATCHED AND trg.to_rub <> src.to_rub
        THEN UPDATE
        SET 
            currency_id = src.salary_currency, 
            to_rub = src.to_rub, parameters: None
[2023-11-21 16:05:05,323] {taskinstance.py:1420} INFO - Marking task as SUCCESS. dag_id=etl_hh, task_id=load_core_dim_currency, execution_date=20231120T000000, start_date=20231121T160504, end_date=20231121T160505
[2023-11-21 16:05:05,359] {local_task_job.py:156} INFO - Task exited with return code 0
[2023-11-21 16:05:05,421] {local_task_job.py:273} INFO - 1 downstream tasks scheduled from follow-on schedule check
[2023-11-21 16:14:25,160] {taskinstance.py:1179} INFO - Dependencies all met for <TaskInstance: etl_hh.load_core_dim_currency scheduled__2023-11-20T00:00:00+00:00 [queued]>
[2023-11-21 16:14:25,189] {taskinstance.py:1179} INFO - Dependencies all met for <TaskInstance: etl_hh.load_core_dim_currency scheduled__2023-11-20T00:00:00+00:00 [queued]>
[2023-11-21 16:14:25,189] {taskinstance.py:1376} INFO - 
--------------------------------------------------------------------------------
[2023-11-21 16:14:25,190] {taskinstance.py:1377} INFO - Starting attempt 1 of 2
[2023-11-21 16:14:25,191] {taskinstance.py:1378} INFO - 
--------------------------------------------------------------------------------
[2023-11-21 16:14:25,221] {taskinstance.py:1397} INFO - Executing <Task(PostgresOperator): load_core_dim_currency> on 2023-11-20 00:00:00+00:00
[2023-11-21 16:14:25,233] {standard_task_runner.py:52} INFO - Started process 2457 to run task
[2023-11-21 16:14:25,242] {standard_task_runner.py:79} INFO - Running: ['***', 'tasks', 'run', 'etl_hh', 'load_core_dim_currency', 'scheduled__2023-11-20T00:00:00+00:00', '--job-id', '327', '--raw', '--subdir', 'DAGS_FOLDER/pipeline.py', '--cfg-path', '/tmp/tmpnoyfo15k', '--error-file', '/tmp/tmphxdfy09e']
[2023-11-21 16:14:25,243] {standard_task_runner.py:80} INFO - Job 327: Subtask load_core_dim_currency
[2023-11-21 16:14:25,362] {task_command.py:371} INFO - Running <TaskInstance: etl_hh.load_core_dim_currency scheduled__2023-11-20T00:00:00+00:00 [running]> on host b47ed23e9d21
[2023-11-21 16:14:25,486] {taskinstance.py:1591} INFO - Exporting the following env vars:
AIRFLOW_CTX_DAG_OWNER=***
AIRFLOW_CTX_DAG_ID=etl_hh
AIRFLOW_CTX_TASK_ID=load_core_dim_currency
AIRFLOW_CTX_EXECUTION_DATE=2023-11-20T00:00:00+00:00
AIRFLOW_CTX_TRY_NUMBER=1
AIRFLOW_CTX_DAG_RUN_ID=scheduled__2023-11-20T00:00:00+00:00
[2023-11-21 16:14:25,499] {base.py:68} INFO - Using connection ID 'my_db_conn' for task execution.
[2023-11-21 16:14:25,523] {dbapi.py:231} INFO - Running statement: 
        MERGE INTO core.dim_currency AS trg
        USING(
            SELECT DISTINCT 
                salary_currency,
                CASE
                    WHEN salary_currency = 'RUR'
                    THEN 1
                    WHEN salary_currency = 'USD'
                    THEN 90
                    WHEN salary_currency = 'KZT'
                    THEN 0.2
                    WHEN salary_currency = 'BYR'
                    THEN 28.7
                END AS to_rub
            FROM staging.vacancy) AS src
        ON trg.currency_id = src.salary_currency
        WHEN NOT MATCHED
        THEN INSERT(
            currency_id, 
            to_rub
            )
        VALUES(
            src.salary_currency,
            src.to_rub
            )
        WHEN MATCHED AND trg.to_rub <> src.to_rub
        THEN UPDATE
        SET 
            currency_id = src.salary_currency, 
            to_rub = src.to_rub, parameters: None
[2023-11-21 16:14:25,559] {taskinstance.py:1420} INFO - Marking task as SUCCESS. dag_id=etl_hh, task_id=load_core_dim_currency, execution_date=20231120T000000, start_date=20231121T161425, end_date=20231121T161425
[2023-11-21 16:14:25,612] {local_task_job.py:156} INFO - Task exited with return code 0
[2023-11-21 16:14:25,673] {local_task_job.py:273} INFO - 1 downstream tasks scheduled from follow-on schedule check
