[2023-11-19 10:51:04,451] {taskinstance.py:1179} INFO - Dependencies all met for <TaskInstance: etl_hh.load_core_dim_employer manual__2023-11-19T10:50:35.830558+00:00 [queued]>
[2023-11-19 10:51:04,483] {taskinstance.py:1179} INFO - Dependencies all met for <TaskInstance: etl_hh.load_core_dim_employer manual__2023-11-19T10:50:35.830558+00:00 [queued]>
[2023-11-19 10:51:04,484] {taskinstance.py:1376} INFO - 
--------------------------------------------------------------------------------
[2023-11-19 10:51:04,485] {taskinstance.py:1377} INFO - Starting attempt 1 of 2
[2023-11-19 10:51:04,486] {taskinstance.py:1378} INFO - 
--------------------------------------------------------------------------------
[2023-11-19 10:51:04,518] {taskinstance.py:1397} INFO - Executing <Task(PostgresOperator): load_core_dim_employer> on 2023-11-19 10:50:35.830558+00:00
[2023-11-19 10:51:04,529] {standard_task_runner.py:52} INFO - Started process 258 to run task
[2023-11-19 10:51:04,534] {standard_task_runner.py:79} INFO - Running: ['***', 'tasks', 'run', 'etl_hh', 'load_core_dim_employer', 'manual__2023-11-19T10:50:35.830558+00:00', '--job-id', '123', '--raw', '--subdir', 'DAGS_FOLDER/pipeline.py', '--cfg-path', '/tmp/tmpuhj2a48z', '--error-file', '/tmp/tmpxfiv6_3v']
[2023-11-19 10:51:04,535] {standard_task_runner.py:80} INFO - Job 123: Subtask load_core_dim_employer
[2023-11-19 10:51:04,676] {task_command.py:371} INFO - Running <TaskInstance: etl_hh.load_core_dim_employer manual__2023-11-19T10:50:35.830558+00:00 [running]> on host ee772b517b86
[2023-11-19 10:51:04,877] {taskinstance.py:1591} INFO - Exporting the following env vars:
AIRFLOW_CTX_DAG_OWNER=***
AIRFLOW_CTX_DAG_ID=etl_hh
AIRFLOW_CTX_TASK_ID=load_core_dim_employer
AIRFLOW_CTX_EXECUTION_DATE=2023-11-19T10:50:35.830558+00:00
AIRFLOW_CTX_TRY_NUMBER=1
AIRFLOW_CTX_DAG_RUN_ID=manual__2023-11-19T10:50:35.830558+00:00
[2023-11-19 10:51:04,902] {base.py:68} INFO - Using connection ID 'my_db_conn' for task execution.
[2023-11-19 10:51:04,944] {dbapi.py:231} INFO - Running statement: INSERT INTO core.dim_employer (
                employer_id, 
                name, 
                is_accredited_it_employer
            )
            SELECT DISTINCT
                employer_id,
                employer_name,
                is_accredited_it_employer
            FROM staging.vacancy, parameters: None
[2023-11-19 10:51:04,968] {dbapi.py:239} INFO - Rows affected: 641
[2023-11-19 10:51:05,020] {taskinstance.py:1420} INFO - Marking task as SUCCESS. dag_id=etl_hh, task_id=load_core_dim_employer, execution_date=20231119T105035, start_date=20231119T105104, end_date=20231119T105105
[2023-11-19 10:51:05,109] {local_task_job.py:156} INFO - Task exited with return code 0
[2023-11-19 10:51:05,283] {local_task_job.py:273} INFO - 1 downstream tasks scheduled from follow-on schedule check
