[2023-11-21 15:23:38,418] {taskinstance.py:1179} INFO - Dependencies all met for <TaskInstance: etl_hh.load_staging manual__2023-11-21T15:23:31.993502+00:00 [queued]>
[2023-11-21 15:23:38,456] {taskinstance.py:1179} INFO - Dependencies all met for <TaskInstance: etl_hh.load_staging manual__2023-11-21T15:23:31.993502+00:00 [queued]>
[2023-11-21 15:23:38,457] {taskinstance.py:1376} INFO - 
--------------------------------------------------------------------------------
[2023-11-21 15:23:38,459] {taskinstance.py:1377} INFO - Starting attempt 1 of 2
[2023-11-21 15:23:38,472] {taskinstance.py:1378} INFO - 
--------------------------------------------------------------------------------
[2023-11-21 15:23:38,512] {taskinstance.py:1397} INFO - Executing <Task(PythonOperator): load_staging> on 2023-11-21 15:23:31.993502+00:00
[2023-11-21 15:23:38,521] {standard_task_runner.py:52} INFO - Started process 148 to run task
[2023-11-21 15:23:38,526] {standard_task_runner.py:79} INFO - Running: ['***', 'tasks', 'run', 'etl_hh', 'load_staging', 'manual__2023-11-21T15:23:31.993502+00:00', '--job-id', '265', '--raw', '--subdir', 'DAGS_FOLDER/pipeline.py', '--cfg-path', '/tmp/tmpi_046t4w', '--error-file', '/tmp/tmpnvpn4hpk']
[2023-11-21 15:23:38,527] {standard_task_runner.py:80} INFO - Job 265: Subtask load_staging
[2023-11-21 15:23:38,644] {task_command.py:371} INFO - Running <TaskInstance: etl_hh.load_staging manual__2023-11-21T15:23:31.993502+00:00 [running]> on host b47ed23e9d21
[2023-11-21 15:23:38,811] {taskinstance.py:1591} INFO - Exporting the following env vars:
AIRFLOW_CTX_DAG_OWNER=***
AIRFLOW_CTX_DAG_ID=etl_hh
AIRFLOW_CTX_TASK_ID=load_staging
AIRFLOW_CTX_EXECUTION_DATE=2023-11-21T15:23:31.993502+00:00
AIRFLOW_CTX_TRY_NUMBER=1
AIRFLOW_CTX_DAG_RUN_ID=manual__2023-11-21T15:23:31.993502+00:00
[2023-11-21 15:23:58,687] {python.py:173} INFO - Done. Returned value was: None
[2023-11-21 15:23:58,715] {taskinstance.py:1420} INFO - Marking task as SUCCESS. dag_id=etl_hh, task_id=load_staging, execution_date=20231121T152331, start_date=20231121T152338, end_date=20231121T152358
[2023-11-21 15:23:58,812] {local_task_job.py:156} INFO - Task exited with return code 0
[2023-11-21 15:23:58,955] {local_task_job.py:273} INFO - 1 downstream tasks scheduled from follow-on schedule check
