[2023-11-19 10:50:39,461] {taskinstance.py:1179} INFO - Dependencies all met for <TaskInstance: etl_hh.load_staging manual__2023-11-19T10:50:35.830558+00:00 [queued]>
[2023-11-19 10:50:39,498] {taskinstance.py:1179} INFO - Dependencies all met for <TaskInstance: etl_hh.load_staging manual__2023-11-19T10:50:35.830558+00:00 [queued]>
[2023-11-19 10:50:39,498] {taskinstance.py:1376} INFO - 
--------------------------------------------------------------------------------
[2023-11-19 10:50:39,499] {taskinstance.py:1377} INFO - Starting attempt 1 of 2
[2023-11-19 10:50:39,500] {taskinstance.py:1378} INFO - 
--------------------------------------------------------------------------------
[2023-11-19 10:50:39,532] {taskinstance.py:1397} INFO - Executing <Task(PythonOperator): load_staging> on 2023-11-19 10:50:35.830558+00:00
[2023-11-19 10:50:39,541] {standard_task_runner.py:52} INFO - Started process 236 to run task
[2023-11-19 10:50:39,547] {standard_task_runner.py:79} INFO - Running: ['***', 'tasks', 'run', 'etl_hh', 'load_staging', 'manual__2023-11-19T10:50:35.830558+00:00', '--job-id', '121', '--raw', '--subdir', 'DAGS_FOLDER/pipeline.py', '--cfg-path', '/tmp/tmp2_3bocbw', '--error-file', '/tmp/tmp63fr3jnp']
[2023-11-19 10:50:39,549] {standard_task_runner.py:80} INFO - Job 121: Subtask load_staging
[2023-11-19 10:50:39,800] {task_command.py:371} INFO - Running <TaskInstance: etl_hh.load_staging manual__2023-11-19T10:50:35.830558+00:00 [running]> on host ee772b517b86
[2023-11-19 10:50:40,272] {taskinstance.py:1591} INFO - Exporting the following env vars:
AIRFLOW_CTX_DAG_OWNER=***
AIRFLOW_CTX_DAG_ID=etl_hh
AIRFLOW_CTX_TASK_ID=load_staging
AIRFLOW_CTX_EXECUTION_DATE=2023-11-19T10:50:35.830558+00:00
AIRFLOW_CTX_TRY_NUMBER=1
AIRFLOW_CTX_DAG_RUN_ID=manual__2023-11-19T10:50:35.830558+00:00
[2023-11-19 10:51:00,936] {python.py:173} INFO - Done. Returned value was: None
[2023-11-19 10:51:00,964] {taskinstance.py:1420} INFO - Marking task as SUCCESS. dag_id=etl_hh, task_id=load_staging, execution_date=20231119T105035, start_date=20231119T105039, end_date=20231119T105100
[2023-11-19 10:51:01,029] {local_task_job.py:156} INFO - Task exited with return code 0
[2023-11-19 10:51:01,174] {local_task_job.py:273} INFO - 1 downstream tasks scheduled from follow-on schedule check
